==========       System Configuration      =============
phase:train
use_cpu:False
runs:10
validation:0.2
data_dir:/data/entity
batch_size:1
dataset:MUTAG
total_epochs:50
save_freq:5
lr:0.01
multi_gpus:False
postname:
l2norm:0.0005
kernel_size:64
block_type:res
n_layers:7
act:relu
norm:layer
bias:True
dropout:0.2
channels:64
dec:basis
bases:30
aggr:mean
ckpt_path:
save_best_only:True
task:denseR
post:denseR-MUTAG-res-7-64
time:210215-03-15-09
save_path:/content/drive/My Drive/denseR/checkpoints/ckpts-denseR-MUTAG-res-7-64-210215-03-15-09
logdir:/content/drive/My Drive/denseR/logs/denseR-MUTAG-res-7-64-210215-03-15-09
device:cuda
epoch:-1
printer:<Logger args (DEBUG)>
==========     CONFIG END    =============


===> Phase is train.
 === Downloading Dataset and Creating graphs ===
=== Dataset info ===
Number of training nodes: 272 	 Number of testing nodes: 68	 Total Number of labelled nodes: 340
Number of classes in this graph: 2 	 Number of nodes: 23644 	 Number of relation types: 46
==== Initializing the Optimizer ====
Run: [1]	 Epoch: [1]	 Train Loss:  0.782343 	 Train Accuracy:  0.6175 	Valid Loss:  0.9662 	 Valid Accuracy:  0.5818
Run: [1]	 Epoch: [2]	 Train Loss:  0.842924 	 Train Accuracy:  0.3825 	Valid Loss:  1.2002 	 Valid Accuracy:  0.4182
Run: [1]	 Epoch: [3]	 Train Loss:  1.174078 	 Train Accuracy:  0.6221 	Valid Loss:  0.6851 	 Valid Accuracy:  0.5818
Run: [1]	 Epoch: [4]	 Train Loss:  0.604759 	 Train Accuracy:  0.6175 	Valid Loss:  0.6974 	 Valid Accuracy:  0.5818
Run: [1]	 Epoch: [5]	 Train Loss:  0.573803 	 Train Accuracy:  0.6221 	Valid Loss:  0.6846 	 Valid Accuracy:  0.5818
Run: [1]	 Epoch: [6]	 Train Loss:  0.543033 	 Train Accuracy:  0.7512 	Valid Loss:  0.6648 	 Valid Accuracy:  0.5818
Run: [1]	 Epoch: [7]	 Train Loss:  0.507715 	 Train Accuracy:  0.8894 	Valid Loss:  0.6507 	 Valid Accuracy:  0.5818
Run: [1]	 Epoch: [8]	 Train Loss:  0.471104 	 Train Accuracy:  0.9447 	Valid Loss:  0.6435 	 Valid Accuracy:  0.6182
Run: [1]	 Epoch: [9]	 Train Loss:  0.436239 	 Train Accuracy:  0.9539 	Valid Loss:  0.6384 	 Valid Accuracy:  0.6182
Run: [1]	 Epoch: [10]	 Train Loss:  0.396519 	 Train Accuracy:  0.9724 	Valid Loss:  0.6321 	 Valid Accuracy:  0.6364
Run: [1]	 Epoch: [11]	 Train Loss:  0.356215 	 Train Accuracy:  0.9816 	Valid Loss:  0.6275 	 Valid Accuracy:  0.6364
Run: [1]	 Epoch: [12]	 Train Loss:  0.273614 	 Train Accuracy:  0.9862 	Valid Loss:  0.6262 	 Valid Accuracy:  0.6364
Run: [1]	 Epoch: [13]	 Train Loss:  0.233809 	 Train Accuracy:  0.9954 	Valid Loss:  0.6279 	 Valid Accuracy:  0.6364
Run: [1]	 Epoch: [14]	 Train Loss:  0.173091 	 Train Accuracy:  1.0000 	Valid Loss:  0.6337 	 Valid Accuracy:  0.6364
Run: [1]	 Epoch: [15]	 Train Loss:  0.134847 	 Train Accuracy:  1.0000 	Valid Loss:  0.6453 	 Valid Accuracy:  0.6545
Run: [1]	 Epoch: [16]	 Train Loss:  0.105671 	 Train Accuracy:  1.0000 	Valid Loss:  0.6605 	 Valid Accuracy:  0.6545
Run: [1]	 Epoch: [17]	 Train Loss:  0.094871 	 Train Accuracy:  1.0000 	Valid Loss:  0.6764 	 Valid Accuracy:  0.6545
Run: [1]	 Epoch: [18]	 Train Loss:  0.087539 	 Train Accuracy:  1.0000 	Valid Loss:  0.6941 	 Valid Accuracy:  0.6364
Run: [1]	 Epoch: [19]	 Train Loss:  0.075168 	 Train Accuracy:  1.0000 	Valid Loss:  0.7116 	 Valid Accuracy:  0.6182
Run: [1]	 Epoch: [20]	 Train Loss:  0.066899 	 Train Accuracy:  1.0000 	Valid Loss:  0.7291 	 Valid Accuracy:  0.6545
Run: [1]	 Epoch: [21]	 Train Loss:  0.061456 	 Train Accuracy:  1.0000 	Valid Loss:  0.7502 	 Valid Accuracy:  0.6364
Run: [1]	 Epoch: [22]	 Train Loss:  0.067412 	 Train Accuracy:  1.0000 	Valid Loss:  0.7746 	 Valid Accuracy:  0.6182
Run: [1]	 Epoch: [23]	 Train Loss:  0.051372 	 Train Accuracy:  1.0000 	Valid Loss:  0.8030 	 Valid Accuracy:  0.6182
Run: [1]	 Epoch: [24]	 Train Loss:  0.043578 	 Train Accuracy:  1.0000 	Valid Loss:  0.8350 	 Valid Accuracy:  0.6000
Run: [1]	 Epoch: [25]	 Train Loss:  0.040180 	 Train Accuracy:  1.0000 	Valid Loss:  0.8731 	 Valid Accuracy:  0.5636
Run: [1]	 Epoch: [26]	 Train Loss:  0.046520 	 Train Accuracy:  1.0000 	Valid Loss:  0.9175 	 Valid Accuracy:  0.5818
Run: [1]	 Epoch: [27]	 Train Loss:  0.040421 	 Train Accuracy:  1.0000 	Valid Loss:  0.9668 	 Valid Accuracy:  0.5818
Run: [1]	 Epoch: [28]	 Train Loss:  0.035804 	 Train Accuracy:  1.0000 	Valid Loss:  1.0211 	 Valid Accuracy:  0.5818
Run: [1]	 Epoch: [29]	 Train Loss:  0.038304 	 Train Accuracy:  1.0000 	Valid Loss:  1.0802 	 Valid Accuracy:  0.5818
Run: [1]	 Epoch: [30]	 Train Loss:  0.035280 	 Train Accuracy:  1.0000 	Valid Loss:  1.1446 	 Valid Accuracy:  0.5636
Run: [1]	 Epoch: [31]	 Train Loss:  0.026852 	 Train Accuracy:  1.0000 	Valid Loss:  1.2095 	 Valid Accuracy:  0.5636
Run: [1]	 Epoch: [32]	 Train Loss:  0.022151 	 Train Accuracy:  1.0000 	Valid Loss:  1.2771 	 Valid Accuracy:  0.6000
Run: [1]	 Epoch: [33]	 Train Loss:  0.021715 	 Train Accuracy:  1.0000 	Valid Loss:  1.3408 	 Valid Accuracy:  0.5818
Run: [1]	 Epoch: [34]	 Train Loss:  0.027102 	 Train Accuracy:  1.0000 	Valid Loss:  1.4025 	 Valid Accuracy:  0.5818
Run: [1]	 Epoch: [35]	 Train Loss:  0.020277 	 Train Accuracy:  1.0000 	Valid Loss:  1.4631 	 Valid Accuracy:  0.5818
Run: [1]	 Epoch: [36]	 Train Loss:  0.021332 	 Train Accuracy:  1.0000 	Valid Loss:  1.5257 	 Valid Accuracy:  0.5818
Run: [1]	 Epoch: [37]	 Train Loss:  0.018422 	 Train Accuracy:  1.0000 	Valid Loss:  1.5860 	 Valid Accuracy:  0.5818
Run: [1]	 Epoch: [38]	 Train Loss:  0.018623 	 Train Accuracy:  1.0000 	Valid Loss:  1.6424 	 Valid Accuracy:  0.5818
Run: [1]	 Epoch: [39]	 Train Loss:  0.020773 	 Train Accuracy:  1.0000 	Valid Loss:  1.6952 	 Valid Accuracy:  0.5818
Run: [1]	 Epoch: [40]	 Train Loss:  0.015041 	 Train Accuracy:  1.0000 	Valid Loss:  1.7476 	 Valid Accuracy:  0.6000
Run: [1]	 Epoch: [41]	 Train Loss:  0.018078 	 Train Accuracy:  1.0000 	Valid Loss:  1.7994 	 Valid Accuracy:  0.6000
Run: [1]	 Epoch: [42]	 Train Loss:  0.014162 	 Train Accuracy:  1.0000 	Valid Loss:  1.8502 	 Valid Accuracy:  0.6000
Run: [1]	 Epoch: [43]	 Train Loss:  0.010989 	 Train Accuracy:  1.0000 	Valid Loss:  1.8977 	 Valid Accuracy:  0.6000
Run: [1]	 Epoch: [44]	 Train Loss:  0.012517 	 Train Accuracy:  1.0000 	Valid Loss:  1.9379 	 Valid Accuracy:  0.6000
Run: [1]	 Epoch: [45]	 Train Loss:  0.013921 	 Train Accuracy:  1.0000 	Valid Loss:  1.9722 	 Valid Accuracy:  0.6000
Run: [1]	 Epoch: [46]	 Train Loss:  0.010599 	 Train Accuracy:  1.0000 	Valid Loss:  2.0005 	 Valid Accuracy:  0.6000
Run: [1]	 Epoch: [47]	 Train Loss:  0.014464 	 Train Accuracy:  1.0000 	Valid Loss:  2.0282 	 Valid Accuracy:  0.6000
Run: [1]	 Epoch: [48]	 Train Loss:  0.009366 	 Train Accuracy:  1.0000 	Valid Loss:  2.0522 	 Valid Accuracy:  0.6000
Run: [1]	 Epoch: [49]	 Train Loss:  0.009362 	 Train Accuracy:  1.0000 	Valid Loss:  2.0724 	 Valid Accuracy:  0.6000
Run: [1]	 Epoch: [50]	 Train Loss:  0.009572 	 Train Accuracy:  1.0000 	Valid Loss:  2.0908 	 Valid Accuracy:  0.6000
Test Accuracy in run 1 is: 0.6470588445663452
Total Train Accuracy after run 1 is: 1.0000
Total Test Accuracy after run 1 is: 0.6471
Best Test Accuracy in 1 runs is: 0.6471
Run: [2]	 Epoch: [1]	 Train Loss:  0.779695 	 Train Accuracy:  0.7143 	Valid Loss:  0.6191 	 Valid Accuracy:  0.6364
Run: [2]	 Epoch: [2]	 Train Loss:  0.560014 	 Train Accuracy:  0.9447 	Valid Loss:  0.6841 	 Valid Accuracy:  0.6000
Run: [2]	 Epoch: [3]	 Train Loss:  0.319485 	 Train Accuracy:  0.9954 	Valid Loss:  0.7510 	 Valid Accuracy:  0.5455
Run: [2]	 Epoch: [4]	 Train Loss:  0.107326 	 Train Accuracy:  1.0000 	Valid Loss:  0.8295 	 Valid Accuracy:  0.6545
Run: [2]	 Epoch: [5]	 Train Loss:  0.076525 	 Train Accuracy:  1.0000 	Valid Loss:  0.9154 	 Valid Accuracy:  0.6182
Run: [2]	 Epoch: [6]	 Train Loss:  0.052442 	 Train Accuracy:  1.0000 	Valid Loss:  0.9595 	 Valid Accuracy:  0.5818
Run: [2]	 Epoch: [7]	 Train Loss:  0.044136 	 Train Accuracy:  1.0000 	Valid Loss:  1.0112 	 Valid Accuracy:  0.5636
Run: [2]	 Epoch: [8]	 Train Loss:  0.038744 	 Train Accuracy:  1.0000 	Valid Loss:  1.0546 	 Valid Accuracy:  0.5636
Run: [2]	 Epoch: [9]	 Train Loss:  0.031212 	 Train Accuracy:  1.0000 	Valid Loss:  1.0998 	 Valid Accuracy:  0.5636
Run: [2]	 Epoch: [10]	 Train Loss:  0.030815 	 Train Accuracy:  1.0000 	Valid Loss:  1.1553 	 Valid Accuracy:  0.6000
Run: [2]	 Epoch: [11]	 Train Loss:  0.027539 	 Train Accuracy:  1.0000 	Valid Loss:  1.2103 	 Valid Accuracy:  0.6000
Run: [2]	 Epoch: [12]	 Train Loss:  0.030285 	 Train Accuracy:  1.0000 	Valid Loss:  1.2630 	 Valid Accuracy:  0.6000
Run: [2]	 Epoch: [13]	 Train Loss:  0.015904 	 Train Accuracy:  1.0000 	Valid Loss:  1.3162 	 Valid Accuracy:  0.6000
Run: [2]	 Epoch: [14]	 Train Loss:  0.018584 	 Train Accuracy:  1.0000 	Valid Loss:  1.3693 	 Valid Accuracy:  0.5818
Run: [2]	 Epoch: [15]	 Train Loss:  0.017167 	 Train Accuracy:  1.0000 	Valid Loss:  1.4010 	 Valid Accuracy:  0.5818
Run: [2]	 Epoch: [16]	 Train Loss:  0.016266 	 Train Accuracy:  1.0000 	Valid Loss:  1.4377 	 Valid Accuracy:  0.5818
Run: [2]	 Epoch: [17]	 Train Loss:  0.014325 	 Train Accuracy:  1.0000 	Valid Loss:  1.4720 	 Valid Accuracy:  0.6000
Run: [2]	 Epoch: [18]	 Train Loss:  0.010528 	 Train Accuracy:  1.0000 	Valid Loss:  1.5025 	 Valid Accuracy:  0.6000
Run: [2]	 Epoch: [19]	 Train Loss:  0.008870 	 Train Accuracy:  1.0000 	Valid Loss:  1.5301 	 Valid Accuracy:  0.6182
Run: [2]	 Epoch: [20]	 Train Loss:  0.007627 	 Train Accuracy:  1.0000 	Valid Loss:  1.5544 	 Valid Accuracy:  0.6364
Run: [2]	 Epoch: [21]	 Train Loss:  0.007817 	 Train Accuracy:  1.0000 	Valid Loss:  1.5837 	 Valid Accuracy:  0.6364
Run: [2]	 Epoch: [22]	 Train Loss:  0.008118 	 Train Accuracy:  1.0000 	Valid Loss:  1.6159 	 Valid Accuracy:  0.6182
Run: [2]	 Epoch: [23]	 Train Loss:  0.011380 	 Train Accuracy:  1.0000 	Valid Loss:  1.6511 	 Valid Accuracy:  0.6182
Run: [2]	 Epoch: [24]	 Train Loss:  0.010874 	 Train Accuracy:  1.0000 	Valid Loss:  1.6870 	 Valid Accuracy:  0.6182
Run: [2]	 Epoch: [25]	 Train Loss:  0.007184 	 Train Accuracy:  1.0000 	Valid Loss:  1.7141 	 Valid Accuracy:  0.6182
Run: [2]	 Epoch: [26]	 Train Loss:  0.007105 	 Train Accuracy:  1.0000 	Valid Loss:  1.7342 	 Valid Accuracy:  0.6000
Run: [2]	 Epoch: [27]	 Train Loss:  0.004268 	 Train Accuracy:  1.0000 	Valid Loss:  1.7439 	 Valid Accuracy:  0.6000
Run: [2]	 Epoch: [28]	 Train Loss:  0.005271 	 Train Accuracy:  1.0000 	Valid Loss:  1.7430 	 Valid Accuracy:  0.6182
Run: [2]	 Epoch: [29]	 Train Loss:  0.004058 	 Train Accuracy:  1.0000 	Valid Loss:  1.7365 	 Valid Accuracy:  0.6000
Run: [2]	 Epoch: [30]	 Train Loss:  0.003999 	 Train Accuracy:  1.0000 	Valid Loss:  1.7333 	 Valid Accuracy:  0.5818
Run: [2]	 Epoch: [31]	 Train Loss:  0.004706 	 Train Accuracy:  1.0000 	Valid Loss:  1.7375 	 Valid Accuracy:  0.5818
Run: [2]	 Epoch: [32]	 Train Loss:  0.007866 	 Train Accuracy:  1.0000 	Valid Loss:  1.7493 	 Valid Accuracy:  0.5818
Run: [2]	 Epoch: [33]	 Train Loss:  0.002285 	 Train Accuracy:  1.0000 	Valid Loss:  1.7616 	 Valid Accuracy:  0.5818
Run: [2]	 Epoch: [34]	 Train Loss:  0.005517 	 Train Accuracy:  1.0000 	Valid Loss:  1.7810 	 Valid Accuracy:  0.6000
Run: [2]	 Epoch: [35]	 Train Loss:  0.008266 	 Train Accuracy:  1.0000 	Valid Loss:  1.8073 	 Valid Accuracy:  0.6000
Run: [2]	 Epoch: [36]	 Train Loss:  0.004754 	 Train Accuracy:  1.0000 	Valid Loss:  1.8366 	 Valid Accuracy:  0.6000
Run: [2]	 Epoch: [37]	 Train Loss:  0.003680 	 Train Accuracy:  1.0000 	Valid Loss:  1.8637 	 Valid Accuracy:  0.6000
Run: [2]	 Epoch: [38]	 Train Loss:  0.003383 	 Train Accuracy:  1.0000 	Valid Loss:  1.8907 	 Valid Accuracy:  0.6000
Run: [2]	 Epoch: [39]	 Train Loss:  0.002568 	 Train Accuracy:  1.0000 	Valid Loss:  1.9109 	 Valid Accuracy:  0.6000
Run: [2]	 Epoch: [40]	 Train Loss:  0.001596 	 Train Accuracy:  1.0000 	Valid Loss:  1.9282 	 Valid Accuracy:  0.6000
Run: [2]	 Epoch: [41]	 Train Loss:  0.002427 	 Train Accuracy:  1.0000 	Valid Loss:  1.9472 	 Valid Accuracy:  0.6000
Run: [2]	 Epoch: [42]	 Train Loss:  0.003981 	 Train Accuracy:  1.0000 	Valid Loss:  1.9271 	 Valid Accuracy:  0.6000
Run: [2]	 Epoch: [43]	 Train Loss:  0.002718 	 Train Accuracy:  1.0000 	Valid Loss:  1.9240 	 Valid Accuracy:  0.6364
Run: [2]	 Epoch: [44]	 Train Loss:  0.001740 	 Train Accuracy:  1.0000 	Valid Loss:  1.9160 	 Valid Accuracy:  0.6364
Run: [2]	 Epoch: [45]	 Train Loss:  0.003399 	 Train Accuracy:  1.0000 	Valid Loss:  1.9084 	 Valid Accuracy:  0.6545
Run: [2]	 Epoch: [46]	 Train Loss:  0.001776 	 Train Accuracy:  1.0000 	Valid Loss:  1.8981 	 Valid Accuracy:  0.6727
Run: [2]	 Epoch: [47]	 Train Loss:  0.002940 	 Train Accuracy:  1.0000 	Valid Loss:  1.8873 	 Valid Accuracy:  0.6727
Run: [2]	 Epoch: [48]	 Train Loss:  0.001889 	 Train Accuracy:  1.0000 	Valid Loss:  1.8648 	 Valid Accuracy:  0.6727
Run: [2]	 Epoch: [49]	 Train Loss:  0.003285 	 Train Accuracy:  1.0000 	Valid Loss:  1.8561 	 Valid Accuracy:  0.6727
Run: [2]	 Epoch: [50]	 Train Loss:  0.002796 	 Train Accuracy:  1.0000 	Valid Loss:  1.7794 	 Valid Accuracy:  0.7091
Test Accuracy in run 2 is: 0.7058823704719543
Total Train Accuracy after run 2 is: 1.0000
Total Test Accuracy after run 2 is: 0.6765
Best Test Accuracy in 2 runs is: 0.7059
Run: [3]	 Epoch: [1]	 Train Loss:  1.083278 	 Train Accuracy:  0.6175 	Valid Loss:  1.3407 	 Valid Accuracy:  0.5818
Run: [3]	 Epoch: [2]	 Train Loss:  1.166463 	 Train Accuracy:  0.4009 	Valid Loss:  0.7480 	 Valid Accuracy:  0.4182
Run: [3]	 Epoch: [3]	 Train Loss:  0.735739 	 Train Accuracy:  0.6175 	Valid Loss:  0.7125 	 Valid Accuracy:  0.5818
Run: [3]	 Epoch: [4]	 Train Loss:  0.627337 	 Train Accuracy:  0.6175 	Valid Loss:  0.7178 	 Valid Accuracy:  0.5818
Run: [3]	 Epoch: [5]	 Train Loss:  0.575507 	 Train Accuracy:  0.7327 	Valid Loss:  0.6750 	 Valid Accuracy:  0.5818
Run: [3]	 Epoch: [6]	 Train Loss:  0.495701 	 Train Accuracy:  0.9309 	Valid Loss:  0.6581 	 Valid Accuracy:  0.6364
Run: [3]	 Epoch: [7]	 Train Loss:  0.452595 	 Train Accuracy:  0.9954 	Valid Loss:  0.6673 	 Valid Accuracy:  0.5273
Run: [3]	 Epoch: [8]	 Train Loss:  0.419327 	 Train Accuracy:  1.0000 	Valid Loss:  0.6624 	 Valid Accuracy:  0.5636
Run: [3]	 Epoch: [9]	 Train Loss:  0.353926 	 Train Accuracy:  1.0000 	Valid Loss:  0.6501 	 Valid Accuracy:  0.6364
Run: [3]	 Epoch: [10]	 Train Loss:  0.269547 	 Train Accuracy:  0.9954 	Valid Loss:  0.6530 	 Valid Accuracy:  0.6182
Run: [3]	 Epoch: [11]	 Train Loss:  0.226714 	 Train Accuracy:  1.0000 	Valid Loss:  0.6637 	 Valid Accuracy:  0.6545
Run: [3]	 Epoch: [12]	 Train Loss:  0.164342 	 Train Accuracy:  1.0000 	Valid Loss:  0.6766 	 Valid Accuracy:  0.6182
Run: [3]	 Epoch: [13]	 Train Loss:  0.112522 	 Train Accuracy:  1.0000 	Valid Loss:  0.6996 	 Valid Accuracy:  0.6364
Run: [3]	 Epoch: [14]	 Train Loss:  0.103837 	 Train Accuracy:  1.0000 	Valid Loss:  0.7377 	 Valid Accuracy:  0.6000
Run: [3]	 Epoch: [15]	 Train Loss:  0.095782 	 Train Accuracy:  1.0000 	Valid Loss:  0.7823 	 Valid Accuracy:  0.6000
Run: [3]	 Epoch: [16]	 Train Loss:  0.087813 	 Train Accuracy:  1.0000 	Valid Loss:  0.8238 	 Valid Accuracy:  0.6000
Run: [3]	 Epoch: [17]	 Train Loss:  0.065251 	 Train Accuracy:  1.0000 	Valid Loss:  0.8661 	 Valid Accuracy:  0.6000
Run: [3]	 Epoch: [18]	 Train Loss:  0.053016 	 Train Accuracy:  1.0000 	Valid Loss:  0.9151 	 Valid Accuracy:  0.6182
Run: [3]	 Epoch: [19]	 Train Loss:  0.060375 	 Train Accuracy:  1.0000 	Valid Loss:  0.9711 	 Valid Accuracy:  0.6000
Run: [3]	 Epoch: [20]	 Train Loss:  0.058928 	 Train Accuracy:  1.0000 	Valid Loss:  1.0271 	 Valid Accuracy:  0.5818
Run: [3]	 Epoch: [21]	 Train Loss:  0.044398 	 Train Accuracy:  1.0000 	Valid Loss:  1.0746 	 Valid Accuracy:  0.6000
Run: [3]	 Epoch: [22]	 Train Loss:  0.044817 	 Train Accuracy:  1.0000 	Valid Loss:  1.1115 	 Valid Accuracy:  0.6000
Run: [3]	 Epoch: [23]	 Train Loss:  0.037420 	 Train Accuracy:  1.0000 	Valid Loss:  1.1436 	 Valid Accuracy:  0.5273
Run: [3]	 Epoch: [24]	 Train Loss:  0.034509 	 Train Accuracy:  1.0000 	Valid Loss:  1.1762 	 Valid Accuracy:  0.5273
Run: [3]	 Epoch: [25]	 Train Loss:  0.028020 	 Train Accuracy:  1.0000 	Valid Loss:  1.2237 	 Valid Accuracy:  0.5455
Run: [3]	 Epoch: [26]	 Train Loss:  0.025434 	 Train Accuracy:  1.0000 	Valid Loss:  1.2846 	 Valid Accuracy:  0.5273
Run: [3]	 Epoch: [27]	 Train Loss:  0.025245 	 Train Accuracy:  1.0000 	Valid Loss:  1.3667 	 Valid Accuracy:  0.5455
Run: [3]	 Epoch: [28]	 Train Loss:  0.025112 	 Train Accuracy:  1.0000 	Valid Loss:  1.4411 	 Valid Accuracy:  0.5091
Run: [3]	 Epoch: [29]	 Train Loss:  0.021030 	 Train Accuracy:  1.0000 	Valid Loss:  1.5072 	 Valid Accuracy:  0.5455
Run: [3]	 Epoch: [30]	 Train Loss:  0.017613 	 Train Accuracy:  1.0000 	Valid Loss:  1.5560 	 Valid Accuracy:  0.5455
Run: [3]	 Epoch: [31]	 Train Loss:  0.019149 	 Train Accuracy:  1.0000 	Valid Loss:  1.5851 	 Valid Accuracy:  0.5455
Run: [3]	 Epoch: [32]	 Train Loss:  0.020283 	 Train Accuracy:  1.0000 	Valid Loss:  1.6034 	 Valid Accuracy:  0.5636
Run: [3]	 Epoch: [33]	 Train Loss:  0.020007 	 Train Accuracy:  1.0000 	Valid Loss:  1.6166 	 Valid Accuracy:  0.5636
Run: [3]	 Epoch: [34]	 Train Loss:  0.014396 	 Train Accuracy:  1.0000 	Valid Loss:  1.6211 	 Valid Accuracy:  0.5636
Run: [3]	 Epoch: [35]	 Train Loss:  0.019743 	 Train Accuracy:  1.0000 	Valid Loss:  1.6209 	 Valid Accuracy:  0.5636
Run: [3]	 Epoch: [36]	 Train Loss:  0.016732 	 Train Accuracy:  1.0000 	Valid Loss:  1.6155 	 Valid Accuracy:  0.5273
Run: [3]	 Epoch: [37]	 Train Loss:  0.015076 	 Train Accuracy:  1.0000 	Valid Loss:  1.6037 	 Valid Accuracy:  0.5273
Run: [3]	 Epoch: [38]	 Train Loss:  0.014480 	 Train Accuracy:  1.0000 	Valid Loss:  1.5869 	 Valid Accuracy:  0.5273
Run: [3]	 Epoch: [39]	 Train Loss:  0.013646 	 Train Accuracy:  1.0000 	Valid Loss:  1.5693 	 Valid Accuracy:  0.5273
Run: [3]	 Epoch: [40]	 Train Loss:  0.011506 	 Train Accuracy:  1.0000 	Valid Loss:  1.5469 	 Valid Accuracy:  0.5818
Run: [3]	 Epoch: [41]	 Train Loss:  0.012904 	 Train Accuracy:  1.0000 	Valid Loss:  1.5280 	 Valid Accuracy:  0.5818
Run: [3]	 Epoch: [42]	 Train Loss:  0.010033 	 Train Accuracy:  1.0000 	Valid Loss:  1.5154 	 Valid Accuracy:  0.6000
Run: [3]	 Epoch: [43]	 Train Loss:  0.009453 	 Train Accuracy:  1.0000 	Valid Loss:  1.5094 	 Valid Accuracy:  0.5091
Run: [3]	 Epoch: [44]	 Train Loss:  0.016225 	 Train Accuracy:  1.0000 	Valid Loss:  1.5119 	 Valid Accuracy:  0.5091
Run: [3]	 Epoch: [45]	 Train Loss:  0.012418 	 Train Accuracy:  1.0000 	Valid Loss:  1.5199 	 Valid Accuracy:  0.5091
Run: [3]	 Epoch: [46]	 Train Loss:  0.008457 	 Train Accuracy:  1.0000 	Valid Loss:  1.5273 	 Valid Accuracy:  0.5091
Run: [3]	 Epoch: [47]	 Train Loss:  0.009267 	 Train Accuracy:  1.0000 	Valid Loss:  1.5356 	 Valid Accuracy:  0.5273
Run: [3]	 Epoch: [48]	 Train Loss:  0.010410 	 Train Accuracy:  1.0000 	Valid Loss:  1.5405 	 Valid Accuracy:  0.5455
Run: [3]	 Epoch: [49]	 Train Loss:  0.009068 	 Train Accuracy:  1.0000 	Valid Loss:  1.5400 	 Valid Accuracy:  0.5455
Run: [3]	 Epoch: [50]	 Train Loss:  0.006774 	 Train Accuracy:  1.0000 	Valid Loss:  1.5380 	 Valid Accuracy:  0.5636
Test Accuracy in run 3 is: 0.75
Total Train Accuracy after run 3 is: 1.0000
Total Test Accuracy after run 3 is: 0.7010
Best Test Accuracy in 3 runs is: 0.7500
Run: [4]	 Epoch: [1]	 Train Loss:  1.027828 	 Train Accuracy:  0.6175 	Valid Loss:  1.3412 	 Valid Accuracy:  0.5818
Run: [4]	 Epoch: [2]	 Train Loss:  1.205624 	 Train Accuracy:  0.5945 	Valid Loss:  0.7439 	 Valid Accuracy:  0.5273
Run: [4]	 Epoch: [3]	 Train Loss:  0.633519 	 Train Accuracy:  0.7834 	Valid Loss:  0.6626 	 Valid Accuracy:  0.5818
Run: [4]	 Epoch: [4]	 Train Loss:  0.514680 	 Train Accuracy:  0.7788 	Valid Loss:  0.6662 	 Valid Accuracy:  0.5818
Run: [4]	 Epoch: [5]	 Train Loss:  0.430830 	 Train Accuracy:  0.9355 	Valid Loss:  0.6356 	 Valid Accuracy:  0.6545
Run: [4]	 Epoch: [6]	 Train Loss:  0.348810 	 Train Accuracy:  0.9862 	Valid Loss:  0.6345 	 Valid Accuracy:  0.6909
Run: [4]	 Epoch: [7]	 Train Loss:  0.308739 	 Train Accuracy:  1.0000 	Valid Loss:  0.6542 	 Valid Accuracy:  0.6545
Run: [4]	 Epoch: [8]	 Train Loss:  0.247713 	 Train Accuracy:  1.0000 	Valid Loss:  0.6478 	 Valid Accuracy:  0.6909
Run: [4]	 Epoch: [9]	 Train Loss:  0.161253 	 Train Accuracy:  1.0000 	Valid Loss:  0.6291 	 Valid Accuracy:  0.7091
Run: [4]	 Epoch: [10]	 Train Loss:  0.121016 	 Train Accuracy:  1.0000 	Valid Loss:  0.6364 	 Valid Accuracy:  0.6545
Run: [4]	 Epoch: [11]	 Train Loss:  0.080268 	 Train Accuracy:  1.0000 	Valid Loss:  0.6872 	 Valid Accuracy:  0.6000
Run: [4]	 Epoch: [12]	 Train Loss:  0.053341 	 Train Accuracy:  1.0000 	Valid Loss:  0.7481 	 Valid Accuracy:  0.6182
Run: [4]	 Epoch: [13]	 Train Loss:  0.048084 	 Train Accuracy:  1.0000 	Valid Loss:  0.8204 	 Valid Accuracy:  0.6182
Run: [4]	 Epoch: [14]	 Train Loss:  0.030313 	 Train Accuracy:  1.0000 	Valid Loss:  0.8814 	 Valid Accuracy:  0.6364
Run: [4]	 Epoch: [15]	 Train Loss:  0.022833 	 Train Accuracy:  1.0000 	Valid Loss:  0.9692 	 Valid Accuracy:  0.6182
Run: [4]	 Epoch: [16]	 Train Loss:  0.027060 	 Train Accuracy:  1.0000 	Valid Loss:  1.0537 	 Valid Accuracy:  0.6000
Run: [4]	 Epoch: [17]	 Train Loss:  0.021894 	 Train Accuracy:  1.0000 	Valid Loss:  1.1094 	 Valid Accuracy:  0.5818
Run: [4]	 Epoch: [18]	 Train Loss:  0.023402 	 Train Accuracy:  1.0000 	Valid Loss:  1.1371 	 Valid Accuracy:  0.5636
Run: [4]	 Epoch: [19]	 Train Loss:  0.025542 	 Train Accuracy:  1.0000 	Valid Loss:  1.1390 	 Valid Accuracy:  0.5636
Run: [4]	 Epoch: [20]	 Train Loss:  0.021962 	 Train Accuracy:  1.0000 	Valid Loss:  1.1258 	 Valid Accuracy:  0.6000
Run: [4]	 Epoch: [21]	 Train Loss:  0.028843 	 Train Accuracy:  1.0000 	Valid Loss:  1.1216 	 Valid Accuracy:  0.5818
Run: [4]	 Epoch: [22]	 Train Loss:  0.023382 	 Train Accuracy:  1.0000 	Valid Loss:  1.1052 	 Valid Accuracy:  0.5818
Run: [4]	 Epoch: [23]	 Train Loss:  0.022704 	 Train Accuracy:  1.0000 	Valid Loss:  1.0924 	 Valid Accuracy:  0.6364
Run: [4]	 Epoch: [24]	 Train Loss:  0.015891 	 Train Accuracy:  1.0000 	Valid Loss:  1.0894 	 Valid Accuracy:  0.6000
Run: [4]	 Epoch: [25]	 Train Loss:  0.015195 	 Train Accuracy:  1.0000 	Valid Loss:  1.0926 	 Valid Accuracy:  0.6000
Run: [4]	 Epoch: [26]	 Train Loss:  0.017254 	 Train Accuracy:  1.0000 	Valid Loss:  1.0988 	 Valid Accuracy:  0.5818
Run: [4]	 Epoch: [27]	 Train Loss:  0.014896 	 Train Accuracy:  1.0000 	Valid Loss:  1.1065 	 Valid Accuracy:  0.6000
Run: [4]	 Epoch: [28]	 Train Loss:  0.018385 	 Train Accuracy:  1.0000 	Valid Loss:  1.1118 	 Valid Accuracy:  0.6182
Run: [4]	 Epoch: [29]	 Train Loss:  0.013943 	 Train Accuracy:  1.0000 	Valid Loss:  1.1148 	 Valid Accuracy:  0.6545
Run: [4]	 Epoch: [30]	 Train Loss:  0.016004 	 Train Accuracy:  1.0000 	Valid Loss:  1.1098 	 Valid Accuracy:  0.6545
Run: [4]	 Epoch: [31]	 Train Loss:  0.018334 	 Train Accuracy:  1.0000 	Valid Loss:  1.1039 	 Valid Accuracy:  0.6545
Run: [4]	 Epoch: [32]	 Train Loss:  0.011451 	 Train Accuracy:  1.0000 	Valid Loss:  1.0994 	 Valid Accuracy:  0.6545
Run: [4]	 Epoch: [33]	 Train Loss:  0.014429 	 Train Accuracy:  1.0000 	Valid Loss:  1.0945 	 Valid Accuracy:  0.6545
Run: [4]	 Epoch: [34]	 Train Loss:  0.011881 	 Train Accuracy:  1.0000 	Valid Loss:  1.0908 	 Valid Accuracy:  0.6727
Run: [4]	 Epoch: [35]	 Train Loss:  0.009285 	 Train Accuracy:  1.0000 	Valid Loss:  1.0869 	 Valid Accuracy:  0.6727
Run: [4]	 Epoch: [36]	 Train Loss:  0.013248 	 Train Accuracy:  1.0000 	Valid Loss:  1.0841 	 Valid Accuracy:  0.6909
Run: [4]	 Epoch: [37]	 Train Loss:  0.014003 	 Train Accuracy:  1.0000 	Valid Loss:  1.0821 	 Valid Accuracy:  0.7091
Run: [4]	 Epoch: [38]	 Train Loss:  0.009921 	 Train Accuracy:  1.0000 	Valid Loss:  1.0787 	 Valid Accuracy:  0.7091
Run: [4]	 Epoch: [39]	 Train Loss:  0.011605 	 Train Accuracy:  1.0000 	Valid Loss:  1.0755 	 Valid Accuracy:  0.7273
Run: [4]	 Epoch: [40]	 Train Loss:  0.011234 	 Train Accuracy:  1.0000 	Valid Loss:  1.0734 	 Valid Accuracy:  0.7273
Run: [4]	 Epoch: [41]	 Train Loss:  0.007952 	 Train Accuracy:  1.0000 	Valid Loss:  1.0726 	 Valid Accuracy:  0.7273
Run: [4]	 Epoch: [42]	 Train Loss:  0.006097 	 Train Accuracy:  1.0000 	Valid Loss:  1.0721 	 Valid Accuracy:  0.7091
Run: [4]	 Epoch: [43]	 Train Loss:  0.009261 	 Train Accuracy:  1.0000 	Valid Loss:  1.0718 	 Valid Accuracy:  0.7091
Run: [4]	 Epoch: [44]	 Train Loss:  0.008983 	 Train Accuracy:  1.0000 	Valid Loss:  1.0719 	 Valid Accuracy:  0.7091
Run: [4]	 Epoch: [45]	 Train Loss:  0.008412 	 Train Accuracy:  1.0000 	Valid Loss:  1.0718 	 Valid Accuracy:  0.7091
Run: [4]	 Epoch: [46]	 Train Loss:  0.010911 	 Train Accuracy:  1.0000 	Valid Loss:  1.0707 	 Valid Accuracy:  0.6909
Run: [4]	 Epoch: [47]	 Train Loss:  0.008506 	 Train Accuracy:  1.0000 	Valid Loss:  1.0691 	 Valid Accuracy:  0.6909
Run: [4]	 Epoch: [48]	 Train Loss:  0.010248 	 Train Accuracy:  1.0000 	Valid Loss:  1.0702 	 Valid Accuracy:  0.6727
Run: [4]	 Epoch: [49]	 Train Loss:  0.008499 	 Train Accuracy:  1.0000 	Valid Loss:  1.0738 	 Valid Accuracy:  0.6909
Run: [4]	 Epoch: [50]	 Train Loss:  0.007879 	 Train Accuracy:  1.0000 	Valid Loss:  1.0801 	 Valid Accuracy:  0.6909
Test Accuracy in run 4 is: 0.7205882668495178
Total Train Accuracy after run 4 is: 1.0000
Total Test Accuracy after run 4 is: 0.7059
Best Test Accuracy in 4 runs is: 0.7500
Run: [5]	 Epoch: [1]	 Train Loss:  1.333457 	 Train Accuracy:  0.6175 	Valid Loss:  1.0166 	 Valid Accuracy:  0.5818
Run: [5]	 Epoch: [2]	 Train Loss:  0.941997 	 Train Accuracy:  0.4009 	Valid Loss:  0.8114 	 Valid Accuracy:  0.4000
Run: [5]	 Epoch: [3]	 Train Loss:  0.815267 	 Train Accuracy:  0.7235 	Valid Loss:  0.6585 	 Valid Accuracy:  0.5818
Run: [5]	 Epoch: [4]	 Train Loss:  0.606700 	 Train Accuracy:  0.6359 	Valid Loss:  0.7083 	 Valid Accuracy:  0.5818
Run: [5]	 Epoch: [5]	 Train Loss:  0.583004 	 Train Accuracy:  0.6912 	Valid Loss:  0.7128 	 Valid Accuracy:  0.5818
Run: [5]	 Epoch: [6]	 Train Loss:  0.512011 	 Train Accuracy:  0.9217 	Valid Loss:  0.6524 	 Valid Accuracy:  0.6364
Run: [5]	 Epoch: [7]	 Train Loss:  0.398617 	 Train Accuracy:  0.9631 	Valid Loss:  0.6738 	 Valid Accuracy:  0.5455
Run: [5]	 Epoch: [8]	 Train Loss:  0.320455 	 Train Accuracy:  0.9908 	Valid Loss:  0.6734 	 Valid Accuracy:  0.5818
Run: [5]	 Epoch: [9]	 Train Loss:  0.247861 	 Train Accuracy:  1.0000 	Valid Loss:  0.6594 	 Valid Accuracy:  0.6545
Run: [5]	 Epoch: [10]	 Train Loss:  0.141378 	 Train Accuracy:  1.0000 	Valid Loss:  0.7576 	 Valid Accuracy:  0.6000
Run: [5]	 Epoch: [11]	 Train Loss:  0.103645 	 Train Accuracy:  1.0000 	Valid Loss:  0.8920 	 Valid Accuracy:  0.5818
Run: [5]	 Epoch: [12]	 Train Loss:  0.075926 	 Train Accuracy:  1.0000 	Valid Loss:  1.0165 	 Valid Accuracy:  0.6000
Run: [5]	 Epoch: [13]	 Train Loss:  0.060829 	 Train Accuracy:  1.0000 	Valid Loss:  1.1148 	 Valid Accuracy:  0.5818
Run: [5]	 Epoch: [14]	 Train Loss:  0.056794 	 Train Accuracy:  1.0000 	Valid Loss:  1.1944 	 Valid Accuracy:  0.5818
Run: [5]	 Epoch: [15]	 Train Loss:  0.046200 	 Train Accuracy:  1.0000 	Valid Loss:  1.2561 	 Valid Accuracy:  0.5636
Run: [5]	 Epoch: [16]	 Train Loss:  0.039611 	 Train Accuracy:  1.0000 	Valid Loss:  1.3014 	 Valid Accuracy:  0.5636
Run: [5]	 Epoch: [17]	 Train Loss:  0.040150 	 Train Accuracy:  1.0000 	Valid Loss:  1.3291 	 Valid Accuracy:  0.5636
Run: [5]	 Epoch: [18]	 Train Loss:  0.037317 	 Train Accuracy:  1.0000 	Valid Loss:  1.3488 	 Valid Accuracy:  0.5636
Run: [5]	 Epoch: [19]	 Train Loss:  0.034675 	 Train Accuracy:  1.0000 	Valid Loss:  1.3644 	 Valid Accuracy:  0.5636
Run: [5]	 Epoch: [20]	 Train Loss:  0.028397 	 Train Accuracy:  1.0000 	Valid Loss:  1.3796 	 Valid Accuracy:  0.5636
Run: [5]	 Epoch: [21]	 Train Loss:  0.025677 	 Train Accuracy:  1.0000 	Valid Loss:  1.3926 	 Valid Accuracy:  0.5818
Run: [5]	 Epoch: [22]	 Train Loss:  0.022878 	 Train Accuracy:  1.0000 	Valid Loss:  1.4065 	 Valid Accuracy:  0.5818
Run: [5]	 Epoch: [23]	 Train Loss:  0.024638 	 Train Accuracy:  1.0000 	Valid Loss:  1.4232 	 Valid Accuracy:  0.5818
Run: [5]	 Epoch: [24]	 Train Loss:  0.022402 	 Train Accuracy:  1.0000 	Valid Loss:  1.4431 	 Valid Accuracy:  0.5818
Run: [5]	 Epoch: [25]	 Train Loss:  0.021040 	 Train Accuracy:  1.0000 	Valid Loss:  1.4676 	 Valid Accuracy:  0.5818
Run: [5]	 Epoch: [26]	 Train Loss:  0.024068 	 Train Accuracy:  1.0000 	Valid Loss:  1.4967 	 Valid Accuracy:  0.5818
Run: [5]	 Epoch: [27]	 Train Loss:  0.019312 	 Train Accuracy:  1.0000 	Valid Loss:  1.5289 	 Valid Accuracy:  0.5636
Run: [5]	 Epoch: [28]	 Train Loss:  0.016780 	 Train Accuracy:  1.0000 	Valid Loss:  1.5631 	 Valid Accuracy:  0.5636
Run: [5]	 Epoch: [29]	 Train Loss:  0.018828 	 Train Accuracy:  1.0000 	Valid Loss:  1.6052 	 Valid Accuracy:  0.5818
Run: [5]	 Epoch: [30]	 Train Loss:  0.018611 	 Train Accuracy:  1.0000 	Valid Loss:  1.6499 	 Valid Accuracy:  0.5636
Run: [5]	 Epoch: [31]	 Train Loss:  0.016096 	 Train Accuracy:  1.0000 	Valid Loss:  1.6935 	 Valid Accuracy:  0.5636
Run: [5]	 Epoch: [32]	 Train Loss:  0.014127 	 Train Accuracy:  1.0000 	Valid Loss:  1.7359 	 Valid Accuracy:  0.5636
Run: [5]	 Epoch: [33]	 Train Loss:  0.017608 	 Train Accuracy:  1.0000 	Valid Loss:  1.7805 	 Valid Accuracy:  0.5636
Run: [5]	 Epoch: [34]	 Train Loss:  0.012940 	 Train Accuracy:  1.0000 	Valid Loss:  1.8274 	 Valid Accuracy:  0.5636
Run: [5]	 Epoch: [35]	 Train Loss:  0.011439 	 Train Accuracy:  1.0000 	Valid Loss:  1.8751 	 Valid Accuracy:  0.5636
Run: [5]	 Epoch: [36]	 Train Loss:  0.011334 	 Train Accuracy:  1.0000 	Valid Loss:  1.9184 	 Valid Accuracy:  0.5636
Run: [5]	 Epoch: [37]	 Train Loss:  0.019594 	 Train Accuracy:  1.0000 	Valid Loss:  1.9563 	 Valid Accuracy:  0.5636
Run: [5]	 Epoch: [38]	 Train Loss:  0.011260 	 Train Accuracy:  1.0000 	Valid Loss:  1.9966 	 Valid Accuracy:  0.5636
Run: [5]	 Epoch: [39]	 Train Loss:  0.010745 	 Train Accuracy:  1.0000 	Valid Loss:  2.0328 	 Valid Accuracy:  0.5636
Run: [5]	 Epoch: [40]	 Train Loss:  0.010148 	 Train Accuracy:  1.0000 	Valid Loss:  2.0676 	 Valid Accuracy:  0.5455
Run: [5]	 Epoch: [41]	 Train Loss:  0.010143 	 Train Accuracy:  1.0000 	Valid Loss:  2.0984 	 Valid Accuracy:  0.5455
Run: [5]	 Epoch: [42]	 Train Loss:  0.013410 	 Train Accuracy:  1.0000 	Valid Loss:  2.1294 	 Valid Accuracy:  0.5636
Run: [5]	 Epoch: [43]	 Train Loss:  0.010689 	 Train Accuracy:  1.0000 	Valid Loss:  2.1555 	 Valid Accuracy:  0.5818
Run: [5]	 Epoch: [44]	 Train Loss:  0.014863 	 Train Accuracy:  1.0000 	Valid Loss:  2.1749 	 Valid Accuracy:  0.5818
Run: [5]	 Epoch: [45]	 Train Loss:  0.009269 	 Train Accuracy:  1.0000 	Valid Loss:  2.1947 	 Valid Accuracy:  0.5818
Run: [5]	 Epoch: [46]	 Train Loss:  0.008723 	 Train Accuracy:  1.0000 	Valid Loss:  2.2153 	 Valid Accuracy:  0.5818
Run: [5]	 Epoch: [47]	 Train Loss:  0.006358 	 Train Accuracy:  1.0000 	Valid Loss:  2.2364 	 Valid Accuracy:  0.5818
Run: [5]	 Epoch: [48]	 Train Loss:  0.007090 	 Train Accuracy:  1.0000 	Valid Loss:  2.2567 	 Valid Accuracy:  0.5818
Run: [5]	 Epoch: [49]	 Train Loss:  0.008404 	 Train Accuracy:  1.0000 	Valid Loss:  2.2749 	 Valid Accuracy:  0.5818
Run: [5]	 Epoch: [50]	 Train Loss:  0.009643 	 Train Accuracy:  1.0000 	Valid Loss:  2.2772 	 Valid Accuracy:  0.5818
Test Accuracy in run 5 is: 0.6911764740943909
Total Train Accuracy after run 5 is: 1.0000
Total Test Accuracy after run 5 is: 0.7029
Best Test Accuracy in 5 runs is: 0.7500
Run: [6]	 Epoch: [1]	 Train Loss:  1.024886 	 Train Accuracy:  0.6175 	Valid Loss:  0.9717 	 Valid Accuracy:  0.5818
Run: [6]	 Epoch: [2]	 Train Loss:  0.902511 	 Train Accuracy:  0.5806 	Valid Loss:  0.7044 	 Valid Accuracy:  0.4545
Run: [6]	 Epoch: [3]	 Train Loss:  0.656859 	 Train Accuracy:  0.7327 	Valid Loss:  0.6512 	 Valid Accuracy:  0.6000
Run: [6]	 Epoch: [4]	 Train Loss:  0.584217 	 Train Accuracy:  0.6544 	Valid Loss:  0.6606 	 Valid Accuracy:  0.5818
Run: [6]	 Epoch: [5]	 Train Loss:  0.546481 	 Train Accuracy:  0.7051 	Valid Loss:  0.6586 	 Valid Accuracy:  0.5818
Run: [6]	 Epoch: [6]	 Train Loss:  0.511648 	 Train Accuracy:  0.8571 	Valid Loss:  0.6449 	 Valid Accuracy:  0.5818
Run: [6]	 Epoch: [7]	 Train Loss:  0.454722 	 Train Accuracy:  0.9908 	Valid Loss:  0.6439 	 Valid Accuracy:  0.6182
Run: [6]	 Epoch: [8]	 Train Loss:  0.356444 	 Train Accuracy:  1.0000 	Valid Loss:  0.6967 	 Valid Accuracy:  0.5818
Run: [6]	 Epoch: [9]	 Train Loss:  0.267508 	 Train Accuracy:  1.0000 	Valid Loss:  0.7258 	 Valid Accuracy:  0.5818
Run: [6]	 Epoch: [10]	 Train Loss:  0.151630 	 Train Accuracy:  1.0000 	Valid Loss:  0.6738 	 Valid Accuracy:  0.6364
Run: [6]	 Epoch: [11]	 Train Loss:  0.106910 	 Train Accuracy:  1.0000 	Valid Loss:  0.6763 	 Valid Accuracy:  0.6727
Run: [6]	 Epoch: [12]	 Train Loss:  0.092769 	 Train Accuracy:  1.0000 	Valid Loss:  0.7010 	 Valid Accuracy:  0.6545
Run: [6]	 Epoch: [13]	 Train Loss:  0.087867 	 Train Accuracy:  1.0000 	Valid Loss:  0.7186 	 Valid Accuracy:  0.6364
Run: [6]	 Epoch: [14]	 Train Loss:  0.070706 	 Train Accuracy:  1.0000 	Valid Loss:  0.7290 	 Valid Accuracy:  0.6545
Run: [6]	 Epoch: [15]	 Train Loss:  0.068075 	 Train Accuracy:  1.0000 	Valid Loss:  0.7342 	 Valid Accuracy:  0.6545
Run: [6]	 Epoch: [16]	 Train Loss:  0.057315 	 Train Accuracy:  1.0000 	Valid Loss:  0.7391 	 Valid Accuracy:  0.6727
Run: [6]	 Epoch: [17]	 Train Loss:  0.052002 	 Train Accuracy:  1.0000 	Valid Loss:  0.7515 	 Valid Accuracy:  0.6545
Run: [6]	 Epoch: [18]	 Train Loss:  0.041703 	 Train Accuracy:  1.0000 	Valid Loss:  0.7679 	 Valid Accuracy:  0.6727
Run: [6]	 Epoch: [19]	 Train Loss:  0.043410 	 Train Accuracy:  1.0000 	Valid Loss:  0.7805 	 Valid Accuracy:  0.6909
Run: [6]	 Epoch: [20]	 Train Loss:  0.030863 	 Train Accuracy:  1.0000 	Valid Loss:  0.7910 	 Valid Accuracy:  0.6727
Run: [6]	 Epoch: [21]	 Train Loss:  0.032612 	 Train Accuracy:  1.0000 	Valid Loss:  0.8036 	 Valid Accuracy:  0.6909
Run: [6]	 Epoch: [22]	 Train Loss:  0.030374 	 Train Accuracy:  1.0000 	Valid Loss:  0.8181 	 Valid Accuracy:  0.6909
Run: [6]	 Epoch: [23]	 Train Loss:  0.026635 	 Train Accuracy:  1.0000 	Valid Loss:  0.8381 	 Valid Accuracy:  0.7091
Run: [6]	 Epoch: [24]	 Train Loss:  0.027959 	 Train Accuracy:  1.0000 	Valid Loss:  0.8602 	 Valid Accuracy:  0.7091
Run: [6]	 Epoch: [25]	 Train Loss:  0.022168 	 Train Accuracy:  1.0000 	Valid Loss:  0.8839 	 Valid Accuracy:  0.7091
Run: [6]	 Epoch: [26]	 Train Loss:  0.029107 	 Train Accuracy:  1.0000 	Valid Loss:  0.9074 	 Valid Accuracy:  0.6909
Run: [6]	 Epoch: [27]	 Train Loss:  0.018360 	 Train Accuracy:  1.0000 	Valid Loss:  0.9269 	 Valid Accuracy:  0.6727
Run: [6]	 Epoch: [28]	 Train Loss:  0.019038 	 Train Accuracy:  1.0000 	Valid Loss:  0.9441 	 Valid Accuracy:  0.6727
Run: [6]	 Epoch: [29]	 Train Loss:  0.023495 	 Train Accuracy:  1.0000 	Valid Loss:  0.9544 	 Valid Accuracy:  0.6545
Run: [6]	 Epoch: [30]	 Train Loss:  0.015710 	 Train Accuracy:  1.0000 	Valid Loss:  0.9589 	 Valid Accuracy:  0.6727
Run: [6]	 Epoch: [31]	 Train Loss:  0.014803 	 Train Accuracy:  1.0000 	Valid Loss:  0.9610 	 Valid Accuracy:  0.6727
Run: [6]	 Epoch: [32]	 Train Loss:  0.012926 	 Train Accuracy:  1.0000 	Valid Loss:  0.9605 	 Valid Accuracy:  0.6727
Run: [6]	 Epoch: [33]	 Train Loss:  0.014807 	 Train Accuracy:  1.0000 	Valid Loss:  0.9549 	 Valid Accuracy:  0.6909
Run: [6]	 Epoch: [34]	 Train Loss:  0.012385 	 Train Accuracy:  1.0000 	Valid Loss:  0.9461 	 Valid Accuracy:  0.7091
Run: [6]	 Epoch: [35]	 Train Loss:  0.011888 	 Train Accuracy:  1.0000 	Valid Loss:  0.9357 	 Valid Accuracy:  0.7091
Run: [6]	 Epoch: [36]	 Train Loss:  0.017135 	 Train Accuracy:  1.0000 	Valid Loss:  0.9278 	 Valid Accuracy:  0.7273
Run: [6]	 Epoch: [37]	 Train Loss:  0.014900 	 Train Accuracy:  1.0000 	Valid Loss:  0.9223 	 Valid Accuracy:  0.7091
Run: [6]	 Epoch: [38]	 Train Loss:  0.012475 	 Train Accuracy:  1.0000 	Valid Loss:  0.9200 	 Valid Accuracy:  0.7091
Run: [6]	 Epoch: [39]	 Train Loss:  0.015243 	 Train Accuracy:  1.0000 	Valid Loss:  0.9209 	 Valid Accuracy:  0.6909
Run: [6]	 Epoch: [40]	 Train Loss:  0.010430 	 Train Accuracy:  1.0000 	Valid Loss:  0.9231 	 Valid Accuracy:  0.7091
Run: [6]	 Epoch: [41]	 Train Loss:  0.011429 	 Train Accuracy:  1.0000 	Valid Loss:  0.9293 	 Valid Accuracy:  0.6909
Run: [6]	 Epoch: [42]	 Train Loss:  0.006460 	 Train Accuracy:  1.0000 	Valid Loss:  0.9374 	 Valid Accuracy:  0.6909
Run: [6]	 Epoch: [43]	 Train Loss:  0.008627 	 Train Accuracy:  1.0000 	Valid Loss:  0.9473 	 Valid Accuracy:  0.6727
Run: [6]	 Epoch: [44]	 Train Loss:  0.008590 	 Train Accuracy:  1.0000 	Valid Loss:  0.9584 	 Valid Accuracy:  0.6909
Run: [6]	 Epoch: [45]	 Train Loss:  0.007641 	 Train Accuracy:  1.0000 	Valid Loss:  0.9698 	 Valid Accuracy:  0.6909
Run: [6]	 Epoch: [46]	 Train Loss:  0.008075 	 Train Accuracy:  1.0000 	Valid Loss:  0.9796 	 Valid Accuracy:  0.6909
Run: [6]	 Epoch: [47]	 Train Loss:  0.010118 	 Train Accuracy:  1.0000 	Valid Loss:  0.9870 	 Valid Accuracy:  0.6909
Run: [6]	 Epoch: [48]	 Train Loss:  0.008553 	 Train Accuracy:  1.0000 	Valid Loss:  0.9933 	 Valid Accuracy:  0.6727
Run: [6]	 Epoch: [49]	 Train Loss:  0.012760 	 Train Accuracy:  1.0000 	Valid Loss:  1.0008 	 Valid Accuracy:  0.6909
Run: [6]	 Epoch: [50]	 Train Loss:  0.005945 	 Train Accuracy:  1.0000 	Valid Loss:  1.0112 	 Valid Accuracy:  0.6909
Test Accuracy in run 6 is: 0.75
Total Train Accuracy after run 6 is: 1.0000
Total Test Accuracy after run 6 is: 0.7108
Best Test Accuracy in 6 runs is: 0.7500
Run: [7]	 Epoch: [1]	 Train Loss:  0.944064 	 Train Accuracy:  0.3825 	Valid Loss:  1.3277 	 Valid Accuracy:  0.4182
Run: [7]	 Epoch: [2]	 Train Loss:  1.344325 	 Train Accuracy:  0.6359 	Valid Loss:  0.6675 	 Valid Accuracy:  0.5818
Run: [7]	 Epoch: [3]	 Train Loss:  0.603990 	 Train Accuracy:  0.6175 	Valid Loss:  0.6890 	 Valid Accuracy:  0.5818
Run: [7]	 Epoch: [4]	 Train Loss:  0.590969 	 Train Accuracy:  0.6359 	Valid Loss:  0.6706 	 Valid Accuracy:  0.5818
Run: [7]	 Epoch: [5]	 Train Loss:  0.526176 	 Train Accuracy:  0.8065 	Valid Loss:  0.6705 	 Valid Accuracy:  0.5818
Run: [7]	 Epoch: [6]	 Train Loss:  0.459247 	 Train Accuracy:  0.8940 	Valid Loss:  0.7372 	 Valid Accuracy:  0.6000
Run: [7]	 Epoch: [7]	 Train Loss:  0.364947 	 Train Accuracy:  0.9770 	Valid Loss:  0.7967 	 Valid Accuracy:  0.6000
Run: [7]	 Epoch: [8]	 Train Loss:  0.220512 	 Train Accuracy:  0.9908 	Valid Loss:  0.8220 	 Valid Accuracy:  0.4909
Run: [7]	 Epoch: [9]	 Train Loss:  0.158192 	 Train Accuracy:  0.9954 	Valid Loss:  0.8682 	 Valid Accuracy:  0.5636
Run: [7]	 Epoch: [10]	 Train Loss:  0.100221 	 Train Accuracy:  1.0000 	Valid Loss:  0.9883 	 Valid Accuracy:  0.5818
Run: [7]	 Epoch: [11]	 Train Loss:  0.094036 	 Train Accuracy:  1.0000 	Valid Loss:  1.0856 	 Valid Accuracy:  0.5636
Run: [7]	 Epoch: [12]	 Train Loss:  0.075975 	 Train Accuracy:  1.0000 	Valid Loss:  1.0712 	 Valid Accuracy:  0.5636
Run: [7]	 Epoch: [13]	 Train Loss:  0.062394 	 Train Accuracy:  1.0000 	Valid Loss:  1.0246 	 Valid Accuracy:  0.5273
Run: [7]	 Epoch: [14]	 Train Loss:  0.052897 	 Train Accuracy:  1.0000 	Valid Loss:  0.9776 	 Valid Accuracy:  0.5818
Run: [7]	 Epoch: [15]	 Train Loss:  0.053488 	 Train Accuracy:  1.0000 	Valid Loss:  0.9500 	 Valid Accuracy:  0.5636
Run: [7]	 Epoch: [16]	 Train Loss:  0.056372 	 Train Accuracy:  1.0000 	Valid Loss:  0.9396 	 Valid Accuracy:  0.5818
Run: [7]	 Epoch: [17]	 Train Loss:  0.049220 	 Train Accuracy:  1.0000 	Valid Loss:  0.9413 	 Valid Accuracy:  0.5818
Run: [7]	 Epoch: [18]	 Train Loss:  0.047208 	 Train Accuracy:  1.0000 	Valid Loss:  0.9566 	 Valid Accuracy:  0.5818
Run: [7]	 Epoch: [19]	 Train Loss:  0.047245 	 Train Accuracy:  1.0000 	Valid Loss:  0.9780 	 Valid Accuracy:  0.5818
Run: [7]	 Epoch: [20]	 Train Loss:  0.040466 	 Train Accuracy:  1.0000 	Valid Loss:  1.0112 	 Valid Accuracy:  0.5636
Run: [7]	 Epoch: [21]	 Train Loss:  0.033790 	 Train Accuracy:  1.0000 	Valid Loss:  1.0542 	 Valid Accuracy:  0.5636
Run: [7]	 Epoch: [22]	 Train Loss:  0.030152 	 Train Accuracy:  1.0000 	Valid Loss:  1.1011 	 Valid Accuracy:  0.5636
Run: [7]	 Epoch: [23]	 Train Loss:  0.035740 	 Train Accuracy:  1.0000 	Valid Loss:  1.1424 	 Valid Accuracy:  0.5455
Run: [7]	 Epoch: [24]	 Train Loss:  0.031561 	 Train Accuracy:  1.0000 	Valid Loss:  1.1814 	 Valid Accuracy:  0.5273
Run: [7]	 Epoch: [25]	 Train Loss:  0.026559 	 Train Accuracy:  1.0000 	Valid Loss:  1.2177 	 Valid Accuracy:  0.5091
Run: [7]	 Epoch: [26]	 Train Loss:  0.027538 	 Train Accuracy:  1.0000 	Valid Loss:  1.2486 	 Valid Accuracy:  0.5091
Run: [7]	 Epoch: [27]	 Train Loss:  0.024508 	 Train Accuracy:  1.0000 	Valid Loss:  1.2757 	 Valid Accuracy:  0.5273
Run: [7]	 Epoch: [28]	 Train Loss:  0.026945 	 Train Accuracy:  1.0000 	Valid Loss:  1.2949 	 Valid Accuracy:  0.5273
Run: [7]	 Epoch: [29]	 Train Loss:  0.024163 	 Train Accuracy:  1.0000 	Valid Loss:  1.3040 	 Valid Accuracy:  0.5273
Run: [7]	 Epoch: [30]	 Train Loss:  0.024114 	 Train Accuracy:  1.0000 	Valid Loss:  1.3114 	 Valid Accuracy:  0.5273
Run: [7]	 Epoch: [31]	 Train Loss:  0.020735 	 Train Accuracy:  1.0000 	Valid Loss:  1.3150 	 Valid Accuracy:  0.5273
Run: [7]	 Epoch: [32]	 Train Loss:  0.013691 	 Train Accuracy:  1.0000 	Valid Loss:  1.3184 	 Valid Accuracy:  0.5455
Run: [7]	 Epoch: [33]	 Train Loss:  0.019544 	 Train Accuracy:  1.0000 	Valid Loss:  1.3220 	 Valid Accuracy:  0.5273
Run: [7]	 Epoch: [34]	 Train Loss:  0.016360 	 Train Accuracy:  1.0000 	Valid Loss:  1.3235 	 Valid Accuracy:  0.5455
Run: [7]	 Epoch: [35]	 Train Loss:  0.017684 	 Train Accuracy:  1.0000 	Valid Loss:  1.3202 	 Valid Accuracy:  0.5455
Run: [7]	 Epoch: [36]	 Train Loss:  0.016685 	 Train Accuracy:  1.0000 	Valid Loss:  1.3141 	 Valid Accuracy:  0.5455
Run: [7]	 Epoch: [37]	 Train Loss:  0.015107 	 Train Accuracy:  1.0000 	Valid Loss:  1.3033 	 Valid Accuracy:  0.5455
Run: [7]	 Epoch: [38]	 Train Loss:  0.015531 	 Train Accuracy:  1.0000 	Valid Loss:  1.2828 	 Valid Accuracy:  0.5636
Run: [7]	 Epoch: [39]	 Train Loss:  0.011089 	 Train Accuracy:  1.0000 	Valid Loss:  1.2687 	 Valid Accuracy:  0.5818
Run: [7]	 Epoch: [40]	 Train Loss:  0.016699 	 Train Accuracy:  1.0000 	Valid Loss:  1.2542 	 Valid Accuracy:  0.6182
Run: [7]	 Epoch: [41]	 Train Loss:  0.011822 	 Train Accuracy:  1.0000 	Valid Loss:  1.2487 	 Valid Accuracy:  0.6182
Run: [7]	 Epoch: [42]	 Train Loss:  0.014528 	 Train Accuracy:  1.0000 	Valid Loss:  1.2398 	 Valid Accuracy:  0.6727
Run: [7]	 Epoch: [43]	 Train Loss:  0.010984 	 Train Accuracy:  1.0000 	Valid Loss:  1.2339 	 Valid Accuracy:  0.6727
Run: [7]	 Epoch: [44]	 Train Loss:  0.017792 	 Train Accuracy:  1.0000 	Valid Loss:  1.2430 	 Valid Accuracy:  0.6727
Run: [7]	 Epoch: [45]	 Train Loss:  0.013358 	 Train Accuracy:  1.0000 	Valid Loss:  1.2690 	 Valid Accuracy:  0.6545
Run: [7]	 Epoch: [46]	 Train Loss:  0.009223 	 Train Accuracy:  1.0000 	Valid Loss:  1.2973 	 Valid Accuracy:  0.6545
Run: [7]	 Epoch: [47]	 Train Loss:  0.009017 	 Train Accuracy:  1.0000 	Valid Loss:  1.3349 	 Valid Accuracy:  0.6545
Run: [7]	 Epoch: [48]	 Train Loss:  0.011030 	 Train Accuracy:  1.0000 	Valid Loss:  1.3776 	 Valid Accuracy:  0.6182
Run: [7]	 Epoch: [49]	 Train Loss:  0.010709 	 Train Accuracy:  1.0000 	Valid Loss:  1.4156 	 Valid Accuracy:  0.6182
Run: [7]	 Epoch: [50]	 Train Loss:  0.012116 	 Train Accuracy:  1.0000 	Valid Loss:  1.4635 	 Valid Accuracy:  0.6000
Test Accuracy in run 7 is: 0.6911764740943909
Total Train Accuracy after run 7 is: 1.0000
Total Test Accuracy after run 7 is: 0.7080
Best Test Accuracy in 7 runs is: 0.7500
Run: [8]	 Epoch: [1]	 Train Loss:  0.876765 	 Train Accuracy:  0.5300 	Valid Loss:  0.7669 	 Valid Accuracy:  0.4364
Run: [8]	 Epoch: [2]	 Train Loss:  0.694204 	 Train Accuracy:  0.6175 	Valid Loss:  1.1215 	 Valid Accuracy:  0.5818
Run: [8]	 Epoch: [3]	 Train Loss:  1.050487 	 Train Accuracy:  0.6175 	Valid Loss:  0.7744 	 Valid Accuracy:  0.5818
Run: [8]	 Epoch: [4]	 Train Loss:  0.640679 	 Train Accuracy:  0.6175 	Valid Loss:  0.6868 	 Valid Accuracy:  0.5818
Run: [8]	 Epoch: [5]	 Train Loss:  0.574009 	 Train Accuracy:  0.6175 	Valid Loss:  0.6979 	 Valid Accuracy:  0.5818
Run: [8]	 Epoch: [6]	 Train Loss:  0.562118 	 Train Accuracy:  0.6175 	Valid Loss:  0.6683 	 Valid Accuracy:  0.5818
Run: [8]	 Epoch: [7]	 Train Loss:  0.515571 	 Train Accuracy:  0.7189 	Valid Loss:  0.6567 	 Valid Accuracy:  0.5818
Run: [8]	 Epoch: [8]	 Train Loss:  0.468766 	 Train Accuracy:  0.8986 	Valid Loss:  0.6578 	 Valid Accuracy:  0.5818
Run: [8]	 Epoch: [9]	 Train Loss:  0.409294 	 Train Accuracy:  0.9585 	Valid Loss:  0.6668 	 Valid Accuracy:  0.5818
Run: [8]	 Epoch: [10]	 Train Loss:  0.319833 	 Train Accuracy:  0.9862 	Valid Loss:  0.6769 	 Valid Accuracy:  0.5818
Run: [8]	 Epoch: [11]	 Train Loss:  0.268842 	 Train Accuracy:  0.9954 	Valid Loss:  0.6812 	 Valid Accuracy:  0.5818
Run: [8]	 Epoch: [12]	 Train Loss:  0.186732 	 Train Accuracy:  1.0000 	Valid Loss:  0.6961 	 Valid Accuracy:  0.6909
Run: [8]	 Epoch: [13]	 Train Loss:  0.140999 	 Train Accuracy:  1.0000 	Valid Loss:  0.7324 	 Valid Accuracy:  0.6909
Run: [8]	 Epoch: [14]	 Train Loss:  0.107627 	 Train Accuracy:  1.0000 	Valid Loss:  0.7865 	 Valid Accuracy:  0.6909
Run: [8]	 Epoch: [15]	 Train Loss:  0.073664 	 Train Accuracy:  1.0000 	Valid Loss:  0.8198 	 Valid Accuracy:  0.6909
Run: [8]	 Epoch: [16]	 Train Loss:  0.059879 	 Train Accuracy:  1.0000 	Valid Loss:  0.8256 	 Valid Accuracy:  0.6545
Run: [8]	 Epoch: [17]	 Train Loss:  0.053830 	 Train Accuracy:  1.0000 	Valid Loss:  0.8219 	 Valid Accuracy:  0.6545
Run: [8]	 Epoch: [18]	 Train Loss:  0.051771 	 Train Accuracy:  1.0000 	Valid Loss:  0.8095 	 Valid Accuracy:  0.6545
Run: [8]	 Epoch: [19]	 Train Loss:  0.054506 	 Train Accuracy:  1.0000 	Valid Loss:  0.7872 	 Valid Accuracy:  0.6909
Run: [8]	 Epoch: [20]	 Train Loss:  0.048043 	 Train Accuracy:  1.0000 	Valid Loss:  0.7792 	 Valid Accuracy:  0.6909
Run: [8]	 Epoch: [21]	 Train Loss:  0.036148 	 Train Accuracy:  1.0000 	Valid Loss:  0.7883 	 Valid Accuracy:  0.6909
Run: [8]	 Epoch: [22]	 Train Loss:  0.037526 	 Train Accuracy:  1.0000 	Valid Loss:  0.8110 	 Valid Accuracy:  0.7273
Run: [8]	 Epoch: [23]	 Train Loss:  0.029096 	 Train Accuracy:  1.0000 	Valid Loss:  0.8371 	 Valid Accuracy:  0.6909
Run: [8]	 Epoch: [24]	 Train Loss:  0.026477 	 Train Accuracy:  1.0000 	Valid Loss:  0.8647 	 Valid Accuracy:  0.6727
Run: [8]	 Epoch: [25]	 Train Loss:  0.027061 	 Train Accuracy:  1.0000 	Valid Loss:  0.8928 	 Valid Accuracy:  0.6727
Run: [8]	 Epoch: [26]	 Train Loss:  0.024964 	 Train Accuracy:  1.0000 	Valid Loss:  0.9193 	 Valid Accuracy:  0.6727
Run: [8]	 Epoch: [27]	 Train Loss:  0.020184 	 Train Accuracy:  1.0000 	Valid Loss:  0.9386 	 Valid Accuracy:  0.6545
Run: [8]	 Epoch: [28]	 Train Loss:  0.019850 	 Train Accuracy:  1.0000 	Valid Loss:  0.9494 	 Valid Accuracy:  0.6727
Run: [8]	 Epoch: [29]	 Train Loss:  0.014031 	 Train Accuracy:  1.0000 	Valid Loss:  0.9550 	 Valid Accuracy:  0.6727
Run: [8]	 Epoch: [30]	 Train Loss:  0.014403 	 Train Accuracy:  1.0000 	Valid Loss:  0.9582 	 Valid Accuracy:  0.6727
Run: [8]	 Epoch: [31]	 Train Loss:  0.024167 	 Train Accuracy:  1.0000 	Valid Loss:  0.9594 	 Valid Accuracy:  0.7091
Run: [8]	 Epoch: [32]	 Train Loss:  0.012871 	 Train Accuracy:  1.0000 	Valid Loss:  0.9628 	 Valid Accuracy:  0.7273
Run: [8]	 Epoch: [33]	 Train Loss:  0.015180 	 Train Accuracy:  1.0000 	Valid Loss:  0.9688 	 Valid Accuracy:  0.7091
Run: [8]	 Epoch: [34]	 Train Loss:  0.015204 	 Train Accuracy:  1.0000 	Valid Loss:  0.9793 	 Valid Accuracy:  0.7091
Run: [8]	 Epoch: [35]	 Train Loss:  0.019104 	 Train Accuracy:  1.0000 	Valid Loss:  0.9904 	 Valid Accuracy:  0.7455
Run: [8]	 Epoch: [36]	 Train Loss:  0.012635 	 Train Accuracy:  1.0000 	Valid Loss:  1.0026 	 Valid Accuracy:  0.7636
Run: [8]	 Epoch: [37]	 Train Loss:  0.010560 	 Train Accuracy:  1.0000 	Valid Loss:  1.0143 	 Valid Accuracy:  0.7636
Run: [8]	 Epoch: [38]	 Train Loss:  0.009247 	 Train Accuracy:  1.0000 	Valid Loss:  1.0273 	 Valid Accuracy:  0.7455
Run: [8]	 Epoch: [39]	 Train Loss:  0.011184 	 Train Accuracy:  1.0000 	Valid Loss:  1.0423 	 Valid Accuracy:  0.7273
Run: [8]	 Epoch: [40]	 Train Loss:  0.011527 	 Train Accuracy:  1.0000 	Valid Loss:  1.0592 	 Valid Accuracy:  0.7273
Run: [8]	 Epoch: [41]	 Train Loss:  0.008275 	 Train Accuracy:  1.0000 	Valid Loss:  1.0741 	 Valid Accuracy:  0.7455
Run: [8]	 Epoch: [42]	 Train Loss:  0.011951 	 Train Accuracy:  1.0000 	Valid Loss:  1.0892 	 Valid Accuracy:  0.7455
Run: [8]	 Epoch: [43]	 Train Loss:  0.009093 	 Train Accuracy:  1.0000 	Valid Loss:  1.1049 	 Valid Accuracy:  0.7273
Run: [8]	 Epoch: [44]	 Train Loss:  0.008276 	 Train Accuracy:  1.0000 	Valid Loss:  1.1176 	 Valid Accuracy:  0.7273
Run: [8]	 Epoch: [45]	 Train Loss:  0.007229 	 Train Accuracy:  1.0000 	Valid Loss:  1.1271 	 Valid Accuracy:  0.7273
Run: [8]	 Epoch: [46]	 Train Loss:  0.007644 	 Train Accuracy:  1.0000 	Valid Loss:  1.1286 	 Valid Accuracy:  0.7273
Run: [8]	 Epoch: [47]	 Train Loss:  0.008793 	 Train Accuracy:  1.0000 	Valid Loss:  1.1255 	 Valid Accuracy:  0.7273
Run: [8]	 Epoch: [48]	 Train Loss:  0.010085 	 Train Accuracy:  1.0000 	Valid Loss:  1.1182 	 Valid Accuracy:  0.7455
Run: [8]	 Epoch: [49]	 Train Loss:  0.007518 	 Train Accuracy:  1.0000 	Valid Loss:  1.1096 	 Valid Accuracy:  0.7636
Run: [8]	 Epoch: [50]	 Train Loss:  0.009851 	 Train Accuracy:  1.0000 	Valid Loss:  1.1050 	 Valid Accuracy:  0.7636
Test Accuracy in run 8 is: 0.75
Total Train Accuracy after run 8 is: 1.0000
Total Test Accuracy after run 8 is: 0.7132
Best Test Accuracy in 8 runs is: 0.7500
Run: [9]	 Epoch: [1]	 Train Loss:  1.050060 	 Train Accuracy:  0.5207 	Valid Loss:  0.9511 	 Valid Accuracy:  0.5273
Run: [9]	 Epoch: [2]	 Train Loss:  0.880244 	 Train Accuracy:  0.6175 	Valid Loss:  1.1889 	 Valid Accuracy:  0.5818
Run: [9]	 Epoch: [3]	 Train Loss:  1.100903 	 Train Accuracy:  0.6175 	Valid Loss:  0.9123 	 Valid Accuracy:  0.5818
Run: [9]	 Epoch: [4]	 Train Loss:  0.834347 	 Train Accuracy:  0.6175 	Valid Loss:  0.7790 	 Valid Accuracy:  0.5818
Run: [9]	 Epoch: [5]	 Train Loss:  0.706509 	 Train Accuracy:  0.6175 	Valid Loss:  0.7138 	 Valid Accuracy:  0.5818
Run: [9]	 Epoch: [6]	 Train Loss:  0.645034 	 Train Accuracy:  0.6175 	Valid Loss:  0.6847 	 Valid Accuracy:  0.5818
Run: [9]	 Epoch: [7]	 Train Loss:  0.614333 	 Train Accuracy:  0.6221 	Valid Loss:  0.6746 	 Valid Accuracy:  0.5818
Run: [9]	 Epoch: [8]	 Train Loss:  0.613448 	 Train Accuracy:  0.7189 	Valid Loss:  0.6718 	 Valid Accuracy:  0.5818
Run: [9]	 Epoch: [9]	 Train Loss:  0.591129 	 Train Accuracy:  0.8664 	Valid Loss:  0.6708 	 Valid Accuracy:  0.5818
Run: [9]	 Epoch: [10]	 Train Loss:  0.592309 	 Train Accuracy:  0.9309 	Valid Loss:  0.6680 	 Valid Accuracy:  0.5818
Run: [9]	 Epoch: [11]	 Train Loss:  0.562140 	 Train Accuracy:  0.9355 	Valid Loss:  0.6621 	 Valid Accuracy:  0.5818
Run: [9]	 Epoch: [12]	 Train Loss:  0.540707 	 Train Accuracy:  0.9309 	Valid Loss:  0.6556 	 Valid Accuracy:  0.5818
Run: [9]	 Epoch: [13]	 Train Loss:  0.499235 	 Train Accuracy:  0.9263 	Valid Loss:  0.6511 	 Valid Accuracy:  0.5818
Run: [9]	 Epoch: [14]	 Train Loss:  0.451641 	 Train Accuracy:  0.9355 	Valid Loss:  0.6495 	 Valid Accuracy:  0.5818
Run: [9]	 Epoch: [15]	 Train Loss:  0.408588 	 Train Accuracy:  0.9585 	Valid Loss:  0.6513 	 Valid Accuracy:  0.6364
Run: [9]	 Epoch: [16]	 Train Loss:  0.339754 	 Train Accuracy:  0.9816 	Valid Loss:  0.6568 	 Valid Accuracy:  0.6364
Run: [9]	 Epoch: [17]	 Train Loss:  0.267445 	 Train Accuracy:  0.9862 	Valid Loss:  0.6682 	 Valid Accuracy:  0.6364
Run: [9]	 Epoch: [18]	 Train Loss:  0.218570 	 Train Accuracy:  0.9954 	Valid Loss:  0.6882 	 Valid Accuracy:  0.6545
Run: [9]	 Epoch: [19]	 Train Loss:  0.184471 	 Train Accuracy:  0.9954 	Valid Loss:  0.7220 	 Valid Accuracy:  0.6727
Run: [9]	 Epoch: [20]	 Train Loss:  0.147688 	 Train Accuracy:  1.0000 	Valid Loss:  0.7645 	 Valid Accuracy:  0.6909
Run: [9]	 Epoch: [21]	 Train Loss:  0.115269 	 Train Accuracy:  1.0000 	Valid Loss:  0.8071 	 Valid Accuracy:  0.6727
Run: [9]	 Epoch: [22]	 Train Loss:  0.099391 	 Train Accuracy:  1.0000 	Valid Loss:  0.8434 	 Valid Accuracy:  0.6364
Run: [9]	 Epoch: [23]	 Train Loss:  0.090102 	 Train Accuracy:  1.0000 	Valid Loss:  0.8564 	 Valid Accuracy:  0.6364
Run: [9]	 Epoch: [24]	 Train Loss:  0.076189 	 Train Accuracy:  1.0000 	Valid Loss:  0.8613 	 Valid Accuracy:  0.6182
Run: [9]	 Epoch: [25]	 Train Loss:  0.064585 	 Train Accuracy:  1.0000 	Valid Loss:  0.8579 	 Valid Accuracy:  0.6000
Run: [9]	 Epoch: [26]	 Train Loss:  0.050347 	 Train Accuracy:  1.0000 	Valid Loss:  0.8555 	 Valid Accuracy:  0.6000
Run: [9]	 Epoch: [27]	 Train Loss:  0.050487 	 Train Accuracy:  1.0000 	Valid Loss:  0.8567 	 Valid Accuracy:  0.6182
Run: [9]	 Epoch: [28]	 Train Loss:  0.048386 	 Train Accuracy:  1.0000 	Valid Loss:  0.8576 	 Valid Accuracy:  0.6182
Run: [9]	 Epoch: [29]	 Train Loss:  0.046736 	 Train Accuracy:  1.0000 	Valid Loss:  0.8596 	 Valid Accuracy:  0.5818
Run: [9]	 Epoch: [30]	 Train Loss:  0.036749 	 Train Accuracy:  1.0000 	Valid Loss:  0.8630 	 Valid Accuracy:  0.5818
Run: [9]	 Epoch: [31]	 Train Loss:  0.034740 	 Train Accuracy:  1.0000 	Valid Loss:  0.8709 	 Valid Accuracy:  0.6000
Run: [9]	 Epoch: [32]	 Train Loss:  0.034668 	 Train Accuracy:  1.0000 	Valid Loss:  0.8825 	 Valid Accuracy:  0.5818
Run: [9]	 Epoch: [33]	 Train Loss:  0.040827 	 Train Accuracy:  1.0000 	Valid Loss:  0.9003 	 Valid Accuracy:  0.5818
Run: [9]	 Epoch: [34]	 Train Loss:  0.025769 	 Train Accuracy:  1.0000 	Valid Loss:  0.9223 	 Valid Accuracy:  0.5818
Run: [9]	 Epoch: [35]	 Train Loss:  0.021692 	 Train Accuracy:  1.0000 	Valid Loss:  0.9450 	 Valid Accuracy:  0.6182
Run: [9]	 Epoch: [36]	 Train Loss:  0.017280 	 Train Accuracy:  1.0000 	Valid Loss:  0.9678 	 Valid Accuracy:  0.6182
Run: [9]	 Epoch: [37]	 Train Loss:  0.020566 	 Train Accuracy:  1.0000 	Valid Loss:  0.9862 	 Valid Accuracy:  0.6000
Run: [9]	 Epoch: [38]	 Train Loss:  0.019468 	 Train Accuracy:  1.0000 	Valid Loss:  1.0011 	 Valid Accuracy:  0.5818
Run: [9]	 Epoch: [39]	 Train Loss:  0.019545 	 Train Accuracy:  1.0000 	Valid Loss:  1.0070 	 Valid Accuracy:  0.5818
Run: [9]	 Epoch: [40]	 Train Loss:  0.018884 	 Train Accuracy:  1.0000 	Valid Loss:  1.0130 	 Valid Accuracy:  0.6364
Run: [9]	 Epoch: [41]	 Train Loss:  0.018257 	 Train Accuracy:  1.0000 	Valid Loss:  1.0210 	 Valid Accuracy:  0.6364
Run: [9]	 Epoch: [42]	 Train Loss:  0.016198 	 Train Accuracy:  1.0000 	Valid Loss:  1.0290 	 Valid Accuracy:  0.6364
Run: [9]	 Epoch: [43]	 Train Loss:  0.012351 	 Train Accuracy:  1.0000 	Valid Loss:  1.0399 	 Valid Accuracy:  0.6364
Run: [9]	 Epoch: [44]	 Train Loss:  0.013253 	 Train Accuracy:  1.0000 	Valid Loss:  1.0509 	 Valid Accuracy:  0.6182
Run: [9]	 Epoch: [45]	 Train Loss:  0.013931 	 Train Accuracy:  1.0000 	Valid Loss:  1.0637 	 Valid Accuracy:  0.6182
Run: [9]	 Epoch: [46]	 Train Loss:  0.013131 	 Train Accuracy:  1.0000 	Valid Loss:  1.0772 	 Valid Accuracy:  0.6364
Run: [9]	 Epoch: [47]	 Train Loss:  0.009562 	 Train Accuracy:  1.0000 	Valid Loss:  1.0950 	 Valid Accuracy:  0.6364
Run: [9]	 Epoch: [48]	 Train Loss:  0.010679 	 Train Accuracy:  1.0000 	Valid Loss:  1.1161 	 Valid Accuracy:  0.6364
Run: [9]	 Epoch: [49]	 Train Loss:  0.009948 	 Train Accuracy:  1.0000 	Valid Loss:  1.1337 	 Valid Accuracy:  0.6182
Run: [9]	 Epoch: [50]	 Train Loss:  0.011248 	 Train Accuracy:  1.0000 	Valid Loss:  1.1499 	 Valid Accuracy:  0.6182
Test Accuracy in run 9 is: 0.7058823704719543
Total Train Accuracy after run 9 is: 1.0000
Total Test Accuracy after run 9 is: 0.7124
Best Test Accuracy in 9 runs is: 0.7500
Run: [10]	 Epoch: [1]	 Train Loss:  0.813354 	 Train Accuracy:  0.6175 	Valid Loss:  1.3979 	 Valid Accuracy:  0.5818
Run: [10]	 Epoch: [2]	 Train Loss:  1.214184 	 Train Accuracy:  0.3825 	Valid Loss:  1.3405 	 Valid Accuracy:  0.4182
Run: [10]	 Epoch: [3]	 Train Loss:  1.376777 	 Train Accuracy:  0.8940 	Valid Loss:  0.6718 	 Valid Accuracy:  0.6000
Run: [10]	 Epoch: [4]	 Train Loss:  0.604042 	 Train Accuracy:  0.6175 	Valid Loss:  0.7131 	 Valid Accuracy:  0.5818
Run: [10]	 Epoch: [5]	 Train Loss:  0.634056 	 Train Accuracy:  0.6175 	Valid Loss:  0.7148 	 Valid Accuracy:  0.5818
Run: [10]	 Epoch: [6]	 Train Loss:  0.579560 	 Train Accuracy:  0.6359 	Valid Loss:  0.6783 	 Valid Accuracy:  0.5818
Run: [10]	 Epoch: [7]	 Train Loss:  0.537906 	 Train Accuracy:  0.8802 	Valid Loss:  0.6588 	 Valid Accuracy:  0.5818
Run: [10]	 Epoch: [8]	 Train Loss:  0.497175 	 Train Accuracy:  0.9724 	Valid Loss:  0.6602 	 Valid Accuracy:  0.6364
Run: [10]	 Epoch: [9]	 Train Loss:  0.468331 	 Train Accuracy:  0.9862 	Valid Loss:  0.6635 	 Valid Accuracy:  0.6000
Run: [10]	 Epoch: [10]	 Train Loss:  0.408621 	 Train Accuracy:  1.0000 	Valid Loss:  0.6578 	 Valid Accuracy:  0.6182
Run: [10]	 Epoch: [11]	 Train Loss:  0.361978 	 Train Accuracy:  1.0000 	Valid Loss:  0.6480 	 Valid Accuracy:  0.7091
Run: [10]	 Epoch: [12]	 Train Loss:  0.270277 	 Train Accuracy:  1.0000 	Valid Loss:  0.6532 	 Valid Accuracy:  0.6909
Run: [10]	 Epoch: [13]	 Train Loss:  0.221010 	 Train Accuracy:  1.0000 	Valid Loss:  0.6769 	 Valid Accuracy:  0.6727
Run: [10]	 Epoch: [14]	 Train Loss:  0.168674 	 Train Accuracy:  1.0000 	Valid Loss:  0.7099 	 Valid Accuracy:  0.6727
Run: [10]	 Epoch: [15]	 Train Loss:  0.123194 	 Train Accuracy:  1.0000 	Valid Loss:  0.7435 	 Valid Accuracy:  0.6545
Run: [10]	 Epoch: [16]	 Train Loss:  0.091360 	 Train Accuracy:  1.0000 	Valid Loss:  0.7728 	 Valid Accuracy:  0.6545
Run: [10]	 Epoch: [17]	 Train Loss:  0.079497 	 Train Accuracy:  1.0000 	Valid Loss:  0.8151 	 Valid Accuracy:  0.6727
Run: [10]	 Epoch: [18]	 Train Loss:  0.062682 	 Train Accuracy:  1.0000 	Valid Loss:  0.8838 	 Valid Accuracy:  0.6727
Run: [10]	 Epoch: [19]	 Train Loss:  0.056234 	 Train Accuracy:  1.0000 	Valid Loss:  0.9565 	 Valid Accuracy:  0.6727
Run: [10]	 Epoch: [20]	 Train Loss:  0.052315 	 Train Accuracy:  1.0000 	Valid Loss:  0.9923 	 Valid Accuracy:  0.6909
Run: [10]	 Epoch: [21]	 Train Loss:  0.044803 	 Train Accuracy:  1.0000 	Valid Loss:  1.0032 	 Valid Accuracy:  0.6909
Run: [10]	 Epoch: [22]	 Train Loss:  0.038506 	 Train Accuracy:  1.0000 	Valid Loss:  0.9923 	 Valid Accuracy:  0.6909
Run: [10]	 Epoch: [23]	 Train Loss:  0.042823 	 Train Accuracy:  1.0000 	Valid Loss:  0.9734 	 Valid Accuracy:  0.6909
Run: [10]	 Epoch: [24]	 Train Loss:  0.035845 	 Train Accuracy:  1.0000 	Valid Loss:  0.9520 	 Valid Accuracy:  0.6727
Run: [10]	 Epoch: [25]	 Train Loss:  0.036120 	 Train Accuracy:  1.0000 	Valid Loss:  0.9405 	 Valid Accuracy:  0.6545
Run: [10]	 Epoch: [26]	 Train Loss:  0.028969 	 Train Accuracy:  1.0000 	Valid Loss:  0.9371 	 Valid Accuracy:  0.6545
Run: [10]	 Epoch: [27]	 Train Loss:  0.032536 	 Train Accuracy:  1.0000 	Valid Loss:  0.9365 	 Valid Accuracy:  0.6909
Run: [10]	 Epoch: [28]	 Train Loss:  0.034920 	 Train Accuracy:  1.0000 	Valid Loss:  0.9383 	 Valid Accuracy:  0.6909
Run: [10]	 Epoch: [29]	 Train Loss:  0.032431 	 Train Accuracy:  1.0000 	Valid Loss:  0.9448 	 Valid Accuracy:  0.6727
Run: [10]	 Epoch: [30]	 Train Loss:  0.031682 	 Train Accuracy:  1.0000 	Valid Loss:  0.9538 	 Valid Accuracy:  0.6727
Run: [10]	 Epoch: [31]	 Train Loss:  0.026182 	 Train Accuracy:  1.0000 	Valid Loss:  0.9624 	 Valid Accuracy:  0.6545
Run: [10]	 Epoch: [32]	 Train Loss:  0.027679 	 Train Accuracy:  1.0000 	Valid Loss:  0.9721 	 Valid Accuracy:  0.6727
Run: [10]	 Epoch: [33]	 Train Loss:  0.025970 	 Train Accuracy:  1.0000 	Valid Loss:  0.9846 	 Valid Accuracy:  0.6727
Run: [10]	 Epoch: [34]	 Train Loss:  0.024390 	 Train Accuracy:  1.0000 	Valid Loss:  0.9988 	 Valid Accuracy:  0.6909
Run: [10]	 Epoch: [35]	 Train Loss:  0.018788 	 Train Accuracy:  1.0000 	Valid Loss:  1.0144 	 Valid Accuracy:  0.6909
Run: [10]	 Epoch: [36]	 Train Loss:  0.024328 	 Train Accuracy:  1.0000 	Valid Loss:  1.0305 	 Valid Accuracy:  0.6727
Run: [10]	 Epoch: [37]	 Train Loss:  0.019776 	 Train Accuracy:  1.0000 	Valid Loss:  1.0439 	 Valid Accuracy:  0.6545
Run: [10]	 Epoch: [38]	 Train Loss:  0.023308 	 Train Accuracy:  1.0000 	Valid Loss:  1.0560 	 Valid Accuracy:  0.6545
Run: [10]	 Epoch: [39]	 Train Loss:  0.017859 	 Train Accuracy:  1.0000 	Valid Loss:  1.0649 	 Valid Accuracy:  0.6545
Run: [10]	 Epoch: [40]	 Train Loss:  0.021829 	 Train Accuracy:  1.0000 	Valid Loss:  1.0707 	 Valid Accuracy:  0.6545
Run: [10]	 Epoch: [41]	 Train Loss:  0.017585 	 Train Accuracy:  1.0000 	Valid Loss:  1.0739 	 Valid Accuracy:  0.6545
Run: [10]	 Epoch: [42]	 Train Loss:  0.018870 	 Train Accuracy:  1.0000 	Valid Loss:  1.0746 	 Valid Accuracy:  0.6727
Run: [10]	 Epoch: [43]	 Train Loss:  0.019670 	 Train Accuracy:  1.0000 	Valid Loss:  1.0750 	 Valid Accuracy:  0.6909
Run: [10]	 Epoch: [44]	 Train Loss:  0.016328 	 Train Accuracy:  1.0000 	Valid Loss:  1.0763 	 Valid Accuracy:  0.7091
Run: [10]	 Epoch: [45]	 Train Loss:  0.015204 	 Train Accuracy:  1.0000 	Valid Loss:  1.0788 	 Valid Accuracy:  0.7091
Run: [10]	 Epoch: [46]	 Train Loss:  0.014718 	 Train Accuracy:  1.0000 	Valid Loss:  1.0839 	 Valid Accuracy:  0.7091
Run: [10]	 Epoch: [47]	 Train Loss:  0.014090 	 Train Accuracy:  1.0000 	Valid Loss:  1.0913 	 Valid Accuracy:  0.7091
Run: [10]	 Epoch: [48]	 Train Loss:  0.013176 	 Train Accuracy:  1.0000 	Valid Loss:  1.1001 	 Valid Accuracy:  0.7091
Run: [10]	 Epoch: [49]	 Train Loss:  0.012959 	 Train Accuracy:  1.0000 	Valid Loss:  1.1127 	 Valid Accuracy:  0.7091
Run: [10]	 Epoch: [50]	 Train Loss:  0.014980 	 Train Accuracy:  1.0000 	Valid Loss:  1.1289 	 Valid Accuracy:  0.6909
Test Accuracy in run 10 is: 0.75
Total Train Accuracy after run 10 is: 1.0000
Total Test Accuracy after run 10 is: 0.7162
Best Test Accuracy in 10 runs is: 0.7500
