==========       System Configuration      =============
phase:train
use_cpu:False
runs:10
validation:0.2
data_dir:/data/entity
batch_size:1
dataset:AIFB
total_epochs:50
save_freq:5
lr:0.01
multi_gpus:False
postname:
l2norm:0.0005
kernel_size:64
block_type:dense
n_layers:14
act:relu
norm:layer
bias:True
dropout:0.2
channels:32
dec:basis
bases:30
aggr:mean
ckpt_path:
save_best_only:True
task:denseR
post:denseR-AIFB-dense-14-32
time:210215-21-22-10
save_path:/content/drive/My Drive/denseR/checkpoints/ckpts-denseR-AIFB-dense-14-32-210215-21-22-10
logdir:/content/drive/My Drive/denseR/logs/denseR-AIFB-dense-14-32-210215-21-22-10
device:cuda
epoch:-1
printer:<Logger args (DEBUG)>
==========     CONFIG END    =============


===> Phase is train.
 === Downloading Dataset and Creating graphs ===
=== Dataset info ===
Number of training nodes: 140 	 Number of testing nodes: 36	 Total Number of labelled nodes: 176
Number of classes in this graph: 4 	 Number of nodes: 8285 	 Number of relation types: 90
==== Initializing the Optimizer ====
Run: [1]	 Epoch: [1]	 Train Loss:  1.697440 	 Train Accuracy:  0.6964 	Valid Loss:  1.1170 	 Valid Accuracy:  0.5357
Run: [1]	 Epoch: [2]	 Train Loss:  1.026950 	 Train Accuracy:  0.8393 	Valid Loss:  0.8186 	 Valid Accuracy:  0.7143
Run: [1]	 Epoch: [3]	 Train Loss:  0.682182 	 Train Accuracy:  0.9732 	Valid Loss:  0.5845 	 Valid Accuracy:  0.7857
Run: [1]	 Epoch: [4]	 Train Loss:  0.432780 	 Train Accuracy:  0.9286 	Valid Loss:  0.6223 	 Valid Accuracy:  0.7500
Run: [1]	 Epoch: [5]	 Train Loss:  0.396401 	 Train Accuracy:  0.9821 	Valid Loss:  0.5247 	 Valid Accuracy:  0.8214
Run: [1]	 Epoch: [6]	 Train Loss:  0.324944 	 Train Accuracy:  0.9732 	Valid Loss:  0.5077 	 Valid Accuracy:  0.8571
Run: [1]	 Epoch: [7]	 Train Loss:  0.360954 	 Train Accuracy:  0.9821 	Valid Loss:  0.4458 	 Valid Accuracy:  0.8929
Run: [1]	 Epoch: [8]	 Train Loss:  0.303592 	 Train Accuracy:  1.0000 	Valid Loss:  0.3690 	 Valid Accuracy:  0.8929
Run: [1]	 Epoch: [9]	 Train Loss:  0.253142 	 Train Accuracy:  1.0000 	Valid Loss:  0.3510 	 Valid Accuracy:  0.9286
Run: [1]	 Epoch: [10]	 Train Loss:  0.228778 	 Train Accuracy:  1.0000 	Valid Loss:  0.3310 	 Valid Accuracy:  0.9286
Run: [1]	 Epoch: [11]	 Train Loss:  0.196702 	 Train Accuracy:  1.0000 	Valid Loss:  0.2959 	 Valid Accuracy:  0.9286
Run: [1]	 Epoch: [12]	 Train Loss:  0.176417 	 Train Accuracy:  1.0000 	Valid Loss:  0.2652 	 Valid Accuracy:  0.9286
Run: [1]	 Epoch: [13]	 Train Loss:  0.189732 	 Train Accuracy:  1.0000 	Valid Loss:  0.2484 	 Valid Accuracy:  0.8929
Run: [1]	 Epoch: [14]	 Train Loss:  0.135998 	 Train Accuracy:  1.0000 	Valid Loss:  0.2396 	 Valid Accuracy:  0.8929
Run: [1]	 Epoch: [15]	 Train Loss:  0.097027 	 Train Accuracy:  1.0000 	Valid Loss:  0.2341 	 Valid Accuracy:  0.8929
Run: [1]	 Epoch: [16]	 Train Loss:  0.139815 	 Train Accuracy:  1.0000 	Valid Loss:  0.2294 	 Valid Accuracy:  0.8929
Run: [1]	 Epoch: [17]	 Train Loss:  0.121746 	 Train Accuracy:  1.0000 	Valid Loss:  0.2223 	 Valid Accuracy:  0.8929
Run: [1]	 Epoch: [18]	 Train Loss:  0.120162 	 Train Accuracy:  1.0000 	Valid Loss:  0.2159 	 Valid Accuracy:  0.8929
Run: [1]	 Epoch: [19]	 Train Loss:  0.085650 	 Train Accuracy:  1.0000 	Valid Loss:  0.2095 	 Valid Accuracy:  0.8929
Run: [1]	 Epoch: [20]	 Train Loss:  0.107436 	 Train Accuracy:  1.0000 	Valid Loss:  0.1997 	 Valid Accuracy:  0.8929
Run: [1]	 Epoch: [21]	 Train Loss:  0.086111 	 Train Accuracy:  1.0000 	Valid Loss:  0.1860 	 Valid Accuracy:  0.8929
Run: [1]	 Epoch: [22]	 Train Loss:  0.095677 	 Train Accuracy:  1.0000 	Valid Loss:  0.1729 	 Valid Accuracy:  0.8929
Run: [1]	 Epoch: [23]	 Train Loss:  0.077611 	 Train Accuracy:  1.0000 	Valid Loss:  0.1635 	 Valid Accuracy:  0.8929
Run: [1]	 Epoch: [24]	 Train Loss:  0.067452 	 Train Accuracy:  1.0000 	Valid Loss:  0.1579 	 Valid Accuracy:  0.8929
Run: [1]	 Epoch: [25]	 Train Loss:  0.098525 	 Train Accuracy:  1.0000 	Valid Loss:  0.1522 	 Valid Accuracy:  0.8929
Run: [1]	 Epoch: [26]	 Train Loss:  0.084241 	 Train Accuracy:  1.0000 	Valid Loss:  0.1469 	 Valid Accuracy:  0.8929
Run: [1]	 Epoch: [27]	 Train Loss:  0.043499 	 Train Accuracy:  1.0000 	Valid Loss:  0.1436 	 Valid Accuracy:  0.8929
Run: [1]	 Epoch: [28]	 Train Loss:  0.042977 	 Train Accuracy:  1.0000 	Valid Loss:  0.1422 	 Valid Accuracy:  0.8929
Run: [1]	 Epoch: [29]	 Train Loss:  0.041469 	 Train Accuracy:  1.0000 	Valid Loss:  0.1432 	 Valid Accuracy:  0.8929
Run: [1]	 Epoch: [30]	 Train Loss:  0.033712 	 Train Accuracy:  1.0000 	Valid Loss:  0.1442 	 Valid Accuracy:  0.8929
Run: [1]	 Epoch: [31]	 Train Loss:  0.032673 	 Train Accuracy:  1.0000 	Valid Loss:  0.1467 	 Valid Accuracy:  0.8929
Run: [1]	 Epoch: [32]	 Train Loss:  0.027215 	 Train Accuracy:  1.0000 	Valid Loss:  0.1503 	 Valid Accuracy:  0.8929
Run: [1]	 Epoch: [33]	 Train Loss:  0.065140 	 Train Accuracy:  1.0000 	Valid Loss:  0.1561 	 Valid Accuracy:  0.8929
Run: [1]	 Epoch: [34]	 Train Loss:  0.043934 	 Train Accuracy:  1.0000 	Valid Loss:  0.1612 	 Valid Accuracy:  0.8929
Run: [1]	 Epoch: [35]	 Train Loss:  0.040576 	 Train Accuracy:  1.0000 	Valid Loss:  0.1636 	 Valid Accuracy:  0.8929
Run: [1]	 Epoch: [36]	 Train Loss:  0.052491 	 Train Accuracy:  1.0000 	Valid Loss:  0.1685 	 Valid Accuracy:  0.8929
Run: [1]	 Epoch: [37]	 Train Loss:  0.034691 	 Train Accuracy:  1.0000 	Valid Loss:  0.1731 	 Valid Accuracy:  0.8929
Run: [1]	 Epoch: [38]	 Train Loss:  0.036688 	 Train Accuracy:  1.0000 	Valid Loss:  0.1778 	 Valid Accuracy:  0.8929
Run: [1]	 Epoch: [39]	 Train Loss:  0.031336 	 Train Accuracy:  1.0000 	Valid Loss:  0.1799 	 Valid Accuracy:  0.8929
Run: [1]	 Epoch: [40]	 Train Loss:  0.035234 	 Train Accuracy:  1.0000 	Valid Loss:  0.1793 	 Valid Accuracy:  0.9286
Run: [1]	 Epoch: [41]	 Train Loss:  0.032697 	 Train Accuracy:  1.0000 	Valid Loss:  0.1766 	 Valid Accuracy:  0.9286
Run: [1]	 Epoch: [42]	 Train Loss:  0.019537 	 Train Accuracy:  1.0000 	Valid Loss:  0.1732 	 Valid Accuracy:  0.9286
Run: [1]	 Epoch: [43]	 Train Loss:  0.019204 	 Train Accuracy:  1.0000 	Valid Loss:  0.1791 	 Valid Accuracy:  0.9286
Run: [1]	 Epoch: [44]	 Train Loss:  0.021955 	 Train Accuracy:  1.0000 	Valid Loss:  0.1687 	 Valid Accuracy:  0.9286
Run: [1]	 Epoch: [45]	 Train Loss:  0.032334 	 Train Accuracy:  1.0000 	Valid Loss:  0.1641 	 Valid Accuracy:  0.9286
Run: [1]	 Epoch: [46]	 Train Loss:  0.041204 	 Train Accuracy:  1.0000 	Valid Loss:  0.1580 	 Valid Accuracy:  0.9286
Run: [1]	 Epoch: [47]	 Train Loss:  0.023872 	 Train Accuracy:  1.0000 	Valid Loss:  0.1371 	 Valid Accuracy:  0.9286
Run: [1]	 Epoch: [48]	 Train Loss:  0.035606 	 Train Accuracy:  1.0000 	Valid Loss:  0.1033 	 Valid Accuracy:  0.9286
Run: [1]	 Epoch: [49]	 Train Loss:  0.017866 	 Train Accuracy:  1.0000 	Valid Loss:  0.0757 	 Valid Accuracy:  0.9286
Run: [1]	 Epoch: [50]	 Train Loss:  0.022460 	 Train Accuracy:  1.0000 	Valid Loss:  0.0591 	 Valid Accuracy:  1.0000
Test Accuracy in run 1 is: 0.944444477558136
Total Train Accuracy after run 1 is: 1.0000
Total Test Accuracy after run 1 is: 0.9444
Best Test Accuracy in 1 runs is: 0.9444
Run: [2]	 Epoch: [1]	 Train Loss:  1.644160 	 Train Accuracy:  0.6786 	Valid Loss:  0.9868 	 Valid Accuracy:  0.5714
Run: [2]	 Epoch: [2]	 Train Loss:  0.957971 	 Train Accuracy:  0.7411 	Valid Loss:  1.0620 	 Valid Accuracy:  0.5000
Run: [2]	 Epoch: [3]	 Train Loss:  0.914364 	 Train Accuracy:  0.8750 	Valid Loss:  0.6570 	 Valid Accuracy:  0.7143
Run: [2]	 Epoch: [4]	 Train Loss:  0.423407 	 Train Accuracy:  0.8839 	Valid Loss:  0.8144 	 Valid Accuracy:  0.5357
Run: [2]	 Epoch: [5]	 Train Loss:  0.440359 	 Train Accuracy:  0.9286 	Valid Loss:  0.7135 	 Valid Accuracy:  0.6429
Run: [2]	 Epoch: [6]	 Train Loss:  0.371255 	 Train Accuracy:  0.9821 	Valid Loss:  0.5260 	 Valid Accuracy:  0.7500
Run: [2]	 Epoch: [7]	 Train Loss:  0.273075 	 Train Accuracy:  1.0000 	Valid Loss:  0.4310 	 Valid Accuracy:  0.8571
Run: [2]	 Epoch: [8]	 Train Loss:  0.250065 	 Train Accuracy:  0.9911 	Valid Loss:  0.4060 	 Valid Accuracy:  0.8214
Run: [2]	 Epoch: [9]	 Train Loss:  0.237918 	 Train Accuracy:  0.9911 	Valid Loss:  0.3804 	 Valid Accuracy:  0.8571
Run: [2]	 Epoch: [10]	 Train Loss:  0.208623 	 Train Accuracy:  0.9911 	Valid Loss:  0.3463 	 Valid Accuracy:  0.8571
Run: [2]	 Epoch: [11]	 Train Loss:  0.205859 	 Train Accuracy:  1.0000 	Valid Loss:  0.3050 	 Valid Accuracy:  0.8571
Run: [2]	 Epoch: [12]	 Train Loss:  0.173992 	 Train Accuracy:  1.0000 	Valid Loss:  0.2660 	 Valid Accuracy:  0.9286
Run: [2]	 Epoch: [13]	 Train Loss:  0.131258 	 Train Accuracy:  1.0000 	Valid Loss:  0.2365 	 Valid Accuracy:  0.9286
Run: [2]	 Epoch: [14]	 Train Loss:  0.153121 	 Train Accuracy:  1.0000 	Valid Loss:  0.2243 	 Valid Accuracy:  0.9286
Run: [2]	 Epoch: [15]	 Train Loss:  0.158212 	 Train Accuracy:  1.0000 	Valid Loss:  0.2300 	 Valid Accuracy:  0.8929
Run: [2]	 Epoch: [16]	 Train Loss:  0.140166 	 Train Accuracy:  1.0000 	Valid Loss:  0.2423 	 Valid Accuracy:  0.8929
Run: [2]	 Epoch: [17]	 Train Loss:  0.089627 	 Train Accuracy:  1.0000 	Valid Loss:  0.2532 	 Valid Accuracy:  0.8929
Run: [2]	 Epoch: [18]	 Train Loss:  0.098191 	 Train Accuracy:  1.0000 	Valid Loss:  0.2648 	 Valid Accuracy:  0.8929
Run: [2]	 Epoch: [19]	 Train Loss:  0.110575 	 Train Accuracy:  1.0000 	Valid Loss:  0.2751 	 Valid Accuracy:  0.8929
Run: [2]	 Epoch: [20]	 Train Loss:  0.097907 	 Train Accuracy:  1.0000 	Valid Loss:  0.2849 	 Valid Accuracy:  0.8929
Run: [2]	 Epoch: [21]	 Train Loss:  0.092884 	 Train Accuracy:  1.0000 	Valid Loss:  0.2925 	 Valid Accuracy:  0.8929
Run: [2]	 Epoch: [22]	 Train Loss:  0.077849 	 Train Accuracy:  1.0000 	Valid Loss:  0.2981 	 Valid Accuracy:  0.8929
Run: [2]	 Epoch: [23]	 Train Loss:  0.067556 	 Train Accuracy:  1.0000 	Valid Loss:  0.3033 	 Valid Accuracy:  0.8929
Run: [2]	 Epoch: [24]	 Train Loss:  0.097471 	 Train Accuracy:  1.0000 	Valid Loss:  0.3015 	 Valid Accuracy:  0.8929
Run: [2]	 Epoch: [25]	 Train Loss:  0.092198 	 Train Accuracy:  1.0000 	Valid Loss:  0.3028 	 Valid Accuracy:  0.8929
Run: [2]	 Epoch: [26]	 Train Loss:  0.074218 	 Train Accuracy:  1.0000 	Valid Loss:  0.3051 	 Valid Accuracy:  0.9286
Run: [2]	 Epoch: [27]	 Train Loss:  0.060239 	 Train Accuracy:  1.0000 	Valid Loss:  0.3072 	 Valid Accuracy:  0.9286
Run: [2]	 Epoch: [28]	 Train Loss:  0.081431 	 Train Accuracy:  1.0000 	Valid Loss:  0.3105 	 Valid Accuracy:  0.9286
Run: [2]	 Epoch: [29]	 Train Loss:  0.047028 	 Train Accuracy:  1.0000 	Valid Loss:  0.3164 	 Valid Accuracy:  0.9286
Run: [2]	 Epoch: [30]	 Train Loss:  0.049772 	 Train Accuracy:  1.0000 	Valid Loss:  0.3234 	 Valid Accuracy:  0.9286
Run: [2]	 Epoch: [31]	 Train Loss:  0.040704 	 Train Accuracy:  1.0000 	Valid Loss:  0.3321 	 Valid Accuracy:  0.9286
Run: [2]	 Epoch: [32]	 Train Loss:  0.033752 	 Train Accuracy:  1.0000 	Valid Loss:  0.3407 	 Valid Accuracy:  0.9286
Run: [2]	 Epoch: [33]	 Train Loss:  0.036140 	 Train Accuracy:  1.0000 	Valid Loss:  0.3484 	 Valid Accuracy:  0.9286
Run: [2]	 Epoch: [34]	 Train Loss:  0.060026 	 Train Accuracy:  1.0000 	Valid Loss:  0.3552 	 Valid Accuracy:  0.9286
Run: [2]	 Epoch: [35]	 Train Loss:  0.057052 	 Train Accuracy:  1.0000 	Valid Loss:  0.3613 	 Valid Accuracy:  0.9286
Run: [2]	 Epoch: [36]	 Train Loss:  0.018341 	 Train Accuracy:  1.0000 	Valid Loss:  0.3674 	 Valid Accuracy:  0.9286
Run: [2]	 Epoch: [37]	 Train Loss:  0.058565 	 Train Accuracy:  1.0000 	Valid Loss:  0.3729 	 Valid Accuracy:  0.9286
Run: [2]	 Epoch: [38]	 Train Loss:  0.032171 	 Train Accuracy:  1.0000 	Valid Loss:  0.3787 	 Valid Accuracy:  0.9286
Run: [2]	 Epoch: [39]	 Train Loss:  0.036265 	 Train Accuracy:  1.0000 	Valid Loss:  0.3846 	 Valid Accuracy:  0.9286
Run: [2]	 Epoch: [40]	 Train Loss:  0.051253 	 Train Accuracy:  1.0000 	Valid Loss:  0.3890 	 Valid Accuracy:  0.9286
Run: [2]	 Epoch: [41]	 Train Loss:  0.038648 	 Train Accuracy:  1.0000 	Valid Loss:  0.3934 	 Valid Accuracy:  0.9286
Run: [2]	 Epoch: [42]	 Train Loss:  0.059793 	 Train Accuracy:  1.0000 	Valid Loss:  0.3966 	 Valid Accuracy:  0.9286
Run: [2]	 Epoch: [43]	 Train Loss:  0.041546 	 Train Accuracy:  1.0000 	Valid Loss:  0.4001 	 Valid Accuracy:  0.9286
Run: [2]	 Epoch: [44]	 Train Loss:  0.026373 	 Train Accuracy:  1.0000 	Valid Loss:  0.4043 	 Valid Accuracy:  0.9286
Run: [2]	 Epoch: [45]	 Train Loss:  0.019377 	 Train Accuracy:  1.0000 	Valid Loss:  0.4080 	 Valid Accuracy:  0.9286
Run: [2]	 Epoch: [46]	 Train Loss:  0.020064 	 Train Accuracy:  1.0000 	Valid Loss:  0.4118 	 Valid Accuracy:  0.9286
Run: [2]	 Epoch: [47]	 Train Loss:  0.030566 	 Train Accuracy:  1.0000 	Valid Loss:  0.4161 	 Valid Accuracy:  0.9286
Run: [2]	 Epoch: [48]	 Train Loss:  0.013990 	 Train Accuracy:  1.0000 	Valid Loss:  0.4216 	 Valid Accuracy:  0.9286
Run: [2]	 Epoch: [49]	 Train Loss:  0.027505 	 Train Accuracy:  1.0000 	Valid Loss:  0.4277 	 Valid Accuracy:  0.9286
Run: [2]	 Epoch: [50]	 Train Loss:  0.019425 	 Train Accuracy:  1.0000 	Valid Loss:  0.4355 	 Valid Accuracy:  0.9286
Test Accuracy in run 2 is: 0.944444477558136
Total Train Accuracy after run 2 is: 1.0000
Total Test Accuracy after run 2 is: 0.9444
Best Test Accuracy in 2 runs is: 0.9444
Run: [3]	 Epoch: [1]	 Train Loss:  1.718930 	 Train Accuracy:  0.6696 	Valid Loss:  1.3803 	 Valid Accuracy:  0.5714
Run: [3]	 Epoch: [2]	 Train Loss:  1.030967 	 Train Accuracy:  0.7321 	Valid Loss:  1.1344 	 Valid Accuracy:  0.7143
Run: [3]	 Epoch: [3]	 Train Loss:  1.027219 	 Train Accuracy:  0.8750 	Valid Loss:  0.8445 	 Valid Accuracy:  0.7857
Run: [3]	 Epoch: [4]	 Train Loss:  0.615864 	 Train Accuracy:  0.9107 	Valid Loss:  0.9274 	 Valid Accuracy:  0.7143
Run: [3]	 Epoch: [5]	 Train Loss:  0.534862 	 Train Accuracy:  0.9286 	Valid Loss:  0.8245 	 Valid Accuracy:  0.7500
Run: [3]	 Epoch: [6]	 Train Loss:  0.407559 	 Train Accuracy:  0.9643 	Valid Loss:  0.6936 	 Valid Accuracy:  0.7857
Run: [3]	 Epoch: [7]	 Train Loss:  0.348119 	 Train Accuracy:  0.9732 	Valid Loss:  0.6208 	 Valid Accuracy:  0.8214
Run: [3]	 Epoch: [8]	 Train Loss:  0.310633 	 Train Accuracy:  0.9821 	Valid Loss:  0.5669 	 Valid Accuracy:  0.8214
Run: [3]	 Epoch: [9]	 Train Loss:  0.286646 	 Train Accuracy:  0.9821 	Valid Loss:  0.5290 	 Valid Accuracy:  0.7857
Run: [3]	 Epoch: [10]	 Train Loss:  0.228003 	 Train Accuracy:  0.9821 	Valid Loss:  0.4854 	 Valid Accuracy:  0.8214
Run: [3]	 Epoch: [11]	 Train Loss:  0.206440 	 Train Accuracy:  0.9821 	Valid Loss:  0.4431 	 Valid Accuracy:  0.8214
Run: [3]	 Epoch: [12]	 Train Loss:  0.193672 	 Train Accuracy:  0.9821 	Valid Loss:  0.4103 	 Valid Accuracy:  0.8214
Run: [3]	 Epoch: [13]	 Train Loss:  0.186256 	 Train Accuracy:  0.9911 	Valid Loss:  0.3879 	 Valid Accuracy:  0.8929
Run: [3]	 Epoch: [14]	 Train Loss:  0.142086 	 Train Accuracy:  0.9911 	Valid Loss:  0.3738 	 Valid Accuracy:  0.8929
Run: [3]	 Epoch: [15]	 Train Loss:  0.129839 	 Train Accuracy:  0.9911 	Valid Loss:  0.3631 	 Valid Accuracy:  0.8929
Run: [3]	 Epoch: [16]	 Train Loss:  0.153361 	 Train Accuracy:  1.0000 	Valid Loss:  0.3517 	 Valid Accuracy:  0.8929
Run: [3]	 Epoch: [17]	 Train Loss:  0.141363 	 Train Accuracy:  1.0000 	Valid Loss:  0.3438 	 Valid Accuracy:  0.8929
Run: [3]	 Epoch: [18]	 Train Loss:  0.144936 	 Train Accuracy:  1.0000 	Valid Loss:  0.3442 	 Valid Accuracy:  0.8929
Run: [3]	 Epoch: [19]	 Train Loss:  0.102734 	 Train Accuracy:  1.0000 	Valid Loss:  0.3519 	 Valid Accuracy:  0.8929
Run: [3]	 Epoch: [20]	 Train Loss:  0.125324 	 Train Accuracy:  1.0000 	Valid Loss:  0.3658 	 Valid Accuracy:  0.8929
Run: [3]	 Epoch: [21]	 Train Loss:  0.110666 	 Train Accuracy:  1.0000 	Valid Loss:  0.3925 	 Valid Accuracy:  0.8929
Run: [3]	 Epoch: [22]	 Train Loss:  0.060946 	 Train Accuracy:  1.0000 	Valid Loss:  0.4233 	 Valid Accuracy:  0.8929
Run: [3]	 Epoch: [23]	 Train Loss:  0.063310 	 Train Accuracy:  1.0000 	Valid Loss:  0.4571 	 Valid Accuracy:  0.8571
Run: [3]	 Epoch: [24]	 Train Loss:  0.082490 	 Train Accuracy:  1.0000 	Valid Loss:  0.4864 	 Valid Accuracy:  0.8571
Run: [3]	 Epoch: [25]	 Train Loss:  0.072414 	 Train Accuracy:  1.0000 	Valid Loss:  0.5080 	 Valid Accuracy:  0.8214
Run: [3]	 Epoch: [26]	 Train Loss:  0.073362 	 Train Accuracy:  1.0000 	Valid Loss:  0.5196 	 Valid Accuracy:  0.8214
Run: [3]	 Epoch: [27]	 Train Loss:  0.062764 	 Train Accuracy:  1.0000 	Valid Loss:  0.5275 	 Valid Accuracy:  0.8214
Run: [3]	 Epoch: [28]	 Train Loss:  0.046399 	 Train Accuracy:  1.0000 	Valid Loss:  0.5354 	 Valid Accuracy:  0.8214
Run: [3]	 Epoch: [29]	 Train Loss:  0.083650 	 Train Accuracy:  1.0000 	Valid Loss:  0.5436 	 Valid Accuracy:  0.8214
Run: [3]	 Epoch: [30]	 Train Loss:  0.057301 	 Train Accuracy:  1.0000 	Valid Loss:  0.5508 	 Valid Accuracy:  0.8214
Run: [3]	 Epoch: [31]	 Train Loss:  0.048071 	 Train Accuracy:  1.0000 	Valid Loss:  0.5592 	 Valid Accuracy:  0.8214
Run: [3]	 Epoch: [32]	 Train Loss:  0.038046 	 Train Accuracy:  1.0000 	Valid Loss:  0.5660 	 Valid Accuracy:  0.8214
Run: [3]	 Epoch: [33]	 Train Loss:  0.052301 	 Train Accuracy:  1.0000 	Valid Loss:  0.5731 	 Valid Accuracy:  0.8214
Run: [3]	 Epoch: [34]	 Train Loss:  0.043758 	 Train Accuracy:  1.0000 	Valid Loss:  0.5855 	 Valid Accuracy:  0.8214
Run: [3]	 Epoch: [35]	 Train Loss:  0.048569 	 Train Accuracy:  1.0000 	Valid Loss:  0.5975 	 Valid Accuracy:  0.8214
Run: [3]	 Epoch: [36]	 Train Loss:  0.044869 	 Train Accuracy:  1.0000 	Valid Loss:  0.6019 	 Valid Accuracy:  0.8214
Run: [3]	 Epoch: [37]	 Train Loss:  0.028743 	 Train Accuracy:  1.0000 	Valid Loss:  0.6044 	 Valid Accuracy:  0.8214
Run: [3]	 Epoch: [38]	 Train Loss:  0.050906 	 Train Accuracy:  1.0000 	Valid Loss:  0.6058 	 Valid Accuracy:  0.8214
Run: [3]	 Epoch: [39]	 Train Loss:  0.042026 	 Train Accuracy:  1.0000 	Valid Loss:  0.6057 	 Valid Accuracy:  0.8571
Run: [3]	 Epoch: [40]	 Train Loss:  0.020188 	 Train Accuracy:  1.0000 	Valid Loss:  0.6060 	 Valid Accuracy:  0.8929
Run: [3]	 Epoch: [41]	 Train Loss:  0.040846 	 Train Accuracy:  1.0000 	Valid Loss:  0.5962 	 Valid Accuracy:  0.8929
Run: [3]	 Epoch: [42]	 Train Loss:  0.076452 	 Train Accuracy:  1.0000 	Valid Loss:  0.5772 	 Valid Accuracy:  0.8929
Run: [3]	 Epoch: [43]	 Train Loss:  0.023210 	 Train Accuracy:  1.0000 	Valid Loss:  0.5671 	 Valid Accuracy:  0.8929
Run: [3]	 Epoch: [44]	 Train Loss:  0.016718 	 Train Accuracy:  1.0000 	Valid Loss:  0.5727 	 Valid Accuracy:  0.8929
Run: [3]	 Epoch: [45]	 Train Loss:  0.033910 	 Train Accuracy:  1.0000 	Valid Loss:  0.5829 	 Valid Accuracy:  0.8929
Run: [3]	 Epoch: [46]	 Train Loss:  0.039146 	 Train Accuracy:  1.0000 	Valid Loss:  0.5978 	 Valid Accuracy:  0.8929
Run: [3]	 Epoch: [47]	 Train Loss:  0.036105 	 Train Accuracy:  1.0000 	Valid Loss:  0.6250 	 Valid Accuracy:  0.8929
Run: [3]	 Epoch: [48]	 Train Loss:  0.020961 	 Train Accuracy:  1.0000 	Valid Loss:  0.6737 	 Valid Accuracy:  0.8929
Run: [3]	 Epoch: [49]	 Train Loss:  0.033124 	 Train Accuracy:  1.0000 	Valid Loss:  0.7664 	 Valid Accuracy:  0.8214
Run: [3]	 Epoch: [50]	 Train Loss:  0.031103 	 Train Accuracy:  1.0000 	Valid Loss:  0.8539 	 Valid Accuracy:  0.7857
Test Accuracy in run 3 is: 0.944444477558136
Total Train Accuracy after run 3 is: 1.0000
Total Test Accuracy after run 3 is: 0.9352
Best Test Accuracy in 3 runs is: 0.9444
Run: [4]	 Epoch: [1]	 Train Loss:  1.828686 	 Train Accuracy:  0.5982 	Valid Loss:  1.0633 	 Valid Accuracy:  0.6429
Run: [4]	 Epoch: [2]	 Train Loss:  1.089295 	 Train Accuracy:  0.4464 	Valid Loss:  1.4112 	 Valid Accuracy:  0.3214
Run: [4]	 Epoch: [3]	 Train Loss:  0.954724 	 Train Accuracy:  0.9375 	Valid Loss:  0.7571 	 Valid Accuracy:  0.7500
Run: [4]	 Epoch: [4]	 Train Loss:  0.543876 	 Train Accuracy:  0.9464 	Valid Loss:  0.5870 	 Valid Accuracy:  0.8571
Run: [4]	 Epoch: [5]	 Train Loss:  0.456437 	 Train Accuracy:  0.9732 	Valid Loss:  0.4704 	 Valid Accuracy:  0.9643
Run: [4]	 Epoch: [6]	 Train Loss:  0.405681 	 Train Accuracy:  0.9732 	Valid Loss:  0.3752 	 Valid Accuracy:  0.9643
Run: [4]	 Epoch: [7]	 Train Loss:  0.347152 	 Train Accuracy:  0.9821 	Valid Loss:  0.3284 	 Valid Accuracy:  0.9643
Run: [4]	 Epoch: [8]	 Train Loss:  0.302869 	 Train Accuracy:  0.9821 	Valid Loss:  0.2947 	 Valid Accuracy:  0.9643
Run: [4]	 Epoch: [9]	 Train Loss:  0.283730 	 Train Accuracy:  0.9821 	Valid Loss:  0.2694 	 Valid Accuracy:  0.9643
Run: [4]	 Epoch: [10]	 Train Loss:  0.224311 	 Train Accuracy:  0.9821 	Valid Loss:  0.2480 	 Valid Accuracy:  0.9643
Run: [4]	 Epoch: [11]	 Train Loss:  0.223251 	 Train Accuracy:  0.9821 	Valid Loss:  0.2266 	 Valid Accuracy:  0.9643
Run: [4]	 Epoch: [12]	 Train Loss:  0.191809 	 Train Accuracy:  0.9821 	Valid Loss:  0.2073 	 Valid Accuracy:  0.9643
Run: [4]	 Epoch: [13]	 Train Loss:  0.187403 	 Train Accuracy:  0.9821 	Valid Loss:  0.1905 	 Valid Accuracy:  0.9643
Run: [4]	 Epoch: [14]	 Train Loss:  0.183867 	 Train Accuracy:  0.9821 	Valid Loss:  0.1968 	 Valid Accuracy:  0.9643
Run: [4]	 Epoch: [15]	 Train Loss:  0.175117 	 Train Accuracy:  0.9821 	Valid Loss:  0.2069 	 Valid Accuracy:  0.9643
Run: [4]	 Epoch: [16]	 Train Loss:  0.153918 	 Train Accuracy:  1.0000 	Valid Loss:  0.1893 	 Valid Accuracy:  0.9643
Run: [4]	 Epoch: [17]	 Train Loss:  0.109098 	 Train Accuracy:  1.0000 	Valid Loss:  0.1772 	 Valid Accuracy:  0.9643
Run: [4]	 Epoch: [18]	 Train Loss:  0.090147 	 Train Accuracy:  1.0000 	Valid Loss:  0.1492 	 Valid Accuracy:  0.9643
Run: [4]	 Epoch: [19]	 Train Loss:  0.094529 	 Train Accuracy:  1.0000 	Valid Loss:  0.1311 	 Valid Accuracy:  0.9643
Run: [4]	 Epoch: [20]	 Train Loss:  0.080739 	 Train Accuracy:  1.0000 	Valid Loss:  0.1336 	 Valid Accuracy:  0.9643
Run: [4]	 Epoch: [21]	 Train Loss:  0.068267 	 Train Accuracy:  1.0000 	Valid Loss:  0.1430 	 Valid Accuracy:  0.9643
Run: [4]	 Epoch: [22]	 Train Loss:  0.067519 	 Train Accuracy:  1.0000 	Valid Loss:  0.1530 	 Valid Accuracy:  0.9643
Run: [4]	 Epoch: [23]	 Train Loss:  0.064154 	 Train Accuracy:  1.0000 	Valid Loss:  0.1631 	 Valid Accuracy:  0.9643
Run: [4]	 Epoch: [24]	 Train Loss:  0.077024 	 Train Accuracy:  1.0000 	Valid Loss:  0.1716 	 Valid Accuracy:  0.9643
Run: [4]	 Epoch: [25]	 Train Loss:  0.040831 	 Train Accuracy:  1.0000 	Valid Loss:  0.1788 	 Valid Accuracy:  0.9643
Run: [4]	 Epoch: [26]	 Train Loss:  0.056013 	 Train Accuracy:  1.0000 	Valid Loss:  0.1841 	 Valid Accuracy:  0.9643
Run: [4]	 Epoch: [27]	 Train Loss:  0.051434 	 Train Accuracy:  1.0000 	Valid Loss:  0.1887 	 Valid Accuracy:  0.9643
Run: [4]	 Epoch: [28]	 Train Loss:  0.046701 	 Train Accuracy:  1.0000 	Valid Loss:  0.1923 	 Valid Accuracy:  0.9643
Run: [4]	 Epoch: [29]	 Train Loss:  0.033406 	 Train Accuracy:  1.0000 	Valid Loss:  0.1962 	 Valid Accuracy:  0.9643
Run: [4]	 Epoch: [30]	 Train Loss:  0.028641 	 Train Accuracy:  1.0000 	Valid Loss:  0.1997 	 Valid Accuracy:  0.9643
Run: [4]	 Epoch: [31]	 Train Loss:  0.057608 	 Train Accuracy:  1.0000 	Valid Loss:  0.2021 	 Valid Accuracy:  0.9643
Run: [4]	 Epoch: [32]	 Train Loss:  0.031047 	 Train Accuracy:  1.0000 	Valid Loss:  0.2043 	 Valid Accuracy:  0.9643
Run: [4]	 Epoch: [33]	 Train Loss:  0.035174 	 Train Accuracy:  1.0000 	Valid Loss:  0.2058 	 Valid Accuracy:  0.9643
Run: [4]	 Epoch: [34]	 Train Loss:  0.033407 	 Train Accuracy:  1.0000 	Valid Loss:  0.2071 	 Valid Accuracy:  0.9643
Run: [4]	 Epoch: [35]	 Train Loss:  0.055245 	 Train Accuracy:  1.0000 	Valid Loss:  0.2086 	 Valid Accuracy:  0.9643
Run: [4]	 Epoch: [36]	 Train Loss:  0.027339 	 Train Accuracy:  1.0000 	Valid Loss:  0.2100 	 Valid Accuracy:  0.9643
Run: [4]	 Epoch: [37]	 Train Loss:  0.024299 	 Train Accuracy:  1.0000 	Valid Loss:  0.2118 	 Valid Accuracy:  0.9643
Run: [4]	 Epoch: [38]	 Train Loss:  0.033316 	 Train Accuracy:  1.0000 	Valid Loss:  0.2138 	 Valid Accuracy:  0.9643
Run: [4]	 Epoch: [39]	 Train Loss:  0.033450 	 Train Accuracy:  1.0000 	Valid Loss:  0.2164 	 Valid Accuracy:  0.9643
Run: [4]	 Epoch: [40]	 Train Loss:  0.022310 	 Train Accuracy:  1.0000 	Valid Loss:  0.2192 	 Valid Accuracy:  0.9643
Run: [4]	 Epoch: [41]	 Train Loss:  0.037593 	 Train Accuracy:  1.0000 	Valid Loss:  0.2217 	 Valid Accuracy:  0.9643
Run: [4]	 Epoch: [42]	 Train Loss:  0.023240 	 Train Accuracy:  1.0000 	Valid Loss:  0.2237 	 Valid Accuracy:  0.9643
Run: [4]	 Epoch: [43]	 Train Loss:  0.030011 	 Train Accuracy:  1.0000 	Valid Loss:  0.2237 	 Valid Accuracy:  0.9643
Run: [4]	 Epoch: [44]	 Train Loss:  0.025097 	 Train Accuracy:  1.0000 	Valid Loss:  0.2243 	 Valid Accuracy:  0.9643
Run: [4]	 Epoch: [45]	 Train Loss:  0.018468 	 Train Accuracy:  1.0000 	Valid Loss:  0.2248 	 Valid Accuracy:  0.9643
Run: [4]	 Epoch: [46]	 Train Loss:  0.019324 	 Train Accuracy:  1.0000 	Valid Loss:  0.2258 	 Valid Accuracy:  0.9643
Run: [4]	 Epoch: [47]	 Train Loss:  0.017177 	 Train Accuracy:  1.0000 	Valid Loss:  0.2269 	 Valid Accuracy:  0.9643
Run: [4]	 Epoch: [48]	 Train Loss:  0.018192 	 Train Accuracy:  1.0000 	Valid Loss:  0.2280 	 Valid Accuracy:  0.9643
Run: [4]	 Epoch: [49]	 Train Loss:  0.020038 	 Train Accuracy:  1.0000 	Valid Loss:  0.2289 	 Valid Accuracy:  0.9643
Run: [4]	 Epoch: [50]	 Train Loss:  0.015225 	 Train Accuracy:  1.0000 	Valid Loss:  0.2300 	 Valid Accuracy:  0.9643
Test Accuracy in run 4 is: 0.9166666865348816
Total Train Accuracy after run 4 is: 1.0000
Total Test Accuracy after run 4 is: 0.9375
Best Test Accuracy in 4 runs is: 0.9444
Run: [5]	 Epoch: [1]	 Train Loss:  1.807257 	 Train Accuracy:  0.5982 	Valid Loss:  1.3692 	 Valid Accuracy:  0.3214
Run: [5]	 Epoch: [2]	 Train Loss:  0.973258 	 Train Accuracy:  0.7411 	Valid Loss:  1.1478 	 Valid Accuracy:  0.5000
Run: [5]	 Epoch: [3]	 Train Loss:  0.845060 	 Train Accuracy:  0.8482 	Valid Loss:  1.0404 	 Valid Accuracy:  0.5714
Run: [5]	 Epoch: [4]	 Train Loss:  0.521878 	 Train Accuracy:  0.9107 	Valid Loss:  1.1087 	 Valid Accuracy:  0.6071
Run: [5]	 Epoch: [5]	 Train Loss:  0.494781 	 Train Accuracy:  0.9821 	Valid Loss:  0.7550 	 Valid Accuracy:  0.7500
Run: [5]	 Epoch: [6]	 Train Loss:  0.391509 	 Train Accuracy:  0.9821 	Valid Loss:  0.5792 	 Valid Accuracy:  0.8214
Run: [5]	 Epoch: [7]	 Train Loss:  0.317802 	 Train Accuracy:  0.9821 	Valid Loss:  0.5097 	 Valid Accuracy:  0.8929
Run: [5]	 Epoch: [8]	 Train Loss:  0.287370 	 Train Accuracy:  0.9821 	Valid Loss:  0.4581 	 Valid Accuracy:  0.8929
Run: [5]	 Epoch: [9]	 Train Loss:  0.258891 	 Train Accuracy:  0.9821 	Valid Loss:  0.4142 	 Valid Accuracy:  0.9286
Run: [5]	 Epoch: [10]	 Train Loss:  0.231305 	 Train Accuracy:  1.0000 	Valid Loss:  0.3789 	 Valid Accuracy:  0.9286
Run: [5]	 Epoch: [11]	 Train Loss:  0.209730 	 Train Accuracy:  1.0000 	Valid Loss:  0.3470 	 Valid Accuracy:  0.9286
Run: [5]	 Epoch: [12]	 Train Loss:  0.194543 	 Train Accuracy:  1.0000 	Valid Loss:  0.3181 	 Valid Accuracy:  0.9286
Run: [5]	 Epoch: [13]	 Train Loss:  0.161224 	 Train Accuracy:  1.0000 	Valid Loss:  0.2961 	 Valid Accuracy:  0.9286
Run: [5]	 Epoch: [14]	 Train Loss:  0.188595 	 Train Accuracy:  1.0000 	Valid Loss:  0.2896 	 Valid Accuracy:  0.9286
Run: [5]	 Epoch: [15]	 Train Loss:  0.162513 	 Train Accuracy:  1.0000 	Valid Loss:  0.3025 	 Valid Accuracy:  0.9286
Run: [5]	 Epoch: [16]	 Train Loss:  0.119304 	 Train Accuracy:  1.0000 	Valid Loss:  0.3301 	 Valid Accuracy:  0.9286
Run: [5]	 Epoch: [17]	 Train Loss:  0.120234 	 Train Accuracy:  1.0000 	Valid Loss:  0.3657 	 Valid Accuracy:  0.9286
Run: [5]	 Epoch: [18]	 Train Loss:  0.117879 	 Train Accuracy:  1.0000 	Valid Loss:  0.4017 	 Valid Accuracy:  0.9286
Run: [5]	 Epoch: [19]	 Train Loss:  0.116239 	 Train Accuracy:  1.0000 	Valid Loss:  0.4262 	 Valid Accuracy:  0.9286
Run: [5]	 Epoch: [20]	 Train Loss:  0.076894 	 Train Accuracy:  1.0000 	Valid Loss:  0.4449 	 Valid Accuracy:  0.8929
Run: [5]	 Epoch: [21]	 Train Loss:  0.091802 	 Train Accuracy:  1.0000 	Valid Loss:  0.4615 	 Valid Accuracy:  0.8929
Run: [5]	 Epoch: [22]	 Train Loss:  0.084295 	 Train Accuracy:  1.0000 	Valid Loss:  0.4753 	 Valid Accuracy:  0.8929
Run: [5]	 Epoch: [23]	 Train Loss:  0.090362 	 Train Accuracy:  1.0000 	Valid Loss:  0.4906 	 Valid Accuracy:  0.8929
Run: [5]	 Epoch: [24]	 Train Loss:  0.051464 	 Train Accuracy:  1.0000 	Valid Loss:  0.5056 	 Valid Accuracy:  0.8929
Run: [5]	 Epoch: [25]	 Train Loss:  0.047737 	 Train Accuracy:  1.0000 	Valid Loss:  0.5193 	 Valid Accuracy:  0.8929
Run: [5]	 Epoch: [26]	 Train Loss:  0.044980 	 Train Accuracy:  1.0000 	Valid Loss:  0.5319 	 Valid Accuracy:  0.8929
Run: [5]	 Epoch: [27]	 Train Loss:  0.050468 	 Train Accuracy:  1.0000 	Valid Loss:  0.5424 	 Valid Accuracy:  0.8929
Run: [5]	 Epoch: [28]	 Train Loss:  0.036781 	 Train Accuracy:  1.0000 	Valid Loss:  0.5507 	 Valid Accuracy:  0.8929
Run: [5]	 Epoch: [29]	 Train Loss:  0.055102 	 Train Accuracy:  1.0000 	Valid Loss:  0.5580 	 Valid Accuracy:  0.8929
Run: [5]	 Epoch: [30]	 Train Loss:  0.039737 	 Train Accuracy:  1.0000 	Valid Loss:  0.5636 	 Valid Accuracy:  0.8929
Run: [5]	 Epoch: [31]	 Train Loss:  0.044979 	 Train Accuracy:  1.0000 	Valid Loss:  0.5641 	 Valid Accuracy:  0.8929
Run: [5]	 Epoch: [32]	 Train Loss:  0.033064 	 Train Accuracy:  1.0000 	Valid Loss:  0.5614 	 Valid Accuracy:  0.8929
Run: [5]	 Epoch: [33]	 Train Loss:  0.041250 	 Train Accuracy:  1.0000 	Valid Loss:  0.5521 	 Valid Accuracy:  0.8929
Run: [5]	 Epoch: [34]	 Train Loss:  0.034534 	 Train Accuracy:  1.0000 	Valid Loss:  0.5399 	 Valid Accuracy:  0.8929
Run: [5]	 Epoch: [35]	 Train Loss:  0.048082 	 Train Accuracy:  1.0000 	Valid Loss:  0.5339 	 Valid Accuracy:  0.8929
Run: [5]	 Epoch: [36]	 Train Loss:  0.034500 	 Train Accuracy:  1.0000 	Valid Loss:  0.5288 	 Valid Accuracy:  0.8929
Run: [5]	 Epoch: [37]	 Train Loss:  0.024626 	 Train Accuracy:  1.0000 	Valid Loss:  0.5282 	 Valid Accuracy:  0.8929
Run: [5]	 Epoch: [38]	 Train Loss:  0.034184 	 Train Accuracy:  1.0000 	Valid Loss:  0.5342 	 Valid Accuracy:  0.8571
Run: [5]	 Epoch: [39]	 Train Loss:  0.028557 	 Train Accuracy:  1.0000 	Valid Loss:  0.5432 	 Valid Accuracy:  0.8571
Run: [5]	 Epoch: [40]	 Train Loss:  0.032443 	 Train Accuracy:  1.0000 	Valid Loss:  0.5532 	 Valid Accuracy:  0.8571
Run: [5]	 Epoch: [41]	 Train Loss:  0.020475 	 Train Accuracy:  1.0000 	Valid Loss:  0.5654 	 Valid Accuracy:  0.8571
Run: [5]	 Epoch: [42]	 Train Loss:  0.035520 	 Train Accuracy:  1.0000 	Valid Loss:  0.5792 	 Valid Accuracy:  0.8571
Run: [5]	 Epoch: [43]	 Train Loss:  0.027153 	 Train Accuracy:  1.0000 	Valid Loss:  0.5928 	 Valid Accuracy:  0.8571
Run: [5]	 Epoch: [44]	 Train Loss:  0.031862 	 Train Accuracy:  1.0000 	Valid Loss:  0.6056 	 Valid Accuracy:  0.8571
Run: [5]	 Epoch: [45]	 Train Loss:  0.032392 	 Train Accuracy:  1.0000 	Valid Loss:  0.6155 	 Valid Accuracy:  0.8571
Run: [5]	 Epoch: [46]	 Train Loss:  0.029394 	 Train Accuracy:  1.0000 	Valid Loss:  0.6225 	 Valid Accuracy:  0.8929
Run: [5]	 Epoch: [47]	 Train Loss:  0.019154 	 Train Accuracy:  1.0000 	Valid Loss:  0.6298 	 Valid Accuracy:  0.8929
Run: [5]	 Epoch: [48]	 Train Loss:  0.022768 	 Train Accuracy:  1.0000 	Valid Loss:  0.6377 	 Valid Accuracy:  0.8929
Run: [5]	 Epoch: [49]	 Train Loss:  0.034742 	 Train Accuracy:  1.0000 	Valid Loss:  0.6476 	 Valid Accuracy:  0.8929
Run: [5]	 Epoch: [50]	 Train Loss:  0.017329 	 Train Accuracy:  1.0000 	Valid Loss:  0.6583 	 Valid Accuracy:  0.8929
Test Accuracy in run 5 is: 0.944444477558136
Total Train Accuracy after run 5 is: 1.0000
Total Test Accuracy after run 5 is: 0.9389
Best Test Accuracy in 5 runs is: 0.9444
Run: [6]	 Epoch: [1]	 Train Loss:  2.044524 	 Train Accuracy:  0.4464 	Valid Loss:  1.2593 	 Valid Accuracy:  0.3214
Run: [6]	 Epoch: [2]	 Train Loss:  1.225443 	 Train Accuracy:  0.6518 	Valid Loss:  1.7550 	 Valid Accuracy:  0.3929
Run: [6]	 Epoch: [3]	 Train Loss:  1.107843 	 Train Accuracy:  0.7411 	Valid Loss:  1.1344 	 Valid Accuracy:  0.5714
Run: [6]	 Epoch: [4]	 Train Loss:  0.764592 	 Train Accuracy:  0.8304 	Valid Loss:  0.9249 	 Valid Accuracy:  0.6071
Run: [6]	 Epoch: [5]	 Train Loss:  0.626804 	 Train Accuracy:  0.9107 	Valid Loss:  0.6839 	 Valid Accuracy:  0.7500
Run: [6]	 Epoch: [6]	 Train Loss:  0.483991 	 Train Accuracy:  0.9464 	Valid Loss:  0.5167 	 Valid Accuracy:  0.9286
Run: [6]	 Epoch: [7]	 Train Loss:  0.427315 	 Train Accuracy:  0.9554 	Valid Loss:  0.4538 	 Valid Accuracy:  0.9286
Run: [6]	 Epoch: [8]	 Train Loss:  0.373774 	 Train Accuracy:  0.9821 	Valid Loss:  0.4308 	 Valid Accuracy:  0.9286
Run: [6]	 Epoch: [9]	 Train Loss:  0.282328 	 Train Accuracy:  0.9911 	Valid Loss:  0.4186 	 Valid Accuracy:  0.9286
Run: [6]	 Epoch: [10]	 Train Loss:  0.247871 	 Train Accuracy:  0.9911 	Valid Loss:  0.4157 	 Valid Accuracy:  0.8929
Run: [6]	 Epoch: [11]	 Train Loss:  0.231393 	 Train Accuracy:  0.9911 	Valid Loss:  0.3876 	 Valid Accuracy:  0.8929
Run: [6]	 Epoch: [12]	 Train Loss:  0.230251 	 Train Accuracy:  1.0000 	Valid Loss:  0.3461 	 Valid Accuracy:  0.9286
Run: [6]	 Epoch: [13]	 Train Loss:  0.202507 	 Train Accuracy:  1.0000 	Valid Loss:  0.3308 	 Valid Accuracy:  0.9286
Run: [6]	 Epoch: [14]	 Train Loss:  0.164607 	 Train Accuracy:  1.0000 	Valid Loss:  0.3214 	 Valid Accuracy:  0.9286
Run: [6]	 Epoch: [15]	 Train Loss:  0.187524 	 Train Accuracy:  1.0000 	Valid Loss:  0.3146 	 Valid Accuracy:  0.9286
Run: [6]	 Epoch: [16]	 Train Loss:  0.149401 	 Train Accuracy:  1.0000 	Valid Loss:  0.3093 	 Valid Accuracy:  0.9286
Run: [6]	 Epoch: [17]	 Train Loss:  0.143024 	 Train Accuracy:  1.0000 	Valid Loss:  0.3038 	 Valid Accuracy:  0.9286
Run: [6]	 Epoch: [18]	 Train Loss:  0.142691 	 Train Accuracy:  1.0000 	Valid Loss:  0.2968 	 Valid Accuracy:  0.9286
Run: [6]	 Epoch: [19]	 Train Loss:  0.116478 	 Train Accuracy:  1.0000 	Valid Loss:  0.2905 	 Valid Accuracy:  0.9286
Run: [6]	 Epoch: [20]	 Train Loss:  0.106926 	 Train Accuracy:  1.0000 	Valid Loss:  0.2868 	 Valid Accuracy:  0.9286
Run: [6]	 Epoch: [21]	 Train Loss:  0.113054 	 Train Accuracy:  1.0000 	Valid Loss:  0.2834 	 Valid Accuracy:  0.9286
Run: [6]	 Epoch: [22]	 Train Loss:  0.094333 	 Train Accuracy:  1.0000 	Valid Loss:  0.2804 	 Valid Accuracy:  0.9286
Run: [6]	 Epoch: [23]	 Train Loss:  0.091038 	 Train Accuracy:  1.0000 	Valid Loss:  0.2791 	 Valid Accuracy:  0.9286
Run: [6]	 Epoch: [24]	 Train Loss:  0.095603 	 Train Accuracy:  1.0000 	Valid Loss:  0.2793 	 Valid Accuracy:  0.9286
Run: [6]	 Epoch: [25]	 Train Loss:  0.083034 	 Train Accuracy:  1.0000 	Valid Loss:  0.2794 	 Valid Accuracy:  0.9286
Run: [6]	 Epoch: [26]	 Train Loss:  0.081337 	 Train Accuracy:  1.0000 	Valid Loss:  0.2798 	 Valid Accuracy:  0.9286
Run: [6]	 Epoch: [27]	 Train Loss:  0.083399 	 Train Accuracy:  1.0000 	Valid Loss:  0.2810 	 Valid Accuracy:  0.9286
Run: [6]	 Epoch: [28]	 Train Loss:  0.058650 	 Train Accuracy:  1.0000 	Valid Loss:  0.2819 	 Valid Accuracy:  0.9286
Run: [6]	 Epoch: [29]	 Train Loss:  0.054296 	 Train Accuracy:  1.0000 	Valid Loss:  0.2825 	 Valid Accuracy:  0.9286
Run: [6]	 Epoch: [30]	 Train Loss:  0.067089 	 Train Accuracy:  1.0000 	Valid Loss:  0.2837 	 Valid Accuracy:  0.9286
Run: [6]	 Epoch: [31]	 Train Loss:  0.049413 	 Train Accuracy:  1.0000 	Valid Loss:  0.2857 	 Valid Accuracy:  0.9286
Run: [6]	 Epoch: [32]	 Train Loss:  0.055776 	 Train Accuracy:  1.0000 	Valid Loss:  0.2879 	 Valid Accuracy:  0.9286
Run: [6]	 Epoch: [33]	 Train Loss:  0.068845 	 Train Accuracy:  1.0000 	Valid Loss:  0.2905 	 Valid Accuracy:  0.9286
Run: [6]	 Epoch: [34]	 Train Loss:  0.053731 	 Train Accuracy:  1.0000 	Valid Loss:  0.2927 	 Valid Accuracy:  0.9286
Run: [6]	 Epoch: [35]	 Train Loss:  0.034858 	 Train Accuracy:  1.0000 	Valid Loss:  0.2941 	 Valid Accuracy:  0.9286
Run: [6]	 Epoch: [36]	 Train Loss:  0.041360 	 Train Accuracy:  1.0000 	Valid Loss:  0.2959 	 Valid Accuracy:  0.9286
Run: [6]	 Epoch: [37]	 Train Loss:  0.054976 	 Train Accuracy:  1.0000 	Valid Loss:  0.2979 	 Valid Accuracy:  0.9286
Run: [6]	 Epoch: [38]	 Train Loss:  0.042519 	 Train Accuracy:  1.0000 	Valid Loss:  0.2997 	 Valid Accuracy:  0.9286
Run: [6]	 Epoch: [39]	 Train Loss:  0.039483 	 Train Accuracy:  1.0000 	Valid Loss:  0.3011 	 Valid Accuracy:  0.9286
Run: [6]	 Epoch: [40]	 Train Loss:  0.042827 	 Train Accuracy:  1.0000 	Valid Loss:  0.3032 	 Valid Accuracy:  0.9286
Run: [6]	 Epoch: [41]	 Train Loss:  0.034244 	 Train Accuracy:  1.0000 	Valid Loss:  0.3054 	 Valid Accuracy:  0.9286
Run: [6]	 Epoch: [42]	 Train Loss:  0.037106 	 Train Accuracy:  1.0000 	Valid Loss:  0.3076 	 Valid Accuracy:  0.9286
Run: [6]	 Epoch: [43]	 Train Loss:  0.035177 	 Train Accuracy:  1.0000 	Valid Loss:  0.3112 	 Valid Accuracy:  0.8929
Run: [6]	 Epoch: [44]	 Train Loss:  0.045572 	 Train Accuracy:  1.0000 	Valid Loss:  0.3129 	 Valid Accuracy:  0.8929
Run: [6]	 Epoch: [45]	 Train Loss:  0.035546 	 Train Accuracy:  1.0000 	Valid Loss:  0.3118 	 Valid Accuracy:  0.8929
Run: [6]	 Epoch: [46]	 Train Loss:  0.035138 	 Train Accuracy:  1.0000 	Valid Loss:  0.3082 	 Valid Accuracy:  0.8929
Run: [6]	 Epoch: [47]	 Train Loss:  0.025364 	 Train Accuracy:  1.0000 	Valid Loss:  0.3054 	 Valid Accuracy:  0.8929
Run: [6]	 Epoch: [48]	 Train Loss:  0.041267 	 Train Accuracy:  1.0000 	Valid Loss:  0.3004 	 Valid Accuracy:  0.8929
Run: [6]	 Epoch: [49]	 Train Loss:  0.026165 	 Train Accuracy:  1.0000 	Valid Loss:  0.2987 	 Valid Accuracy:  0.8929
Run: [6]	 Epoch: [50]	 Train Loss:  0.024519 	 Train Accuracy:  1.0000 	Valid Loss:  0.2977 	 Valid Accuracy:  0.8929
Test Accuracy in run 6 is: 0.9166666865348816
Total Train Accuracy after run 6 is: 1.0000
Total Test Accuracy after run 6 is: 0.9352
Best Test Accuracy in 6 runs is: 0.9444
Run: [7]	 Epoch: [1]	 Train Loss:  1.630365 	 Train Accuracy:  0.7411 	Valid Loss:  1.0566 	 Valid Accuracy:  0.6071
Run: [7]	 Epoch: [2]	 Train Loss:  0.811597 	 Train Accuracy:  0.6875 	Valid Loss:  1.3053 	 Valid Accuracy:  0.6071
Run: [7]	 Epoch: [3]	 Train Loss:  1.098585 	 Train Accuracy:  0.8482 	Valid Loss:  0.5966 	 Valid Accuracy:  0.6786
Run: [7]	 Epoch: [4]	 Train Loss:  0.415529 	 Train Accuracy:  0.8750 	Valid Loss:  0.6542 	 Valid Accuracy:  0.6786
Run: [7]	 Epoch: [5]	 Train Loss:  0.413353 	 Train Accuracy:  0.9375 	Valid Loss:  0.5346 	 Valid Accuracy:  0.7143
Run: [7]	 Epoch: [6]	 Train Loss:  0.310219 	 Train Accuracy:  0.9732 	Valid Loss:  0.4258 	 Valid Accuracy:  0.8571
Run: [7]	 Epoch: [7]	 Train Loss:  0.246044 	 Train Accuracy:  0.9821 	Valid Loss:  0.3691 	 Valid Accuracy:  0.8571
Run: [7]	 Epoch: [8]	 Train Loss:  0.205387 	 Train Accuracy:  0.9821 	Valid Loss:  0.3319 	 Valid Accuracy:  0.8929
Run: [7]	 Epoch: [9]	 Train Loss:  0.183402 	 Train Accuracy:  0.9821 	Valid Loss:  0.3123 	 Valid Accuracy:  0.8929
Run: [7]	 Epoch: [10]	 Train Loss:  0.184232 	 Train Accuracy:  1.0000 	Valid Loss:  0.2984 	 Valid Accuracy:  0.8929
Run: [7]	 Epoch: [11]	 Train Loss:  0.185315 	 Train Accuracy:  1.0000 	Valid Loss:  0.2884 	 Valid Accuracy:  0.8929
Run: [7]	 Epoch: [12]	 Train Loss:  0.142649 	 Train Accuracy:  1.0000 	Valid Loss:  0.2831 	 Valid Accuracy:  0.8929
Run: [7]	 Epoch: [13]	 Train Loss:  0.133197 	 Train Accuracy:  1.0000 	Valid Loss:  0.2829 	 Valid Accuracy:  0.8929
Run: [7]	 Epoch: [14]	 Train Loss:  0.113155 	 Train Accuracy:  1.0000 	Valid Loss:  0.2867 	 Valid Accuracy:  0.8929
Run: [7]	 Epoch: [15]	 Train Loss:  0.128173 	 Train Accuracy:  1.0000 	Valid Loss:  0.2909 	 Valid Accuracy:  0.8929
Run: [7]	 Epoch: [16]	 Train Loss:  0.122679 	 Train Accuracy:  1.0000 	Valid Loss:  0.2955 	 Valid Accuracy:  0.9286
Run: [7]	 Epoch: [17]	 Train Loss:  0.069965 	 Train Accuracy:  1.0000 	Valid Loss:  0.2993 	 Valid Accuracy:  0.9286
Run: [7]	 Epoch: [18]	 Train Loss:  0.081516 	 Train Accuracy:  1.0000 	Valid Loss:  0.3033 	 Valid Accuracy:  0.9286
Run: [7]	 Epoch: [19]	 Train Loss:  0.094726 	 Train Accuracy:  1.0000 	Valid Loss:  0.3092 	 Valid Accuracy:  0.9286
Run: [7]	 Epoch: [20]	 Train Loss:  0.062585 	 Train Accuracy:  1.0000 	Valid Loss:  0.3156 	 Valid Accuracy:  0.9286
Run: [7]	 Epoch: [21]	 Train Loss:  0.098253 	 Train Accuracy:  1.0000 	Valid Loss:  0.3230 	 Valid Accuracy:  0.9286
Run: [7]	 Epoch: [22]	 Train Loss:  0.062582 	 Train Accuracy:  1.0000 	Valid Loss:  0.3310 	 Valid Accuracy:  0.9286
Run: [7]	 Epoch: [23]	 Train Loss:  0.064736 	 Train Accuracy:  1.0000 	Valid Loss:  0.3387 	 Valid Accuracy:  0.9286
Run: [7]	 Epoch: [24]	 Train Loss:  0.040328 	 Train Accuracy:  1.0000 	Valid Loss:  0.3476 	 Valid Accuracy:  0.9286
Run: [7]	 Epoch: [25]	 Train Loss:  0.071143 	 Train Accuracy:  1.0000 	Valid Loss:  0.3567 	 Valid Accuracy:  0.9286
Run: [7]	 Epoch: [26]	 Train Loss:  0.048496 	 Train Accuracy:  1.0000 	Valid Loss:  0.3677 	 Valid Accuracy:  0.9286
Run: [7]	 Epoch: [27]	 Train Loss:  0.051001 	 Train Accuracy:  1.0000 	Valid Loss:  0.3787 	 Valid Accuracy:  0.8929
Run: [7]	 Epoch: [28]	 Train Loss:  0.045754 	 Train Accuracy:  1.0000 	Valid Loss:  0.3911 	 Valid Accuracy:  0.8929
Run: [7]	 Epoch: [29]	 Train Loss:  0.042821 	 Train Accuracy:  1.0000 	Valid Loss:  0.4037 	 Valid Accuracy:  0.8929
Run: [7]	 Epoch: [30]	 Train Loss:  0.058358 	 Train Accuracy:  1.0000 	Valid Loss:  0.4186 	 Valid Accuracy:  0.8929
Run: [7]	 Epoch: [31]	 Train Loss:  0.039297 	 Train Accuracy:  1.0000 	Valid Loss:  0.4311 	 Valid Accuracy:  0.8929
Run: [7]	 Epoch: [32]	 Train Loss:  0.041243 	 Train Accuracy:  1.0000 	Valid Loss:  0.4432 	 Valid Accuracy:  0.8929
Run: [7]	 Epoch: [33]	 Train Loss:  0.030812 	 Train Accuracy:  1.0000 	Valid Loss:  0.4553 	 Valid Accuracy:  0.8929
Run: [7]	 Epoch: [34]	 Train Loss:  0.047217 	 Train Accuracy:  1.0000 	Valid Loss:  0.4670 	 Valid Accuracy:  0.8929
Run: [7]	 Epoch: [35]	 Train Loss:  0.043469 	 Train Accuracy:  1.0000 	Valid Loss:  0.4785 	 Valid Accuracy:  0.8929
Run: [7]	 Epoch: [36]	 Train Loss:  0.040438 	 Train Accuracy:  1.0000 	Valid Loss:  0.4895 	 Valid Accuracy:  0.8929
Run: [7]	 Epoch: [37]	 Train Loss:  0.020855 	 Train Accuracy:  1.0000 	Valid Loss:  0.5000 	 Valid Accuracy:  0.8929
Run: [7]	 Epoch: [38]	 Train Loss:  0.016174 	 Train Accuracy:  1.0000 	Valid Loss:  0.5108 	 Valid Accuracy:  0.8929
Run: [7]	 Epoch: [39]	 Train Loss:  0.025989 	 Train Accuracy:  1.0000 	Valid Loss:  0.5204 	 Valid Accuracy:  0.8929
Run: [7]	 Epoch: [40]	 Train Loss:  0.029090 	 Train Accuracy:  1.0000 	Valid Loss:  0.5304 	 Valid Accuracy:  0.8929
Run: [7]	 Epoch: [41]	 Train Loss:  0.039714 	 Train Accuracy:  1.0000 	Valid Loss:  0.5395 	 Valid Accuracy:  0.8929
Run: [7]	 Epoch: [42]	 Train Loss:  0.015825 	 Train Accuracy:  1.0000 	Valid Loss:  0.5473 	 Valid Accuracy:  0.8929
Run: [7]	 Epoch: [43]	 Train Loss:  0.033785 	 Train Accuracy:  1.0000 	Valid Loss:  0.5561 	 Valid Accuracy:  0.8929
Run: [7]	 Epoch: [44]	 Train Loss:  0.024729 	 Train Accuracy:  1.0000 	Valid Loss:  0.5654 	 Valid Accuracy:  0.8929
Run: [7]	 Epoch: [45]	 Train Loss:  0.020640 	 Train Accuracy:  1.0000 	Valid Loss:  0.5758 	 Valid Accuracy:  0.8929
Run: [7]	 Epoch: [46]	 Train Loss:  0.023320 	 Train Accuracy:  1.0000 	Valid Loss:  0.5865 	 Valid Accuracy:  0.8929
Run: [7]	 Epoch: [47]	 Train Loss:  0.040138 	 Train Accuracy:  1.0000 	Valid Loss:  0.5988 	 Valid Accuracy:  0.8929
Run: [7]	 Epoch: [48]	 Train Loss:  0.031349 	 Train Accuracy:  1.0000 	Valid Loss:  0.6070 	 Valid Accuracy:  0.8929
Run: [7]	 Epoch: [49]	 Train Loss:  0.023189 	 Train Accuracy:  1.0000 	Valid Loss:  0.6157 	 Valid Accuracy:  0.8929
Run: [7]	 Epoch: [50]	 Train Loss:  0.023289 	 Train Accuracy:  1.0000 	Valid Loss:  0.6248 	 Valid Accuracy:  0.8929
Test Accuracy in run 7 is: 0.944444477558136
Total Train Accuracy after run 7 is: 1.0000
Total Test Accuracy after run 7 is: 0.9365
Best Test Accuracy in 7 runs is: 0.9444
Run: [8]	 Epoch: [1]	 Train Loss:  1.702507 	 Train Accuracy:  0.6786 	Valid Loss:  1.1963 	 Valid Accuracy:  0.4643
Run: [8]	 Epoch: [2]	 Train Loss:  0.941237 	 Train Accuracy:  0.6607 	Valid Loss:  1.1059 	 Valid Accuracy:  0.6071
Run: [8]	 Epoch: [3]	 Train Loss:  0.846297 	 Train Accuracy:  0.7589 	Valid Loss:  1.0205 	 Valid Accuracy:  0.5714
Run: [8]	 Epoch: [4]	 Train Loss:  0.659752 	 Train Accuracy:  0.8036 	Valid Loss:  0.9856 	 Valid Accuracy:  0.5714
Run: [8]	 Epoch: [5]	 Train Loss:  0.588262 	 Train Accuracy:  0.8304 	Valid Loss:  0.8496 	 Valid Accuracy:  0.6429
Run: [8]	 Epoch: [6]	 Train Loss:  0.538802 	 Train Accuracy:  0.8571 	Valid Loss:  0.7041 	 Valid Accuracy:  0.6786
Run: [8]	 Epoch: [7]	 Train Loss:  0.450944 	 Train Accuracy:  0.8839 	Valid Loss:  0.5744 	 Valid Accuracy:  0.7857
Run: [8]	 Epoch: [8]	 Train Loss:  0.424284 	 Train Accuracy:  0.8929 	Valid Loss:  0.4893 	 Valid Accuracy:  0.8571
Run: [8]	 Epoch: [9]	 Train Loss:  0.402561 	 Train Accuracy:  0.8929 	Valid Loss:  0.4386 	 Valid Accuracy:  0.8571
Run: [8]	 Epoch: [10]	 Train Loss:  0.382532 	 Train Accuracy:  0.9107 	Valid Loss:  0.4044 	 Valid Accuracy:  0.8929
Run: [8]	 Epoch: [11]	 Train Loss:  0.349199 	 Train Accuracy:  0.9286 	Valid Loss:  0.3813 	 Valid Accuracy:  0.8929
Run: [8]	 Epoch: [12]	 Train Loss:  0.330042 	 Train Accuracy:  0.9464 	Valid Loss:  0.3617 	 Valid Accuracy:  0.9286
Run: [8]	 Epoch: [13]	 Train Loss:  0.308939 	 Train Accuracy:  0.9554 	Valid Loss:  0.3406 	 Valid Accuracy:  0.9286
Run: [8]	 Epoch: [14]	 Train Loss:  0.240507 	 Train Accuracy:  0.9643 	Valid Loss:  0.3158 	 Valid Accuracy:  0.9286
Run: [8]	 Epoch: [15]	 Train Loss:  0.225265 	 Train Accuracy:  0.9643 	Valid Loss:  0.2886 	 Valid Accuracy:  0.9286
Run: [8]	 Epoch: [16]	 Train Loss:  0.186913 	 Train Accuracy:  1.0000 	Valid Loss:  0.2626 	 Valid Accuracy:  0.9286
Run: [8]	 Epoch: [17]	 Train Loss:  0.168626 	 Train Accuracy:  1.0000 	Valid Loss:  0.2337 	 Valid Accuracy:  0.9643
Run: [8]	 Epoch: [18]	 Train Loss:  0.136220 	 Train Accuracy:  1.0000 	Valid Loss:  0.2086 	 Valid Accuracy:  0.9643
Run: [8]	 Epoch: [19]	 Train Loss:  0.116027 	 Train Accuracy:  1.0000 	Valid Loss:  0.1934 	 Valid Accuracy:  0.9643
Run: [8]	 Epoch: [20]	 Train Loss:  0.120605 	 Train Accuracy:  1.0000 	Valid Loss:  0.1922 	 Valid Accuracy:  0.9643
Run: [8]	 Epoch: [21]	 Train Loss:  0.135899 	 Train Accuracy:  1.0000 	Valid Loss:  0.2082 	 Valid Accuracy:  0.9286
Run: [8]	 Epoch: [22]	 Train Loss:  0.115199 	 Train Accuracy:  1.0000 	Valid Loss:  0.2395 	 Valid Accuracy:  0.8929
Run: [8]	 Epoch: [23]	 Train Loss:  0.080617 	 Train Accuracy:  1.0000 	Valid Loss:  0.2598 	 Valid Accuracy:  0.8929
Run: [8]	 Epoch: [24]	 Train Loss:  0.086223 	 Train Accuracy:  1.0000 	Valid Loss:  0.2782 	 Valid Accuracy:  0.8929
Run: [8]	 Epoch: [25]	 Train Loss:  0.072324 	 Train Accuracy:  1.0000 	Valid Loss:  0.2958 	 Valid Accuracy:  0.8929
Run: [8]	 Epoch: [26]	 Train Loss:  0.075252 	 Train Accuracy:  1.0000 	Valid Loss:  0.3129 	 Valid Accuracy:  0.8571
Run: [8]	 Epoch: [27]	 Train Loss:  0.079168 	 Train Accuracy:  1.0000 	Valid Loss:  0.3143 	 Valid Accuracy:  0.8214
Run: [8]	 Epoch: [28]	 Train Loss:  0.055502 	 Train Accuracy:  1.0000 	Valid Loss:  0.3063 	 Valid Accuracy:  0.8214
Run: [8]	 Epoch: [29]	 Train Loss:  0.053755 	 Train Accuracy:  1.0000 	Valid Loss:  0.2921 	 Valid Accuracy:  0.8571
Run: [8]	 Epoch: [30]	 Train Loss:  0.056056 	 Train Accuracy:  1.0000 	Valid Loss:  0.2778 	 Valid Accuracy:  0.8571
Run: [8]	 Epoch: [31]	 Train Loss:  0.063300 	 Train Accuracy:  1.0000 	Valid Loss:  0.2619 	 Valid Accuracy:  0.8571
Run: [8]	 Epoch: [32]	 Train Loss:  0.050232 	 Train Accuracy:  1.0000 	Valid Loss:  0.2478 	 Valid Accuracy:  0.8929
Run: [8]	 Epoch: [33]	 Train Loss:  0.036061 	 Train Accuracy:  1.0000 	Valid Loss:  0.2357 	 Valid Accuracy:  0.8929
Run: [8]	 Epoch: [34]	 Train Loss:  0.054965 	 Train Accuracy:  1.0000 	Valid Loss:  0.2270 	 Valid Accuracy:  0.8929
Run: [8]	 Epoch: [35]	 Train Loss:  0.050843 	 Train Accuracy:  1.0000 	Valid Loss:  0.2200 	 Valid Accuracy:  0.8929
Run: [8]	 Epoch: [36]	 Train Loss:  0.036365 	 Train Accuracy:  1.0000 	Valid Loss:  0.2150 	 Valid Accuracy:  0.9286
Run: [8]	 Epoch: [37]	 Train Loss:  0.038835 	 Train Accuracy:  1.0000 	Valid Loss:  0.2134 	 Valid Accuracy:  0.9286
Run: [8]	 Epoch: [38]	 Train Loss:  0.039873 	 Train Accuracy:  1.0000 	Valid Loss:  0.2145 	 Valid Accuracy:  0.9286
Run: [8]	 Epoch: [39]	 Train Loss:  0.028345 	 Train Accuracy:  1.0000 	Valid Loss:  0.2177 	 Valid Accuracy:  0.9286
Run: [8]	 Epoch: [40]	 Train Loss:  0.034219 	 Train Accuracy:  1.0000 	Valid Loss:  0.2234 	 Valid Accuracy:  0.9643
Run: [8]	 Epoch: [41]	 Train Loss:  0.022045 	 Train Accuracy:  1.0000 	Valid Loss:  0.2302 	 Valid Accuracy:  0.9643
Run: [8]	 Epoch: [42]	 Train Loss:  0.026525 	 Train Accuracy:  1.0000 	Valid Loss:  0.2382 	 Valid Accuracy:  0.9643
Run: [8]	 Epoch: [43]	 Train Loss:  0.019303 	 Train Accuracy:  1.0000 	Valid Loss:  0.2461 	 Valid Accuracy:  0.9643
Run: [8]	 Epoch: [44]	 Train Loss:  0.027747 	 Train Accuracy:  1.0000 	Valid Loss:  0.2530 	 Valid Accuracy:  0.9286
Run: [8]	 Epoch: [45]	 Train Loss:  0.021327 	 Train Accuracy:  1.0000 	Valid Loss:  0.2598 	 Valid Accuracy:  0.9286
Run: [8]	 Epoch: [46]	 Train Loss:  0.020434 	 Train Accuracy:  1.0000 	Valid Loss:  0.2671 	 Valid Accuracy:  0.9286
Run: [8]	 Epoch: [47]	 Train Loss:  0.020739 	 Train Accuracy:  1.0000 	Valid Loss:  0.2722 	 Valid Accuracy:  0.9286
Run: [8]	 Epoch: [48]	 Train Loss:  0.035446 	 Train Accuracy:  1.0000 	Valid Loss:  0.2779 	 Valid Accuracy:  0.9286
Run: [8]	 Epoch: [49]	 Train Loss:  0.019789 	 Train Accuracy:  1.0000 	Valid Loss:  0.2844 	 Valid Accuracy:  0.9286
Run: [8]	 Epoch: [50]	 Train Loss:  0.020966 	 Train Accuracy:  1.0000 	Valid Loss:  0.2903 	 Valid Accuracy:  0.9286
Test Accuracy in run 8 is: 0.9722222089767456
Total Train Accuracy after run 8 is: 1.0000
Total Test Accuracy after run 8 is: 0.9410
Best Test Accuracy in 8 runs is: 0.9722
Run: [9]	 Epoch: [1]	 Train Loss:  1.645802 	 Train Accuracy:  0.7054 	Valid Loss:  1.0617 	 Valid Accuracy:  0.5357
Run: [9]	 Epoch: [2]	 Train Loss:  0.902476 	 Train Accuracy:  0.9107 	Valid Loss:  0.8076 	 Valid Accuracy:  0.7500
Run: [9]	 Epoch: [3]	 Train Loss:  0.518973 	 Train Accuracy:  0.9554 	Valid Loss:  0.6023 	 Valid Accuracy:  0.7500
Run: [9]	 Epoch: [4]	 Train Loss:  0.387634 	 Train Accuracy:  0.9732 	Valid Loss:  0.5223 	 Valid Accuracy:  0.7857
Run: [9]	 Epoch: [5]	 Train Loss:  0.341987 	 Train Accuracy:  0.9911 	Valid Loss:  0.3994 	 Valid Accuracy:  0.9286
Run: [9]	 Epoch: [6]	 Train Loss:  0.293376 	 Train Accuracy:  1.0000 	Valid Loss:  0.3562 	 Valid Accuracy:  0.9286
Run: [9]	 Epoch: [7]	 Train Loss:  0.270214 	 Train Accuracy:  1.0000 	Valid Loss:  0.3386 	 Valid Accuracy:  0.8929
Run: [9]	 Epoch: [8]	 Train Loss:  0.197976 	 Train Accuracy:  1.0000 	Valid Loss:  0.3475 	 Valid Accuracy:  0.8929
Run: [9]	 Epoch: [9]	 Train Loss:  0.207607 	 Train Accuracy:  1.0000 	Valid Loss:  0.3603 	 Valid Accuracy:  0.8929
Run: [9]	 Epoch: [10]	 Train Loss:  0.172015 	 Train Accuracy:  1.0000 	Valid Loss:  0.3586 	 Valid Accuracy:  0.8929
Run: [9]	 Epoch: [11]	 Train Loss:  0.137105 	 Train Accuracy:  1.0000 	Valid Loss:  0.3511 	 Valid Accuracy:  0.8929
Run: [9]	 Epoch: [12]	 Train Loss:  0.150802 	 Train Accuracy:  1.0000 	Valid Loss:  0.3402 	 Valid Accuracy:  0.8929
Run: [9]	 Epoch: [13]	 Train Loss:  0.090950 	 Train Accuracy:  1.0000 	Valid Loss:  0.3266 	 Valid Accuracy:  0.8929
Run: [9]	 Epoch: [14]	 Train Loss:  0.106366 	 Train Accuracy:  1.0000 	Valid Loss:  0.3141 	 Valid Accuracy:  0.8929
Run: [9]	 Epoch: [15]	 Train Loss:  0.104300 	 Train Accuracy:  1.0000 	Valid Loss:  0.3045 	 Valid Accuracy:  0.8929
Run: [9]	 Epoch: [16]	 Train Loss:  0.095194 	 Train Accuracy:  1.0000 	Valid Loss:  0.2971 	 Valid Accuracy:  0.8571
Run: [9]	 Epoch: [17]	 Train Loss:  0.116579 	 Train Accuracy:  1.0000 	Valid Loss:  0.2877 	 Valid Accuracy:  0.8571
Run: [9]	 Epoch: [18]	 Train Loss:  0.088641 	 Train Accuracy:  1.0000 	Valid Loss:  0.2781 	 Valid Accuracy:  0.8571
Run: [9]	 Epoch: [19]	 Train Loss:  0.092099 	 Train Accuracy:  1.0000 	Valid Loss:  0.2693 	 Valid Accuracy:  0.8571
Run: [9]	 Epoch: [20]	 Train Loss:  0.091308 	 Train Accuracy:  1.0000 	Valid Loss:  0.2607 	 Valid Accuracy:  0.8571
Run: [9]	 Epoch: [21]	 Train Loss:  0.084615 	 Train Accuracy:  1.0000 	Valid Loss:  0.2532 	 Valid Accuracy:  0.8571
Run: [9]	 Epoch: [22]	 Train Loss:  0.062207 	 Train Accuracy:  1.0000 	Valid Loss:  0.2473 	 Valid Accuracy:  0.8214
Run: [9]	 Epoch: [23]	 Train Loss:  0.075028 	 Train Accuracy:  1.0000 	Valid Loss:  0.2406 	 Valid Accuracy:  0.8571
Run: [9]	 Epoch: [24]	 Train Loss:  0.043466 	 Train Accuracy:  1.0000 	Valid Loss:  0.2354 	 Valid Accuracy:  0.8571
Run: [9]	 Epoch: [25]	 Train Loss:  0.045939 	 Train Accuracy:  1.0000 	Valid Loss:  0.2326 	 Valid Accuracy:  0.8571
Run: [9]	 Epoch: [26]	 Train Loss:  0.040161 	 Train Accuracy:  1.0000 	Valid Loss:  0.2311 	 Valid Accuracy:  0.8929
Run: [9]	 Epoch: [27]	 Train Loss:  0.028596 	 Train Accuracy:  1.0000 	Valid Loss:  0.2315 	 Valid Accuracy:  0.8929
Run: [9]	 Epoch: [28]	 Train Loss:  0.038678 	 Train Accuracy:  1.0000 	Valid Loss:  0.2347 	 Valid Accuracy:  0.8929
Run: [9]	 Epoch: [29]	 Train Loss:  0.051829 	 Train Accuracy:  1.0000 	Valid Loss:  0.2346 	 Valid Accuracy:  0.8929
Run: [9]	 Epoch: [30]	 Train Loss:  0.038058 	 Train Accuracy:  1.0000 	Valid Loss:  0.2334 	 Valid Accuracy:  0.8929
Run: [9]	 Epoch: [31]	 Train Loss:  0.058940 	 Train Accuracy:  1.0000 	Valid Loss:  0.2320 	 Valid Accuracy:  0.8929
Run: [9]	 Epoch: [32]	 Train Loss:  0.025643 	 Train Accuracy:  1.0000 	Valid Loss:  0.2316 	 Valid Accuracy:  0.8929
Run: [9]	 Epoch: [33]	 Train Loss:  0.027506 	 Train Accuracy:  1.0000 	Valid Loss:  0.2325 	 Valid Accuracy:  0.8929
Run: [9]	 Epoch: [34]	 Train Loss:  0.046956 	 Train Accuracy:  1.0000 	Valid Loss:  0.2340 	 Valid Accuracy:  0.9286
Run: [9]	 Epoch: [35]	 Train Loss:  0.022778 	 Train Accuracy:  1.0000 	Valid Loss:  0.2365 	 Valid Accuracy:  0.9286
Run: [9]	 Epoch: [36]	 Train Loss:  0.034356 	 Train Accuracy:  1.0000 	Valid Loss:  0.2394 	 Valid Accuracy:  0.9643
Run: [9]	 Epoch: [37]	 Train Loss:  0.024710 	 Train Accuracy:  1.0000 	Valid Loss:  0.2386 	 Valid Accuracy:  0.9643
Run: [9]	 Epoch: [38]	 Train Loss:  0.020407 	 Train Accuracy:  1.0000 	Valid Loss:  0.2374 	 Valid Accuracy:  0.9286
Run: [9]	 Epoch: [39]	 Train Loss:  0.027012 	 Train Accuracy:  1.0000 	Valid Loss:  0.2378 	 Valid Accuracy:  0.9286
Run: [9]	 Epoch: [40]	 Train Loss:  0.026736 	 Train Accuracy:  1.0000 	Valid Loss:  0.2417 	 Valid Accuracy:  0.9286
Run: [9]	 Epoch: [41]	 Train Loss:  0.048052 	 Train Accuracy:  1.0000 	Valid Loss:  0.2420 	 Valid Accuracy:  0.9286
Run: [9]	 Epoch: [42]	 Train Loss:  0.038553 	 Train Accuracy:  1.0000 	Valid Loss:  0.2371 	 Valid Accuracy:  0.9286
Run: [9]	 Epoch: [43]	 Train Loss:  0.013623 	 Train Accuracy:  1.0000 	Valid Loss:  0.2279 	 Valid Accuracy:  0.9286
Run: [9]	 Epoch: [44]	 Train Loss:  0.024992 	 Train Accuracy:  1.0000 	Valid Loss:  0.2216 	 Valid Accuracy:  0.9286
Run: [9]	 Epoch: [45]	 Train Loss:  0.016762 	 Train Accuracy:  1.0000 	Valid Loss:  0.2183 	 Valid Accuracy:  0.9286
Run: [9]	 Epoch: [46]	 Train Loss:  0.025466 	 Train Accuracy:  1.0000 	Valid Loss:  0.2144 	 Valid Accuracy:  0.9286
Run: [9]	 Epoch: [47]	 Train Loss:  0.014422 	 Train Accuracy:  1.0000 	Valid Loss:  0.1998 	 Valid Accuracy:  0.9286
Run: [9]	 Epoch: [48]	 Train Loss:  0.016287 	 Train Accuracy:  1.0000 	Valid Loss:  0.1832 	 Valid Accuracy:  0.9643
Run: [9]	 Epoch: [49]	 Train Loss:  0.018686 	 Train Accuracy:  1.0000 	Valid Loss:  0.1696 	 Valid Accuracy:  0.9643
Run: [9]	 Epoch: [50]	 Train Loss:  0.007562 	 Train Accuracy:  1.0000 	Valid Loss:  0.1651 	 Valid Accuracy:  0.9643
Test Accuracy in run 9 is: 0.9722222089767456
Total Train Accuracy after run 9 is: 1.0000
Total Test Accuracy after run 9 is: 0.9440
Best Test Accuracy in 9 runs is: 0.9722
Run: [10]	 Epoch: [1]	 Train Loss:  2.022969 	 Train Accuracy:  0.5179 	Valid Loss:  1.2051 	 Valid Accuracy:  0.3929
Run: [10]	 Epoch: [2]	 Train Loss:  1.174427 	 Train Accuracy:  0.7411 	Valid Loss:  1.0865 	 Valid Accuracy:  0.6429
Run: [10]	 Epoch: [3]	 Train Loss:  0.828340 	 Train Accuracy:  0.9196 	Valid Loss:  0.6685 	 Valid Accuracy:  0.8214
Run: [10]	 Epoch: [4]	 Train Loss:  0.547192 	 Train Accuracy:  0.9643 	Valid Loss:  0.6765 	 Valid Accuracy:  0.7857
Run: [10]	 Epoch: [5]	 Train Loss:  0.449646 	 Train Accuracy:  0.9554 	Valid Loss:  0.4379 	 Valid Accuracy:  0.9286
Run: [10]	 Epoch: [6]	 Train Loss:  0.410496 	 Train Accuracy:  0.9643 	Valid Loss:  0.3819 	 Valid Accuracy:  0.8929
Run: [10]	 Epoch: [7]	 Train Loss:  0.349956 	 Train Accuracy:  0.9643 	Valid Loss:  0.3097 	 Valid Accuracy:  0.9286
Run: [10]	 Epoch: [8]	 Train Loss:  0.341574 	 Train Accuracy:  0.9732 	Valid Loss:  0.2582 	 Valid Accuracy:  1.0000
Run: [10]	 Epoch: [9]	 Train Loss:  0.266919 	 Train Accuracy:  0.9821 	Valid Loss:  0.2357 	 Valid Accuracy:  0.9643
Run: [10]	 Epoch: [10]	 Train Loss:  0.225533 	 Train Accuracy:  1.0000 	Valid Loss:  0.2423 	 Valid Accuracy:  0.9643
Run: [10]	 Epoch: [11]	 Train Loss:  0.185661 	 Train Accuracy:  1.0000 	Valid Loss:  0.2776 	 Valid Accuracy:  0.9643
Run: [10]	 Epoch: [12]	 Train Loss:  0.164479 	 Train Accuracy:  1.0000 	Valid Loss:  0.3007 	 Valid Accuracy:  0.9643
Run: [10]	 Epoch: [13]	 Train Loss:  0.163748 	 Train Accuracy:  1.0000 	Valid Loss:  0.2830 	 Valid Accuracy:  0.9643
Run: [10]	 Epoch: [14]	 Train Loss:  0.137302 	 Train Accuracy:  1.0000 	Valid Loss:  0.2453 	 Valid Accuracy:  0.9643
Run: [10]	 Epoch: [15]	 Train Loss:  0.118853 	 Train Accuracy:  1.0000 	Valid Loss:  0.2065 	 Valid Accuracy:  0.9643
Run: [10]	 Epoch: [16]	 Train Loss:  0.116751 	 Train Accuracy:  1.0000 	Valid Loss:  0.1807 	 Valid Accuracy:  0.9643
Run: [10]	 Epoch: [17]	 Train Loss:  0.101152 	 Train Accuracy:  1.0000 	Valid Loss:  0.1639 	 Valid Accuracy:  0.9643
Run: [10]	 Epoch: [18]	 Train Loss:  0.094254 	 Train Accuracy:  1.0000 	Valid Loss:  0.1537 	 Valid Accuracy:  0.9643
Run: [10]	 Epoch: [19]	 Train Loss:  0.061139 	 Train Accuracy:  1.0000 	Valid Loss:  0.1472 	 Valid Accuracy:  0.9643
Run: [10]	 Epoch: [20]	 Train Loss:  0.079495 	 Train Accuracy:  1.0000 	Valid Loss:  0.1429 	 Valid Accuracy:  0.9643
Run: [10]	 Epoch: [21]	 Train Loss:  0.077732 	 Train Accuracy:  1.0000 	Valid Loss:  0.1400 	 Valid Accuracy:  0.9643
Run: [10]	 Epoch: [22]	 Train Loss:  0.054213 	 Train Accuracy:  1.0000 	Valid Loss:  0.1385 	 Valid Accuracy:  0.9643
Run: [10]	 Epoch: [23]	 Train Loss:  0.059565 	 Train Accuracy:  1.0000 	Valid Loss:  0.1385 	 Valid Accuracy:  0.9643
Run: [10]	 Epoch: [24]	 Train Loss:  0.080129 	 Train Accuracy:  1.0000 	Valid Loss:  0.1393 	 Valid Accuracy:  0.9643
Run: [10]	 Epoch: [25]	 Train Loss:  0.065887 	 Train Accuracy:  1.0000 	Valid Loss:  0.1433 	 Valid Accuracy:  0.9643
Run: [10]	 Epoch: [26]	 Train Loss:  0.045916 	 Train Accuracy:  1.0000 	Valid Loss:  0.1504 	 Valid Accuracy:  0.9643
Run: [10]	 Epoch: [27]	 Train Loss:  0.074236 	 Train Accuracy:  1.0000 	Valid Loss:  0.1597 	 Valid Accuracy:  0.9643
Run: [10]	 Epoch: [28]	 Train Loss:  0.055657 	 Train Accuracy:  1.0000 	Valid Loss:  0.1715 	 Valid Accuracy:  0.9643
Run: [10]	 Epoch: [29]	 Train Loss:  0.052823 	 Train Accuracy:  1.0000 	Valid Loss:  0.1846 	 Valid Accuracy:  0.9643
Run: [10]	 Epoch: [30]	 Train Loss:  0.048731 	 Train Accuracy:  1.0000 	Valid Loss:  0.1985 	 Valid Accuracy:  0.9286
Run: [10]	 Epoch: [31]	 Train Loss:  0.051394 	 Train Accuracy:  1.0000 	Valid Loss:  0.2112 	 Valid Accuracy:  0.9286
Run: [10]	 Epoch: [32]	 Train Loss:  0.040573 	 Train Accuracy:  1.0000 	Valid Loss:  0.2244 	 Valid Accuracy:  0.9286
Run: [10]	 Epoch: [33]	 Train Loss:  0.039625 	 Train Accuracy:  1.0000 	Valid Loss:  0.2361 	 Valid Accuracy:  0.9286
Run: [10]	 Epoch: [34]	 Train Loss:  0.017669 	 Train Accuracy:  1.0000 	Valid Loss:  0.2450 	 Valid Accuracy:  0.9286
Run: [10]	 Epoch: [35]	 Train Loss:  0.057792 	 Train Accuracy:  1.0000 	Valid Loss:  0.2532 	 Valid Accuracy:  0.9286
Run: [10]	 Epoch: [36]	 Train Loss:  0.032272 	 Train Accuracy:  1.0000 	Valid Loss:  0.2609 	 Valid Accuracy:  0.9286
Run: [10]	 Epoch: [37]	 Train Loss:  0.038543 	 Train Accuracy:  1.0000 	Valid Loss:  0.2702 	 Valid Accuracy:  0.9286
Run: [10]	 Epoch: [38]	 Train Loss:  0.031103 	 Train Accuracy:  1.0000 	Valid Loss:  0.2792 	 Valid Accuracy:  0.9286
Run: [10]	 Epoch: [39]	 Train Loss:  0.030541 	 Train Accuracy:  1.0000 	Valid Loss:  0.2917 	 Valid Accuracy:  0.9286
Run: [10]	 Epoch: [40]	 Train Loss:  0.024474 	 Train Accuracy:  1.0000 	Valid Loss:  0.3019 	 Valid Accuracy:  0.9286
Run: [10]	 Epoch: [41]	 Train Loss:  0.041417 	 Train Accuracy:  1.0000 	Valid Loss:  0.3087 	 Valid Accuracy:  0.9286
Run: [10]	 Epoch: [42]	 Train Loss:  0.034435 	 Train Accuracy:  1.0000 	Valid Loss:  0.3170 	 Valid Accuracy:  0.9286
Run: [10]	 Epoch: [43]	 Train Loss:  0.022692 	 Train Accuracy:  1.0000 	Valid Loss:  0.3275 	 Valid Accuracy:  0.9286
Run: [10]	 Epoch: [44]	 Train Loss:  0.040503 	 Train Accuracy:  1.0000 	Valid Loss:  0.2799 	 Valid Accuracy:  0.9286
Run: [10]	 Epoch: [45]	 Train Loss:  0.028395 	 Train Accuracy:  1.0000 	Valid Loss:  0.2492 	 Valid Accuracy:  0.9286
Run: [10]	 Epoch: [46]	 Train Loss:  0.050926 	 Train Accuracy:  1.0000 	Valid Loss:  0.2294 	 Valid Accuracy:  0.9286
Run: [10]	 Epoch: [47]	 Train Loss:  0.016446 	 Train Accuracy:  1.0000 	Valid Loss:  0.2140 	 Valid Accuracy:  0.9286
Run: [10]	 Epoch: [48]	 Train Loss:  0.017314 	 Train Accuracy:  1.0000 	Valid Loss:  0.2153 	 Valid Accuracy:  0.9286
Run: [10]	 Epoch: [49]	 Train Loss:  0.024539 	 Train Accuracy:  1.0000 	Valid Loss:  0.2246 	 Valid Accuracy:  0.9286
Run: [10]	 Epoch: [50]	 Train Loss:  0.032437 	 Train Accuracy:  1.0000 	Valid Loss:  0.2406 	 Valid Accuracy:  0.9286
Test Accuracy in run 10 is: 0.9722222089767456
Total Train Accuracy after run 10 is: 1.0000
Total Test Accuracy after run 10 is: 0.9472
Best Test Accuracy in 10 runs is: 0.9722
