==========       System Configuration      =============
phase:train
use_cpu:False
runs:10
validation:0.1
data_dir:/data/entity
batch_size:1
dataset:MUTAG
total_epochs:50
save_freq:5
lr:0.01
multi_gpus:False
postname:
l2norm:0.0005
no_fusion:True
kernel_size:64
block_type:dense
n_layers:7
act:relu
norm:layer
bias:True
dropout:0.2
channels:16
dec:basis
bases:30
aggr:mean
ckpt_path:
save_best_only:True
task:denseR
post:denseR-MUTAG-dense-7-16-No fuse
time:210302-17-39-52
save_path:/content/drive/MyDrive/denseR/checkpoints/ckpts-denseR-MUTAG-dense-7-16-No fuse-210302-17-39-52
logdir:/content/drive/MyDrive/denseR/logs/denseR-MUTAG-dense-7-16-No fuse-210302-17-39-52
device:cuda
epoch:-1
printer:<Logger args (DEBUG)>
==========     CONFIG END    =============


===> Phase is train.
 === Downloading Dataset and Creating graphs ===
=== Dataset info ===
Number of training nodes: 272 	 Number of testing nodes: 68	 Total Number of labelled nodes: 340
Number of classes in this graph: 2 	 Number of nodes: 23644 	 Number of relation types: 46
==== Initializing the Optimizer ====
Run: [1]	 Epoch: [1]	 Train Loss:  5.513488 	 Train Accuracy:  0.6352 	Valid Loss:  2.6673 	 Valid Accuracy:  0.5357
Run: [1]	 Epoch: [2]	 Train Loss:  2.407506 	 Train Accuracy:  0.9590 	Valid Loss:  2.4594 	 Valid Accuracy:  0.5357
Run: [1]	 Epoch: [3]	 Train Loss:  1.740968 	 Train Accuracy:  1.0000 	Valid Loss:  2.3428 	 Valid Accuracy:  0.6429
Run: [1]	 Epoch: [4]	 Train Loss:  1.494304 	 Train Accuracy:  1.0000 	Valid Loss:  2.2858 	 Valid Accuracy:  0.6429
Run: [1]	 Epoch: [5]	 Train Loss:  1.371606 	 Train Accuracy:  1.0000 	Valid Loss:  2.2435 	 Valid Accuracy:  0.6429
Run: [1]	 Epoch: [6]	 Train Loss:  1.295724 	 Train Accuracy:  1.0000 	Valid Loss:  2.2083 	 Valid Accuracy:  0.6071
Run: [1]	 Epoch: [7]	 Train Loss:  1.237378 	 Train Accuracy:  1.0000 	Valid Loss:  2.1752 	 Valid Accuracy:  0.6071
Run: [1]	 Epoch: [8]	 Train Loss:  1.184292 	 Train Accuracy:  1.0000 	Valid Loss:  2.1423 	 Valid Accuracy:  0.6429
Run: [1]	 Epoch: [9]	 Train Loss:  1.134435 	 Train Accuracy:  1.0000 	Valid Loss:  2.1092 	 Valid Accuracy:  0.6071
Run: [1]	 Epoch: [10]	 Train Loss:  1.088082 	 Train Accuracy:  1.0000 	Valid Loss:  2.0750 	 Valid Accuracy:  0.6071
Run: [1]	 Epoch: [11]	 Train Loss:  1.044786 	 Train Accuracy:  1.0000 	Valid Loss:  2.0388 	 Valid Accuracy:  0.6071
Run: [1]	 Epoch: [12]	 Train Loss:  1.003676 	 Train Accuracy:  1.0000 	Valid Loss:  2.0009 	 Valid Accuracy:  0.6071
Run: [1]	 Epoch: [13]	 Train Loss:  0.964200 	 Train Accuracy:  1.0000 	Valid Loss:  1.9624 	 Valid Accuracy:  0.6071
Run: [1]	 Epoch: [14]	 Train Loss:  0.926111 	 Train Accuracy:  1.0000 	Valid Loss:  1.9248 	 Valid Accuracy:  0.6429
Run: [1]	 Epoch: [15]	 Train Loss:  0.889282 	 Train Accuracy:  1.0000 	Valid Loss:  1.8890 	 Valid Accuracy:  0.6429
Run: [1]	 Epoch: [16]	 Train Loss:  0.853655 	 Train Accuracy:  1.0000 	Valid Loss:  1.8557 	 Valid Accuracy:  0.6786
Run: [1]	 Epoch: [17]	 Train Loss:  0.819255 	 Train Accuracy:  1.0000 	Valid Loss:  1.8247 	 Valid Accuracy:  0.6786
Run: [1]	 Epoch: [18]	 Train Loss:  0.786160 	 Train Accuracy:  1.0000 	Valid Loss:  1.7959 	 Valid Accuracy:  0.6786
Run: [1]	 Epoch: [19]	 Train Loss:  0.754371 	 Train Accuracy:  1.0000 	Valid Loss:  1.7688 	 Valid Accuracy:  0.6786
Run: [1]	 Epoch: [20]	 Train Loss:  0.723816 	 Train Accuracy:  1.0000 	Valid Loss:  1.7429 	 Valid Accuracy:  0.6786
Run: [1]	 Epoch: [21]	 Train Loss:  0.694402 	 Train Accuracy:  1.0000 	Valid Loss:  1.7177 	 Valid Accuracy:  0.6429
Run: [1]	 Epoch: [22]	 Train Loss:  0.666059 	 Train Accuracy:  1.0000 	Valid Loss:  1.6925 	 Valid Accuracy:  0.6429
Run: [1]	 Epoch: [23]	 Train Loss:  0.638745 	 Train Accuracy:  1.0000 	Valid Loss:  1.6668 	 Valid Accuracy:  0.6429
Run: [1]	 Epoch: [24]	 Train Loss:  0.612447 	 Train Accuracy:  1.0000 	Valid Loss:  1.6406 	 Valid Accuracy:  0.6429
Run: [1]	 Epoch: [25]	 Train Loss:  0.587164 	 Train Accuracy:  1.0000 	Valid Loss:  1.6140 	 Valid Accuracy:  0.6429
Run: [1]	 Epoch: [26]	 Train Loss:  0.562891 	 Train Accuracy:  1.0000 	Valid Loss:  1.5874 	 Valid Accuracy:  0.6429
Run: [1]	 Epoch: [27]	 Train Loss:  0.539668 	 Train Accuracy:  1.0000 	Valid Loss:  1.5616 	 Valid Accuracy:  0.6071
Run: [1]	 Epoch: [28]	 Train Loss:  0.517482 	 Train Accuracy:  1.0000 	Valid Loss:  1.5364 	 Valid Accuracy:  0.6071
Run: [1]	 Epoch: [29]	 Train Loss:  0.496031 	 Train Accuracy:  1.0000 	Valid Loss:  1.5120 	 Valid Accuracy:  0.6071
Run: [1]	 Epoch: [30]	 Train Loss:  0.475179 	 Train Accuracy:  1.0000 	Valid Loss:  1.4886 	 Valid Accuracy:  0.6071
Run: [1]	 Epoch: [31]	 Train Loss:  0.455156 	 Train Accuracy:  1.0000 	Valid Loss:  1.4666 	 Valid Accuracy:  0.6071
Run: [1]	 Epoch: [32]	 Train Loss:  0.436097 	 Train Accuracy:  1.0000 	Valid Loss:  1.4456 	 Valid Accuracy:  0.6071
Run: [1]	 Epoch: [33]	 Train Loss:  0.418021 	 Train Accuracy:  1.0000 	Valid Loss:  1.4256 	 Valid Accuracy:  0.6071
Run: [1]	 Epoch: [34]	 Train Loss:  0.400944 	 Train Accuracy:  1.0000 	Valid Loss:  1.4063 	 Valid Accuracy:  0.6071
Run: [1]	 Epoch: [35]	 Train Loss:  0.384839 	 Train Accuracy:  1.0000 	Valid Loss:  1.3876 	 Valid Accuracy:  0.6071
Run: [1]	 Epoch: [36]	 Train Loss:  0.369611 	 Train Accuracy:  1.0000 	Valid Loss:  1.3694 	 Valid Accuracy:  0.6071
Run: [1]	 Epoch: [37]	 Train Loss:  0.355153 	 Train Accuracy:  1.0000 	Valid Loss:  1.3519 	 Valid Accuracy:  0.6071
Run: [1]	 Epoch: [38]	 Train Loss:  0.341415 	 Train Accuracy:  1.0000 	Valid Loss:  1.3355 	 Valid Accuracy:  0.6071
Run: [1]	 Epoch: [39]	 Train Loss:  0.328418 	 Train Accuracy:  1.0000 	Valid Loss:  1.3204 	 Valid Accuracy:  0.6071
Run: [1]	 Epoch: [40]	 Train Loss:  0.316163 	 Train Accuracy:  1.0000 	Valid Loss:  1.3066 	 Valid Accuracy:  0.6071
Run: [1]	 Epoch: [41]	 Train Loss:  0.304441 	 Train Accuracy:  1.0000 	Valid Loss:  1.2943 	 Valid Accuracy:  0.6071
Run: [1]	 Epoch: [42]	 Train Loss:  0.293145 	 Train Accuracy:  1.0000 	Valid Loss:  1.2839 	 Valid Accuracy:  0.6071
Run: [1]	 Epoch: [43]	 Train Loss:  0.282500 	 Train Accuracy:  1.0000 	Valid Loss:  1.2752 	 Valid Accuracy:  0.6071
Run: [1]	 Epoch: [44]	 Train Loss:  0.272447 	 Train Accuracy:  1.0000 	Valid Loss:  1.2678 	 Valid Accuracy:  0.6071
Run: [1]	 Epoch: [45]	 Train Loss:  0.262739 	 Train Accuracy:  1.0000 	Valid Loss:  1.2619 	 Valid Accuracy:  0.6071
Run: [1]	 Epoch: [46]	 Train Loss:  0.253748 	 Train Accuracy:  1.0000 	Valid Loss:  1.2565 	 Valid Accuracy:  0.6071
Run: [1]	 Epoch: [47]	 Train Loss:  0.244980 	 Train Accuracy:  1.0000 	Valid Loss:  1.2512 	 Valid Accuracy:  0.6071
Run: [1]	 Epoch: [48]	 Train Loss:  0.236591 	 Train Accuracy:  1.0000 	Valid Loss:  1.2459 	 Valid Accuracy:  0.6071
Run: [1]	 Epoch: [49]	 Train Loss:  0.228769 	 Train Accuracy:  1.0000 	Valid Loss:  1.2399 	 Valid Accuracy:  0.6071
Run: [1]	 Epoch: [50]	 Train Loss:  0.221156 	 Train Accuracy:  1.0000 	Valid Loss:  1.2337 	 Valid Accuracy:  0.6071
Test Accuracy in run 1 is: 0.7058823704719543
Total Train Accuracy after run 1 is: 1.0000
Total Test Accuracy after run 1 is: 0.7059
Best Test Accuracy in 1 runs is: 0.7059
Run: [2]	 Epoch: [1]	 Train Loss:  5.574083 	 Train Accuracy:  0.7541 	Valid Loss:  3.0025 	 Valid Accuracy:  0.4286
Run: [2]	 Epoch: [2]	 Train Loss:  2.212663 	 Train Accuracy:  0.9754 	Valid Loss:  2.6944 	 Valid Accuracy:  0.5000
Run: [2]	 Epoch: [3]	 Train Loss:  1.607276 	 Train Accuracy:  1.0000 	Valid Loss:  2.5393 	 Valid Accuracy:  0.5357
Run: [2]	 Epoch: [4]	 Train Loss:  1.466731 	 Train Accuracy:  1.0000 	Valid Loss:  2.4387 	 Valid Accuracy:  0.5357
Run: [2]	 Epoch: [5]	 Train Loss:  1.382535 	 Train Accuracy:  1.0000 	Valid Loss:  2.3591 	 Valid Accuracy:  0.5714
Run: [2]	 Epoch: [6]	 Train Loss:  1.314690 	 Train Accuracy:  1.0000 	Valid Loss:  2.2927 	 Valid Accuracy:  0.6071
Run: [2]	 Epoch: [7]	 Train Loss:  1.256278 	 Train Accuracy:  1.0000 	Valid Loss:  2.2382 	 Valid Accuracy:  0.6071
Run: [2]	 Epoch: [8]	 Train Loss:  1.205367 	 Train Accuracy:  1.0000 	Valid Loss:  2.1912 	 Valid Accuracy:  0.6429
Run: [2]	 Epoch: [9]	 Train Loss:  1.158849 	 Train Accuracy:  1.0000 	Valid Loss:  2.1483 	 Valid Accuracy:  0.6071
Run: [2]	 Epoch: [10]	 Train Loss:  1.114408 	 Train Accuracy:  1.0000 	Valid Loss:  2.1083 	 Valid Accuracy:  0.6786
Run: [2]	 Epoch: [11]	 Train Loss:  1.071544 	 Train Accuracy:  1.0000 	Valid Loss:  2.0705 	 Valid Accuracy:  0.6786
Run: [2]	 Epoch: [12]	 Train Loss:  1.030475 	 Train Accuracy:  1.0000 	Valid Loss:  2.0347 	 Valid Accuracy:  0.7500
Run: [2]	 Epoch: [13]	 Train Loss:  0.991178 	 Train Accuracy:  1.0000 	Valid Loss:  2.0001 	 Valid Accuracy:  0.7500
Run: [2]	 Epoch: [14]	 Train Loss:  0.953294 	 Train Accuracy:  1.0000 	Valid Loss:  1.9662 	 Valid Accuracy:  0.6786
Run: [2]	 Epoch: [15]	 Train Loss:  0.916418 	 Train Accuracy:  1.0000 	Valid Loss:  1.9327 	 Valid Accuracy:  0.6429
Run: [2]	 Epoch: [16]	 Train Loss:  0.880479 	 Train Accuracy:  1.0000 	Valid Loss:  1.8998 	 Valid Accuracy:  0.6429
Run: [2]	 Epoch: [17]	 Train Loss:  0.845599 	 Train Accuracy:  1.0000 	Valid Loss:  1.8673 	 Valid Accuracy:  0.6429
Run: [2]	 Epoch: [18]	 Train Loss:  0.811821 	 Train Accuracy:  1.0000 	Valid Loss:  1.8352 	 Valid Accuracy:  0.6429
Run: [2]	 Epoch: [19]	 Train Loss:  0.779076 	 Train Accuracy:  1.0000 	Valid Loss:  1.8033 	 Valid Accuracy:  0.6786
Run: [2]	 Epoch: [20]	 Train Loss:  0.747271 	 Train Accuracy:  1.0000 	Valid Loss:  1.7716 	 Valid Accuracy:  0.6429
Run: [2]	 Epoch: [21]	 Train Loss:  0.716360 	 Train Accuracy:  1.0000 	Valid Loss:  1.7401 	 Valid Accuracy:  0.6071
Run: [2]	 Epoch: [22]	 Train Loss:  0.686350 	 Train Accuracy:  1.0000 	Valid Loss:  1.7091 	 Valid Accuracy:  0.6071
Run: [2]	 Epoch: [23]	 Train Loss:  0.657290 	 Train Accuracy:  1.0000 	Valid Loss:  1.6786 	 Valid Accuracy:  0.6429
Run: [2]	 Epoch: [24]	 Train Loss:  0.629256 	 Train Accuracy:  1.0000 	Valid Loss:  1.6488 	 Valid Accuracy:  0.6429
Run: [2]	 Epoch: [25]	 Train Loss:  0.602344 	 Train Accuracy:  1.0000 	Valid Loss:  1.6200 	 Valid Accuracy:  0.6786
Run: [2]	 Epoch: [26]	 Train Loss:  0.576645 	 Train Accuracy:  1.0000 	Valid Loss:  1.5921 	 Valid Accuracy:  0.7143
Run: [2]	 Epoch: [27]	 Train Loss:  0.552184 	 Train Accuracy:  1.0000 	Valid Loss:  1.5649 	 Valid Accuracy:  0.7143
Run: [2]	 Epoch: [28]	 Train Loss:  0.528878 	 Train Accuracy:  1.0000 	Valid Loss:  1.5380 	 Valid Accuracy:  0.6786
Run: [2]	 Epoch: [29]	 Train Loss:  0.506662 	 Train Accuracy:  1.0000 	Valid Loss:  1.5116 	 Valid Accuracy:  0.6786
Run: [2]	 Epoch: [30]	 Train Loss:  0.485704 	 Train Accuracy:  1.0000 	Valid Loss:  1.4846 	 Valid Accuracy:  0.6429
Run: [2]	 Epoch: [31]	 Train Loss:  0.465313 	 Train Accuracy:  1.0000 	Valid Loss:  1.4573 	 Valid Accuracy:  0.6786
Run: [2]	 Epoch: [32]	 Train Loss:  0.445748 	 Train Accuracy:  1.0000 	Valid Loss:  1.4315 	 Valid Accuracy:  0.7143
Run: [2]	 Epoch: [33]	 Train Loss:  0.428014 	 Train Accuracy:  1.0000 	Valid Loss:  1.4042 	 Valid Accuracy:  0.7500
Run: [2]	 Epoch: [34]	 Train Loss:  0.410200 	 Train Accuracy:  1.0000 	Valid Loss:  1.3776 	 Valid Accuracy:  0.7500
Run: [2]	 Epoch: [35]	 Train Loss:  0.393702 	 Train Accuracy:  1.0000 	Valid Loss:  1.3517 	 Valid Accuracy:  0.7857
Run: [2]	 Epoch: [36]	 Train Loss:  0.378371 	 Train Accuracy:  1.0000 	Valid Loss:  1.3256 	 Valid Accuracy:  0.8214
Run: [2]	 Epoch: [37]	 Train Loss:  0.363603 	 Train Accuracy:  1.0000 	Valid Loss:  1.2991 	 Valid Accuracy:  0.8214
Run: [2]	 Epoch: [38]	 Train Loss:  0.349179 	 Train Accuracy:  1.0000 	Valid Loss:  1.2732 	 Valid Accuracy:  0.8214
Run: [2]	 Epoch: [39]	 Train Loss:  0.335531 	 Train Accuracy:  1.0000 	Valid Loss:  1.2487 	 Valid Accuracy:  0.8214
Run: [2]	 Epoch: [40]	 Train Loss:  0.322980 	 Train Accuracy:  1.0000 	Valid Loss:  1.2246 	 Valid Accuracy:  0.8214
Run: [2]	 Epoch: [41]	 Train Loss:  0.310941 	 Train Accuracy:  1.0000 	Valid Loss:  1.2006 	 Valid Accuracy:  0.8214
Run: [2]	 Epoch: [42]	 Train Loss:  0.299039 	 Train Accuracy:  1.0000 	Valid Loss:  1.1777 	 Valid Accuracy:  0.8214
Run: [2]	 Epoch: [43]	 Train Loss:  0.287822 	 Train Accuracy:  1.0000 	Valid Loss:  1.1570 	 Valid Accuracy:  0.7857
Run: [2]	 Epoch: [44]	 Train Loss:  0.277717 	 Train Accuracy:  1.0000 	Valid Loss:  1.1371 	 Valid Accuracy:  0.7857
Run: [2]	 Epoch: [45]	 Train Loss:  0.268030 	 Train Accuracy:  1.0000 	Valid Loss:  1.1173 	 Valid Accuracy:  0.7857
Run: [2]	 Epoch: [46]	 Train Loss:  0.258392 	 Train Accuracy:  1.0000 	Valid Loss:  1.0990 	 Valid Accuracy:  0.7857
Run: [2]	 Epoch: [47]	 Train Loss:  0.249504 	 Train Accuracy:  1.0000 	Valid Loss:  1.0814 	 Valid Accuracy:  0.7857
Run: [2]	 Epoch: [48]	 Train Loss:  0.241001 	 Train Accuracy:  1.0000 	Valid Loss:  1.0650 	 Valid Accuracy:  0.7857
Run: [2]	 Epoch: [49]	 Train Loss:  0.232868 	 Train Accuracy:  1.0000 	Valid Loss:  1.0498 	 Valid Accuracy:  0.8214
Run: [2]	 Epoch: [50]	 Train Loss:  0.225131 	 Train Accuracy:  1.0000 	Valid Loss:  1.0364 	 Valid Accuracy:  0.8214
Test Accuracy in run 2 is: 0.6176470518112183
Total Train Accuracy after run 2 is: 1.0000
Total Test Accuracy after run 2 is: 0.6618
Best Test Accuracy in 2 runs is: 0.7059
Run: [3]	 Epoch: [1]	 Train Loss:  6.121696 	 Train Accuracy:  0.3156 	Valid Loss:  3.4161 	 Valid Accuracy:  0.2143
Run: [3]	 Epoch: [2]	 Train Loss:  2.964690 	 Train Accuracy:  0.9754 	Valid Loss:  3.0216 	 Valid Accuracy:  0.3214
Run: [3]	 Epoch: [3]	 Train Loss:  1.713081 	 Train Accuracy:  1.0000 	Valid Loss:  2.8206 	 Valid Accuracy:  0.4286
Run: [3]	 Epoch: [4]	 Train Loss:  1.509420 	 Train Accuracy:  1.0000 	Valid Loss:  2.6722 	 Valid Accuracy:  0.4286
Run: [3]	 Epoch: [5]	 Train Loss:  1.407451 	 Train Accuracy:  1.0000 	Valid Loss:  2.5473 	 Valid Accuracy:  0.4643
Run: [3]	 Epoch: [6]	 Train Loss:  1.334610 	 Train Accuracy:  1.0000 	Valid Loss:  2.4345 	 Valid Accuracy:  0.4643
Run: [3]	 Epoch: [7]	 Train Loss:  1.272543 	 Train Accuracy:  1.0000 	Valid Loss:  2.3356 	 Valid Accuracy:  0.5714
Run: [3]	 Epoch: [8]	 Train Loss:  1.217591 	 Train Accuracy:  1.0000 	Valid Loss:  2.2506 	 Valid Accuracy:  0.6071
Run: [3]	 Epoch: [9]	 Train Loss:  1.167367 	 Train Accuracy:  1.0000 	Valid Loss:  2.1786 	 Valid Accuracy:  0.6429
Run: [3]	 Epoch: [10]	 Train Loss:  1.120682 	 Train Accuracy:  1.0000 	Valid Loss:  2.1177 	 Valid Accuracy:  0.6429
Run: [3]	 Epoch: [11]	 Train Loss:  1.076634 	 Train Accuracy:  1.0000 	Valid Loss:  2.0655 	 Valid Accuracy:  0.6429
Run: [3]	 Epoch: [12]	 Train Loss:  1.034449 	 Train Accuracy:  1.0000 	Valid Loss:  2.0208 	 Valid Accuracy:  0.6429
Run: [3]	 Epoch: [13]	 Train Loss:  0.994350 	 Train Accuracy:  1.0000 	Valid Loss:  1.9819 	 Valid Accuracy:  0.6429
Run: [3]	 Epoch: [14]	 Train Loss:  0.956398 	 Train Accuracy:  1.0000 	Valid Loss:  1.9471 	 Valid Accuracy:  0.6429
Run: [3]	 Epoch: [15]	 Train Loss:  0.920240 	 Train Accuracy:  1.0000 	Valid Loss:  1.9146 	 Valid Accuracy:  0.6071
Run: [3]	 Epoch: [16]	 Train Loss:  0.885434 	 Train Accuracy:  1.0000 	Valid Loss:  1.8831 	 Valid Accuracy:  0.6071
Run: [3]	 Epoch: [17]	 Train Loss:  0.851735 	 Train Accuracy:  1.0000 	Valid Loss:  1.8519 	 Valid Accuracy:  0.6071
Run: [3]	 Epoch: [18]	 Train Loss:  0.819052 	 Train Accuracy:  1.0000 	Valid Loss:  1.8204 	 Valid Accuracy:  0.6071
Run: [3]	 Epoch: [19]	 Train Loss:  0.787202 	 Train Accuracy:  1.0000 	Valid Loss:  1.7882 	 Valid Accuracy:  0.6071
Run: [3]	 Epoch: [20]	 Train Loss:  0.756033 	 Train Accuracy:  1.0000 	Valid Loss:  1.7555 	 Valid Accuracy:  0.6071
Run: [3]	 Epoch: [21]	 Train Loss:  0.725614 	 Train Accuracy:  1.0000 	Valid Loss:  1.7226 	 Valid Accuracy:  0.6071
Run: [3]	 Epoch: [22]	 Train Loss:  0.696074 	 Train Accuracy:  1.0000 	Valid Loss:  1.6897 	 Valid Accuracy:  0.6071
Run: [3]	 Epoch: [23]	 Train Loss:  0.667435 	 Train Accuracy:  1.0000 	Valid Loss:  1.6570 	 Valid Accuracy:  0.6429
Run: [3]	 Epoch: [24]	 Train Loss:  0.639642 	 Train Accuracy:  1.0000 	Valid Loss:  1.6246 	 Valid Accuracy:  0.6429
Run: [3]	 Epoch: [25]	 Train Loss:  0.612677 	 Train Accuracy:  1.0000 	Valid Loss:  1.5927 	 Valid Accuracy:  0.6429
Run: [3]	 Epoch: [26]	 Train Loss:  0.586587 	 Train Accuracy:  1.0000 	Valid Loss:  1.5616 	 Valid Accuracy:  0.6429
Run: [3]	 Epoch: [27]	 Train Loss:  0.561437 	 Train Accuracy:  1.0000 	Valid Loss:  1.5313 	 Valid Accuracy:  0.6786
Run: [3]	 Epoch: [28]	 Train Loss:  0.537274 	 Train Accuracy:  1.0000 	Valid Loss:  1.5020 	 Valid Accuracy:  0.6071
Run: [3]	 Epoch: [29]	 Train Loss:  0.514189 	 Train Accuracy:  1.0000 	Valid Loss:  1.4742 	 Valid Accuracy:  0.6071
Run: [3]	 Epoch: [30]	 Train Loss:  0.492489 	 Train Accuracy:  1.0000 	Valid Loss:  1.4484 	 Valid Accuracy:  0.6429
Run: [3]	 Epoch: [31]	 Train Loss:  0.472441 	 Train Accuracy:  1.0000 	Valid Loss:  1.4230 	 Valid Accuracy:  0.6429
Run: [3]	 Epoch: [32]	 Train Loss:  0.453006 	 Train Accuracy:  1.0000 	Valid Loss:  1.3980 	 Valid Accuracy:  0.6429
Run: [3]	 Epoch: [33]	 Train Loss:  0.434197 	 Train Accuracy:  1.0000 	Valid Loss:  1.3744 	 Valid Accuracy:  0.6429
Run: [3]	 Epoch: [34]	 Train Loss:  0.416789 	 Train Accuracy:  1.0000 	Valid Loss:  1.3517 	 Valid Accuracy:  0.6429
Run: [3]	 Epoch: [35]	 Train Loss:  0.400461 	 Train Accuracy:  1.0000 	Valid Loss:  1.3297 	 Valid Accuracy:  0.6429
Run: [3]	 Epoch: [36]	 Train Loss:  0.384847 	 Train Accuracy:  1.0000 	Valid Loss:  1.3085 	 Valid Accuracy:  0.6786
Run: [3]	 Epoch: [37]	 Train Loss:  0.369972 	 Train Accuracy:  1.0000 	Valid Loss:  1.2885 	 Valid Accuracy:  0.6786
Run: [3]	 Epoch: [38]	 Train Loss:  0.355826 	 Train Accuracy:  1.0000 	Valid Loss:  1.2699 	 Valid Accuracy:  0.6786
Run: [3]	 Epoch: [39]	 Train Loss:  0.342314 	 Train Accuracy:  1.0000 	Valid Loss:  1.2528 	 Valid Accuracy:  0.6786
Run: [3]	 Epoch: [40]	 Train Loss:  0.329369 	 Train Accuracy:  1.0000 	Valid Loss:  1.2373 	 Valid Accuracy:  0.6429
Run: [3]	 Epoch: [41]	 Train Loss:  0.316954 	 Train Accuracy:  1.0000 	Valid Loss:  1.2236 	 Valid Accuracy:  0.6429
Run: [3]	 Epoch: [42]	 Train Loss:  0.305144 	 Train Accuracy:  1.0000 	Valid Loss:  1.2120 	 Valid Accuracy:  0.6429
Run: [3]	 Epoch: [43]	 Train Loss:  0.294252 	 Train Accuracy:  1.0000 	Valid Loss:  1.2012 	 Valid Accuracy:  0.6429
Run: [3]	 Epoch: [44]	 Train Loss:  0.283553 	 Train Accuracy:  1.0000 	Valid Loss:  1.1922 	 Valid Accuracy:  0.6429
Run: [3]	 Epoch: [45]	 Train Loss:  0.273769 	 Train Accuracy:  1.0000 	Valid Loss:  1.1837 	 Valid Accuracy:  0.6429
Run: [3]	 Epoch: [46]	 Train Loss:  0.264105 	 Train Accuracy:  1.0000 	Valid Loss:  1.1766 	 Valid Accuracy:  0.6786
Run: [3]	 Epoch: [47]	 Train Loss:  0.255109 	 Train Accuracy:  1.0000 	Valid Loss:  1.1682 	 Valid Accuracy:  0.7143
Run: [3]	 Epoch: [48]	 Train Loss:  0.246535 	 Train Accuracy:  1.0000 	Valid Loss:  1.1543 	 Valid Accuracy:  0.7143
Run: [3]	 Epoch: [49]	 Train Loss:  0.238288 	 Train Accuracy:  1.0000 	Valid Loss:  1.1422 	 Valid Accuracy:  0.6786
Run: [3]	 Epoch: [50]	 Train Loss:  0.230493 	 Train Accuracy:  1.0000 	Valid Loss:  1.1317 	 Valid Accuracy:  0.6786
Test Accuracy in run 3 is: 0.5588235259056091
Total Train Accuracy after run 3 is: 1.0000
Total Test Accuracy after run 3 is: 0.6275
Best Test Accuracy in 3 runs is: 0.7059
Run: [4]	 Epoch: [1]	 Train Loss:  5.808588 	 Train Accuracy:  0.4836 	Valid Loss:  3.4462 	 Valid Accuracy:  0.1429
Run: [4]	 Epoch: [2]	 Train Loss:  2.597924 	 Train Accuracy:  0.9959 	Valid Loss:  2.9564 	 Valid Accuracy:  0.5000
Run: [4]	 Epoch: [3]	 Train Loss:  1.649656 	 Train Accuracy:  1.0000 	Valid Loss:  2.6937 	 Valid Accuracy:  0.5357
Run: [4]	 Epoch: [4]	 Train Loss:  1.487588 	 Train Accuracy:  1.0000 	Valid Loss:  2.5177 	 Valid Accuracy:  0.5357
Run: [4]	 Epoch: [5]	 Train Loss:  1.394533 	 Train Accuracy:  1.0000 	Valid Loss:  2.3889 	 Valid Accuracy:  0.5714
Run: [4]	 Epoch: [6]	 Train Loss:  1.324407 	 Train Accuracy:  1.0000 	Valid Loss:  2.2795 	 Valid Accuracy:  0.5714
Run: [4]	 Epoch: [7]	 Train Loss:  1.261859 	 Train Accuracy:  1.0000 	Valid Loss:  2.1865 	 Valid Accuracy:  0.6071
Run: [4]	 Epoch: [8]	 Train Loss:  1.205714 	 Train Accuracy:  1.0000 	Valid Loss:  2.1110 	 Valid Accuracy:  0.6071
Run: [4]	 Epoch: [9]	 Train Loss:  1.156074 	 Train Accuracy:  1.0000 	Valid Loss:  2.0511 	 Valid Accuracy:  0.6071
Run: [4]	 Epoch: [10]	 Train Loss:  1.111146 	 Train Accuracy:  1.0000 	Valid Loss:  2.0035 	 Valid Accuracy:  0.6071
Run: [4]	 Epoch: [11]	 Train Loss:  1.069003 	 Train Accuracy:  1.0000 	Valid Loss:  1.9644 	 Valid Accuracy:  0.6071
Run: [4]	 Epoch: [12]	 Train Loss:  1.028222 	 Train Accuracy:  1.0000 	Valid Loss:  1.9312 	 Valid Accuracy:  0.6071
Run: [4]	 Epoch: [13]	 Train Loss:  0.988581 	 Train Accuracy:  1.0000 	Valid Loss:  1.9018 	 Valid Accuracy:  0.6071
Run: [4]	 Epoch: [14]	 Train Loss:  0.950512 	 Train Accuracy:  1.0000 	Valid Loss:  1.8744 	 Valid Accuracy:  0.6429
Run: [4]	 Epoch: [15]	 Train Loss:  0.914255 	 Train Accuracy:  1.0000 	Valid Loss:  1.8473 	 Valid Accuracy:  0.6429
Run: [4]	 Epoch: [16]	 Train Loss:  0.879566 	 Train Accuracy:  1.0000 	Valid Loss:  1.8190 	 Valid Accuracy:  0.6429
Run: [4]	 Epoch: [17]	 Train Loss:  0.845948 	 Train Accuracy:  1.0000 	Valid Loss:  1.7889 	 Valid Accuracy:  0.6071
Run: [4]	 Epoch: [18]	 Train Loss:  0.813159 	 Train Accuracy:  1.0000 	Valid Loss:  1.7572 	 Valid Accuracy:  0.6071
Run: [4]	 Epoch: [19]	 Train Loss:  0.781302 	 Train Accuracy:  1.0000 	Valid Loss:  1.7242 	 Valid Accuracy:  0.5714
Run: [4]	 Epoch: [20]	 Train Loss:  0.750414 	 Train Accuracy:  1.0000 	Valid Loss:  1.6904 	 Valid Accuracy:  0.5714
Run: [4]	 Epoch: [21]	 Train Loss:  0.720358 	 Train Accuracy:  1.0000 	Valid Loss:  1.6564 	 Valid Accuracy:  0.6071
Run: [4]	 Epoch: [22]	 Train Loss:  0.691007 	 Train Accuracy:  1.0000 	Valid Loss:  1.6226 	 Valid Accuracy:  0.6429
Run: [4]	 Epoch: [23]	 Train Loss:  0.662359 	 Train Accuracy:  1.0000 	Valid Loss:  1.5898 	 Valid Accuracy:  0.6786
Run: [4]	 Epoch: [24]	 Train Loss:  0.634508 	 Train Accuracy:  1.0000 	Valid Loss:  1.5584 	 Valid Accuracy:  0.6786
Run: [4]	 Epoch: [25]	 Train Loss:  0.607560 	 Train Accuracy:  1.0000 	Valid Loss:  1.5288 	 Valid Accuracy:  0.7500
Run: [4]	 Epoch: [26]	 Train Loss:  0.581611 	 Train Accuracy:  1.0000 	Valid Loss:  1.5017 	 Valid Accuracy:  0.7500
Run: [4]	 Epoch: [27]	 Train Loss:  0.556959 	 Train Accuracy:  1.0000 	Valid Loss:  1.4776 	 Valid Accuracy:  0.7500
Run: [4]	 Epoch: [28]	 Train Loss:  0.533991 	 Train Accuracy:  1.0000 	Valid Loss:  1.4554 	 Valid Accuracy:  0.7857
Run: [4]	 Epoch: [29]	 Train Loss:  0.511735 	 Train Accuracy:  1.0000 	Valid Loss:  1.4356 	 Valid Accuracy:  0.7857
Run: [4]	 Epoch: [30]	 Train Loss:  0.490599 	 Train Accuracy:  1.0000 	Valid Loss:  1.4185 	 Valid Accuracy:  0.7857
Run: [4]	 Epoch: [31]	 Train Loss:  0.470685 	 Train Accuracy:  1.0000 	Valid Loss:  1.4034 	 Valid Accuracy:  0.6786
Run: [4]	 Epoch: [32]	 Train Loss:  0.451657 	 Train Accuracy:  1.0000 	Valid Loss:  1.3901 	 Valid Accuracy:  0.6786
Run: [4]	 Epoch: [33]	 Train Loss:  0.433412 	 Train Accuracy:  1.0000 	Valid Loss:  1.3787 	 Valid Accuracy:  0.6786
Run: [4]	 Epoch: [34]	 Train Loss:  0.416036 	 Train Accuracy:  1.0000 	Valid Loss:  1.3693 	 Valid Accuracy:  0.6786
Run: [4]	 Epoch: [35]	 Train Loss:  0.399531 	 Train Accuracy:  1.0000 	Valid Loss:  1.3620 	 Valid Accuracy:  0.6786
Run: [4]	 Epoch: [36]	 Train Loss:  0.383866 	 Train Accuracy:  1.0000 	Valid Loss:  1.3574 	 Valid Accuracy:  0.7143
Run: [4]	 Epoch: [37]	 Train Loss:  0.369154 	 Train Accuracy:  1.0000 	Valid Loss:  1.3556 	 Valid Accuracy:  0.6429
Run: [4]	 Epoch: [38]	 Train Loss:  0.355220 	 Train Accuracy:  1.0000 	Valid Loss:  1.3564 	 Valid Accuracy:  0.6429
Run: [4]	 Epoch: [39]	 Train Loss:  0.341675 	 Train Accuracy:  1.0000 	Valid Loss:  1.3616 	 Valid Accuracy:  0.6429
Run: [4]	 Epoch: [40]	 Train Loss:  0.329095 	 Train Accuracy:  1.0000 	Valid Loss:  1.3717 	 Valid Accuracy:  0.6429
Run: [4]	 Epoch: [41]	 Train Loss:  0.317190 	 Train Accuracy:  1.0000 	Valid Loss:  1.3874 	 Valid Accuracy:  0.6071
Run: [4]	 Epoch: [42]	 Train Loss:  0.305715 	 Train Accuracy:  1.0000 	Valid Loss:  1.4104 	 Valid Accuracy:  0.5714
Run: [4]	 Epoch: [43]	 Train Loss:  0.294709 	 Train Accuracy:  1.0000 	Valid Loss:  1.4409 	 Valid Accuracy:  0.5714
Run: [4]	 Epoch: [44]	 Train Loss:  0.284054 	 Train Accuracy:  1.0000 	Valid Loss:  1.4797 	 Valid Accuracy:  0.5714
Run: [4]	 Epoch: [45]	 Train Loss:  0.275001 	 Train Accuracy:  1.0000 	Valid Loss:  1.5284 	 Valid Accuracy:  0.5714
Run: [4]	 Epoch: [46]	 Train Loss:  0.264876 	 Train Accuracy:  1.0000 	Valid Loss:  1.5718 	 Valid Accuracy:  0.5714
Run: [4]	 Epoch: [47]	 Train Loss:  0.256235 	 Train Accuracy:  1.0000 	Valid Loss:  1.6096 	 Valid Accuracy:  0.5000
Run: [4]	 Epoch: [48]	 Train Loss:  0.247728 	 Train Accuracy:  1.0000 	Valid Loss:  1.6296 	 Valid Accuracy:  0.5000
Run: [4]	 Epoch: [49]	 Train Loss:  0.239579 	 Train Accuracy:  1.0000 	Valid Loss:  1.6383 	 Valid Accuracy:  0.4643
Run: [4]	 Epoch: [50]	 Train Loss:  0.231863 	 Train Accuracy:  1.0000 	Valid Loss:  1.6469 	 Valid Accuracy:  0.4643
Test Accuracy in run 4 is: 0.5
Total Train Accuracy after run 4 is: 1.0000
Total Test Accuracy after run 4 is: 0.5956
Best Test Accuracy in 4 runs is: 0.7059
Run: [5]	 Epoch: [1]	 Train Loss:  5.006893 	 Train Accuracy:  0.8361 	Valid Loss:  3.7172 	 Valid Accuracy:  0.3214
Run: [5]	 Epoch: [2]	 Train Loss:  1.986984 	 Train Accuracy:  0.9877 	Valid Loss:  3.4534 	 Valid Accuracy:  0.3571
Run: [5]	 Epoch: [3]	 Train Loss:  1.576068 	 Train Accuracy:  1.0000 	Valid Loss:  3.2768 	 Valid Accuracy:  0.3929
Run: [5]	 Epoch: [4]	 Train Loss:  1.430598 	 Train Accuracy:  1.0000 	Valid Loss:  3.1676 	 Valid Accuracy:  0.3929
Run: [5]	 Epoch: [5]	 Train Loss:  1.343215 	 Train Accuracy:  1.0000 	Valid Loss:  3.0830 	 Valid Accuracy:  0.3571
Run: [5]	 Epoch: [6]	 Train Loss:  1.274045 	 Train Accuracy:  1.0000 	Valid Loss:  3.0099 	 Valid Accuracy:  0.3571
Run: [5]	 Epoch: [7]	 Train Loss:  1.215353 	 Train Accuracy:  1.0000 	Valid Loss:  2.9431 	 Valid Accuracy:  0.3929
Run: [5]	 Epoch: [8]	 Train Loss:  1.163472 	 Train Accuracy:  1.0000 	Valid Loss:  2.8798 	 Valid Accuracy:  0.3571
Run: [5]	 Epoch: [9]	 Train Loss:  1.115936 	 Train Accuracy:  1.0000 	Valid Loss:  2.8196 	 Valid Accuracy:  0.3929
Run: [5]	 Epoch: [10]	 Train Loss:  1.071498 	 Train Accuracy:  1.0000 	Valid Loss:  2.7603 	 Valid Accuracy:  0.4286
Run: [5]	 Epoch: [11]	 Train Loss:  1.029265 	 Train Accuracy:  1.0000 	Valid Loss:  2.7003 	 Valid Accuracy:  0.3929
Run: [5]	 Epoch: [12]	 Train Loss:  0.988654 	 Train Accuracy:  1.0000 	Valid Loss:  2.6382 	 Valid Accuracy:  0.4286
Run: [5]	 Epoch: [13]	 Train Loss:  0.949453 	 Train Accuracy:  1.0000 	Valid Loss:  2.5740 	 Valid Accuracy:  0.3929
Run: [5]	 Epoch: [14]	 Train Loss:  0.911669 	 Train Accuracy:  1.0000 	Valid Loss:  2.5083 	 Valid Accuracy:  0.3929
Run: [5]	 Epoch: [15]	 Train Loss:  0.875300 	 Train Accuracy:  1.0000 	Valid Loss:  2.4417 	 Valid Accuracy:  0.3571
Run: [5]	 Epoch: [16]	 Train Loss:  0.840266 	 Train Accuracy:  1.0000 	Valid Loss:  2.3752 	 Valid Accuracy:  0.3571
Run: [5]	 Epoch: [17]	 Train Loss:  0.806457 	 Train Accuracy:  1.0000 	Valid Loss:  2.3095 	 Valid Accuracy:  0.3929
Run: [5]	 Epoch: [18]	 Train Loss:  0.773756 	 Train Accuracy:  1.0000 	Valid Loss:  2.2448 	 Valid Accuracy:  0.3571
Run: [5]	 Epoch: [19]	 Train Loss:  0.742055 	 Train Accuracy:  1.0000 	Valid Loss:  2.1813 	 Valid Accuracy:  0.5000
Run: [5]	 Epoch: [20]	 Train Loss:  0.711291 	 Train Accuracy:  1.0000 	Valid Loss:  2.1207 	 Valid Accuracy:  0.5000
Run: [5]	 Epoch: [21]	 Train Loss:  0.681437 	 Train Accuracy:  1.0000 	Valid Loss:  2.0637 	 Valid Accuracy:  0.5357
Run: [5]	 Epoch: [22]	 Train Loss:  0.652496 	 Train Accuracy:  1.0000 	Valid Loss:  2.0105 	 Valid Accuracy:  0.5714
Run: [5]	 Epoch: [23]	 Train Loss:  0.624504 	 Train Accuracy:  1.0000 	Valid Loss:  1.9614 	 Valid Accuracy:  0.6071
Run: [5]	 Epoch: [24]	 Train Loss:  0.597587 	 Train Accuracy:  1.0000 	Valid Loss:  1.9164 	 Valid Accuracy:  0.6071
Run: [5]	 Epoch: [25]	 Train Loss:  0.572017 	 Train Accuracy:  1.0000 	Valid Loss:  1.8757 	 Valid Accuracy:  0.5714
Run: [5]	 Epoch: [26]	 Train Loss:  0.548108 	 Train Accuracy:  1.0000 	Valid Loss:  1.8389 	 Valid Accuracy:  0.5714
Run: [5]	 Epoch: [27]	 Train Loss:  0.525614 	 Train Accuracy:  1.0000 	Valid Loss:  1.8049 	 Valid Accuracy:  0.6071
Run: [5]	 Epoch: [28]	 Train Loss:  0.503744 	 Train Accuracy:  1.0000 	Valid Loss:  1.7738 	 Valid Accuracy:  0.6071
Run: [5]	 Epoch: [29]	 Train Loss:  0.482712 	 Train Accuracy:  1.0000 	Valid Loss:  1.7459 	 Valid Accuracy:  0.6071
Run: [5]	 Epoch: [30]	 Train Loss:  0.462725 	 Train Accuracy:  1.0000 	Valid Loss:  1.7211 	 Valid Accuracy:  0.6071
Run: [5]	 Epoch: [31]	 Train Loss:  0.443638 	 Train Accuracy:  1.0000 	Valid Loss:  1.6993 	 Valid Accuracy:  0.6429
Run: [5]	 Epoch: [32]	 Train Loss:  0.425535 	 Train Accuracy:  1.0000 	Valid Loss:  1.6811 	 Valid Accuracy:  0.6786
Run: [5]	 Epoch: [33]	 Train Loss:  0.408614 	 Train Accuracy:  1.0000 	Valid Loss:  1.6648 	 Valid Accuracy:  0.6786
Run: [5]	 Epoch: [34]	 Train Loss:  0.391847 	 Train Accuracy:  1.0000 	Valid Loss:  1.6519 	 Valid Accuracy:  0.6786
Run: [5]	 Epoch: [35]	 Train Loss:  0.376168 	 Train Accuracy:  1.0000 	Valid Loss:  1.6427 	 Valid Accuracy:  0.6786
Run: [5]	 Epoch: [36]	 Train Loss:  0.361744 	 Train Accuracy:  1.0000 	Valid Loss:  1.6359 	 Valid Accuracy:  0.6071
Run: [5]	 Epoch: [37]	 Train Loss:  0.347864 	 Train Accuracy:  1.0000 	Valid Loss:  1.6304 	 Valid Accuracy:  0.6071
Run: [5]	 Epoch: [38]	 Train Loss:  0.334024 	 Train Accuracy:  1.0000 	Valid Loss:  1.6274 	 Valid Accuracy:  0.6071
Run: [5]	 Epoch: [39]	 Train Loss:  0.321399 	 Train Accuracy:  1.0000 	Valid Loss:  1.6258 	 Valid Accuracy:  0.6071
Run: [5]	 Epoch: [40]	 Train Loss:  0.309663 	 Train Accuracy:  1.0000 	Valid Loss:  1.6243 	 Valid Accuracy:  0.6071
Run: [5]	 Epoch: [41]	 Train Loss:  0.297984 	 Train Accuracy:  1.0000 	Valid Loss:  1.6238 	 Valid Accuracy:  0.6071
Run: [5]	 Epoch: [42]	 Train Loss:  0.287246 	 Train Accuracy:  1.0000 	Valid Loss:  1.6208 	 Valid Accuracy:  0.6071
Run: [5]	 Epoch: [43]	 Train Loss:  0.276995 	 Train Accuracy:  1.0000 	Valid Loss:  1.6009 	 Valid Accuracy:  0.6071
Run: [5]	 Epoch: [44]	 Train Loss:  0.267270 	 Train Accuracy:  1.0000 	Valid Loss:  1.5866 	 Valid Accuracy:  0.6071
Run: [5]	 Epoch: [45]	 Train Loss:  0.257930 	 Train Accuracy:  1.0000 	Valid Loss:  1.5972 	 Valid Accuracy:  0.6071
Run: [5]	 Epoch: [46]	 Train Loss:  0.248917 	 Train Accuracy:  1.0000 	Valid Loss:  1.6114 	 Valid Accuracy:  0.6071
Run: [5]	 Epoch: [47]	 Train Loss:  0.240425 	 Train Accuracy:  1.0000 	Valid Loss:  1.6293 	 Valid Accuracy:  0.5714
Run: [5]	 Epoch: [48]	 Train Loss:  0.232382 	 Train Accuracy:  1.0000 	Valid Loss:  1.6503 	 Valid Accuracy:  0.5714
Run: [5]	 Epoch: [49]	 Train Loss:  0.224560 	 Train Accuracy:  1.0000 	Valid Loss:  1.6743 	 Valid Accuracy:  0.5714
Run: [5]	 Epoch: [50]	 Train Loss:  0.217281 	 Train Accuracy:  1.0000 	Valid Loss:  1.6950 	 Valid Accuracy:  0.5714
Test Accuracy in run 5 is: 0.529411792755127
Total Train Accuracy after run 5 is: 1.0000
Total Test Accuracy after run 5 is: 0.5824
Best Test Accuracy in 5 runs is: 0.7059
Run: [6]	 Epoch: [1]	 Train Loss:  5.417412 	 Train Accuracy:  0.8074 	Valid Loss:  3.3260 	 Valid Accuracy:  0.3929
Run: [6]	 Epoch: [2]	 Train Loss:  2.093285 	 Train Accuracy:  0.9713 	Valid Loss:  3.1403 	 Valid Accuracy:  0.4643
Run: [6]	 Epoch: [3]	 Train Loss:  1.609146 	 Train Accuracy:  1.0000 	Valid Loss:  2.9992 	 Valid Accuracy:  0.4286
Run: [6]	 Epoch: [4]	 Train Loss:  1.441533 	 Train Accuracy:  1.0000 	Valid Loss:  2.8660 	 Valid Accuracy:  0.3929
Run: [6]	 Epoch: [5]	 Train Loss:  1.344054 	 Train Accuracy:  1.0000 	Valid Loss:  2.7141 	 Valid Accuracy:  0.3929
Run: [6]	 Epoch: [6]	 Train Loss:  1.276689 	 Train Accuracy:  1.0000 	Valid Loss:  2.5892 	 Valid Accuracy:  0.3929
Run: [6]	 Epoch: [7]	 Train Loss:  1.221127 	 Train Accuracy:  1.0000 	Valid Loss:  2.4829 	 Valid Accuracy:  0.2857
Run: [6]	 Epoch: [8]	 Train Loss:  1.170438 	 Train Accuracy:  1.0000 	Valid Loss:  2.3834 	 Valid Accuracy:  0.3929
Run: [6]	 Epoch: [9]	 Train Loss:  1.123025 	 Train Accuracy:  1.0000 	Valid Loss:  2.2907 	 Valid Accuracy:  0.4286
Run: [6]	 Epoch: [10]	 Train Loss:  1.078216 	 Train Accuracy:  1.0000 	Valid Loss:  2.2054 	 Valid Accuracy:  0.4643
Run: [6]	 Epoch: [11]	 Train Loss:  1.035773 	 Train Accuracy:  1.0000 	Valid Loss:  2.1274 	 Valid Accuracy:  0.4643
Run: [6]	 Epoch: [12]	 Train Loss:  0.995499 	 Train Accuracy:  1.0000 	Valid Loss:  2.0561 	 Valid Accuracy:  0.5357
Run: [6]	 Epoch: [13]	 Train Loss:  0.957205 	 Train Accuracy:  1.0000 	Valid Loss:  1.9906 	 Valid Accuracy:  0.5357
Run: [6]	 Epoch: [14]	 Train Loss:  0.920586 	 Train Accuracy:  1.0000 	Valid Loss:  1.9303 	 Valid Accuracy:  0.5714
Run: [6]	 Epoch: [15]	 Train Loss:  0.885243 	 Train Accuracy:  1.0000 	Valid Loss:  1.8750 	 Valid Accuracy:  0.5714
Run: [6]	 Epoch: [16]	 Train Loss:  0.850929 	 Train Accuracy:  1.0000 	Valid Loss:  1.8249 	 Valid Accuracy:  0.5714
Run: [6]	 Epoch: [17]	 Train Loss:  0.817635 	 Train Accuracy:  1.0000 	Valid Loss:  1.7797 	 Valid Accuracy:  0.6071
Run: [6]	 Epoch: [18]	 Train Loss:  0.785412 	 Train Accuracy:  1.0000 	Valid Loss:  1.7392 	 Valid Accuracy:  0.6071
Run: [6]	 Epoch: [19]	 Train Loss:  0.754307 	 Train Accuracy:  1.0000 	Valid Loss:  1.7026 	 Valid Accuracy:  0.6071
Run: [6]	 Epoch: [20]	 Train Loss:  0.724163 	 Train Accuracy:  1.0000 	Valid Loss:  1.6693 	 Valid Accuracy:  0.6071
Run: [6]	 Epoch: [21]	 Train Loss:  0.694813 	 Train Accuracy:  1.0000 	Valid Loss:  1.6389 	 Valid Accuracy:  0.6071
Run: [6]	 Epoch: [22]	 Train Loss:  0.666310 	 Train Accuracy:  1.0000 	Valid Loss:  1.6111 	 Valid Accuracy:  0.6071
Run: [6]	 Epoch: [23]	 Train Loss:  0.638693 	 Train Accuracy:  1.0000 	Valid Loss:  1.5855 	 Valid Accuracy:  0.6071
Run: [6]	 Epoch: [24]	 Train Loss:  0.612065 	 Train Accuracy:  1.0000 	Valid Loss:  1.5617 	 Valid Accuracy:  0.6071
Run: [6]	 Epoch: [25]	 Train Loss:  0.586401 	 Train Accuracy:  1.0000 	Valid Loss:  1.5389 	 Valid Accuracy:  0.6071
Run: [6]	 Epoch: [26]	 Train Loss:  0.561679 	 Train Accuracy:  1.0000 	Valid Loss:  1.5169 	 Valid Accuracy:  0.6071
Run: [6]	 Epoch: [27]	 Train Loss:  0.538005 	 Train Accuracy:  1.0000 	Valid Loss:  1.4953 	 Valid Accuracy:  0.6071
Run: [6]	 Epoch: [28]	 Train Loss:  0.515545 	 Train Accuracy:  1.0000 	Valid Loss:  1.4733 	 Valid Accuracy:  0.6071
Run: [6]	 Epoch: [29]	 Train Loss:  0.494009 	 Train Accuracy:  1.0000 	Valid Loss:  1.4501 	 Valid Accuracy:  0.6429
Run: [6]	 Epoch: [30]	 Train Loss:  0.472979 	 Train Accuracy:  1.0000 	Valid Loss:  1.4265 	 Valid Accuracy:  0.6429
Run: [6]	 Epoch: [31]	 Train Loss:  0.452918 	 Train Accuracy:  1.0000 	Valid Loss:  1.4037 	 Valid Accuracy:  0.6071
Run: [6]	 Epoch: [32]	 Train Loss:  0.434120 	 Train Accuracy:  1.0000 	Valid Loss:  1.3819 	 Valid Accuracy:  0.6071
Run: [6]	 Epoch: [33]	 Train Loss:  0.416426 	 Train Accuracy:  1.0000 	Valid Loss:  1.3614 	 Valid Accuracy:  0.6071
Run: [6]	 Epoch: [34]	 Train Loss:  0.399662 	 Train Accuracy:  1.0000 	Valid Loss:  1.3425 	 Valid Accuracy:  0.6071
Run: [6]	 Epoch: [35]	 Train Loss:  0.383706 	 Train Accuracy:  1.0000 	Valid Loss:  1.3255 	 Valid Accuracy:  0.6071
Run: [6]	 Epoch: [36]	 Train Loss:  0.368428 	 Train Accuracy:  1.0000 	Valid Loss:  1.3103 	 Valid Accuracy:  0.6071
Run: [6]	 Epoch: [37]	 Train Loss:  0.353868 	 Train Accuracy:  1.0000 	Valid Loss:  1.2972 	 Valid Accuracy:  0.6071
Run: [6]	 Epoch: [38]	 Train Loss:  0.340098 	 Train Accuracy:  1.0000 	Valid Loss:  1.2856 	 Valid Accuracy:  0.6429
Run: [6]	 Epoch: [39]	 Train Loss:  0.327015 	 Train Accuracy:  1.0000 	Valid Loss:  1.2753 	 Valid Accuracy:  0.6429
Run: [6]	 Epoch: [40]	 Train Loss:  0.314631 	 Train Accuracy:  1.0000 	Valid Loss:  1.2662 	 Valid Accuracy:  0.6429
Run: [6]	 Epoch: [41]	 Train Loss:  0.303010 	 Train Accuracy:  1.0000 	Valid Loss:  1.2573 	 Valid Accuracy:  0.6071
Run: [6]	 Epoch: [42]	 Train Loss:  0.291860 	 Train Accuracy:  1.0000 	Valid Loss:  1.2485 	 Valid Accuracy:  0.6071
Run: [6]	 Epoch: [43]	 Train Loss:  0.281356 	 Train Accuracy:  1.0000 	Valid Loss:  1.2393 	 Valid Accuracy:  0.6071
Run: [6]	 Epoch: [44]	 Train Loss:  0.271362 	 Train Accuracy:  1.0000 	Valid Loss:  1.2296 	 Valid Accuracy:  0.6071
Run: [6]	 Epoch: [45]	 Train Loss:  0.261809 	 Train Accuracy:  1.0000 	Valid Loss:  1.2195 	 Valid Accuracy:  0.6071
Run: [6]	 Epoch: [46]	 Train Loss:  0.252786 	 Train Accuracy:  1.0000 	Valid Loss:  1.2094 	 Valid Accuracy:  0.6071
Run: [6]	 Epoch: [47]	 Train Loss:  0.244268 	 Train Accuracy:  1.0000 	Valid Loss:  1.1993 	 Valid Accuracy:  0.6071
Run: [6]	 Epoch: [48]	 Train Loss:  0.236117 	 Train Accuracy:  1.0000 	Valid Loss:  1.1893 	 Valid Accuracy:  0.6071
Run: [6]	 Epoch: [49]	 Train Loss:  0.228176 	 Train Accuracy:  1.0000 	Valid Loss:  1.1800 	 Valid Accuracy:  0.6071
Run: [6]	 Epoch: [50]	 Train Loss:  0.220574 	 Train Accuracy:  1.0000 	Valid Loss:  1.1718 	 Valid Accuracy:  0.6071
Test Accuracy in run 6 is: 0.6911764740943909
Total Train Accuracy after run 6 is: 1.0000
Total Test Accuracy after run 6 is: 0.6005
Best Test Accuracy in 6 runs is: 0.7059
Run: [7]	 Epoch: [1]	 Train Loss:  5.755087 	 Train Accuracy:  0.6107 	Valid Loss:  3.2905 	 Valid Accuracy:  0.2857
Run: [7]	 Epoch: [2]	 Train Loss:  2.552816 	 Train Accuracy:  0.9549 	Valid Loss:  2.6915 	 Valid Accuracy:  0.5714
Run: [7]	 Epoch: [3]	 Train Loss:  1.674764 	 Train Accuracy:  0.9918 	Valid Loss:  2.5427 	 Valid Accuracy:  0.6071
Run: [7]	 Epoch: [4]	 Train Loss:  1.481372 	 Train Accuracy:  1.0000 	Valid Loss:  2.4547 	 Valid Accuracy:  0.6071
Run: [7]	 Epoch: [5]	 Train Loss:  1.374021 	 Train Accuracy:  1.0000 	Valid Loss:  2.3893 	 Valid Accuracy:  0.6071
Run: [7]	 Epoch: [6]	 Train Loss:  1.300128 	 Train Accuracy:  1.0000 	Valid Loss:  2.3321 	 Valid Accuracy:  0.5714
Run: [7]	 Epoch: [7]	 Train Loss:  1.239500 	 Train Accuracy:  1.0000 	Valid Loss:  2.2794 	 Valid Accuracy:  0.6071
Run: [7]	 Epoch: [8]	 Train Loss:  1.186258 	 Train Accuracy:  1.0000 	Valid Loss:  2.2300 	 Valid Accuracy:  0.6429
Run: [7]	 Epoch: [9]	 Train Loss:  1.138026 	 Train Accuracy:  1.0000 	Valid Loss:  2.1805 	 Valid Accuracy:  0.6071
Run: [7]	 Epoch: [10]	 Train Loss:  1.092968 	 Train Accuracy:  1.0000 	Valid Loss:  2.1304 	 Valid Accuracy:  0.5714
Run: [7]	 Epoch: [11]	 Train Loss:  1.050159 	 Train Accuracy:  1.0000 	Valid Loss:  2.0803 	 Valid Accuracy:  0.5714
Run: [7]	 Epoch: [12]	 Train Loss:  1.009267 	 Train Accuracy:  1.0000 	Valid Loss:  2.0308 	 Valid Accuracy:  0.5714
Run: [7]	 Epoch: [13]	 Train Loss:  0.970124 	 Train Accuracy:  1.0000 	Valid Loss:  1.9827 	 Valid Accuracy:  0.5714
Run: [7]	 Epoch: [14]	 Train Loss:  0.932592 	 Train Accuracy:  1.0000 	Valid Loss:  1.9370 	 Valid Accuracy:  0.6786
Run: [7]	 Epoch: [15]	 Train Loss:  0.896561 	 Train Accuracy:  1.0000 	Valid Loss:  1.8944 	 Valid Accuracy:  0.6786
Run: [7]	 Epoch: [16]	 Train Loss:  0.861894 	 Train Accuracy:  1.0000 	Valid Loss:  1.8554 	 Valid Accuracy:  0.7143
Run: [7]	 Epoch: [17]	 Train Loss:  0.828437 	 Train Accuracy:  1.0000 	Valid Loss:  1.8198 	 Valid Accuracy:  0.7143
Run: [7]	 Epoch: [18]	 Train Loss:  0.796004 	 Train Accuracy:  1.0000 	Valid Loss:  1.7872 	 Valid Accuracy:  0.7143
Run: [7]	 Epoch: [19]	 Train Loss:  0.764398 	 Train Accuracy:  1.0000 	Valid Loss:  1.7571 	 Valid Accuracy:  0.7143
Run: [7]	 Epoch: [20]	 Train Loss:  0.733494 	 Train Accuracy:  1.0000 	Valid Loss:  1.7288 	 Valid Accuracy:  0.7143
Run: [7]	 Epoch: [21]	 Train Loss:  0.703308 	 Train Accuracy:  1.0000 	Valid Loss:  1.7019 	 Valid Accuracy:  0.7143
Run: [7]	 Epoch: [22]	 Train Loss:  0.673967 	 Train Accuracy:  1.0000 	Valid Loss:  1.6759 	 Valid Accuracy:  0.7143
Run: [7]	 Epoch: [23]	 Train Loss:  0.645616 	 Train Accuracy:  1.0000 	Valid Loss:  1.6506 	 Valid Accuracy:  0.7143
Run: [7]	 Epoch: [24]	 Train Loss:  0.618351 	 Train Accuracy:  1.0000 	Valid Loss:  1.6254 	 Valid Accuracy:  0.7143
Run: [7]	 Epoch: [25]	 Train Loss:  0.592204 	 Train Accuracy:  1.0000 	Valid Loss:  1.6001 	 Valid Accuracy:  0.7143
Run: [7]	 Epoch: [26]	 Train Loss:  0.567154 	 Train Accuracy:  1.0000 	Valid Loss:  1.5747 	 Valid Accuracy:  0.6786
Run: [7]	 Epoch: [27]	 Train Loss:  0.543136 	 Train Accuracy:  1.0000 	Valid Loss:  1.5490 	 Valid Accuracy:  0.7143
Run: [7]	 Epoch: [28]	 Train Loss:  0.520046 	 Train Accuracy:  1.0000 	Valid Loss:  1.5234 	 Valid Accuracy:  0.7143
Run: [7]	 Epoch: [29]	 Train Loss:  0.497799 	 Train Accuracy:  1.0000 	Valid Loss:  1.4987 	 Valid Accuracy:  0.6786
Run: [7]	 Epoch: [30]	 Train Loss:  0.476817 	 Train Accuracy:  1.0000 	Valid Loss:  1.4762 	 Valid Accuracy:  0.6786
Run: [7]	 Epoch: [31]	 Train Loss:  0.457592 	 Train Accuracy:  1.0000 	Valid Loss:  1.4534 	 Valid Accuracy:  0.6071
Run: [7]	 Epoch: [32]	 Train Loss:  0.438296 	 Train Accuracy:  1.0000 	Valid Loss:  1.4328 	 Valid Accuracy:  0.6429
Run: [7]	 Epoch: [33]	 Train Loss:  0.420336 	 Train Accuracy:  1.0000 	Valid Loss:  1.4143 	 Valid Accuracy:  0.6429
Run: [7]	 Epoch: [34]	 Train Loss:  0.403643 	 Train Accuracy:  1.0000 	Valid Loss:  1.3968 	 Valid Accuracy:  0.6429
Run: [7]	 Epoch: [35]	 Train Loss:  0.387686 	 Train Accuracy:  1.0000 	Valid Loss:  1.3801 	 Valid Accuracy:  0.6429
Run: [7]	 Epoch: [36]	 Train Loss:  0.372392 	 Train Accuracy:  1.0000 	Valid Loss:  1.3637 	 Valid Accuracy:  0.6429
Run: [7]	 Epoch: [37]	 Train Loss:  0.357779 	 Train Accuracy:  1.0000 	Valid Loss:  1.3474 	 Valid Accuracy:  0.6429
Run: [7]	 Epoch: [38]	 Train Loss:  0.343870 	 Train Accuracy:  1.0000 	Valid Loss:  1.3310 	 Valid Accuracy:  0.6429
Run: [7]	 Epoch: [39]	 Train Loss:  0.330634 	 Train Accuracy:  1.0000 	Valid Loss:  1.3142 	 Valid Accuracy:  0.6429
Run: [7]	 Epoch: [40]	 Train Loss:  0.318029 	 Train Accuracy:  1.0000 	Valid Loss:  1.2977 	 Valid Accuracy:  0.6429
Run: [7]	 Epoch: [41]	 Train Loss:  0.306300 	 Train Accuracy:  1.0000 	Valid Loss:  1.2812 	 Valid Accuracy:  0.6429
Run: [7]	 Epoch: [42]	 Train Loss:  0.294988 	 Train Accuracy:  1.0000 	Valid Loss:  1.2657 	 Valid Accuracy:  0.6429
Run: [7]	 Epoch: [43]	 Train Loss:  0.284398 	 Train Accuracy:  1.0000 	Valid Loss:  1.2514 	 Valid Accuracy:  0.6429
Run: [7]	 Epoch: [44]	 Train Loss:  0.274157 	 Train Accuracy:  1.0000 	Valid Loss:  1.2395 	 Valid Accuracy:  0.6429
Run: [7]	 Epoch: [45]	 Train Loss:  0.264366 	 Train Accuracy:  1.0000 	Valid Loss:  1.2312 	 Valid Accuracy:  0.6429
Run: [7]	 Epoch: [46]	 Train Loss:  0.255094 	 Train Accuracy:  1.0000 	Valid Loss:  1.2277 	 Valid Accuracy:  0.6429
Run: [7]	 Epoch: [47]	 Train Loss:  0.246284 	 Train Accuracy:  1.0000 	Valid Loss:  1.2300 	 Valid Accuracy:  0.6429
Run: [7]	 Epoch: [48]	 Train Loss:  0.237894 	 Train Accuracy:  1.0000 	Valid Loss:  1.2393 	 Valid Accuracy:  0.6429
Run: [7]	 Epoch: [49]	 Train Loss:  0.229907 	 Train Accuracy:  1.0000 	Valid Loss:  1.2561 	 Valid Accuracy:  0.6429
Run: [7]	 Epoch: [50]	 Train Loss:  0.222205 	 Train Accuracy:  1.0000 	Valid Loss:  1.2806 	 Valid Accuracy:  0.6429
Test Accuracy in run 7 is: 0.6029411554336548
Total Train Accuracy after run 7 is: 1.0000
Total Test Accuracy after run 7 is: 0.6008
Best Test Accuracy in 7 runs is: 0.7059
Run: [8]	 Epoch: [1]	 Train Loss:  4.938179 	 Train Accuracy:  0.8361 	Valid Loss:  2.8229 	 Valid Accuracy:  0.5000
Run: [8]	 Epoch: [2]	 Train Loss:  2.011588 	 Train Accuracy:  0.9631 	Valid Loss:  2.6733 	 Valid Accuracy:  0.5357
Run: [8]	 Epoch: [3]	 Train Loss:  1.631554 	 Train Accuracy:  1.0000 	Valid Loss:  2.5189 	 Valid Accuracy:  0.5714
Run: [8]	 Epoch: [4]	 Train Loss:  1.448844 	 Train Accuracy:  1.0000 	Valid Loss:  2.4420 	 Valid Accuracy:  0.6071
Run: [8]	 Epoch: [5]	 Train Loss:  1.341680 	 Train Accuracy:  1.0000 	Valid Loss:  2.3837 	 Valid Accuracy:  0.6071
Run: [8]	 Epoch: [6]	 Train Loss:  1.268052 	 Train Accuracy:  1.0000 	Valid Loss:  2.3338 	 Valid Accuracy:  0.5714
Run: [8]	 Epoch: [7]	 Train Loss:  1.211106 	 Train Accuracy:  1.0000 	Valid Loss:  2.2862 	 Valid Accuracy:  0.5714
Run: [8]	 Epoch: [8]	 Train Loss:  1.161211 	 Train Accuracy:  1.0000 	Valid Loss:  2.2381 	 Valid Accuracy:  0.5357
Run: [8]	 Epoch: [9]	 Train Loss:  1.114517 	 Train Accuracy:  1.0000 	Valid Loss:  2.1885 	 Valid Accuracy:  0.6071
Run: [8]	 Epoch: [10]	 Train Loss:  1.070199 	 Train Accuracy:  1.0000 	Valid Loss:  2.1369 	 Valid Accuracy:  0.6429
Run: [8]	 Epoch: [11]	 Train Loss:  1.028150 	 Train Accuracy:  1.0000 	Valid Loss:  2.0831 	 Valid Accuracy:  0.7143
Run: [8]	 Epoch: [12]	 Train Loss:  0.988112 	 Train Accuracy:  1.0000 	Valid Loss:  2.0270 	 Valid Accuracy:  0.7500
Run: [8]	 Epoch: [13]	 Train Loss:  0.949671 	 Train Accuracy:  1.0000 	Valid Loss:  1.9696 	 Valid Accuracy:  0.7143
Run: [8]	 Epoch: [14]	 Train Loss:  0.912521 	 Train Accuracy:  1.0000 	Valid Loss:  1.9124 	 Valid Accuracy:  0.7143
Run: [8]	 Epoch: [15]	 Train Loss:  0.876622 	 Train Accuracy:  1.0000 	Valid Loss:  1.8567 	 Valid Accuracy:  0.7500
Run: [8]	 Epoch: [16]	 Train Loss:  0.841993 	 Train Accuracy:  1.0000 	Valid Loss:  1.8036 	 Valid Accuracy:  0.7143
Run: [8]	 Epoch: [17]	 Train Loss:  0.808663 	 Train Accuracy:  1.0000 	Valid Loss:  1.7534 	 Valid Accuracy:  0.7500
Run: [8]	 Epoch: [18]	 Train Loss:  0.776598 	 Train Accuracy:  1.0000 	Valid Loss:  1.7065 	 Valid Accuracy:  0.8214
Run: [8]	 Epoch: [19]	 Train Loss:  0.745697 	 Train Accuracy:  1.0000 	Valid Loss:  1.6627 	 Valid Accuracy:  0.8214
Run: [8]	 Epoch: [20]	 Train Loss:  0.715832 	 Train Accuracy:  1.0000 	Valid Loss:  1.6218 	 Valid Accuracy:  0.8214
Run: [8]	 Epoch: [21]	 Train Loss:  0.686863 	 Train Accuracy:  1.0000 	Valid Loss:  1.5836 	 Valid Accuracy:  0.7857
Run: [8]	 Epoch: [22]	 Train Loss:  0.658701 	 Train Accuracy:  1.0000 	Valid Loss:  1.5478 	 Valid Accuracy:  0.7857
Run: [8]	 Epoch: [23]	 Train Loss:  0.631324 	 Train Accuracy:  1.0000 	Valid Loss:  1.5141 	 Valid Accuracy:  0.7857
Run: [8]	 Epoch: [24]	 Train Loss:  0.604786 	 Train Accuracy:  1.0000 	Valid Loss:  1.4819 	 Valid Accuracy:  0.8214
Run: [8]	 Epoch: [25]	 Train Loss:  0.579205 	 Train Accuracy:  1.0000 	Valid Loss:  1.4509 	 Valid Accuracy:  0.8571
Run: [8]	 Epoch: [26]	 Train Loss:  0.554682 	 Train Accuracy:  1.0000 	Valid Loss:  1.4206 	 Valid Accuracy:  0.8214
Run: [8]	 Epoch: [27]	 Train Loss:  0.531220 	 Train Accuracy:  1.0000 	Valid Loss:  1.3907 	 Valid Accuracy:  0.8571
Run: [8]	 Epoch: [28]	 Train Loss:  0.508781 	 Train Accuracy:  1.0000 	Valid Loss:  1.3612 	 Valid Accuracy:  0.8929
Run: [8]	 Epoch: [29]	 Train Loss:  0.487364 	 Train Accuracy:  1.0000 	Valid Loss:  1.3321 	 Valid Accuracy:  0.8571
Run: [8]	 Epoch: [30]	 Train Loss:  0.466936 	 Train Accuracy:  1.0000 	Valid Loss:  1.3039 	 Valid Accuracy:  0.8571
Run: [8]	 Epoch: [31]	 Train Loss:  0.447455 	 Train Accuracy:  1.0000 	Valid Loss:  1.2774 	 Valid Accuracy:  0.8571
Run: [8]	 Epoch: [32]	 Train Loss:  0.429335 	 Train Accuracy:  1.0000 	Valid Loss:  1.2518 	 Valid Accuracy:  0.8571
Run: [8]	 Epoch: [33]	 Train Loss:  0.411621 	 Train Accuracy:  1.0000 	Valid Loss:  1.2282 	 Valid Accuracy:  0.8571
Run: [8]	 Epoch: [34]	 Train Loss:  0.394981 	 Train Accuracy:  1.0000 	Valid Loss:  1.2071 	 Valid Accuracy:  0.8571
Run: [8]	 Epoch: [35]	 Train Loss:  0.379777 	 Train Accuracy:  1.0000 	Valid Loss:  1.1857 	 Valid Accuracy:  0.8571
Run: [8]	 Epoch: [36]	 Train Loss:  0.364405 	 Train Accuracy:  1.0000 	Valid Loss:  1.1660 	 Valid Accuracy:  0.8214
Run: [8]	 Epoch: [37]	 Train Loss:  0.350248 	 Train Accuracy:  1.0000 	Valid Loss:  1.1470 	 Valid Accuracy:  0.8214
Run: [8]	 Epoch: [38]	 Train Loss:  0.336980 	 Train Accuracy:  1.0000 	Valid Loss:  1.1283 	 Valid Accuracy:  0.8214
Run: [8]	 Epoch: [39]	 Train Loss:  0.324211 	 Train Accuracy:  1.0000 	Valid Loss:  1.1100 	 Valid Accuracy:  0.8214
Run: [8]	 Epoch: [40]	 Train Loss:  0.311770 	 Train Accuracy:  1.0000 	Valid Loss:  1.0932 	 Valid Accuracy:  0.8214
Run: [8]	 Epoch: [41]	 Train Loss:  0.300157 	 Train Accuracy:  1.0000 	Valid Loss:  1.0783 	 Valid Accuracy:  0.8214
Run: [8]	 Epoch: [42]	 Train Loss:  0.289233 	 Train Accuracy:  1.0000 	Valid Loss:  1.0651 	 Valid Accuracy:  0.8214
Run: [8]	 Epoch: [43]	 Train Loss:  0.278585 	 Train Accuracy:  1.0000 	Valid Loss:  1.0547 	 Valid Accuracy:  0.8214
Run: [8]	 Epoch: [44]	 Train Loss:  0.268559 	 Train Accuracy:  1.0000 	Valid Loss:  1.0475 	 Valid Accuracy:  0.8214
Run: [8]	 Epoch: [45]	 Train Loss:  0.259175 	 Train Accuracy:  1.0000 	Valid Loss:  1.0438 	 Valid Accuracy:  0.8214
Run: [8]	 Epoch: [46]	 Train Loss:  0.250252 	 Train Accuracy:  1.0000 	Valid Loss:  1.0436 	 Valid Accuracy:  0.8214
Run: [8]	 Epoch: [47]	 Train Loss:  0.241543 	 Train Accuracy:  1.0000 	Valid Loss:  1.0476 	 Valid Accuracy:  0.8214
Run: [8]	 Epoch: [48]	 Train Loss:  0.233327 	 Train Accuracy:  1.0000 	Valid Loss:  1.0569 	 Valid Accuracy:  0.7500
Run: [8]	 Epoch: [49]	 Train Loss:  0.225640 	 Train Accuracy:  1.0000 	Valid Loss:  1.0723 	 Valid Accuracy:  0.7500
Run: [8]	 Epoch: [50]	 Train Loss:  0.218061 	 Train Accuracy:  1.0000 	Valid Loss:  1.0929 	 Valid Accuracy:  0.7500
Test Accuracy in run 8 is: 0.6764705777168274
Total Train Accuracy after run 8 is: 1.0000
Total Test Accuracy after run 8 is: 0.6103
Best Test Accuracy in 8 runs is: 0.7059
Run: [9]	 Epoch: [1]	 Train Loss:  5.295737 	 Train Accuracy:  0.8156 	Valid Loss:  3.3955 	 Valid Accuracy:  0.3571
Run: [9]	 Epoch: [2]	 Train Loss:  2.132970 	 Train Accuracy:  0.9385 	Valid Loss:  3.1634 	 Valid Accuracy:  0.3929
Run: [9]	 Epoch: [3]	 Train Loss:  1.675648 	 Train Accuracy:  0.9959 	Valid Loss:  2.9824 	 Valid Accuracy:  0.3929
Run: [9]	 Epoch: [4]	 Train Loss:  1.475129 	 Train Accuracy:  1.0000 	Valid Loss:  2.8323 	 Valid Accuracy:  0.4286
Run: [9]	 Epoch: [5]	 Train Loss:  1.361792 	 Train Accuracy:  1.0000 	Valid Loss:  2.6997 	 Valid Accuracy:  0.4286
Run: [9]	 Epoch: [6]	 Train Loss:  1.287498 	 Train Accuracy:  1.0000 	Valid Loss:  2.5734 	 Valid Accuracy:  0.4286
Run: [9]	 Epoch: [7]	 Train Loss:  1.226894 	 Train Accuracy:  1.0000 	Valid Loss:  2.4541 	 Valid Accuracy:  0.4643
Run: [9]	 Epoch: [8]	 Train Loss:  1.172984 	 Train Accuracy:  1.0000 	Valid Loss:  2.3445 	 Valid Accuracy:  0.4643
Run: [9]	 Epoch: [9]	 Train Loss:  1.124024 	 Train Accuracy:  1.0000 	Valid Loss:  2.2469 	 Valid Accuracy:  0.4643
Run: [9]	 Epoch: [10]	 Train Loss:  1.079029 	 Train Accuracy:  1.0000 	Valid Loss:  2.1617 	 Valid Accuracy:  0.5357
Run: [9]	 Epoch: [11]	 Train Loss:  1.036835 	 Train Accuracy:  1.0000 	Valid Loss:  2.0885 	 Valid Accuracy:  0.5714
Run: [9]	 Epoch: [12]	 Train Loss:  0.996669 	 Train Accuracy:  1.0000 	Valid Loss:  2.0264 	 Valid Accuracy:  0.6429
Run: [9]	 Epoch: [13]	 Train Loss:  0.958028 	 Train Accuracy:  1.0000 	Valid Loss:  1.9738 	 Valid Accuracy:  0.6071
Run: [9]	 Epoch: [14]	 Train Loss:  0.920578 	 Train Accuracy:  1.0000 	Valid Loss:  1.9290 	 Valid Accuracy:  0.6786
Run: [9]	 Epoch: [15]	 Train Loss:  0.884282 	 Train Accuracy:  1.0000 	Valid Loss:  1.8904 	 Valid Accuracy:  0.7143
Run: [9]	 Epoch: [16]	 Train Loss:  0.849249 	 Train Accuracy:  1.0000 	Valid Loss:  1.8563 	 Valid Accuracy:  0.7143
Run: [9]	 Epoch: [17]	 Train Loss:  0.815501 	 Train Accuracy:  1.0000 	Valid Loss:  1.8251 	 Valid Accuracy:  0.7143
Run: [9]	 Epoch: [18]	 Train Loss:  0.782963 	 Train Accuracy:  1.0000 	Valid Loss:  1.7955 	 Valid Accuracy:  0.5714
Run: [9]	 Epoch: [19]	 Train Loss:  0.751537 	 Train Accuracy:  1.0000 	Valid Loss:  1.7665 	 Valid Accuracy:  0.5714
Run: [9]	 Epoch: [20]	 Train Loss:  0.721136 	 Train Accuracy:  1.0000 	Valid Loss:  1.7376 	 Valid Accuracy:  0.5714
Run: [9]	 Epoch: [21]	 Train Loss:  0.691709 	 Train Accuracy:  1.0000 	Valid Loss:  1.7082 	 Valid Accuracy:  0.5714
Run: [9]	 Epoch: [22]	 Train Loss:  0.663224 	 Train Accuracy:  1.0000 	Valid Loss:  1.6783 	 Valid Accuracy:  0.5357
Run: [9]	 Epoch: [23]	 Train Loss:  0.635665 	 Train Accuracy:  1.0000 	Valid Loss:  1.6476 	 Valid Accuracy:  0.5357
Run: [9]	 Epoch: [24]	 Train Loss:  0.609024 	 Train Accuracy:  1.0000 	Valid Loss:  1.6159 	 Valid Accuracy:  0.6071
Run: [9]	 Epoch: [25]	 Train Loss:  0.583307 	 Train Accuracy:  1.0000 	Valid Loss:  1.5833 	 Valid Accuracy:  0.6071
Run: [9]	 Epoch: [26]	 Train Loss:  0.558543 	 Train Accuracy:  1.0000 	Valid Loss:  1.5502 	 Valid Accuracy:  0.6071
Run: [9]	 Epoch: [27]	 Train Loss:  0.534929 	 Train Accuracy:  1.0000 	Valid Loss:  1.5171 	 Valid Accuracy:  0.6429
Run: [9]	 Epoch: [28]	 Train Loss:  0.512573 	 Train Accuracy:  1.0000 	Valid Loss:  1.4837 	 Valid Accuracy:  0.6429
Run: [9]	 Epoch: [29]	 Train Loss:  0.490877 	 Train Accuracy:  1.0000 	Valid Loss:  1.4513 	 Valid Accuracy:  0.6429
Run: [9]	 Epoch: [30]	 Train Loss:  0.470107 	 Train Accuracy:  1.0000 	Valid Loss:  1.4207 	 Valid Accuracy:  0.6429
Run: [9]	 Epoch: [31]	 Train Loss:  0.450445 	 Train Accuracy:  1.0000 	Valid Loss:  1.3927 	 Valid Accuracy:  0.6429
Run: [9]	 Epoch: [32]	 Train Loss:  0.431797 	 Train Accuracy:  1.0000 	Valid Loss:  1.3674 	 Valid Accuracy:  0.6429
Run: [9]	 Epoch: [33]	 Train Loss:  0.414119 	 Train Accuracy:  1.0000 	Valid Loss:  1.3449 	 Valid Accuracy:  0.6429
Run: [9]	 Epoch: [34]	 Train Loss:  0.397290 	 Train Accuracy:  1.0000 	Valid Loss:  1.3251 	 Valid Accuracy:  0.6429
Run: [9]	 Epoch: [35]	 Train Loss:  0.381111 	 Train Accuracy:  1.0000 	Valid Loss:  1.3078 	 Valid Accuracy:  0.6429
Run: [9]	 Epoch: [36]	 Train Loss:  0.365661 	 Train Accuracy:  1.0000 	Valid Loss:  1.2936 	 Valid Accuracy:  0.6429
Run: [9]	 Epoch: [37]	 Train Loss:  0.351302 	 Train Accuracy:  1.0000 	Valid Loss:  1.2821 	 Valid Accuracy:  0.6071
Run: [9]	 Epoch: [38]	 Train Loss:  0.337991 	 Train Accuracy:  1.0000 	Valid Loss:  1.2714 	 Valid Accuracy:  0.6071
Run: [9]	 Epoch: [39]	 Train Loss:  0.324905 	 Train Accuracy:  1.0000 	Valid Loss:  1.2623 	 Valid Accuracy:  0.6071
Run: [9]	 Epoch: [40]	 Train Loss:  0.312607 	 Train Accuracy:  1.0000 	Valid Loss:  1.2542 	 Valid Accuracy:  0.6071
Run: [9]	 Epoch: [41]	 Train Loss:  0.301123 	 Train Accuracy:  1.0000 	Valid Loss:  1.2462 	 Valid Accuracy:  0.6071
Run: [9]	 Epoch: [42]	 Train Loss:  0.290048 	 Train Accuracy:  1.0000 	Valid Loss:  1.2382 	 Valid Accuracy:  0.6071
Run: [9]	 Epoch: [43]	 Train Loss:  0.279517 	 Train Accuracy:  1.0000 	Valid Loss:  1.2303 	 Valid Accuracy:  0.6071
Run: [9]	 Epoch: [44]	 Train Loss:  0.269638 	 Train Accuracy:  1.0000 	Valid Loss:  1.2220 	 Valid Accuracy:  0.6071
Run: [9]	 Epoch: [45]	 Train Loss:  0.260045 	 Train Accuracy:  1.0000 	Valid Loss:  1.2139 	 Valid Accuracy:  0.6071
Run: [9]	 Epoch: [46]	 Train Loss:  0.250994 	 Train Accuracy:  1.0000 	Valid Loss:  1.2056 	 Valid Accuracy:  0.6071
Run: [9]	 Epoch: [47]	 Train Loss:  0.242396 	 Train Accuracy:  1.0000 	Valid Loss:  1.1974 	 Valid Accuracy:  0.6071
Run: [9]	 Epoch: [48]	 Train Loss:  0.234181 	 Train Accuracy:  1.0000 	Valid Loss:  1.1896 	 Valid Accuracy:  0.6071
Run: [9]	 Epoch: [49]	 Train Loss:  0.226527 	 Train Accuracy:  1.0000 	Valid Loss:  1.1817 	 Valid Accuracy:  0.6071
Run: [9]	 Epoch: [50]	 Train Loss:  0.219048 	 Train Accuracy:  1.0000 	Valid Loss:  1.1743 	 Valid Accuracy:  0.6071
Test Accuracy in run 9 is: 0.6323529481887817
Total Train Accuracy after run 9 is: 1.0000
Total Test Accuracy after run 9 is: 0.6127
Best Test Accuracy in 9 runs is: 0.7059
Run: [10]	 Epoch: [1]	 Train Loss:  5.094021 	 Train Accuracy:  0.7582 	Valid Loss:  2.9373 	 Valid Accuracy:  0.4643
Run: [10]	 Epoch: [2]	 Train Loss:  2.164984 	 Train Accuracy:  0.9631 	Valid Loss:  2.7140 	 Valid Accuracy:  0.5714
Run: [10]	 Epoch: [3]	 Train Loss:  1.620640 	 Train Accuracy:  1.0000 	Valid Loss:  2.6012 	 Valid Accuracy:  0.5714
Run: [10]	 Epoch: [4]	 Train Loss:  1.435663 	 Train Accuracy:  1.0000 	Valid Loss:  2.5219 	 Valid Accuracy:  0.5714
Run: [10]	 Epoch: [5]	 Train Loss:  1.336136 	 Train Accuracy:  1.0000 	Valid Loss:  2.4490 	 Valid Accuracy:  0.5714
Run: [10]	 Epoch: [6]	 Train Loss:  1.268036 	 Train Accuracy:  1.0000 	Valid Loss:  2.3810 	 Valid Accuracy:  0.5714
Run: [10]	 Epoch: [7]	 Train Loss:  1.212403 	 Train Accuracy:  1.0000 	Valid Loss:  2.3177 	 Valid Accuracy:  0.5714
Run: [10]	 Epoch: [8]	 Train Loss:  1.162342 	 Train Accuracy:  1.0000 	Valid Loss:  2.2593 	 Valid Accuracy:  0.6071
Run: [10]	 Epoch: [9]	 Train Loss:  1.115884 	 Train Accuracy:  1.0000 	Valid Loss:  2.2041 	 Valid Accuracy:  0.6071
Run: [10]	 Epoch: [10]	 Train Loss:  1.071899 	 Train Accuracy:  1.0000 	Valid Loss:  2.1500 	 Valid Accuracy:  0.6071
Run: [10]	 Epoch: [11]	 Train Loss:  1.029387 	 Train Accuracy:  1.0000 	Valid Loss:  2.0970 	 Valid Accuracy:  0.6071
Run: [10]	 Epoch: [12]	 Train Loss:  0.988123 	 Train Accuracy:  1.0000 	Valid Loss:  2.0471 	 Valid Accuracy:  0.6071
Run: [10]	 Epoch: [13]	 Train Loss:  0.948410 	 Train Accuracy:  1.0000 	Valid Loss:  2.0026 	 Valid Accuracy:  0.6071
Run: [10]	 Epoch: [14]	 Train Loss:  0.910492 	 Train Accuracy:  1.0000 	Valid Loss:  1.9647 	 Valid Accuracy:  0.6429
Run: [10]	 Epoch: [15]	 Train Loss:  0.874369 	 Train Accuracy:  1.0000 	Valid Loss:  1.9329 	 Valid Accuracy:  0.6786
Run: [10]	 Epoch: [16]	 Train Loss:  0.839840 	 Train Accuracy:  1.0000 	Valid Loss:  1.9054 	 Valid Accuracy:  0.6786
Run: [10]	 Epoch: [17]	 Train Loss:  0.806551 	 Train Accuracy:  1.0000 	Valid Loss:  1.8799 	 Valid Accuracy:  0.6786
Run: [10]	 Epoch: [18]	 Train Loss:  0.774194 	 Train Accuracy:  1.0000 	Valid Loss:  1.8545 	 Valid Accuracy:  0.6429
Run: [10]	 Epoch: [19]	 Train Loss:  0.742663 	 Train Accuracy:  1.0000 	Valid Loss:  1.8278 	 Valid Accuracy:  0.6071
Run: [10]	 Epoch: [20]	 Train Loss:  0.712012 	 Train Accuracy:  1.0000 	Valid Loss:  1.7995 	 Valid Accuracy:  0.6071
Run: [10]	 Epoch: [21]	 Train Loss:  0.682358 	 Train Accuracy:  1.0000 	Valid Loss:  1.7692 	 Valid Accuracy:  0.6429
Run: [10]	 Epoch: [22]	 Train Loss:  0.653777 	 Train Accuracy:  1.0000 	Valid Loss:  1.7369 	 Valid Accuracy:  0.6429
Run: [10]	 Epoch: [23]	 Train Loss:  0.626274 	 Train Accuracy:  1.0000 	Valid Loss:  1.7025 	 Valid Accuracy:  0.6786
Run: [10]	 Epoch: [24]	 Train Loss:  0.599836 	 Train Accuracy:  1.0000 	Valid Loss:  1.6664 	 Valid Accuracy:  0.6786
Run: [10]	 Epoch: [25]	 Train Loss:  0.574472 	 Train Accuracy:  1.0000 	Valid Loss:  1.6295 	 Valid Accuracy:  0.6786
Run: [10]	 Epoch: [26]	 Train Loss:  0.550323 	 Train Accuracy:  1.0000 	Valid Loss:  1.5924 	 Valid Accuracy:  0.6429
Run: [10]	 Epoch: [27]	 Train Loss:  0.527434 	 Train Accuracy:  1.0000 	Valid Loss:  1.5555 	 Valid Accuracy:  0.6786
Run: [10]	 Epoch: [28]	 Train Loss:  0.505332 	 Train Accuracy:  1.0000 	Valid Loss:  1.5199 	 Valid Accuracy:  0.6786
Run: [10]	 Epoch: [29]	 Train Loss:  0.484171 	 Train Accuracy:  1.0000 	Valid Loss:  1.4869 	 Valid Accuracy:  0.6786
Run: [10]	 Epoch: [30]	 Train Loss:  0.464096 	 Train Accuracy:  1.0000 	Valid Loss:  1.4568 	 Valid Accuracy:  0.6786
Run: [10]	 Epoch: [31]	 Train Loss:  0.444997 	 Train Accuracy:  1.0000 	Valid Loss:  1.4302 	 Valid Accuracy:  0.6786
Run: [10]	 Epoch: [32]	 Train Loss:  0.426773 	 Train Accuracy:  1.0000 	Valid Loss:  1.4070 	 Valid Accuracy:  0.6786
Run: [10]	 Epoch: [33]	 Train Loss:  0.409404 	 Train Accuracy:  1.0000 	Valid Loss:  1.3872 	 Valid Accuracy:  0.6786
Run: [10]	 Epoch: [34]	 Train Loss:  0.392891 	 Train Accuracy:  1.0000 	Valid Loss:  1.3701 	 Valid Accuracy:  0.6786
Run: [10]	 Epoch: [35]	 Train Loss:  0.377192 	 Train Accuracy:  1.0000 	Valid Loss:  1.3550 	 Valid Accuracy:  0.6786
Run: [10]	 Epoch: [36]	 Train Loss:  0.362248 	 Train Accuracy:  1.0000 	Valid Loss:  1.3410 	 Valid Accuracy:  0.6786
Run: [10]	 Epoch: [37]	 Train Loss:  0.348013 	 Train Accuracy:  1.0000 	Valid Loss:  1.3275 	 Valid Accuracy:  0.6786
Run: [10]	 Epoch: [38]	 Train Loss:  0.334475 	 Train Accuracy:  1.0000 	Valid Loss:  1.3138 	 Valid Accuracy:  0.6786
Run: [10]	 Epoch: [39]	 Train Loss:  0.321456 	 Train Accuracy:  1.0000 	Valid Loss:  1.3009 	 Valid Accuracy:  0.6786
Run: [10]	 Epoch: [40]	 Train Loss:  0.309793 	 Train Accuracy:  1.0000 	Valid Loss:  1.2865 	 Valid Accuracy:  0.6786
Run: [10]	 Epoch: [41]	 Train Loss:  0.297918 	 Train Accuracy:  1.0000 	Valid Loss:  1.2727 	 Valid Accuracy:  0.6786
Run: [10]	 Epoch: [42]	 Train Loss:  0.287204 	 Train Accuracy:  1.0000 	Valid Loss:  1.2590 	 Valid Accuracy:  0.6786
Run: [10]	 Epoch: [43]	 Train Loss:  0.277021 	 Train Accuracy:  1.0000 	Valid Loss:  1.2454 	 Valid Accuracy:  0.6786
Run: [10]	 Epoch: [44]	 Train Loss:  0.267203 	 Train Accuracy:  1.0000 	Valid Loss:  1.2327 	 Valid Accuracy:  0.6786
Run: [10]	 Epoch: [45]	 Train Loss:  0.257803 	 Train Accuracy:  1.0000 	Valid Loss:  1.2215 	 Valid Accuracy:  0.6786
Run: [10]	 Epoch: [46]	 Train Loss:  0.248804 	 Train Accuracy:  1.0000 	Valid Loss:  1.2128 	 Valid Accuracy:  0.6786
Run: [10]	 Epoch: [47]	 Train Loss:  0.240262 	 Train Accuracy:  1.0000 	Valid Loss:  1.2070 	 Valid Accuracy:  0.6786
Run: [10]	 Epoch: [48]	 Train Loss:  0.232219 	 Train Accuracy:  1.0000 	Valid Loss:  1.2045 	 Valid Accuracy:  0.6786
Run: [10]	 Epoch: [49]	 Train Loss:  0.224575 	 Train Accuracy:  1.0000 	Valid Loss:  1.2047 	 Valid Accuracy:  0.6786
Run: [10]	 Epoch: [50]	 Train Loss:  0.217168 	 Train Accuracy:  1.0000 	Valid Loss:  1.2073 	 Valid Accuracy:  0.6786
Test Accuracy in run 10 is: 0.6470588445663452
Total Train Accuracy after run 10 is: 1.0000
Total Test Accuracy after run 10 is: 0.6162
Best Test Accuracy in 10 runs is: 0.7059
