==========       System Configuration      =============
phase:train
use_cpu:False
runs:10
validation:0.1
data_dir:/data/entity
batch_size:1
dataset:AIFB
total_epochs:50
save_freq:5
lr:0.01
multi_gpus:False
postname:
l2norm:0.0005
kernel_size:20
block_type:plain
n_layers:1
act:relu
norm:layer
bias:True
dropout:0.2
channels:16
dec:basis
bases:20
aggr:mean
ckpt_path:
save_best_only:True
task:denseR
post:denseR-AIFB-plain-1-16
time:210214-21-34-04
save_path:/content/drive/My Drive/denseR/checkpoints/ckpts-denseR-AIFB-plain-1-16-210214-21-34-04
logdir:/content/drive/My Drive/denseR/logs/denseR-AIFB-plain-1-16-210214-21-34-04
device:cuda
epoch:-1
printer:<Logger args (DEBUG)>
==========     CONFIG END    =============


===> Phase is train.
 === Downloading Dataset and Creating graphs ===
=== Dataset info ===
Number of training nodes: 140 	 Number of testing nodes: 36	 Total Number of labelled nodes: 176
Number of classes in this graph: 4 	 Number of nodes: 8285 	 Number of relation types: 90
==== Initializing the Optimizer ====
Run: [1]	 Epoch: [1]	 Train Loss:  1.942577 	 Train Accuracy:  0.7143 	Valid Loss:  0.9557 	 Valid Accuracy:  0.6429
Run: [1]	 Epoch: [2]	 Train Loss:  0.985099 	 Train Accuracy:  0.8571 	Valid Loss:  0.8163 	 Valid Accuracy:  0.7143
Run: [1]	 Epoch: [3]	 Train Loss:  0.677615 	 Train Accuracy:  0.9286 	Valid Loss:  0.7902 	 Valid Accuracy:  0.6429
Run: [1]	 Epoch: [4]	 Train Loss:  0.526311 	 Train Accuracy:  0.9365 	Valid Loss:  0.7875 	 Valid Accuracy:  0.6429
Run: [1]	 Epoch: [5]	 Train Loss:  0.434779 	 Train Accuracy:  0.9365 	Valid Loss:  0.7774 	 Valid Accuracy:  0.6429
Run: [1]	 Epoch: [6]	 Train Loss:  0.366972 	 Train Accuracy:  0.9524 	Valid Loss:  0.7631 	 Valid Accuracy:  0.6429
Run: [1]	 Epoch: [7]	 Train Loss:  0.298512 	 Train Accuracy:  0.9603 	Valid Loss:  0.7334 	 Valid Accuracy:  0.6429
Run: [1]	 Epoch: [8]	 Train Loss:  0.282901 	 Train Accuracy:  0.9762 	Valid Loss:  0.6877 	 Valid Accuracy:  0.6429
Run: [1]	 Epoch: [9]	 Train Loss:  0.223336 	 Train Accuracy:  0.9762 	Valid Loss:  0.6425 	 Valid Accuracy:  0.7143
Run: [1]	 Epoch: [10]	 Train Loss:  0.188688 	 Train Accuracy:  0.9762 	Valid Loss:  0.5916 	 Valid Accuracy:  0.7143
Run: [1]	 Epoch: [11]	 Train Loss:  0.172063 	 Train Accuracy:  1.0000 	Valid Loss:  0.5373 	 Valid Accuracy:  0.7143
Run: [1]	 Epoch: [12]	 Train Loss:  0.160459 	 Train Accuracy:  1.0000 	Valid Loss:  0.4834 	 Valid Accuracy:  0.7143
Run: [1]	 Epoch: [13]	 Train Loss:  0.128738 	 Train Accuracy:  1.0000 	Valid Loss:  0.4471 	 Valid Accuracy:  0.7143
Run: [1]	 Epoch: [14]	 Train Loss:  0.085378 	 Train Accuracy:  1.0000 	Valid Loss:  0.4220 	 Valid Accuracy:  0.7143
Run: [1]	 Epoch: [15]	 Train Loss:  0.083096 	 Train Accuracy:  1.0000 	Valid Loss:  0.4108 	 Valid Accuracy:  0.7143
Run: [1]	 Epoch: [16]	 Train Loss:  0.064650 	 Train Accuracy:  1.0000 	Valid Loss:  0.4061 	 Valid Accuracy:  0.7857
Run: [1]	 Epoch: [17]	 Train Loss:  0.078968 	 Train Accuracy:  1.0000 	Valid Loss:  0.4063 	 Valid Accuracy:  0.7857
Run: [1]	 Epoch: [18]	 Train Loss:  0.052548 	 Train Accuracy:  1.0000 	Valid Loss:  0.4064 	 Valid Accuracy:  0.7857
Run: [1]	 Epoch: [19]	 Train Loss:  0.042994 	 Train Accuracy:  1.0000 	Valid Loss:  0.4111 	 Valid Accuracy:  0.7857
Run: [1]	 Epoch: [20]	 Train Loss:  0.037986 	 Train Accuracy:  1.0000 	Valid Loss:  0.4231 	 Valid Accuracy:  0.7857
Run: [1]	 Epoch: [21]	 Train Loss:  0.050841 	 Train Accuracy:  1.0000 	Valid Loss:  0.4383 	 Valid Accuracy:  0.7857
Run: [1]	 Epoch: [22]	 Train Loss:  0.036599 	 Train Accuracy:  1.0000 	Valid Loss:  0.4545 	 Valid Accuracy:  0.7857
Run: [1]	 Epoch: [23]	 Train Loss:  0.061852 	 Train Accuracy:  1.0000 	Valid Loss:  0.4694 	 Valid Accuracy:  0.7857
Run: [1]	 Epoch: [24]	 Train Loss:  0.034874 	 Train Accuracy:  1.0000 	Valid Loss:  0.4641 	 Valid Accuracy:  0.7857
Run: [1]	 Epoch: [25]	 Train Loss:  0.030675 	 Train Accuracy:  1.0000 	Valid Loss:  0.4516 	 Valid Accuracy:  0.7857
Run: [1]	 Epoch: [26]	 Train Loss:  0.034447 	 Train Accuracy:  1.0000 	Valid Loss:  0.4508 	 Valid Accuracy:  0.7857
Run: [1]	 Epoch: [27]	 Train Loss:  0.020456 	 Train Accuracy:  1.0000 	Valid Loss:  0.4529 	 Valid Accuracy:  0.7857
Run: [1]	 Epoch: [28]	 Train Loss:  0.016059 	 Train Accuracy:  1.0000 	Valid Loss:  0.4589 	 Valid Accuracy:  0.7857
Run: [1]	 Epoch: [29]	 Train Loss:  0.011509 	 Train Accuracy:  1.0000 	Valid Loss:  0.4783 	 Valid Accuracy:  0.7857
Run: [1]	 Epoch: [30]	 Train Loss:  0.018744 	 Train Accuracy:  1.0000 	Valid Loss:  0.4965 	 Valid Accuracy:  0.8571
Run: [1]	 Epoch: [31]	 Train Loss:  0.017073 	 Train Accuracy:  1.0000 	Valid Loss:  0.5160 	 Valid Accuracy:  0.8571
Run: [1]	 Epoch: [32]	 Train Loss:  0.012618 	 Train Accuracy:  1.0000 	Valid Loss:  0.5376 	 Valid Accuracy:  0.8571
Run: [1]	 Epoch: [33]	 Train Loss:  0.013184 	 Train Accuracy:  1.0000 	Valid Loss:  0.5660 	 Valid Accuracy:  0.8571
Run: [1]	 Epoch: [34]	 Train Loss:  0.009043 	 Train Accuracy:  1.0000 	Valid Loss:  0.5992 	 Valid Accuracy:  0.8571
Run: [1]	 Epoch: [35]	 Train Loss:  0.007532 	 Train Accuracy:  1.0000 	Valid Loss:  0.6378 	 Valid Accuracy:  0.8571
Run: [1]	 Epoch: [36]	 Train Loss:  0.008678 	 Train Accuracy:  1.0000 	Valid Loss:  0.6817 	 Valid Accuracy:  0.8571
Run: [1]	 Epoch: [37]	 Train Loss:  0.008068 	 Train Accuracy:  1.0000 	Valid Loss:  0.7284 	 Valid Accuracy:  0.8571
Run: [1]	 Epoch: [38]	 Train Loss:  0.009588 	 Train Accuracy:  1.0000 	Valid Loss:  0.7786 	 Valid Accuracy:  0.8571
Run: [1]	 Epoch: [39]	 Train Loss:  0.012443 	 Train Accuracy:  1.0000 	Valid Loss:  0.8283 	 Valid Accuracy:  0.8571
Run: [1]	 Epoch: [40]	 Train Loss:  0.016983 	 Train Accuracy:  1.0000 	Valid Loss:  0.8789 	 Valid Accuracy:  0.8571
Run: [1]	 Epoch: [41]	 Train Loss:  0.006174 	 Train Accuracy:  1.0000 	Valid Loss:  0.9265 	 Valid Accuracy:  0.8571
Run: [1]	 Epoch: [42]	 Train Loss:  0.015227 	 Train Accuracy:  1.0000 	Valid Loss:  0.9714 	 Valid Accuracy:  0.8571
Run: [1]	 Epoch: [43]	 Train Loss:  0.008474 	 Train Accuracy:  1.0000 	Valid Loss:  1.0164 	 Valid Accuracy:  0.8571
Run: [1]	 Epoch: [44]	 Train Loss:  0.007830 	 Train Accuracy:  1.0000 	Valid Loss:  1.0598 	 Valid Accuracy:  0.8571
Run: [1]	 Epoch: [45]	 Train Loss:  0.005407 	 Train Accuracy:  1.0000 	Valid Loss:  1.1046 	 Valid Accuracy:  0.7857
Run: [1]	 Epoch: [46]	 Train Loss:  0.010923 	 Train Accuracy:  1.0000 	Valid Loss:  1.1528 	 Valid Accuracy:  0.7857
Run: [1]	 Epoch: [47]	 Train Loss:  0.017976 	 Train Accuracy:  1.0000 	Valid Loss:  1.2018 	 Valid Accuracy:  0.7857
Run: [1]	 Epoch: [48]	 Train Loss:  0.007886 	 Train Accuracy:  1.0000 	Valid Loss:  1.2597 	 Valid Accuracy:  0.7857
Run: [1]	 Epoch: [49]	 Train Loss:  0.009229 	 Train Accuracy:  1.0000 	Valid Loss:  1.3196 	 Valid Accuracy:  0.7857
Run: [1]	 Epoch: [50]	 Train Loss:  0.004666 	 Train Accuracy:  1.0000 	Valid Loss:  1.3809 	 Valid Accuracy:  0.7857
Test Accuracy in run 1 is: 0.944444477558136
Total Train Accuracy after run 1 is: 1.0000
Total Test Accuracy after run 1 is: 0.9444
Best Test Accuracy in 1 runs is: 0.9444
Run: [2]	 Epoch: [1]	 Train Loss:  1.557096 	 Train Accuracy:  0.8175 	Valid Loss:  0.8844 	 Valid Accuracy:  0.7143
Run: [2]	 Epoch: [2]	 Train Loss:  0.618776 	 Train Accuracy:  0.8810 	Valid Loss:  0.7935 	 Valid Accuracy:  0.7143
Run: [2]	 Epoch: [3]	 Train Loss:  0.532915 	 Train Accuracy:  0.9286 	Valid Loss:  0.7463 	 Valid Accuracy:  0.7143
Run: [2]	 Epoch: [4]	 Train Loss:  0.383652 	 Train Accuracy:  0.9683 	Valid Loss:  0.6935 	 Valid Accuracy:  0.7143
Run: [2]	 Epoch: [5]	 Train Loss:  0.359857 	 Train Accuracy:  0.9683 	Valid Loss:  0.6383 	 Valid Accuracy:  0.8571
Run: [2]	 Epoch: [6]	 Train Loss:  0.338777 	 Train Accuracy:  0.9683 	Valid Loss:  0.5915 	 Valid Accuracy:  0.8571
Run: [2]	 Epoch: [7]	 Train Loss:  0.268028 	 Train Accuracy:  0.9762 	Valid Loss:  0.5551 	 Valid Accuracy:  0.8571
Run: [2]	 Epoch: [8]	 Train Loss:  0.203342 	 Train Accuracy:  0.9762 	Valid Loss:  0.5239 	 Valid Accuracy:  0.8571
Run: [2]	 Epoch: [9]	 Train Loss:  0.187084 	 Train Accuracy:  0.9841 	Valid Loss:  0.4993 	 Valid Accuracy:  0.8571
Run: [2]	 Epoch: [10]	 Train Loss:  0.138185 	 Train Accuracy:  0.9921 	Valid Loss:  0.4875 	 Valid Accuracy:  0.8571
Run: [2]	 Epoch: [11]	 Train Loss:  0.154734 	 Train Accuracy:  1.0000 	Valid Loss:  0.4843 	 Valid Accuracy:  0.8571
Run: [2]	 Epoch: [12]	 Train Loss:  0.109629 	 Train Accuracy:  1.0000 	Valid Loss:  0.4820 	 Valid Accuracy:  0.8571
Run: [2]	 Epoch: [13]	 Train Loss:  0.096462 	 Train Accuracy:  1.0000 	Valid Loss:  0.4793 	 Valid Accuracy:  0.8571
Run: [2]	 Epoch: [14]	 Train Loss:  0.070500 	 Train Accuracy:  1.0000 	Valid Loss:  0.4769 	 Valid Accuracy:  0.8571
Run: [2]	 Epoch: [15]	 Train Loss:  0.075900 	 Train Accuracy:  1.0000 	Valid Loss:  0.4796 	 Valid Accuracy:  0.8571
Run: [2]	 Epoch: [16]	 Train Loss:  0.039593 	 Train Accuracy:  1.0000 	Valid Loss:  0.4842 	 Valid Accuracy:  0.8571
Run: [2]	 Epoch: [17]	 Train Loss:  0.062965 	 Train Accuracy:  1.0000 	Valid Loss:  0.4971 	 Valid Accuracy:  0.8571
Run: [2]	 Epoch: [18]	 Train Loss:  0.038931 	 Train Accuracy:  1.0000 	Valid Loss:  0.5107 	 Valid Accuracy:  0.8571
Run: [2]	 Epoch: [19]	 Train Loss:  0.032425 	 Train Accuracy:  1.0000 	Valid Loss:  0.5311 	 Valid Accuracy:  0.8571
Run: [2]	 Epoch: [20]	 Train Loss:  0.022729 	 Train Accuracy:  1.0000 	Valid Loss:  0.5521 	 Valid Accuracy:  0.8571
Run: [2]	 Epoch: [21]	 Train Loss:  0.024286 	 Train Accuracy:  1.0000 	Valid Loss:  0.5734 	 Valid Accuracy:  0.8571
Run: [2]	 Epoch: [22]	 Train Loss:  0.022113 	 Train Accuracy:  1.0000 	Valid Loss:  0.5932 	 Valid Accuracy:  0.8571
Run: [2]	 Epoch: [23]	 Train Loss:  0.017258 	 Train Accuracy:  1.0000 	Valid Loss:  0.6096 	 Valid Accuracy:  0.8571
Run: [2]	 Epoch: [24]	 Train Loss:  0.018986 	 Train Accuracy:  1.0000 	Valid Loss:  0.6226 	 Valid Accuracy:  0.8571
Run: [2]	 Epoch: [25]	 Train Loss:  0.013511 	 Train Accuracy:  1.0000 	Valid Loss:  0.6338 	 Valid Accuracy:  0.8571
Run: [2]	 Epoch: [26]	 Train Loss:  0.008517 	 Train Accuracy:  1.0000 	Valid Loss:  0.6402 	 Valid Accuracy:  0.8571
Run: [2]	 Epoch: [27]	 Train Loss:  0.017590 	 Train Accuracy:  1.0000 	Valid Loss:  0.6424 	 Valid Accuracy:  0.8571
Run: [2]	 Epoch: [28]	 Train Loss:  0.009100 	 Train Accuracy:  1.0000 	Valid Loss:  0.6442 	 Valid Accuracy:  0.8571
Run: [2]	 Epoch: [29]	 Train Loss:  0.007209 	 Train Accuracy:  1.0000 	Valid Loss:  0.6474 	 Valid Accuracy:  0.8571
Run: [2]	 Epoch: [30]	 Train Loss:  0.009896 	 Train Accuracy:  1.0000 	Valid Loss:  0.6503 	 Valid Accuracy:  0.8571
Run: [2]	 Epoch: [31]	 Train Loss:  0.009209 	 Train Accuracy:  1.0000 	Valid Loss:  0.6539 	 Valid Accuracy:  0.8571
Run: [2]	 Epoch: [32]	 Train Loss:  0.006129 	 Train Accuracy:  1.0000 	Valid Loss:  0.6583 	 Valid Accuracy:  0.8571
Run: [2]	 Epoch: [33]	 Train Loss:  0.006417 	 Train Accuracy:  1.0000 	Valid Loss:  0.6636 	 Valid Accuracy:  0.8571
Run: [2]	 Epoch: [34]	 Train Loss:  0.005988 	 Train Accuracy:  1.0000 	Valid Loss:  0.6674 	 Valid Accuracy:  0.8571
Run: [2]	 Epoch: [35]	 Train Loss:  0.005037 	 Train Accuracy:  1.0000 	Valid Loss:  0.6706 	 Valid Accuracy:  0.8571
Run: [2]	 Epoch: [36]	 Train Loss:  0.004244 	 Train Accuracy:  1.0000 	Valid Loss:  0.6737 	 Valid Accuracy:  0.8571
Run: [2]	 Epoch: [37]	 Train Loss:  0.002651 	 Train Accuracy:  1.0000 	Valid Loss:  0.6776 	 Valid Accuracy:  0.8571
Run: [2]	 Epoch: [38]	 Train Loss:  0.005901 	 Train Accuracy:  1.0000 	Valid Loss:  0.6830 	 Valid Accuracy:  0.8571
Run: [2]	 Epoch: [39]	 Train Loss:  0.005340 	 Train Accuracy:  1.0000 	Valid Loss:  0.6892 	 Valid Accuracy:  0.8571
Run: [2]	 Epoch: [40]	 Train Loss:  0.004146 	 Train Accuracy:  1.0000 	Valid Loss:  0.6959 	 Valid Accuracy:  0.8571
Run: [2]	 Epoch: [41]	 Train Loss:  0.001990 	 Train Accuracy:  1.0000 	Valid Loss:  0.7027 	 Valid Accuracy:  0.8571
Run: [2]	 Epoch: [42]	 Train Loss:  0.003287 	 Train Accuracy:  1.0000 	Valid Loss:  0.7094 	 Valid Accuracy:  0.8571
Run: [2]	 Epoch: [43]	 Train Loss:  0.005822 	 Train Accuracy:  1.0000 	Valid Loss:  0.7165 	 Valid Accuracy:  0.8571
Run: [2]	 Epoch: [44]	 Train Loss:  0.002184 	 Train Accuracy:  1.0000 	Valid Loss:  0.7247 	 Valid Accuracy:  0.8571
Run: [2]	 Epoch: [45]	 Train Loss:  0.004528 	 Train Accuracy:  1.0000 	Valid Loss:  0.7341 	 Valid Accuracy:  0.8571
Run: [2]	 Epoch: [46]	 Train Loss:  0.004477 	 Train Accuracy:  1.0000 	Valid Loss:  0.7443 	 Valid Accuracy:  0.8571
Run: [2]	 Epoch: [47]	 Train Loss:  0.001932 	 Train Accuracy:  1.0000 	Valid Loss:  0.7552 	 Valid Accuracy:  0.8571
Run: [2]	 Epoch: [48]	 Train Loss:  0.003049 	 Train Accuracy:  1.0000 	Valid Loss:  0.7663 	 Valid Accuracy:  0.8571
Run: [2]	 Epoch: [49]	 Train Loss:  0.001360 	 Train Accuracy:  1.0000 	Valid Loss:  0.7784 	 Valid Accuracy:  0.8571
Run: [2]	 Epoch: [50]	 Train Loss:  0.001350 	 Train Accuracy:  1.0000 	Valid Loss:  0.7907 	 Valid Accuracy:  0.8571
Test Accuracy in run 2 is: 0.944444477558136
Total Train Accuracy after run 2 is: 1.0000
Total Test Accuracy after run 2 is: 0.9444
Best Test Accuracy in 2 runs is: 0.9444
Run: [3]	 Epoch: [1]	 Train Loss:  1.534130 	 Train Accuracy:  0.6111 	Valid Loss:  1.1147 	 Valid Accuracy:  0.4286
Run: [3]	 Epoch: [2]	 Train Loss:  1.017919 	 Train Accuracy:  0.8254 	Valid Loss:  0.8812 	 Valid Accuracy:  0.5714
Run: [3]	 Epoch: [3]	 Train Loss:  0.747641 	 Train Accuracy:  0.8730 	Valid Loss:  0.7183 	 Valid Accuracy:  0.7857
Run: [3]	 Epoch: [4]	 Train Loss:  0.675353 	 Train Accuracy:  0.9206 	Valid Loss:  0.6073 	 Valid Accuracy:  0.7857
Run: [3]	 Epoch: [5]	 Train Loss:  0.502246 	 Train Accuracy:  0.9444 	Valid Loss:  0.4914 	 Valid Accuracy:  0.7857
Run: [3]	 Epoch: [6]	 Train Loss:  0.417752 	 Train Accuracy:  0.9524 	Valid Loss:  0.4033 	 Valid Accuracy:  0.8571
Run: [3]	 Epoch: [7]	 Train Loss:  0.326671 	 Train Accuracy:  0.9762 	Valid Loss:  0.3329 	 Valid Accuracy:  0.9286
Run: [3]	 Epoch: [8]	 Train Loss:  0.278342 	 Train Accuracy:  0.9841 	Valid Loss:  0.2721 	 Valid Accuracy:  0.9286
Run: [3]	 Epoch: [9]	 Train Loss:  0.236572 	 Train Accuracy:  0.9841 	Valid Loss:  0.2237 	 Valid Accuracy:  0.9286
Run: [3]	 Epoch: [10]	 Train Loss:  0.221550 	 Train Accuracy:  0.9841 	Valid Loss:  0.1887 	 Valid Accuracy:  0.9286
Run: [3]	 Epoch: [11]	 Train Loss:  0.181430 	 Train Accuracy:  0.9841 	Valid Loss:  0.1670 	 Valid Accuracy:  0.9286
Run: [3]	 Epoch: [12]	 Train Loss:  0.157480 	 Train Accuracy:  0.9921 	Valid Loss:  0.1580 	 Valid Accuracy:  0.9286
Run: [3]	 Epoch: [13]	 Train Loss:  0.123395 	 Train Accuracy:  1.0000 	Valid Loss:  0.1540 	 Valid Accuracy:  0.9286
Run: [3]	 Epoch: [14]	 Train Loss:  0.102357 	 Train Accuracy:  1.0000 	Valid Loss:  0.1571 	 Valid Accuracy:  0.9286
Run: [3]	 Epoch: [15]	 Train Loss:  0.099300 	 Train Accuracy:  1.0000 	Valid Loss:  0.1621 	 Valid Accuracy:  0.9286
Run: [3]	 Epoch: [16]	 Train Loss:  0.068489 	 Train Accuracy:  1.0000 	Valid Loss:  0.1687 	 Valid Accuracy:  0.9286
Run: [3]	 Epoch: [17]	 Train Loss:  0.052423 	 Train Accuracy:  1.0000 	Valid Loss:  0.1774 	 Valid Accuracy:  0.9286
Run: [3]	 Epoch: [18]	 Train Loss:  0.042256 	 Train Accuracy:  1.0000 	Valid Loss:  0.1922 	 Valid Accuracy:  0.9286
Run: [3]	 Epoch: [19]	 Train Loss:  0.051328 	 Train Accuracy:  1.0000 	Valid Loss:  0.2035 	 Valid Accuracy:  0.9286
Run: [3]	 Epoch: [20]	 Train Loss:  0.038534 	 Train Accuracy:  1.0000 	Valid Loss:  0.2176 	 Valid Accuracy:  0.9286
Run: [3]	 Epoch: [21]	 Train Loss:  0.034869 	 Train Accuracy:  1.0000 	Valid Loss:  0.2333 	 Valid Accuracy:  0.9286
Run: [3]	 Epoch: [22]	 Train Loss:  0.030429 	 Train Accuracy:  1.0000 	Valid Loss:  0.2499 	 Valid Accuracy:  0.9286
Run: [3]	 Epoch: [23]	 Train Loss:  0.029791 	 Train Accuracy:  1.0000 	Valid Loss:  0.2655 	 Valid Accuracy:  0.9286
Run: [3]	 Epoch: [24]	 Train Loss:  0.025183 	 Train Accuracy:  1.0000 	Valid Loss:  0.2804 	 Valid Accuracy:  0.9286
Run: [3]	 Epoch: [25]	 Train Loss:  0.019464 	 Train Accuracy:  1.0000 	Valid Loss:  0.2927 	 Valid Accuracy:  0.9286
Run: [3]	 Epoch: [26]	 Train Loss:  0.031444 	 Train Accuracy:  1.0000 	Valid Loss:  0.3020 	 Valid Accuracy:  0.9286
Run: [3]	 Epoch: [27]	 Train Loss:  0.014947 	 Train Accuracy:  1.0000 	Valid Loss:  0.3111 	 Valid Accuracy:  0.9286
Run: [3]	 Epoch: [28]	 Train Loss:  0.011311 	 Train Accuracy:  1.0000 	Valid Loss:  0.3202 	 Valid Accuracy:  0.9286
Run: [3]	 Epoch: [29]	 Train Loss:  0.010937 	 Train Accuracy:  1.0000 	Valid Loss:  0.3295 	 Valid Accuracy:  0.9286
Run: [3]	 Epoch: [30]	 Train Loss:  0.015018 	 Train Accuracy:  1.0000 	Valid Loss:  0.3405 	 Valid Accuracy:  0.9286
Run: [3]	 Epoch: [31]	 Train Loss:  0.012086 	 Train Accuracy:  1.0000 	Valid Loss:  0.3515 	 Valid Accuracy:  0.9286
Run: [3]	 Epoch: [32]	 Train Loss:  0.007959 	 Train Accuracy:  1.0000 	Valid Loss:  0.3618 	 Valid Accuracy:  0.9286
Run: [3]	 Epoch: [33]	 Train Loss:  0.010845 	 Train Accuracy:  1.0000 	Valid Loss:  0.3707 	 Valid Accuracy:  0.9286
Run: [3]	 Epoch: [34]	 Train Loss:  0.015687 	 Train Accuracy:  1.0000 	Valid Loss:  0.3524 	 Valid Accuracy:  0.9286
Run: [3]	 Epoch: [35]	 Train Loss:  0.008226 	 Train Accuracy:  1.0000 	Valid Loss:  0.3366 	 Valid Accuracy:  0.9286
Run: [3]	 Epoch: [36]	 Train Loss:  0.017000 	 Train Accuracy:  1.0000 	Valid Loss:  0.3244 	 Valid Accuracy:  0.9286
Run: [3]	 Epoch: [37]	 Train Loss:  0.016479 	 Train Accuracy:  1.0000 	Valid Loss:  0.3147 	 Valid Accuracy:  0.9286
Run: [3]	 Epoch: [38]	 Train Loss:  0.011995 	 Train Accuracy:  1.0000 	Valid Loss:  0.3038 	 Valid Accuracy:  0.9286
Run: [3]	 Epoch: [39]	 Train Loss:  0.004763 	 Train Accuracy:  1.0000 	Valid Loss:  0.2980 	 Valid Accuracy:  0.9286
Run: [3]	 Epoch: [40]	 Train Loss:  0.006019 	 Train Accuracy:  1.0000 	Valid Loss:  0.2955 	 Valid Accuracy:  0.9286
Run: [3]	 Epoch: [41]	 Train Loss:  0.008603 	 Train Accuracy:  1.0000 	Valid Loss:  0.2990 	 Valid Accuracy:  0.9286
Run: [3]	 Epoch: [42]	 Train Loss:  0.011148 	 Train Accuracy:  1.0000 	Valid Loss:  0.3083 	 Valid Accuracy:  0.9286
Run: [3]	 Epoch: [43]	 Train Loss:  0.003115 	 Train Accuracy:  1.0000 	Valid Loss:  0.3222 	 Valid Accuracy:  0.9286
Run: [3]	 Epoch: [44]	 Train Loss:  0.008365 	 Train Accuracy:  1.0000 	Valid Loss:  0.3402 	 Valid Accuracy:  0.9286
Run: [3]	 Epoch: [45]	 Train Loss:  0.008305 	 Train Accuracy:  1.0000 	Valid Loss:  0.3598 	 Valid Accuracy:  0.9286
Run: [3]	 Epoch: [46]	 Train Loss:  0.009988 	 Train Accuracy:  1.0000 	Valid Loss:  0.3817 	 Valid Accuracy:  0.9286
Run: [3]	 Epoch: [47]	 Train Loss:  0.005884 	 Train Accuracy:  1.0000 	Valid Loss:  0.4027 	 Valid Accuracy:  0.9286
Run: [3]	 Epoch: [48]	 Train Loss:  0.010204 	 Train Accuracy:  1.0000 	Valid Loss:  0.4195 	 Valid Accuracy:  0.9286
Run: [3]	 Epoch: [49]	 Train Loss:  0.004928 	 Train Accuracy:  1.0000 	Valid Loss:  0.4327 	 Valid Accuracy:  0.9286
Run: [3]	 Epoch: [50]	 Train Loss:  0.002666 	 Train Accuracy:  1.0000 	Valid Loss:  0.4420 	 Valid Accuracy:  0.9286
Test Accuracy in run 3 is: 0.9722222089767456
Total Train Accuracy after run 3 is: 1.0000
Total Test Accuracy after run 3 is: 0.9537
Best Test Accuracy in 3 runs is: 0.9722
Run: [4]	 Epoch: [1]	 Train Loss:  1.828032 	 Train Accuracy:  0.6667 	Valid Loss:  1.3315 	 Valid Accuracy:  0.3571
Run: [4]	 Epoch: [2]	 Train Loss:  1.029135 	 Train Accuracy:  0.9365 	Valid Loss:  1.0813 	 Valid Accuracy:  0.6429
Run: [4]	 Epoch: [3]	 Train Loss:  0.669444 	 Train Accuracy:  0.9365 	Valid Loss:  0.9361 	 Valid Accuracy:  0.6429
Run: [4]	 Epoch: [4]	 Train Loss:  0.545712 	 Train Accuracy:  0.9365 	Valid Loss:  0.8352 	 Valid Accuracy:  0.6429
Run: [4]	 Epoch: [5]	 Train Loss:  0.418317 	 Train Accuracy:  0.9365 	Valid Loss:  0.6998 	 Valid Accuracy:  0.6429
Run: [4]	 Epoch: [6]	 Train Loss:  0.314632 	 Train Accuracy:  0.9286 	Valid Loss:  0.5779 	 Valid Accuracy:  0.7857
Run: [4]	 Epoch: [7]	 Train Loss:  0.304416 	 Train Accuracy:  0.9365 	Valid Loss:  0.4787 	 Valid Accuracy:  0.8571
Run: [4]	 Epoch: [8]	 Train Loss:  0.222411 	 Train Accuracy:  0.9365 	Valid Loss:  0.3972 	 Valid Accuracy:  0.8571
Run: [4]	 Epoch: [9]	 Train Loss:  0.200744 	 Train Accuracy:  0.9524 	Valid Loss:  0.3310 	 Valid Accuracy:  0.9286
Run: [4]	 Epoch: [10]	 Train Loss:  0.207354 	 Train Accuracy:  0.9603 	Valid Loss:  0.2862 	 Valid Accuracy:  0.9286
Run: [4]	 Epoch: [11]	 Train Loss:  0.173903 	 Train Accuracy:  0.9762 	Valid Loss:  0.2587 	 Valid Accuracy:  0.9286
Run: [4]	 Epoch: [12]	 Train Loss:  0.133873 	 Train Accuracy:  0.9841 	Valid Loss:  0.2406 	 Valid Accuracy:  0.9286
Run: [4]	 Epoch: [13]	 Train Loss:  0.135248 	 Train Accuracy:  0.9921 	Valid Loss:  0.2215 	 Valid Accuracy:  0.9286
Run: [4]	 Epoch: [14]	 Train Loss:  0.112536 	 Train Accuracy:  0.9921 	Valid Loss:  0.2055 	 Valid Accuracy:  0.9286
Run: [4]	 Epoch: [15]	 Train Loss:  0.089654 	 Train Accuracy:  0.9921 	Valid Loss:  0.1938 	 Valid Accuracy:  0.9286
Run: [4]	 Epoch: [16]	 Train Loss:  0.085133 	 Train Accuracy:  0.9921 	Valid Loss:  0.1853 	 Valid Accuracy:  0.9286
Run: [4]	 Epoch: [17]	 Train Loss:  0.087475 	 Train Accuracy:  0.9921 	Valid Loss:  0.1828 	 Valid Accuracy:  0.9286
Run: [4]	 Epoch: [18]	 Train Loss:  0.056156 	 Train Accuracy:  1.0000 	Valid Loss:  0.1891 	 Valid Accuracy:  0.9286
Run: [4]	 Epoch: [19]	 Train Loss:  0.058233 	 Train Accuracy:  1.0000 	Valid Loss:  0.1984 	 Valid Accuracy:  0.9286
Run: [4]	 Epoch: [20]	 Train Loss:  0.038989 	 Train Accuracy:  1.0000 	Valid Loss:  0.2092 	 Valid Accuracy:  0.9286
Run: [4]	 Epoch: [21]	 Train Loss:  0.046483 	 Train Accuracy:  1.0000 	Valid Loss:  0.2188 	 Valid Accuracy:  0.9286
Run: [4]	 Epoch: [22]	 Train Loss:  0.022932 	 Train Accuracy:  1.0000 	Valid Loss:  0.2263 	 Valid Accuracy:  0.9286
Run: [4]	 Epoch: [23]	 Train Loss:  0.021688 	 Train Accuracy:  1.0000 	Valid Loss:  0.2264 	 Valid Accuracy:  0.9286
Run: [4]	 Epoch: [24]	 Train Loss:  0.017230 	 Train Accuracy:  1.0000 	Valid Loss:  0.2225 	 Valid Accuracy:  0.9286
Run: [4]	 Epoch: [25]	 Train Loss:  0.030117 	 Train Accuracy:  1.0000 	Valid Loss:  0.2169 	 Valid Accuracy:  0.9286
Run: [4]	 Epoch: [26]	 Train Loss:  0.025213 	 Train Accuracy:  1.0000 	Valid Loss:  0.2144 	 Valid Accuracy:  0.9286
Run: [4]	 Epoch: [27]	 Train Loss:  0.022775 	 Train Accuracy:  1.0000 	Valid Loss:  0.2238 	 Valid Accuracy:  0.9286
Run: [4]	 Epoch: [28]	 Train Loss:  0.016546 	 Train Accuracy:  1.0000 	Valid Loss:  0.2367 	 Valid Accuracy:  0.9286
Run: [4]	 Epoch: [29]	 Train Loss:  0.016862 	 Train Accuracy:  1.0000 	Valid Loss:  0.2531 	 Valid Accuracy:  0.9286
Run: [4]	 Epoch: [30]	 Train Loss:  0.019362 	 Train Accuracy:  1.0000 	Valid Loss:  0.2716 	 Valid Accuracy:  0.9286
Run: [4]	 Epoch: [31]	 Train Loss:  0.015821 	 Train Accuracy:  1.0000 	Valid Loss:  0.2911 	 Valid Accuracy:  0.9286
Run: [4]	 Epoch: [32]	 Train Loss:  0.013869 	 Train Accuracy:  1.0000 	Valid Loss:  0.3110 	 Valid Accuracy:  0.9286
Run: [4]	 Epoch: [33]	 Train Loss:  0.007353 	 Train Accuracy:  1.0000 	Valid Loss:  0.3277 	 Valid Accuracy:  0.9286
Run: [4]	 Epoch: [34]	 Train Loss:  0.014139 	 Train Accuracy:  1.0000 	Valid Loss:  0.3402 	 Valid Accuracy:  0.9286
Run: [4]	 Epoch: [35]	 Train Loss:  0.008102 	 Train Accuracy:  1.0000 	Valid Loss:  0.3496 	 Valid Accuracy:  0.9286
Run: [4]	 Epoch: [36]	 Train Loss:  0.010215 	 Train Accuracy:  1.0000 	Valid Loss:  0.3556 	 Valid Accuracy:  0.9286
Run: [4]	 Epoch: [37]	 Train Loss:  0.009158 	 Train Accuracy:  1.0000 	Valid Loss:  0.3589 	 Valid Accuracy:  0.9286
Run: [4]	 Epoch: [38]	 Train Loss:  0.010231 	 Train Accuracy:  1.0000 	Valid Loss:  0.3593 	 Valid Accuracy:  0.9286
Run: [4]	 Epoch: [39]	 Train Loss:  0.009678 	 Train Accuracy:  1.0000 	Valid Loss:  0.3577 	 Valid Accuracy:  0.9286
Run: [4]	 Epoch: [40]	 Train Loss:  0.013891 	 Train Accuracy:  1.0000 	Valid Loss:  0.3551 	 Valid Accuracy:  0.9286
Run: [4]	 Epoch: [41]	 Train Loss:  0.006149 	 Train Accuracy:  1.0000 	Valid Loss:  0.3521 	 Valid Accuracy:  0.9286
Run: [4]	 Epoch: [42]	 Train Loss:  0.004481 	 Train Accuracy:  1.0000 	Valid Loss:  0.3485 	 Valid Accuracy:  0.9286
Run: [4]	 Epoch: [43]	 Train Loss:  0.007885 	 Train Accuracy:  1.0000 	Valid Loss:  0.3452 	 Valid Accuracy:  0.9286
Run: [4]	 Epoch: [44]	 Train Loss:  0.004646 	 Train Accuracy:  1.0000 	Valid Loss:  0.3423 	 Valid Accuracy:  0.9286
Run: [4]	 Epoch: [45]	 Train Loss:  0.003681 	 Train Accuracy:  1.0000 	Valid Loss:  0.3404 	 Valid Accuracy:  0.9286
Run: [4]	 Epoch: [46]	 Train Loss:  0.008734 	 Train Accuracy:  1.0000 	Valid Loss:  0.3386 	 Valid Accuracy:  0.9286
Run: [4]	 Epoch: [47]	 Train Loss:  0.003984 	 Train Accuracy:  1.0000 	Valid Loss:  0.3355 	 Valid Accuracy:  0.9286
Run: [4]	 Epoch: [48]	 Train Loss:  0.005257 	 Train Accuracy:  1.0000 	Valid Loss:  0.3314 	 Valid Accuracy:  0.9286
Run: [4]	 Epoch: [49]	 Train Loss:  0.007987 	 Train Accuracy:  1.0000 	Valid Loss:  0.3287 	 Valid Accuracy:  0.9286
Run: [4]	 Epoch: [50]	 Train Loss:  0.004602 	 Train Accuracy:  1.0000 	Valid Loss:  0.3262 	 Valid Accuracy:  0.9286
Test Accuracy in run 4 is: 0.944444477558136
Total Train Accuracy after run 4 is: 1.0000
Total Test Accuracy after run 4 is: 0.9514
Best Test Accuracy in 4 runs is: 0.9722
Run: [5]	 Epoch: [1]	 Train Loss:  1.594797 	 Train Accuracy:  0.6190 	Valid Loss:  1.1746 	 Valid Accuracy:  0.6429
Run: [5]	 Epoch: [2]	 Train Loss:  0.978537 	 Train Accuracy:  0.8254 	Valid Loss:  1.0451 	 Valid Accuracy:  0.6429
Run: [5]	 Epoch: [3]	 Train Loss:  0.792607 	 Train Accuracy:  0.8651 	Valid Loss:  0.9370 	 Valid Accuracy:  0.6429
Run: [5]	 Epoch: [4]	 Train Loss:  0.650376 	 Train Accuracy:  0.8968 	Valid Loss:  0.8472 	 Valid Accuracy:  0.6429
Run: [5]	 Epoch: [5]	 Train Loss:  0.554041 	 Train Accuracy:  0.9127 	Valid Loss:  0.7581 	 Valid Accuracy:  0.6429
Run: [5]	 Epoch: [6]	 Train Loss:  0.466282 	 Train Accuracy:  0.9365 	Valid Loss:  0.6633 	 Valid Accuracy:  0.6429
Run: [5]	 Epoch: [7]	 Train Loss:  0.375197 	 Train Accuracy:  0.9365 	Valid Loss:  0.5687 	 Valid Accuracy:  0.7857
Run: [5]	 Epoch: [8]	 Train Loss:  0.329123 	 Train Accuracy:  0.9444 	Valid Loss:  0.4758 	 Valid Accuracy:  0.7857
Run: [5]	 Epoch: [9]	 Train Loss:  0.288788 	 Train Accuracy:  0.9524 	Valid Loss:  0.3973 	 Valid Accuracy:  0.7857
Run: [5]	 Epoch: [10]	 Train Loss:  0.252238 	 Train Accuracy:  0.9762 	Valid Loss:  0.3297 	 Valid Accuracy:  0.8571
Run: [5]	 Epoch: [11]	 Train Loss:  0.222353 	 Train Accuracy:  0.9762 	Valid Loss:  0.2715 	 Valid Accuracy:  0.8571
Run: [5]	 Epoch: [12]	 Train Loss:  0.167457 	 Train Accuracy:  0.9841 	Valid Loss:  0.2251 	 Valid Accuracy:  0.8571
Run: [5]	 Epoch: [13]	 Train Loss:  0.127676 	 Train Accuracy:  0.9841 	Valid Loss:  0.1889 	 Valid Accuracy:  0.9286
Run: [5]	 Epoch: [14]	 Train Loss:  0.120287 	 Train Accuracy:  0.9841 	Valid Loss:  0.1610 	 Valid Accuracy:  1.0000
Run: [5]	 Epoch: [15]	 Train Loss:  0.100386 	 Train Accuracy:  0.9841 	Valid Loss:  0.1376 	 Valid Accuracy:  1.0000
Run: [5]	 Epoch: [16]	 Train Loss:  0.102235 	 Train Accuracy:  0.9841 	Valid Loss:  0.1201 	 Valid Accuracy:  1.0000
Run: [5]	 Epoch: [17]	 Train Loss:  0.072319 	 Train Accuracy:  0.9841 	Valid Loss:  0.1078 	 Valid Accuracy:  1.0000
Run: [5]	 Epoch: [18]	 Train Loss:  0.073155 	 Train Accuracy:  0.9841 	Valid Loss:  0.1016 	 Valid Accuracy:  1.0000
Run: [5]	 Epoch: [19]	 Train Loss:  0.063968 	 Train Accuracy:  0.9921 	Valid Loss:  0.1040 	 Valid Accuracy:  0.9286
Run: [5]	 Epoch: [20]	 Train Loss:  0.069771 	 Train Accuracy:  0.9921 	Valid Loss:  0.1098 	 Valid Accuracy:  0.9286
Run: [5]	 Epoch: [21]	 Train Loss:  0.053067 	 Train Accuracy:  0.9921 	Valid Loss:  0.1219 	 Valid Accuracy:  0.9286
Run: [5]	 Epoch: [22]	 Train Loss:  0.050028 	 Train Accuracy:  1.0000 	Valid Loss:  0.1403 	 Valid Accuracy:  0.9286
Run: [5]	 Epoch: [23]	 Train Loss:  0.046586 	 Train Accuracy:  1.0000 	Valid Loss:  0.1536 	 Valid Accuracy:  0.9286
Run: [5]	 Epoch: [24]	 Train Loss:  0.041118 	 Train Accuracy:  1.0000 	Valid Loss:  0.1697 	 Valid Accuracy:  0.9286
Run: [5]	 Epoch: [25]	 Train Loss:  0.025419 	 Train Accuracy:  1.0000 	Valid Loss:  0.1821 	 Valid Accuracy:  0.9286
Run: [5]	 Epoch: [26]	 Train Loss:  0.030938 	 Train Accuracy:  1.0000 	Valid Loss:  0.1947 	 Valid Accuracy:  0.9286
Run: [5]	 Epoch: [27]	 Train Loss:  0.017192 	 Train Accuracy:  1.0000 	Valid Loss:  0.2055 	 Valid Accuracy:  0.9286
Run: [5]	 Epoch: [28]	 Train Loss:  0.022020 	 Train Accuracy:  1.0000 	Valid Loss:  0.2184 	 Valid Accuracy:  0.9286
Run: [5]	 Epoch: [29]	 Train Loss:  0.027292 	 Train Accuracy:  1.0000 	Valid Loss:  0.2371 	 Valid Accuracy:  0.9286
Run: [5]	 Epoch: [30]	 Train Loss:  0.014947 	 Train Accuracy:  1.0000 	Valid Loss:  0.2634 	 Valid Accuracy:  0.9286
Run: [5]	 Epoch: [31]	 Train Loss:  0.020329 	 Train Accuracy:  1.0000 	Valid Loss:  0.2940 	 Valid Accuracy:  0.9286
Run: [5]	 Epoch: [32]	 Train Loss:  0.025073 	 Train Accuracy:  1.0000 	Valid Loss:  0.3335 	 Valid Accuracy:  0.9286
Run: [5]	 Epoch: [33]	 Train Loss:  0.012519 	 Train Accuracy:  1.0000 	Valid Loss:  0.3786 	 Valid Accuracy:  0.9286
Run: [5]	 Epoch: [34]	 Train Loss:  0.024249 	 Train Accuracy:  1.0000 	Valid Loss:  0.4253 	 Valid Accuracy:  0.9286
Run: [5]	 Epoch: [35]	 Train Loss:  0.013068 	 Train Accuracy:  1.0000 	Valid Loss:  0.4705 	 Valid Accuracy:  0.9286
Run: [5]	 Epoch: [36]	 Train Loss:  0.011517 	 Train Accuracy:  1.0000 	Valid Loss:  0.5162 	 Valid Accuracy:  0.9286
Run: [5]	 Epoch: [37]	 Train Loss:  0.022834 	 Train Accuracy:  1.0000 	Valid Loss:  0.5559 	 Valid Accuracy:  0.9286
Run: [5]	 Epoch: [38]	 Train Loss:  0.010823 	 Train Accuracy:  1.0000 	Valid Loss:  0.5886 	 Valid Accuracy:  0.9286
Run: [5]	 Epoch: [39]	 Train Loss:  0.009888 	 Train Accuracy:  1.0000 	Valid Loss:  0.6209 	 Valid Accuracy:  0.9286
Run: [5]	 Epoch: [40]	 Train Loss:  0.006499 	 Train Accuracy:  1.0000 	Valid Loss:  0.6514 	 Valid Accuracy:  0.9286
Run: [5]	 Epoch: [41]	 Train Loss:  0.010638 	 Train Accuracy:  1.0000 	Valid Loss:  0.6815 	 Valid Accuracy:  0.8571
Run: [5]	 Epoch: [42]	 Train Loss:  0.009758 	 Train Accuracy:  1.0000 	Valid Loss:  0.7148 	 Valid Accuracy:  0.8571
Run: [5]	 Epoch: [43]	 Train Loss:  0.006742 	 Train Accuracy:  1.0000 	Valid Loss:  0.7407 	 Valid Accuracy:  0.8571
Run: [5]	 Epoch: [44]	 Train Loss:  0.007349 	 Train Accuracy:  1.0000 	Valid Loss:  0.7596 	 Valid Accuracy:  0.8571
Run: [5]	 Epoch: [45]	 Train Loss:  0.007970 	 Train Accuracy:  1.0000 	Valid Loss:  0.7762 	 Valid Accuracy:  0.8571
Run: [5]	 Epoch: [46]	 Train Loss:  0.004229 	 Train Accuracy:  1.0000 	Valid Loss:  0.7899 	 Valid Accuracy:  0.8571
Run: [5]	 Epoch: [47]	 Train Loss:  0.014559 	 Train Accuracy:  1.0000 	Valid Loss:  0.8008 	 Valid Accuracy:  0.8571
Run: [5]	 Epoch: [48]	 Train Loss:  0.004143 	 Train Accuracy:  1.0000 	Valid Loss:  0.8101 	 Valid Accuracy:  0.8571
Run: [5]	 Epoch: [49]	 Train Loss:  0.004525 	 Train Accuracy:  1.0000 	Valid Loss:  0.8202 	 Valid Accuracy:  0.8571
Run: [5]	 Epoch: [50]	 Train Loss:  0.007351 	 Train Accuracy:  1.0000 	Valid Loss:  0.8303 	 Valid Accuracy:  0.8571
Test Accuracy in run 5 is: 0.944444477558136
Total Train Accuracy after run 5 is: 1.0000
Total Test Accuracy after run 5 is: 0.9500
Best Test Accuracy in 5 runs is: 0.9722
Run: [6]	 Epoch: [1]	 Train Loss:  2.059007 	 Train Accuracy:  0.5079 	Valid Loss:  1.3684 	 Valid Accuracy:  0.5000
Run: [6]	 Epoch: [2]	 Train Loss:  1.366142 	 Train Accuracy:  0.5635 	Valid Loss:  1.1869 	 Valid Accuracy:  0.4286
Run: [6]	 Epoch: [3]	 Train Loss:  0.955939 	 Train Accuracy:  0.7540 	Valid Loss:  0.9531 	 Valid Accuracy:  0.6429
Run: [6]	 Epoch: [4]	 Train Loss:  0.785767 	 Train Accuracy:  0.9286 	Valid Loss:  0.8011 	 Valid Accuracy:  0.7143
Run: [6]	 Epoch: [5]	 Train Loss:  0.626011 	 Train Accuracy:  0.9206 	Valid Loss:  0.7261 	 Valid Accuracy:  0.7143
Run: [6]	 Epoch: [6]	 Train Loss:  0.518475 	 Train Accuracy:  0.8968 	Valid Loss:  0.7024 	 Valid Accuracy:  0.7143
Run: [6]	 Epoch: [7]	 Train Loss:  0.469769 	 Train Accuracy:  0.8968 	Valid Loss:  0.6881 	 Valid Accuracy:  0.6429
Run: [6]	 Epoch: [8]	 Train Loss:  0.417324 	 Train Accuracy:  0.8889 	Valid Loss:  0.6780 	 Valid Accuracy:  0.6429
Run: [6]	 Epoch: [9]	 Train Loss:  0.353639 	 Train Accuracy:  0.8968 	Valid Loss:  0.6740 	 Valid Accuracy:  0.7143
Run: [6]	 Epoch: [10]	 Train Loss:  0.356703 	 Train Accuracy:  0.9048 	Valid Loss:  0.6698 	 Valid Accuracy:  0.7143
Run: [6]	 Epoch: [11]	 Train Loss:  0.320340 	 Train Accuracy:  0.9127 	Valid Loss:  0.6608 	 Valid Accuracy:  0.7143
Run: [6]	 Epoch: [12]	 Train Loss:  0.270908 	 Train Accuracy:  0.9365 	Valid Loss:  0.6518 	 Valid Accuracy:  0.7857
Run: [6]	 Epoch: [13]	 Train Loss:  0.261721 	 Train Accuracy:  0.9524 	Valid Loss:  0.6431 	 Valid Accuracy:  0.7857
Run: [6]	 Epoch: [14]	 Train Loss:  0.236382 	 Train Accuracy:  0.9683 	Valid Loss:  0.6246 	 Valid Accuracy:  0.7857
Run: [6]	 Epoch: [15]	 Train Loss:  0.182492 	 Train Accuracy:  0.9683 	Valid Loss:  0.5987 	 Valid Accuracy:  0.7857
Run: [6]	 Epoch: [16]	 Train Loss:  0.181526 	 Train Accuracy:  0.9683 	Valid Loss:  0.5714 	 Valid Accuracy:  0.7857
Run: [6]	 Epoch: [17]	 Train Loss:  0.191152 	 Train Accuracy:  0.9762 	Valid Loss:  0.5457 	 Valid Accuracy:  0.7857
Run: [6]	 Epoch: [18]	 Train Loss:  0.126926 	 Train Accuracy:  0.9841 	Valid Loss:  0.5154 	 Valid Accuracy:  0.7857
Run: [6]	 Epoch: [19]	 Train Loss:  0.109650 	 Train Accuracy:  0.9921 	Valid Loss:  0.4903 	 Valid Accuracy:  0.7857
Run: [6]	 Epoch: [20]	 Train Loss:  0.125481 	 Train Accuracy:  0.9921 	Valid Loss:  0.4646 	 Valid Accuracy:  0.7857
Run: [6]	 Epoch: [21]	 Train Loss:  0.086659 	 Train Accuracy:  0.9921 	Valid Loss:  0.4351 	 Valid Accuracy:  0.7857
Run: [6]	 Epoch: [22]	 Train Loss:  0.070635 	 Train Accuracy:  0.9921 	Valid Loss:  0.4133 	 Valid Accuracy:  0.7857
Run: [6]	 Epoch: [23]	 Train Loss:  0.088504 	 Train Accuracy:  1.0000 	Valid Loss:  0.4035 	 Valid Accuracy:  0.8571
Run: [6]	 Epoch: [24]	 Train Loss:  0.081314 	 Train Accuracy:  1.0000 	Valid Loss:  0.3977 	 Valid Accuracy:  0.8571
Run: [6]	 Epoch: [25]	 Train Loss:  0.054618 	 Train Accuracy:  1.0000 	Valid Loss:  0.3963 	 Valid Accuracy:  0.8571
Run: [6]	 Epoch: [26]	 Train Loss:  0.060937 	 Train Accuracy:  1.0000 	Valid Loss:  0.3985 	 Valid Accuracy:  0.8571
Run: [6]	 Epoch: [27]	 Train Loss:  0.042874 	 Train Accuracy:  1.0000 	Valid Loss:  0.4046 	 Valid Accuracy:  0.8571
Run: [6]	 Epoch: [28]	 Train Loss:  0.054750 	 Train Accuracy:  1.0000 	Valid Loss:  0.4141 	 Valid Accuracy:  0.8571
Run: [6]	 Epoch: [29]	 Train Loss:  0.037071 	 Train Accuracy:  1.0000 	Valid Loss:  0.4230 	 Valid Accuracy:  0.8571
Run: [6]	 Epoch: [30]	 Train Loss:  0.031620 	 Train Accuracy:  1.0000 	Valid Loss:  0.4323 	 Valid Accuracy:  0.8571
Run: [6]	 Epoch: [31]	 Train Loss:  0.031963 	 Train Accuracy:  1.0000 	Valid Loss:  0.4377 	 Valid Accuracy:  0.8571
Run: [6]	 Epoch: [32]	 Train Loss:  0.026166 	 Train Accuracy:  1.0000 	Valid Loss:  0.4477 	 Valid Accuracy:  0.8571
Run: [6]	 Epoch: [33]	 Train Loss:  0.030823 	 Train Accuracy:  1.0000 	Valid Loss:  0.4603 	 Valid Accuracy:  0.8571
Run: [6]	 Epoch: [34]	 Train Loss:  0.027064 	 Train Accuracy:  1.0000 	Valid Loss:  0.4772 	 Valid Accuracy:  0.8571
Run: [6]	 Epoch: [35]	 Train Loss:  0.029673 	 Train Accuracy:  1.0000 	Valid Loss:  0.4980 	 Valid Accuracy:  0.8571
Run: [6]	 Epoch: [36]	 Train Loss:  0.017205 	 Train Accuracy:  1.0000 	Valid Loss:  0.5215 	 Valid Accuracy:  0.8571
Run: [6]	 Epoch: [37]	 Train Loss:  0.025155 	 Train Accuracy:  1.0000 	Valid Loss:  0.5455 	 Valid Accuracy:  0.7857
Run: [6]	 Epoch: [38]	 Train Loss:  0.013300 	 Train Accuracy:  1.0000 	Valid Loss:  0.5731 	 Valid Accuracy:  0.7857
Run: [6]	 Epoch: [39]	 Train Loss:  0.027443 	 Train Accuracy:  1.0000 	Valid Loss:  0.6014 	 Valid Accuracy:  0.7857
Run: [6]	 Epoch: [40]	 Train Loss:  0.018726 	 Train Accuracy:  1.0000 	Valid Loss:  0.6317 	 Valid Accuracy:  0.7857
Run: [6]	 Epoch: [41]	 Train Loss:  0.019107 	 Train Accuracy:  1.0000 	Valid Loss:  0.6647 	 Valid Accuracy:  0.7857
Run: [6]	 Epoch: [42]	 Train Loss:  0.009051 	 Train Accuracy:  1.0000 	Valid Loss:  0.6971 	 Valid Accuracy:  0.7857
Run: [6]	 Epoch: [43]	 Train Loss:  0.011022 	 Train Accuracy:  1.0000 	Valid Loss:  0.7333 	 Valid Accuracy:  0.7857
Run: [6]	 Epoch: [44]	 Train Loss:  0.012712 	 Train Accuracy:  1.0000 	Valid Loss:  0.7790 	 Valid Accuracy:  0.7857
Run: [6]	 Epoch: [45]	 Train Loss:  0.011971 	 Train Accuracy:  1.0000 	Valid Loss:  0.8198 	 Valid Accuracy:  0.7857
Run: [6]	 Epoch: [46]	 Train Loss:  0.007345 	 Train Accuracy:  1.0000 	Valid Loss:  0.8615 	 Valid Accuracy:  0.7857
Run: [6]	 Epoch: [47]	 Train Loss:  0.007870 	 Train Accuracy:  1.0000 	Valid Loss:  0.9003 	 Valid Accuracy:  0.7857
Run: [6]	 Epoch: [48]	 Train Loss:  0.007447 	 Train Accuracy:  1.0000 	Valid Loss:  0.9368 	 Valid Accuracy:  0.7857
Run: [6]	 Epoch: [49]	 Train Loss:  0.010176 	 Train Accuracy:  1.0000 	Valid Loss:  0.9725 	 Valid Accuracy:  0.7857
Run: [6]	 Epoch: [50]	 Train Loss:  0.007936 	 Train Accuracy:  1.0000 	Valid Loss:  1.0063 	 Valid Accuracy:  0.7857
Test Accuracy in run 6 is: 0.944444477558136
Total Train Accuracy after run 6 is: 1.0000
Total Test Accuracy after run 6 is: 0.9491
Best Test Accuracy in 6 runs is: 0.9722
Run: [7]	 Epoch: [1]	 Train Loss:  1.477071 	 Train Accuracy:  0.6667 	Valid Loss:  1.1977 	 Valid Accuracy:  0.4286
Run: [7]	 Epoch: [2]	 Train Loss:  0.891268 	 Train Accuracy:  0.8810 	Valid Loss:  0.9983 	 Valid Accuracy:  0.7143
Run: [7]	 Epoch: [3]	 Train Loss:  0.667083 	 Train Accuracy:  0.9206 	Valid Loss:  0.8543 	 Valid Accuracy:  0.7857
Run: [7]	 Epoch: [4]	 Train Loss:  0.523261 	 Train Accuracy:  0.9524 	Valid Loss:  0.7240 	 Valid Accuracy:  0.7857
Run: [7]	 Epoch: [5]	 Train Loss:  0.431531 	 Train Accuracy:  0.9762 	Valid Loss:  0.5936 	 Valid Accuracy:  0.7857
Run: [7]	 Epoch: [6]	 Train Loss:  0.374028 	 Train Accuracy:  0.9841 	Valid Loss:  0.4896 	 Valid Accuracy:  0.9286
Run: [7]	 Epoch: [7]	 Train Loss:  0.312421 	 Train Accuracy:  0.9841 	Valid Loss:  0.4234 	 Valid Accuracy:  0.9286
Run: [7]	 Epoch: [8]	 Train Loss:  0.276389 	 Train Accuracy:  0.9841 	Valid Loss:  0.3816 	 Valid Accuracy:  0.9286
Run: [7]	 Epoch: [9]	 Train Loss:  0.184807 	 Train Accuracy:  0.9841 	Valid Loss:  0.3501 	 Valid Accuracy:  0.9286
Run: [7]	 Epoch: [10]	 Train Loss:  0.157599 	 Train Accuracy:  0.9921 	Valid Loss:  0.3260 	 Valid Accuracy:  0.9286
Run: [7]	 Epoch: [11]	 Train Loss:  0.135549 	 Train Accuracy:  0.9921 	Valid Loss:  0.3117 	 Valid Accuracy:  0.9286
Run: [7]	 Epoch: [12]	 Train Loss:  0.133852 	 Train Accuracy:  0.9921 	Valid Loss:  0.3026 	 Valid Accuracy:  0.9286
Run: [7]	 Epoch: [13]	 Train Loss:  0.094035 	 Train Accuracy:  1.0000 	Valid Loss:  0.2953 	 Valid Accuracy:  0.9286
Run: [7]	 Epoch: [14]	 Train Loss:  0.074837 	 Train Accuracy:  1.0000 	Valid Loss:  0.2933 	 Valid Accuracy:  0.9286
Run: [7]	 Epoch: [15]	 Train Loss:  0.078030 	 Train Accuracy:  1.0000 	Valid Loss:  0.2962 	 Valid Accuracy:  0.9286
Run: [7]	 Epoch: [16]	 Train Loss:  0.065338 	 Train Accuracy:  1.0000 	Valid Loss:  0.3016 	 Valid Accuracy:  0.9286
Run: [7]	 Epoch: [17]	 Train Loss:  0.053058 	 Train Accuracy:  1.0000 	Valid Loss:  0.3082 	 Valid Accuracy:  0.9286
Run: [7]	 Epoch: [18]	 Train Loss:  0.042560 	 Train Accuracy:  1.0000 	Valid Loss:  0.3187 	 Valid Accuracy:  0.9286
Run: [7]	 Epoch: [19]	 Train Loss:  0.046267 	 Train Accuracy:  1.0000 	Valid Loss:  0.3294 	 Valid Accuracy:  0.9286
Run: [7]	 Epoch: [20]	 Train Loss:  0.026841 	 Train Accuracy:  1.0000 	Valid Loss:  0.3384 	 Valid Accuracy:  0.9286
Run: [7]	 Epoch: [21]	 Train Loss:  0.036450 	 Train Accuracy:  1.0000 	Valid Loss:  0.3475 	 Valid Accuracy:  0.9286
Run: [7]	 Epoch: [22]	 Train Loss:  0.035583 	 Train Accuracy:  1.0000 	Valid Loss:  0.3561 	 Valid Accuracy:  0.9286
Run: [7]	 Epoch: [23]	 Train Loss:  0.019944 	 Train Accuracy:  1.0000 	Valid Loss:  0.3661 	 Valid Accuracy:  0.9286
Run: [7]	 Epoch: [24]	 Train Loss:  0.035749 	 Train Accuracy:  1.0000 	Valid Loss:  0.3772 	 Valid Accuracy:  0.9286
Run: [7]	 Epoch: [25]	 Train Loss:  0.021387 	 Train Accuracy:  1.0000 	Valid Loss:  0.3886 	 Valid Accuracy:  0.9286
Run: [7]	 Epoch: [26]	 Train Loss:  0.015045 	 Train Accuracy:  1.0000 	Valid Loss:  0.3967 	 Valid Accuracy:  0.9286
Run: [7]	 Epoch: [27]	 Train Loss:  0.021408 	 Train Accuracy:  1.0000 	Valid Loss:  0.4090 	 Valid Accuracy:  0.9286
Run: [7]	 Epoch: [28]	 Train Loss:  0.013913 	 Train Accuracy:  1.0000 	Valid Loss:  0.4243 	 Valid Accuracy:  0.9286
Run: [7]	 Epoch: [29]	 Train Loss:  0.012774 	 Train Accuracy:  1.0000 	Valid Loss:  0.4420 	 Valid Accuracy:  0.9286
Run: [7]	 Epoch: [30]	 Train Loss:  0.011766 	 Train Accuracy:  1.0000 	Valid Loss:  0.4602 	 Valid Accuracy:  0.9286
Run: [7]	 Epoch: [31]	 Train Loss:  0.009384 	 Train Accuracy:  1.0000 	Valid Loss:  0.4788 	 Valid Accuracy:  0.9286
Run: [7]	 Epoch: [32]	 Train Loss:  0.010043 	 Train Accuracy:  1.0000 	Valid Loss:  0.4964 	 Valid Accuracy:  0.9286
Run: [7]	 Epoch: [33]	 Train Loss:  0.009212 	 Train Accuracy:  1.0000 	Valid Loss:  0.5130 	 Valid Accuracy:  0.9286
Run: [7]	 Epoch: [34]	 Train Loss:  0.011548 	 Train Accuracy:  1.0000 	Valid Loss:  0.5289 	 Valid Accuracy:  0.9286
Run: [7]	 Epoch: [35]	 Train Loss:  0.004823 	 Train Accuracy:  1.0000 	Valid Loss:  0.5439 	 Valid Accuracy:  0.9286
Run: [7]	 Epoch: [36]	 Train Loss:  0.009877 	 Train Accuracy:  1.0000 	Valid Loss:  0.5585 	 Valid Accuracy:  0.9286
Run: [7]	 Epoch: [37]	 Train Loss:  0.006445 	 Train Accuracy:  1.0000 	Valid Loss:  0.5729 	 Valid Accuracy:  0.9286
Run: [7]	 Epoch: [38]	 Train Loss:  0.010568 	 Train Accuracy:  1.0000 	Valid Loss:  0.5868 	 Valid Accuracy:  0.9286
Run: [7]	 Epoch: [39]	 Train Loss:  0.007591 	 Train Accuracy:  1.0000 	Valid Loss:  0.6003 	 Valid Accuracy:  0.9286
Run: [7]	 Epoch: [40]	 Train Loss:  0.006657 	 Train Accuracy:  1.0000 	Valid Loss:  0.6142 	 Valid Accuracy:  0.9286
Run: [7]	 Epoch: [41]	 Train Loss:  0.008212 	 Train Accuracy:  1.0000 	Valid Loss:  0.6266 	 Valid Accuracy:  0.9286
Run: [7]	 Epoch: [42]	 Train Loss:  0.004802 	 Train Accuracy:  1.0000 	Valid Loss:  0.6390 	 Valid Accuracy:  0.9286
Run: [7]	 Epoch: [43]	 Train Loss:  0.007309 	 Train Accuracy:  1.0000 	Valid Loss:  0.6517 	 Valid Accuracy:  0.9286
Run: [7]	 Epoch: [44]	 Train Loss:  0.003965 	 Train Accuracy:  1.0000 	Valid Loss:  0.6645 	 Valid Accuracy:  0.9286
Run: [7]	 Epoch: [45]	 Train Loss:  0.003947 	 Train Accuracy:  1.0000 	Valid Loss:  0.6768 	 Valid Accuracy:  0.9286
Run: [7]	 Epoch: [46]	 Train Loss:  0.008246 	 Train Accuracy:  1.0000 	Valid Loss:  0.6880 	 Valid Accuracy:  0.9286
Run: [7]	 Epoch: [47]	 Train Loss:  0.004249 	 Train Accuracy:  1.0000 	Valid Loss:  0.6987 	 Valid Accuracy:  0.9286
Run: [7]	 Epoch: [48]	 Train Loss:  0.005163 	 Train Accuracy:  1.0000 	Valid Loss:  0.7088 	 Valid Accuracy:  0.9286
Run: [7]	 Epoch: [49]	 Train Loss:  0.005111 	 Train Accuracy:  1.0000 	Valid Loss:  0.7182 	 Valid Accuracy:  0.9286
Run: [7]	 Epoch: [50]	 Train Loss:  0.007179 	 Train Accuracy:  1.0000 	Valid Loss:  0.7255 	 Valid Accuracy:  0.9286
Test Accuracy in run 7 is: 0.9722222089767456
Total Train Accuracy after run 7 is: 1.0000
Total Test Accuracy after run 7 is: 0.9524
Best Test Accuracy in 7 runs is: 0.9722
Run: [8]	 Epoch: [1]	 Train Loss:  1.398712 	 Train Accuracy:  0.7698 	Valid Loss:  1.1684 	 Valid Accuracy:  0.6429
Run: [8]	 Epoch: [2]	 Train Loss:  0.811979 	 Train Accuracy:  0.8333 	Valid Loss:  0.9316 	 Valid Accuracy:  0.6429
Run: [8]	 Epoch: [3]	 Train Loss:  0.619658 	 Train Accuracy:  0.8413 	Valid Loss:  0.7046 	 Valid Accuracy:  0.7857
Run: [8]	 Epoch: [4]	 Train Loss:  0.523163 	 Train Accuracy:  0.8810 	Valid Loss:  0.5417 	 Valid Accuracy:  0.8571
Run: [8]	 Epoch: [5]	 Train Loss:  0.454314 	 Train Accuracy:  0.9127 	Valid Loss:  0.4021 	 Valid Accuracy:  0.8571
Run: [8]	 Epoch: [6]	 Train Loss:  0.381527 	 Train Accuracy:  0.9444 	Valid Loss:  0.3059 	 Valid Accuracy:  0.8571
Run: [8]	 Epoch: [7]	 Train Loss:  0.288095 	 Train Accuracy:  0.9603 	Valid Loss:  0.2326 	 Valid Accuracy:  0.9286
Run: [8]	 Epoch: [8]	 Train Loss:  0.296453 	 Train Accuracy:  0.9683 	Valid Loss:  0.1889 	 Valid Accuracy:  1.0000
Run: [8]	 Epoch: [9]	 Train Loss:  0.223418 	 Train Accuracy:  0.9762 	Valid Loss:  0.1605 	 Valid Accuracy:  1.0000
Run: [8]	 Epoch: [10]	 Train Loss:  0.178825 	 Train Accuracy:  1.0000 	Valid Loss:  0.1397 	 Valid Accuracy:  1.0000
Run: [8]	 Epoch: [11]	 Train Loss:  0.154611 	 Train Accuracy:  1.0000 	Valid Loss:  0.1275 	 Valid Accuracy:  1.0000
Run: [8]	 Epoch: [12]	 Train Loss:  0.141669 	 Train Accuracy:  1.0000 	Valid Loss:  0.1210 	 Valid Accuracy:  0.9286
Run: [8]	 Epoch: [13]	 Train Loss:  0.117660 	 Train Accuracy:  1.0000 	Valid Loss:  0.1220 	 Valid Accuracy:  0.9286
Run: [8]	 Epoch: [14]	 Train Loss:  0.128207 	 Train Accuracy:  1.0000 	Valid Loss:  0.1302 	 Valid Accuracy:  0.9286
Run: [8]	 Epoch: [15]	 Train Loss:  0.086215 	 Train Accuracy:  1.0000 	Valid Loss:  0.1452 	 Valid Accuracy:  0.9286
Run: [8]	 Epoch: [16]	 Train Loss:  0.077192 	 Train Accuracy:  1.0000 	Valid Loss:  0.1687 	 Valid Accuracy:  0.9286
Run: [8]	 Epoch: [17]	 Train Loss:  0.067072 	 Train Accuracy:  1.0000 	Valid Loss:  0.1967 	 Valid Accuracy:  0.9286
Run: [8]	 Epoch: [18]	 Train Loss:  0.075252 	 Train Accuracy:  1.0000 	Valid Loss:  0.2293 	 Valid Accuracy:  0.9286
Run: [8]	 Epoch: [19]	 Train Loss:  0.044883 	 Train Accuracy:  1.0000 	Valid Loss:  0.2644 	 Valid Accuracy:  0.9286
Run: [8]	 Epoch: [20]	 Train Loss:  0.076111 	 Train Accuracy:  1.0000 	Valid Loss:  0.3001 	 Valid Accuracy:  0.9286
Run: [8]	 Epoch: [21]	 Train Loss:  0.051781 	 Train Accuracy:  1.0000 	Valid Loss:  0.3335 	 Valid Accuracy:  0.9286
Run: [8]	 Epoch: [22]	 Train Loss:  0.041873 	 Train Accuracy:  1.0000 	Valid Loss:  0.3622 	 Valid Accuracy:  0.9286
Run: [8]	 Epoch: [23]	 Train Loss:  0.043313 	 Train Accuracy:  1.0000 	Valid Loss:  0.3865 	 Valid Accuracy:  0.9286
Run: [8]	 Epoch: [24]	 Train Loss:  0.030838 	 Train Accuracy:  1.0000 	Valid Loss:  0.4100 	 Valid Accuracy:  0.9286
Run: [8]	 Epoch: [25]	 Train Loss:  0.024610 	 Train Accuracy:  1.0000 	Valid Loss:  0.4279 	 Valid Accuracy:  0.9286
Run: [8]	 Epoch: [26]	 Train Loss:  0.035326 	 Train Accuracy:  1.0000 	Valid Loss:  0.4433 	 Valid Accuracy:  0.9286
Run: [8]	 Epoch: [27]	 Train Loss:  0.021878 	 Train Accuracy:  1.0000 	Valid Loss:  0.4569 	 Valid Accuracy:  0.9286
Run: [8]	 Epoch: [28]	 Train Loss:  0.028487 	 Train Accuracy:  1.0000 	Valid Loss:  0.4697 	 Valid Accuracy:  0.9286
Run: [8]	 Epoch: [29]	 Train Loss:  0.006596 	 Train Accuracy:  1.0000 	Valid Loss:  0.4816 	 Valid Accuracy:  0.9286
Run: [8]	 Epoch: [30]	 Train Loss:  0.013352 	 Train Accuracy:  1.0000 	Valid Loss:  0.4928 	 Valid Accuracy:  0.9286
Run: [8]	 Epoch: [31]	 Train Loss:  0.014229 	 Train Accuracy:  1.0000 	Valid Loss:  0.5027 	 Valid Accuracy:  0.9286
Run: [8]	 Epoch: [32]	 Train Loss:  0.023926 	 Train Accuracy:  1.0000 	Valid Loss:  0.5102 	 Valid Accuracy:  0.9286
Run: [8]	 Epoch: [33]	 Train Loss:  0.017978 	 Train Accuracy:  1.0000 	Valid Loss:  0.5149 	 Valid Accuracy:  0.9286
Run: [8]	 Epoch: [34]	 Train Loss:  0.015487 	 Train Accuracy:  1.0000 	Valid Loss:  0.5193 	 Valid Accuracy:  0.9286
Run: [8]	 Epoch: [35]	 Train Loss:  0.010019 	 Train Accuracy:  1.0000 	Valid Loss:  0.5231 	 Valid Accuracy:  0.9286
Run: [8]	 Epoch: [36]	 Train Loss:  0.007981 	 Train Accuracy:  1.0000 	Valid Loss:  0.5268 	 Valid Accuracy:  0.9286
Run: [8]	 Epoch: [37]	 Train Loss:  0.010403 	 Train Accuracy:  1.0000 	Valid Loss:  0.5301 	 Valid Accuracy:  0.9286
Run: [8]	 Epoch: [38]	 Train Loss:  0.008148 	 Train Accuracy:  1.0000 	Valid Loss:  0.5331 	 Valid Accuracy:  0.9286
Run: [8]	 Epoch: [39]	 Train Loss:  0.010350 	 Train Accuracy:  1.0000 	Valid Loss:  0.5362 	 Valid Accuracy:  0.9286
Run: [8]	 Epoch: [40]	 Train Loss:  0.007768 	 Train Accuracy:  1.0000 	Valid Loss:  0.5394 	 Valid Accuracy:  0.9286
Run: [8]	 Epoch: [41]	 Train Loss:  0.009003 	 Train Accuracy:  1.0000 	Valid Loss:  0.5438 	 Valid Accuracy:  0.9286
Run: [8]	 Epoch: [42]	 Train Loss:  0.006655 	 Train Accuracy:  1.0000 	Valid Loss:  0.5483 	 Valid Accuracy:  0.9286
Run: [8]	 Epoch: [43]	 Train Loss:  0.003852 	 Train Accuracy:  1.0000 	Valid Loss:  0.5527 	 Valid Accuracy:  0.9286
Run: [8]	 Epoch: [44]	 Train Loss:  0.004720 	 Train Accuracy:  1.0000 	Valid Loss:  0.5564 	 Valid Accuracy:  0.9286
Run: [8]	 Epoch: [45]	 Train Loss:  0.006682 	 Train Accuracy:  1.0000 	Valid Loss:  0.5595 	 Valid Accuracy:  0.9286
Run: [8]	 Epoch: [46]	 Train Loss:  0.002756 	 Train Accuracy:  1.0000 	Valid Loss:  0.5616 	 Valid Accuracy:  0.9286
Run: [8]	 Epoch: [47]	 Train Loss:  0.002942 	 Train Accuracy:  1.0000 	Valid Loss:  0.5631 	 Valid Accuracy:  0.9286
Run: [8]	 Epoch: [48]	 Train Loss:  0.004720 	 Train Accuracy:  1.0000 	Valid Loss:  0.5656 	 Valid Accuracy:  0.9286
Run: [8]	 Epoch: [49]	 Train Loss:  0.010302 	 Train Accuracy:  1.0000 	Valid Loss:  0.5688 	 Valid Accuracy:  0.9286
Run: [8]	 Epoch: [50]	 Train Loss:  0.005035 	 Train Accuracy:  1.0000 	Valid Loss:  0.5726 	 Valid Accuracy:  0.9286
Test Accuracy in run 8 is: 0.944444477558136
Total Train Accuracy after run 8 is: 1.0000
Total Test Accuracy after run 8 is: 0.9514
Best Test Accuracy in 8 runs is: 0.9722
Run: [9]	 Epoch: [1]	 Train Loss:  1.570152 	 Train Accuracy:  0.7937 	Valid Loss:  1.1886 	 Valid Accuracy:  0.4286
Run: [9]	 Epoch: [2]	 Train Loss:  0.794153 	 Train Accuracy:  0.8889 	Valid Loss:  0.9774 	 Valid Accuracy:  0.6429
Run: [9]	 Epoch: [3]	 Train Loss:  0.603045 	 Train Accuracy:  0.9048 	Valid Loss:  0.8441 	 Valid Accuracy:  0.7143
Run: [9]	 Epoch: [4]	 Train Loss:  0.542812 	 Train Accuracy:  0.9286 	Valid Loss:  0.7499 	 Valid Accuracy:  0.7143
Run: [9]	 Epoch: [5]	 Train Loss:  0.433180 	 Train Accuracy:  0.9524 	Valid Loss:  0.6655 	 Valid Accuracy:  0.7143
Run: [9]	 Epoch: [6]	 Train Loss:  0.336007 	 Train Accuracy:  0.9603 	Valid Loss:  0.5862 	 Valid Accuracy:  0.7143
Run: [9]	 Epoch: [7]	 Train Loss:  0.297299 	 Train Accuracy:  0.9603 	Valid Loss:  0.5089 	 Valid Accuracy:  0.7143
Run: [9]	 Epoch: [8]	 Train Loss:  0.258423 	 Train Accuracy:  0.9683 	Valid Loss:  0.4408 	 Valid Accuracy:  0.7857
Run: [9]	 Epoch: [9]	 Train Loss:  0.215084 	 Train Accuracy:  0.9762 	Valid Loss:  0.3847 	 Valid Accuracy:  0.9286
Run: [9]	 Epoch: [10]	 Train Loss:  0.173544 	 Train Accuracy:  0.9762 	Valid Loss:  0.3398 	 Valid Accuracy:  0.9286
Run: [9]	 Epoch: [11]	 Train Loss:  0.155564 	 Train Accuracy:  0.9762 	Valid Loss:  0.3046 	 Valid Accuracy:  0.9286
Run: [9]	 Epoch: [12]	 Train Loss:  0.119082 	 Train Accuracy:  0.9762 	Valid Loss:  0.2774 	 Valid Accuracy:  0.9286
Run: [9]	 Epoch: [13]	 Train Loss:  0.107564 	 Train Accuracy:  0.9841 	Valid Loss:  0.2555 	 Valid Accuracy:  0.9286
Run: [9]	 Epoch: [14]	 Train Loss:  0.100752 	 Train Accuracy:  0.9841 	Valid Loss:  0.2432 	 Valid Accuracy:  0.9286
Run: [9]	 Epoch: [15]	 Train Loss:  0.062753 	 Train Accuracy:  0.9921 	Valid Loss:  0.2359 	 Valid Accuracy:  0.9286
Run: [9]	 Epoch: [16]	 Train Loss:  0.074514 	 Train Accuracy:  1.0000 	Valid Loss:  0.2324 	 Valid Accuracy:  0.9286
Run: [9]	 Epoch: [17]	 Train Loss:  0.062245 	 Train Accuracy:  1.0000 	Valid Loss:  0.2296 	 Valid Accuracy:  0.9286
Run: [9]	 Epoch: [18]	 Train Loss:  0.048687 	 Train Accuracy:  1.0000 	Valid Loss:  0.2326 	 Valid Accuracy:  0.9286
Run: [9]	 Epoch: [19]	 Train Loss:  0.032172 	 Train Accuracy:  1.0000 	Valid Loss:  0.2387 	 Valid Accuracy:  0.9286
Run: [9]	 Epoch: [20]	 Train Loss:  0.032960 	 Train Accuracy:  1.0000 	Valid Loss:  0.2457 	 Valid Accuracy:  0.9286
Run: [9]	 Epoch: [21]	 Train Loss:  0.035254 	 Train Accuracy:  1.0000 	Valid Loss:  0.2556 	 Valid Accuracy:  0.9286
Run: [9]	 Epoch: [22]	 Train Loss:  0.029826 	 Train Accuracy:  1.0000 	Valid Loss:  0.2677 	 Valid Accuracy:  0.9286
Run: [9]	 Epoch: [23]	 Train Loss:  0.021464 	 Train Accuracy:  1.0000 	Valid Loss:  0.2814 	 Valid Accuracy:  0.9286
Run: [9]	 Epoch: [24]	 Train Loss:  0.025116 	 Train Accuracy:  1.0000 	Valid Loss:  0.2938 	 Valid Accuracy:  0.9286
Run: [9]	 Epoch: [25]	 Train Loss:  0.022953 	 Train Accuracy:  1.0000 	Valid Loss:  0.3070 	 Valid Accuracy:  0.9286
Run: [9]	 Epoch: [26]	 Train Loss:  0.015826 	 Train Accuracy:  1.0000 	Valid Loss:  0.3220 	 Valid Accuracy:  0.9286
Run: [9]	 Epoch: [27]	 Train Loss:  0.025887 	 Train Accuracy:  1.0000 	Valid Loss:  0.3375 	 Valid Accuracy:  0.9286
Run: [9]	 Epoch: [28]	 Train Loss:  0.021980 	 Train Accuracy:  1.0000 	Valid Loss:  0.3541 	 Valid Accuracy:  0.9286
Run: [9]	 Epoch: [29]	 Train Loss:  0.012091 	 Train Accuracy:  1.0000 	Valid Loss:  0.3716 	 Valid Accuracy:  0.9286
Run: [9]	 Epoch: [30]	 Train Loss:  0.015732 	 Train Accuracy:  1.0000 	Valid Loss:  0.3875 	 Valid Accuracy:  0.9286
Run: [9]	 Epoch: [31]	 Train Loss:  0.016160 	 Train Accuracy:  1.0000 	Valid Loss:  0.4043 	 Valid Accuracy:  0.9286
Run: [9]	 Epoch: [32]	 Train Loss:  0.021022 	 Train Accuracy:  1.0000 	Valid Loss:  0.4194 	 Valid Accuracy:  0.9286
Run: [9]	 Epoch: [33]	 Train Loss:  0.014887 	 Train Accuracy:  1.0000 	Valid Loss:  0.4360 	 Valid Accuracy:  0.9286
Run: [9]	 Epoch: [34]	 Train Loss:  0.009035 	 Train Accuracy:  1.0000 	Valid Loss:  0.4521 	 Valid Accuracy:  0.9286
Run: [9]	 Epoch: [35]	 Train Loss:  0.012643 	 Train Accuracy:  1.0000 	Valid Loss:  0.4662 	 Valid Accuracy:  0.9286
Run: [9]	 Epoch: [36]	 Train Loss:  0.006906 	 Train Accuracy:  1.0000 	Valid Loss:  0.4789 	 Valid Accuracy:  0.9286
Run: [9]	 Epoch: [37]	 Train Loss:  0.013550 	 Train Accuracy:  1.0000 	Valid Loss:  0.4890 	 Valid Accuracy:  0.9286
Run: [9]	 Epoch: [38]	 Train Loss:  0.010211 	 Train Accuracy:  1.0000 	Valid Loss:  0.4981 	 Valid Accuracy:  0.9286
Run: [9]	 Epoch: [39]	 Train Loss:  0.018848 	 Train Accuracy:  1.0000 	Valid Loss:  0.5070 	 Valid Accuracy:  0.9286
Run: [9]	 Epoch: [40]	 Train Loss:  0.005127 	 Train Accuracy:  1.0000 	Valid Loss:  0.5161 	 Valid Accuracy:  0.9286
Run: [9]	 Epoch: [41]	 Train Loss:  0.011596 	 Train Accuracy:  1.0000 	Valid Loss:  0.5269 	 Valid Accuracy:  0.9286
Run: [9]	 Epoch: [42]	 Train Loss:  0.008456 	 Train Accuracy:  1.0000 	Valid Loss:  0.5382 	 Valid Accuracy:  0.9286
Run: [9]	 Epoch: [43]	 Train Loss:  0.007670 	 Train Accuracy:  1.0000 	Valid Loss:  0.5500 	 Valid Accuracy:  0.9286
Run: [9]	 Epoch: [44]	 Train Loss:  0.012689 	 Train Accuracy:  1.0000 	Valid Loss:  0.5606 	 Valid Accuracy:  0.9286
Run: [9]	 Epoch: [45]	 Train Loss:  0.005111 	 Train Accuracy:  1.0000 	Valid Loss:  0.5714 	 Valid Accuracy:  0.9286
Run: [9]	 Epoch: [46]	 Train Loss:  0.012531 	 Train Accuracy:  1.0000 	Valid Loss:  0.5824 	 Valid Accuracy:  0.9286
Run: [9]	 Epoch: [47]	 Train Loss:  0.004168 	 Train Accuracy:  1.0000 	Valid Loss:  0.5941 	 Valid Accuracy:  0.9286
Run: [9]	 Epoch: [48]	 Train Loss:  0.003415 	 Train Accuracy:  1.0000 	Valid Loss:  0.6073 	 Valid Accuracy:  0.9286
Run: [9]	 Epoch: [49]	 Train Loss:  0.006221 	 Train Accuracy:  1.0000 	Valid Loss:  0.6227 	 Valid Accuracy:  0.9286
Run: [9]	 Epoch: [50]	 Train Loss:  0.008950 	 Train Accuracy:  1.0000 	Valid Loss:  0.6366 	 Valid Accuracy:  0.8571
Test Accuracy in run 9 is: 0.9722222089767456
Total Train Accuracy after run 9 is: 1.0000
Total Test Accuracy after run 9 is: 0.9537
Best Test Accuracy in 9 runs is: 0.9722
Run: [10]	 Epoch: [1]	 Train Loss:  1.761019 	 Train Accuracy:  0.7857 	Valid Loss:  0.8800 	 Valid Accuracy:  0.6429
Run: [10]	 Epoch: [2]	 Train Loss:  0.697097 	 Train Accuracy:  0.8333 	Valid Loss:  0.8446 	 Valid Accuracy:  0.6429
Run: [10]	 Epoch: [3]	 Train Loss:  0.494820 	 Train Accuracy:  0.8571 	Valid Loss:  0.7720 	 Valid Accuracy:  0.7143
Run: [10]	 Epoch: [4]	 Train Loss:  0.469034 	 Train Accuracy:  0.9048 	Valid Loss:  0.6915 	 Valid Accuracy:  0.7857
Run: [10]	 Epoch: [5]	 Train Loss:  0.399142 	 Train Accuracy:  0.9286 	Valid Loss:  0.6218 	 Valid Accuracy:  0.7857
Run: [10]	 Epoch: [6]	 Train Loss:  0.403718 	 Train Accuracy:  0.9524 	Valid Loss:  0.5526 	 Valid Accuracy:  0.7857
Run: [10]	 Epoch: [7]	 Train Loss:  0.318460 	 Train Accuracy:  0.9683 	Valid Loss:  0.4943 	 Valid Accuracy:  0.7857
Run: [10]	 Epoch: [8]	 Train Loss:  0.307197 	 Train Accuracy:  0.9683 	Valid Loss:  0.4397 	 Valid Accuracy:  0.7857
Run: [10]	 Epoch: [9]	 Train Loss:  0.237092 	 Train Accuracy:  0.9841 	Valid Loss:  0.3954 	 Valid Accuracy:  0.8571
Run: [10]	 Epoch: [10]	 Train Loss:  0.207460 	 Train Accuracy:  0.9921 	Valid Loss:  0.3680 	 Valid Accuracy:  0.8571
Run: [10]	 Epoch: [11]	 Train Loss:  0.161498 	 Train Accuracy:  0.9921 	Valid Loss:  0.3477 	 Valid Accuracy:  0.8571
Run: [10]	 Epoch: [12]	 Train Loss:  0.154731 	 Train Accuracy:  0.9921 	Valid Loss:  0.3346 	 Valid Accuracy:  0.8571
Run: [10]	 Epoch: [13]	 Train Loss:  0.113339 	 Train Accuracy:  0.9921 	Valid Loss:  0.3249 	 Valid Accuracy:  0.8571
Run: [10]	 Epoch: [14]	 Train Loss:  0.106297 	 Train Accuracy:  1.0000 	Valid Loss:  0.3212 	 Valid Accuracy:  0.8571
Run: [10]	 Epoch: [15]	 Train Loss:  0.104372 	 Train Accuracy:  1.0000 	Valid Loss:  0.3216 	 Valid Accuracy:  0.8571
Run: [10]	 Epoch: [16]	 Train Loss:  0.069084 	 Train Accuracy:  1.0000 	Valid Loss:  0.3237 	 Valid Accuracy:  0.8571
Run: [10]	 Epoch: [17]	 Train Loss:  0.078497 	 Train Accuracy:  1.0000 	Valid Loss:  0.3293 	 Valid Accuracy:  0.8571
Run: [10]	 Epoch: [18]	 Train Loss:  0.048692 	 Train Accuracy:  1.0000 	Valid Loss:  0.3351 	 Valid Accuracy:  0.8571
Run: [10]	 Epoch: [19]	 Train Loss:  0.058698 	 Train Accuracy:  1.0000 	Valid Loss:  0.3410 	 Valid Accuracy:  0.8571
Run: [10]	 Epoch: [20]	 Train Loss:  0.046547 	 Train Accuracy:  1.0000 	Valid Loss:  0.3467 	 Valid Accuracy:  0.8571
Run: [10]	 Epoch: [21]	 Train Loss:  0.044051 	 Train Accuracy:  1.0000 	Valid Loss:  0.3504 	 Valid Accuracy:  0.8571
Run: [10]	 Epoch: [22]	 Train Loss:  0.038419 	 Train Accuracy:  1.0000 	Valid Loss:  0.3536 	 Valid Accuracy:  0.8571
Run: [10]	 Epoch: [23]	 Train Loss:  0.030586 	 Train Accuracy:  1.0000 	Valid Loss:  0.3545 	 Valid Accuracy:  0.8571
Run: [10]	 Epoch: [24]	 Train Loss:  0.023573 	 Train Accuracy:  1.0000 	Valid Loss:  0.3535 	 Valid Accuracy:  0.8571
Run: [10]	 Epoch: [25]	 Train Loss:  0.017148 	 Train Accuracy:  1.0000 	Valid Loss:  0.3544 	 Valid Accuracy:  0.8571
Run: [10]	 Epoch: [26]	 Train Loss:  0.021456 	 Train Accuracy:  1.0000 	Valid Loss:  0.3528 	 Valid Accuracy:  0.8571
Run: [10]	 Epoch: [27]	 Train Loss:  0.015137 	 Train Accuracy:  1.0000 	Valid Loss:  0.3535 	 Valid Accuracy:  0.8571
Run: [10]	 Epoch: [28]	 Train Loss:  0.014763 	 Train Accuracy:  1.0000 	Valid Loss:  0.3564 	 Valid Accuracy:  0.8571
Run: [10]	 Epoch: [29]	 Train Loss:  0.017567 	 Train Accuracy:  1.0000 	Valid Loss:  0.3615 	 Valid Accuracy:  0.8571
Run: [10]	 Epoch: [30]	 Train Loss:  0.010612 	 Train Accuracy:  1.0000 	Valid Loss:  0.3649 	 Valid Accuracy:  0.8571
Run: [10]	 Epoch: [31]	 Train Loss:  0.013693 	 Train Accuracy:  1.0000 	Valid Loss:  0.3656 	 Valid Accuracy:  0.8571
Run: [10]	 Epoch: [32]	 Train Loss:  0.011023 	 Train Accuracy:  1.0000 	Valid Loss:  0.3638 	 Valid Accuracy:  0.8571
Run: [10]	 Epoch: [33]	 Train Loss:  0.007806 	 Train Accuracy:  1.0000 	Valid Loss:  0.3618 	 Valid Accuracy:  0.8571
Run: [10]	 Epoch: [34]	 Train Loss:  0.010300 	 Train Accuracy:  1.0000 	Valid Loss:  0.3586 	 Valid Accuracy:  0.8571
Run: [10]	 Epoch: [35]	 Train Loss:  0.007312 	 Train Accuracy:  1.0000 	Valid Loss:  0.3577 	 Valid Accuracy:  0.8571
Run: [10]	 Epoch: [36]	 Train Loss:  0.011318 	 Train Accuracy:  1.0000 	Valid Loss:  0.3504 	 Valid Accuracy:  0.8571
Run: [10]	 Epoch: [37]	 Train Loss:  0.009669 	 Train Accuracy:  1.0000 	Valid Loss:  0.3455 	 Valid Accuracy:  0.8571
Run: [10]	 Epoch: [38]	 Train Loss:  0.006479 	 Train Accuracy:  1.0000 	Valid Loss:  0.3452 	 Valid Accuracy:  0.8571
Run: [10]	 Epoch: [39]	 Train Loss:  0.006993 	 Train Accuracy:  1.0000 	Valid Loss:  0.3498 	 Valid Accuracy:  0.8571
Run: [10]	 Epoch: [40]	 Train Loss:  0.006938 	 Train Accuracy:  1.0000 	Valid Loss:  0.3573 	 Valid Accuracy:  0.8571
Run: [10]	 Epoch: [41]	 Train Loss:  0.007112 	 Train Accuracy:  1.0000 	Valid Loss:  0.3673 	 Valid Accuracy:  0.8571
Run: [10]	 Epoch: [42]	 Train Loss:  0.003871 	 Train Accuracy:  1.0000 	Valid Loss:  0.3764 	 Valid Accuracy:  0.8571
Run: [10]	 Epoch: [43]	 Train Loss:  0.009104 	 Train Accuracy:  1.0000 	Valid Loss:  0.3868 	 Valid Accuracy:  0.8571
Run: [10]	 Epoch: [44]	 Train Loss:  0.005918 	 Train Accuracy:  1.0000 	Valid Loss:  0.3969 	 Valid Accuracy:  0.8571
Run: [10]	 Epoch: [45]	 Train Loss:  0.004707 	 Train Accuracy:  1.0000 	Valid Loss:  0.4089 	 Valid Accuracy:  0.8571
Run: [10]	 Epoch: [46]	 Train Loss:  0.005517 	 Train Accuracy:  1.0000 	Valid Loss:  0.4238 	 Valid Accuracy:  0.8571
Run: [10]	 Epoch: [47]	 Train Loss:  0.003066 	 Train Accuracy:  1.0000 	Valid Loss:  0.4376 	 Valid Accuracy:  0.8571
Run: [10]	 Epoch: [48]	 Train Loss:  0.008510 	 Train Accuracy:  1.0000 	Valid Loss:  0.4519 	 Valid Accuracy:  0.8571
Run: [10]	 Epoch: [49]	 Train Loss:  0.006159 	 Train Accuracy:  1.0000 	Valid Loss:  0.4666 	 Valid Accuracy:  0.8571
Run: [10]	 Epoch: [50]	 Train Loss:  0.003943 	 Train Accuracy:  1.0000 	Valid Loss:  0.4800 	 Valid Accuracy:  0.8571
Test Accuracy in run 10 is: 0.9722222089767456
Total Train Accuracy after run 10 is: 1.0000
Total Test Accuracy after run 10 is: 0.9556
Best Test Accuracy in 10 runs is: 0.9722
