==========       System Configuration      =============
phase:train
use_cpu:False
runs:10
validation:0.2
data_dir:/data/entity
batch_size:1
dataset:MUTAG
total_epochs:50
save_freq:5
lr:0.01
multi_gpus:False
postname:
l2norm:0.0005
kernel_size:64
block_type:dense
n_layers:7
act:relu
norm:layer
bias:True
dropout:0.2
channels:64
dec:basis
bases:30
aggr:mean
ckpt_path:
save_best_only:True
task:denseR
post:denseR-MUTAG-dense-7-64
time:210215-03-20-06
save_path:/content/drive/My Drive/denseR/checkpoints/ckpts-denseR-MUTAG-dense-7-64-210215-03-20-06
logdir:/content/drive/My Drive/denseR/logs/denseR-MUTAG-dense-7-64-210215-03-20-06
device:cuda
epoch:-1
printer:<Logger args (DEBUG)>
==========     CONFIG END    =============


===> Phase is train.
 === Downloading Dataset and Creating graphs ===
=== Dataset info ===
Number of training nodes: 272 	 Number of testing nodes: 68	 Total Number of labelled nodes: 340
Number of classes in this graph: 2 	 Number of nodes: 23644 	 Number of relation types: 46
==== Initializing the Optimizer ====
Run: [1]	 Epoch: [1]	 Train Loss:  1.020683 	 Train Accuracy:  0.6175 	Valid Loss:  1.0393 	 Valid Accuracy:  0.5818
Run: [1]	 Epoch: [2]	 Train Loss:  0.996003 	 Train Accuracy:  0.6544 	Valid Loss:  0.6835 	 Valid Accuracy:  0.5818
Run: [1]	 Epoch: [3]	 Train Loss:  0.593828 	 Train Accuracy:  0.8940 	Valid Loss:  0.7031 	 Valid Accuracy:  0.5091
Run: [1]	 Epoch: [4]	 Train Loss:  0.565310 	 Train Accuracy:  0.8710 	Valid Loss:  0.6754 	 Valid Accuracy:  0.5818
Run: [1]	 Epoch: [5]	 Train Loss:  0.452151 	 Train Accuracy:  0.9816 	Valid Loss:  0.6526 	 Valid Accuracy:  0.5636
Run: [1]	 Epoch: [6]	 Train Loss:  0.331755 	 Train Accuracy:  0.9954 	Valid Loss:  0.6879 	 Valid Accuracy:  0.6000
Run: [1]	 Epoch: [7]	 Train Loss:  0.291498 	 Train Accuracy:  1.0000 	Valid Loss:  0.6424 	 Valid Accuracy:  0.6364
Run: [1]	 Epoch: [8]	 Train Loss:  0.208123 	 Train Accuracy:  1.0000 	Valid Loss:  0.6216 	 Valid Accuracy:  0.5818
Run: [1]	 Epoch: [9]	 Train Loss:  0.145707 	 Train Accuracy:  1.0000 	Valid Loss:  0.6308 	 Valid Accuracy:  0.6000
Run: [1]	 Epoch: [10]	 Train Loss:  0.108446 	 Train Accuracy:  1.0000 	Valid Loss:  0.6388 	 Valid Accuracy:  0.6182
Run: [1]	 Epoch: [11]	 Train Loss:  0.097799 	 Train Accuracy:  1.0000 	Valid Loss:  0.7246 	 Valid Accuracy:  0.6727
Run: [1]	 Epoch: [12]	 Train Loss:  0.081156 	 Train Accuracy:  1.0000 	Valid Loss:  0.8974 	 Valid Accuracy:  0.6364
Run: [1]	 Epoch: [13]	 Train Loss:  0.077175 	 Train Accuracy:  1.0000 	Valid Loss:  1.0255 	 Valid Accuracy:  0.6182
Run: [1]	 Epoch: [14]	 Train Loss:  0.062272 	 Train Accuracy:  1.0000 	Valid Loss:  1.0393 	 Valid Accuracy:  0.6182
Run: [1]	 Epoch: [15]	 Train Loss:  0.066833 	 Train Accuracy:  1.0000 	Valid Loss:  0.8998 	 Valid Accuracy:  0.6364
Run: [1]	 Epoch: [16]	 Train Loss:  0.059226 	 Train Accuracy:  1.0000 	Valid Loss:  0.8110 	 Valid Accuracy:  0.6545
Run: [1]	 Epoch: [17]	 Train Loss:  0.050198 	 Train Accuracy:  1.0000 	Valid Loss:  0.8025 	 Valid Accuracy:  0.6545
Run: [1]	 Epoch: [18]	 Train Loss:  0.041671 	 Train Accuracy:  1.0000 	Valid Loss:  0.8352 	 Valid Accuracy:  0.6545
Run: [1]	 Epoch: [19]	 Train Loss:  0.038288 	 Train Accuracy:  1.0000 	Valid Loss:  0.8699 	 Valid Accuracy:  0.6364
Run: [1]	 Epoch: [20]	 Train Loss:  0.039478 	 Train Accuracy:  1.0000 	Valid Loss:  0.9009 	 Valid Accuracy:  0.6364
Run: [1]	 Epoch: [21]	 Train Loss:  0.033747 	 Train Accuracy:  1.0000 	Valid Loss:  0.9259 	 Valid Accuracy:  0.6545
Run: [1]	 Epoch: [22]	 Train Loss:  0.030229 	 Train Accuracy:  1.0000 	Valid Loss:  0.9467 	 Valid Accuracy:  0.6364
Run: [1]	 Epoch: [23]	 Train Loss:  0.026842 	 Train Accuracy:  1.0000 	Valid Loss:  0.9648 	 Valid Accuracy:  0.6364
Run: [1]	 Epoch: [24]	 Train Loss:  0.024326 	 Train Accuracy:  1.0000 	Valid Loss:  0.9817 	 Valid Accuracy:  0.6545
Run: [1]	 Epoch: [25]	 Train Loss:  0.027792 	 Train Accuracy:  1.0000 	Valid Loss:  1.0017 	 Valid Accuracy:  0.6545
Run: [1]	 Epoch: [26]	 Train Loss:  0.022196 	 Train Accuracy:  1.0000 	Valid Loss:  1.0237 	 Valid Accuracy:  0.6545
Run: [1]	 Epoch: [27]	 Train Loss:  0.017645 	 Train Accuracy:  1.0000 	Valid Loss:  1.0471 	 Valid Accuracy:  0.6545
Run: [1]	 Epoch: [28]	 Train Loss:  0.015835 	 Train Accuracy:  1.0000 	Valid Loss:  1.0697 	 Valid Accuracy:  0.6545
Run: [1]	 Epoch: [29]	 Train Loss:  0.016452 	 Train Accuracy:  1.0000 	Valid Loss:  1.0926 	 Valid Accuracy:  0.6545
Run: [1]	 Epoch: [30]	 Train Loss:  0.017500 	 Train Accuracy:  1.0000 	Valid Loss:  1.1132 	 Valid Accuracy:  0.6545
Run: [1]	 Epoch: [31]	 Train Loss:  0.014885 	 Train Accuracy:  1.0000 	Valid Loss:  1.1331 	 Valid Accuracy:  0.6727
Run: [1]	 Epoch: [32]	 Train Loss:  0.013972 	 Train Accuracy:  1.0000 	Valid Loss:  1.1515 	 Valid Accuracy:  0.7091
Run: [1]	 Epoch: [33]	 Train Loss:  0.011941 	 Train Accuracy:  1.0000 	Valid Loss:  1.1694 	 Valid Accuracy:  0.7091
Run: [1]	 Epoch: [34]	 Train Loss:  0.010930 	 Train Accuracy:  1.0000 	Valid Loss:  1.1862 	 Valid Accuracy:  0.7091
Run: [1]	 Epoch: [35]	 Train Loss:  0.009702 	 Train Accuracy:  1.0000 	Valid Loss:  1.2023 	 Valid Accuracy:  0.6727
Run: [1]	 Epoch: [36]	 Train Loss:  0.013819 	 Train Accuracy:  1.0000 	Valid Loss:  1.2161 	 Valid Accuracy:  0.6727
Run: [1]	 Epoch: [37]	 Train Loss:  0.012017 	 Train Accuracy:  1.0000 	Valid Loss:  1.2336 	 Valid Accuracy:  0.6545
Run: [1]	 Epoch: [38]	 Train Loss:  0.010845 	 Train Accuracy:  1.0000 	Valid Loss:  1.2551 	 Valid Accuracy:  0.6545
Run: [1]	 Epoch: [39]	 Train Loss:  0.012220 	 Train Accuracy:  1.0000 	Valid Loss:  1.2680 	 Valid Accuracy:  0.6727
Run: [1]	 Epoch: [40]	 Train Loss:  0.009539 	 Train Accuracy:  1.0000 	Valid Loss:  1.2756 	 Valid Accuracy:  0.6545
Run: [1]	 Epoch: [41]	 Train Loss:  0.010182 	 Train Accuracy:  1.0000 	Valid Loss:  1.2956 	 Valid Accuracy:  0.6545
Run: [1]	 Epoch: [42]	 Train Loss:  0.011510 	 Train Accuracy:  1.0000 	Valid Loss:  1.3261 	 Valid Accuracy:  0.6727
Run: [1]	 Epoch: [43]	 Train Loss:  0.007822 	 Train Accuracy:  1.0000 	Valid Loss:  1.3558 	 Valid Accuracy:  0.6545
Run: [1]	 Epoch: [44]	 Train Loss:  0.007942 	 Train Accuracy:  1.0000 	Valid Loss:  1.3801 	 Valid Accuracy:  0.6545
Run: [1]	 Epoch: [45]	 Train Loss:  0.011092 	 Train Accuracy:  1.0000 	Valid Loss:  1.3974 	 Valid Accuracy:  0.6364
Run: [1]	 Epoch: [46]	 Train Loss:  0.008431 	 Train Accuracy:  1.0000 	Valid Loss:  1.4221 	 Valid Accuracy:  0.6182
Run: [1]	 Epoch: [47]	 Train Loss:  0.007329 	 Train Accuracy:  1.0000 	Valid Loss:  1.4612 	 Valid Accuracy:  0.6182
Run: [1]	 Epoch: [48]	 Train Loss:  0.006376 	 Train Accuracy:  1.0000 	Valid Loss:  1.4961 	 Valid Accuracy:  0.6182
Run: [1]	 Epoch: [49]	 Train Loss:  0.006555 	 Train Accuracy:  1.0000 	Valid Loss:  1.5282 	 Valid Accuracy:  0.6182
Run: [1]	 Epoch: [50]	 Train Loss:  0.006147 	 Train Accuracy:  1.0000 	Valid Loss:  1.5619 	 Valid Accuracy:  0.6182
Test Accuracy in run 1 is: 0.7205882668495178
Total Train Accuracy after run 1 is: 1.0000
Total Test Accuracy after run 1 is: 0.7206
Best Test Accuracy in 1 runs is: 0.7206
Run: [2]	 Epoch: [1]	 Train Loss:  0.744091 	 Train Accuracy:  0.6175 	Valid Loss:  1.3922 	 Valid Accuracy:  0.5818
Run: [2]	 Epoch: [2]	 Train Loss:  1.244460 	 Train Accuracy:  0.3825 	Valid Loss:  0.8904 	 Valid Accuracy:  0.4182
Run: [2]	 Epoch: [3]	 Train Loss:  0.899012 	 Train Accuracy:  0.8571 	Valid Loss:  0.6642 	 Valid Accuracy:  0.5818
Run: [2]	 Epoch: [4]	 Train Loss:  0.580408 	 Train Accuracy:  0.6175 	Valid Loss:  0.6908 	 Valid Accuracy:  0.5818
Run: [2]	 Epoch: [5]	 Train Loss:  0.564671 	 Train Accuracy:  0.6175 	Valid Loss:  0.7103 	 Valid Accuracy:  0.5818
Run: [2]	 Epoch: [6]	 Train Loss:  0.543293 	 Train Accuracy:  0.7051 	Valid Loss:  0.6897 	 Valid Accuracy:  0.5818
Run: [2]	 Epoch: [7]	 Train Loss:  0.484646 	 Train Accuracy:  0.8986 	Valid Loss:  0.6587 	 Valid Accuracy:  0.5818
Run: [2]	 Epoch: [8]	 Train Loss:  0.413987 	 Train Accuracy:  0.9355 	Valid Loss:  0.6447 	 Valid Accuracy:  0.6364
Run: [2]	 Epoch: [9]	 Train Loss:  0.355196 	 Train Accuracy:  0.9862 	Valid Loss:  0.6421 	 Valid Accuracy:  0.6727
Run: [2]	 Epoch: [10]	 Train Loss:  0.291129 	 Train Accuracy:  0.9954 	Valid Loss:  0.6390 	 Valid Accuracy:  0.6364
Run: [2]	 Epoch: [11]	 Train Loss:  0.209591 	 Train Accuracy:  1.0000 	Valid Loss:  0.6319 	 Valid Accuracy:  0.6909
Run: [2]	 Epoch: [12]	 Train Loss:  0.151100 	 Train Accuracy:  1.0000 	Valid Loss:  0.6537 	 Valid Accuracy:  0.6182
Run: [2]	 Epoch: [13]	 Train Loss:  0.109473 	 Train Accuracy:  1.0000 	Valid Loss:  0.6831 	 Valid Accuracy:  0.6364
Run: [2]	 Epoch: [14]	 Train Loss:  0.097863 	 Train Accuracy:  1.0000 	Valid Loss:  0.7066 	 Valid Accuracy:  0.6182
Run: [2]	 Epoch: [15]	 Train Loss:  0.100034 	 Train Accuracy:  1.0000 	Valid Loss:  0.7256 	 Valid Accuracy:  0.6000
Run: [2]	 Epoch: [16]	 Train Loss:  0.086982 	 Train Accuracy:  1.0000 	Valid Loss:  0.7458 	 Valid Accuracy:  0.6182
Run: [2]	 Epoch: [17]	 Train Loss:  0.081181 	 Train Accuracy:  1.0000 	Valid Loss:  0.7677 	 Valid Accuracy:  0.6000
Run: [2]	 Epoch: [18]	 Train Loss:  0.074922 	 Train Accuracy:  1.0000 	Valid Loss:  0.7930 	 Valid Accuracy:  0.6182
Run: [2]	 Epoch: [19]	 Train Loss:  0.067111 	 Train Accuracy:  1.0000 	Valid Loss:  0.8187 	 Valid Accuracy:  0.6182
Run: [2]	 Epoch: [20]	 Train Loss:  0.061208 	 Train Accuracy:  1.0000 	Valid Loss:  0.8432 	 Valid Accuracy:  0.6182
Run: [2]	 Epoch: [21]	 Train Loss:  0.057710 	 Train Accuracy:  1.0000 	Valid Loss:  0.8681 	 Valid Accuracy:  0.6182
Run: [2]	 Epoch: [22]	 Train Loss:  0.049426 	 Train Accuracy:  1.0000 	Valid Loss:  0.8960 	 Valid Accuracy:  0.6182
Run: [2]	 Epoch: [23]	 Train Loss:  0.057755 	 Train Accuracy:  1.0000 	Valid Loss:  0.9298 	 Valid Accuracy:  0.6182
Run: [2]	 Epoch: [24]	 Train Loss:  0.043100 	 Train Accuracy:  1.0000 	Valid Loss:  0.9652 	 Valid Accuracy:  0.6000
Run: [2]	 Epoch: [25]	 Train Loss:  0.036778 	 Train Accuracy:  1.0000 	Valid Loss:  0.9997 	 Valid Accuracy:  0.6182
Run: [2]	 Epoch: [26]	 Train Loss:  0.038308 	 Train Accuracy:  1.0000 	Valid Loss:  1.0350 	 Valid Accuracy:  0.6182
Run: [2]	 Epoch: [27]	 Train Loss:  0.033433 	 Train Accuracy:  1.0000 	Valid Loss:  1.0700 	 Valid Accuracy:  0.5818
Run: [2]	 Epoch: [28]	 Train Loss:  0.031843 	 Train Accuracy:  1.0000 	Valid Loss:  1.1063 	 Valid Accuracy:  0.5818
Run: [2]	 Epoch: [29]	 Train Loss:  0.029641 	 Train Accuracy:  1.0000 	Valid Loss:  1.1428 	 Valid Accuracy:  0.5636
Run: [2]	 Epoch: [30]	 Train Loss:  0.025829 	 Train Accuracy:  1.0000 	Valid Loss:  1.1765 	 Valid Accuracy:  0.5455
Run: [2]	 Epoch: [31]	 Train Loss:  0.027253 	 Train Accuracy:  1.0000 	Valid Loss:  1.2091 	 Valid Accuracy:  0.5455
Run: [2]	 Epoch: [32]	 Train Loss:  0.025354 	 Train Accuracy:  1.0000 	Valid Loss:  1.2402 	 Valid Accuracy:  0.5455
Run: [2]	 Epoch: [33]	 Train Loss:  0.017253 	 Train Accuracy:  1.0000 	Valid Loss:  1.2696 	 Valid Accuracy:  0.5455
Run: [2]	 Epoch: [34]	 Train Loss:  0.018829 	 Train Accuracy:  1.0000 	Valid Loss:  1.2935 	 Valid Accuracy:  0.5455
Run: [2]	 Epoch: [35]	 Train Loss:  0.021541 	 Train Accuracy:  1.0000 	Valid Loss:  1.3159 	 Valid Accuracy:  0.5455
Run: [2]	 Epoch: [36]	 Train Loss:  0.018208 	 Train Accuracy:  1.0000 	Valid Loss:  1.3350 	 Valid Accuracy:  0.5273
Run: [2]	 Epoch: [37]	 Train Loss:  0.012349 	 Train Accuracy:  1.0000 	Valid Loss:  1.3536 	 Valid Accuracy:  0.5273
Run: [2]	 Epoch: [38]	 Train Loss:  0.019228 	 Train Accuracy:  1.0000 	Valid Loss:  1.3713 	 Valid Accuracy:  0.5273
Run: [2]	 Epoch: [39]	 Train Loss:  0.013554 	 Train Accuracy:  1.0000 	Valid Loss:  1.3870 	 Valid Accuracy:  0.5455
Run: [2]	 Epoch: [40]	 Train Loss:  0.012305 	 Train Accuracy:  1.0000 	Valid Loss:  1.4057 	 Valid Accuracy:  0.5455
Run: [2]	 Epoch: [41]	 Train Loss:  0.013619 	 Train Accuracy:  1.0000 	Valid Loss:  1.4289 	 Valid Accuracy:  0.5273
Run: [2]	 Epoch: [42]	 Train Loss:  0.012631 	 Train Accuracy:  1.0000 	Valid Loss:  1.4519 	 Valid Accuracy:  0.5273
Run: [2]	 Epoch: [43]	 Train Loss:  0.010612 	 Train Accuracy:  1.0000 	Valid Loss:  1.4805 	 Valid Accuracy:  0.5273
Run: [2]	 Epoch: [44]	 Train Loss:  0.010635 	 Train Accuracy:  1.0000 	Valid Loss:  1.5151 	 Valid Accuracy:  0.5273
Run: [2]	 Epoch: [45]	 Train Loss:  0.017345 	 Train Accuracy:  1.0000 	Valid Loss:  1.5599 	 Valid Accuracy:  0.5273
Run: [2]	 Epoch: [46]	 Train Loss:  0.010384 	 Train Accuracy:  1.0000 	Valid Loss:  1.5887 	 Valid Accuracy:  0.5273
Run: [2]	 Epoch: [47]	 Train Loss:  0.008076 	 Train Accuracy:  1.0000 	Valid Loss:  1.6070 	 Valid Accuracy:  0.5273
Run: [2]	 Epoch: [48]	 Train Loss:  0.007909 	 Train Accuracy:  1.0000 	Valid Loss:  1.6162 	 Valid Accuracy:  0.5455
Run: [2]	 Epoch: [49]	 Train Loss:  0.011687 	 Train Accuracy:  1.0000 	Valid Loss:  1.6323 	 Valid Accuracy:  0.5455
Run: [2]	 Epoch: [50]	 Train Loss:  0.009206 	 Train Accuracy:  1.0000 	Valid Loss:  1.6626 	 Valid Accuracy:  0.5455
Test Accuracy in run 2 is: 0.6617646813392639
Total Train Accuracy after run 2 is: 1.0000
Total Test Accuracy after run 2 is: 0.6912
Best Test Accuracy in 2 runs is: 0.7206
Run: [3]	 Epoch: [1]	 Train Loss:  0.976399 	 Train Accuracy:  0.6175 	Valid Loss:  1.2208 	 Valid Accuracy:  0.5818
Run: [3]	 Epoch: [2]	 Train Loss:  1.086116 	 Train Accuracy:  0.6267 	Valid Loss:  0.6040 	 Valid Accuracy:  0.6909
Run: [3]	 Epoch: [3]	 Train Loss:  0.647538 	 Train Accuracy:  0.8802 	Valid Loss:  0.6237 	 Valid Accuracy:  0.7091
Run: [3]	 Epoch: [4]	 Train Loss:  0.469377 	 Train Accuracy:  0.9770 	Valid Loss:  0.6647 	 Valid Accuracy:  0.6182
Run: [3]	 Epoch: [5]	 Train Loss:  0.343211 	 Train Accuracy:  0.9908 	Valid Loss:  0.6035 	 Valid Accuracy:  0.6182
Run: [3]	 Epoch: [6]	 Train Loss:  0.223456 	 Train Accuracy:  1.0000 	Valid Loss:  0.7399 	 Valid Accuracy:  0.5455
Run: [3]	 Epoch: [7]	 Train Loss:  0.139015 	 Train Accuracy:  1.0000 	Valid Loss:  0.9710 	 Valid Accuracy:  0.6000
Run: [3]	 Epoch: [8]	 Train Loss:  0.110069 	 Train Accuracy:  1.0000 	Valid Loss:  0.9616 	 Valid Accuracy:  0.5818
Run: [3]	 Epoch: [9]	 Train Loss:  0.095503 	 Train Accuracy:  1.0000 	Valid Loss:  0.7991 	 Valid Accuracy:  0.6182
Run: [3]	 Epoch: [10]	 Train Loss:  0.074691 	 Train Accuracy:  1.0000 	Valid Loss:  0.6735 	 Valid Accuracy:  0.6364
Run: [3]	 Epoch: [11]	 Train Loss:  0.073951 	 Train Accuracy:  1.0000 	Valid Loss:  0.6180 	 Valid Accuracy:  0.6545
Run: [3]	 Epoch: [12]	 Train Loss:  0.072467 	 Train Accuracy:  1.0000 	Valid Loss:  0.6069 	 Valid Accuracy:  0.6909
Run: [3]	 Epoch: [13]	 Train Loss:  0.065686 	 Train Accuracy:  1.0000 	Valid Loss:  0.6143 	 Valid Accuracy:  0.6727
Run: [3]	 Epoch: [14]	 Train Loss:  0.058297 	 Train Accuracy:  1.0000 	Valid Loss:  0.6169 	 Valid Accuracy:  0.6727
Run: [3]	 Epoch: [15]	 Train Loss:  0.055126 	 Train Accuracy:  1.0000 	Valid Loss:  0.6218 	 Valid Accuracy:  0.7091
Run: [3]	 Epoch: [16]	 Train Loss:  0.051163 	 Train Accuracy:  1.0000 	Valid Loss:  0.6392 	 Valid Accuracy:  0.7273
Run: [3]	 Epoch: [17]	 Train Loss:  0.042785 	 Train Accuracy:  1.0000 	Valid Loss:  0.6644 	 Valid Accuracy:  0.7091
Run: [3]	 Epoch: [18]	 Train Loss:  0.044216 	 Train Accuracy:  1.0000 	Valid Loss:  0.6926 	 Valid Accuracy:  0.7091
Run: [3]	 Epoch: [19]	 Train Loss:  0.041762 	 Train Accuracy:  1.0000 	Valid Loss:  0.7183 	 Valid Accuracy:  0.6909
Run: [3]	 Epoch: [20]	 Train Loss:  0.034956 	 Train Accuracy:  1.0000 	Valid Loss:  0.7405 	 Valid Accuracy:  0.6909
Run: [3]	 Epoch: [21]	 Train Loss:  0.035449 	 Train Accuracy:  1.0000 	Valid Loss:  0.7583 	 Valid Accuracy:  0.6909
Run: [3]	 Epoch: [22]	 Train Loss:  0.032678 	 Train Accuracy:  1.0000 	Valid Loss:  0.7758 	 Valid Accuracy:  0.7091
Run: [3]	 Epoch: [23]	 Train Loss:  0.028471 	 Train Accuracy:  1.0000 	Valid Loss:  0.7915 	 Valid Accuracy:  0.6909
Run: [3]	 Epoch: [24]	 Train Loss:  0.024546 	 Train Accuracy:  1.0000 	Valid Loss:  0.8064 	 Valid Accuracy:  0.6909
Run: [3]	 Epoch: [25]	 Train Loss:  0.021220 	 Train Accuracy:  1.0000 	Valid Loss:  0.8203 	 Valid Accuracy:  0.6909
Run: [3]	 Epoch: [26]	 Train Loss:  0.021730 	 Train Accuracy:  1.0000 	Valid Loss:  0.8324 	 Valid Accuracy:  0.6727
Run: [3]	 Epoch: [27]	 Train Loss:  0.018661 	 Train Accuracy:  1.0000 	Valid Loss:  0.8434 	 Valid Accuracy:  0.6727
Run: [3]	 Epoch: [28]	 Train Loss:  0.018219 	 Train Accuracy:  1.0000 	Valid Loss:  0.8543 	 Valid Accuracy:  0.6727
Run: [3]	 Epoch: [29]	 Train Loss:  0.019214 	 Train Accuracy:  1.0000 	Valid Loss:  0.8630 	 Valid Accuracy:  0.6727
Run: [3]	 Epoch: [30]	 Train Loss:  0.018690 	 Train Accuracy:  1.0000 	Valid Loss:  0.8719 	 Valid Accuracy:  0.6727
Run: [3]	 Epoch: [31]	 Train Loss:  0.013751 	 Train Accuracy:  1.0000 	Valid Loss:  0.8809 	 Valid Accuracy:  0.6545
Run: [3]	 Epoch: [32]	 Train Loss:  0.016865 	 Train Accuracy:  1.0000 	Valid Loss:  0.8918 	 Valid Accuracy:  0.6909
Run: [3]	 Epoch: [33]	 Train Loss:  0.017507 	 Train Accuracy:  1.0000 	Valid Loss:  0.8990 	 Valid Accuracy:  0.6909
Run: [3]	 Epoch: [34]	 Train Loss:  0.011803 	 Train Accuracy:  1.0000 	Valid Loss:  0.9066 	 Valid Accuracy:  0.6909
Run: [3]	 Epoch: [35]	 Train Loss:  0.011364 	 Train Accuracy:  1.0000 	Valid Loss:  0.9110 	 Valid Accuracy:  0.7091
Run: [3]	 Epoch: [36]	 Train Loss:  0.012368 	 Train Accuracy:  1.0000 	Valid Loss:  0.9174 	 Valid Accuracy:  0.7091
Run: [3]	 Epoch: [37]	 Train Loss:  0.012324 	 Train Accuracy:  1.0000 	Valid Loss:  0.9296 	 Valid Accuracy:  0.7091
Run: [3]	 Epoch: [38]	 Train Loss:  0.011279 	 Train Accuracy:  1.0000 	Valid Loss:  0.9483 	 Valid Accuracy:  0.7091
Run: [3]	 Epoch: [39]	 Train Loss:  0.010031 	 Train Accuracy:  1.0000 	Valid Loss:  0.9719 	 Valid Accuracy:  0.7091
Run: [3]	 Epoch: [40]	 Train Loss:  0.010657 	 Train Accuracy:  1.0000 	Valid Loss:  0.9972 	 Valid Accuracy:  0.7091
Run: [3]	 Epoch: [41]	 Train Loss:  0.010426 	 Train Accuracy:  1.0000 	Valid Loss:  1.0270 	 Valid Accuracy:  0.7091
Run: [3]	 Epoch: [42]	 Train Loss:  0.007105 	 Train Accuracy:  1.0000 	Valid Loss:  1.0542 	 Valid Accuracy:  0.7091
Run: [3]	 Epoch: [43]	 Train Loss:  0.009767 	 Train Accuracy:  1.0000 	Valid Loss:  1.0853 	 Valid Accuracy:  0.7091
Run: [3]	 Epoch: [44]	 Train Loss:  0.010401 	 Train Accuracy:  1.0000 	Valid Loss:  1.1158 	 Valid Accuracy:  0.6909
Run: [3]	 Epoch: [45]	 Train Loss:  0.009330 	 Train Accuracy:  1.0000 	Valid Loss:  1.1477 	 Valid Accuracy:  0.7091
Run: [3]	 Epoch: [46]	 Train Loss:  0.007048 	 Train Accuracy:  1.0000 	Valid Loss:  1.1777 	 Valid Accuracy:  0.7091
Run: [3]	 Epoch: [47]	 Train Loss:  0.007171 	 Train Accuracy:  1.0000 	Valid Loss:  1.2028 	 Valid Accuracy:  0.6909
Run: [3]	 Epoch: [48]	 Train Loss:  0.006600 	 Train Accuracy:  1.0000 	Valid Loss:  1.2108 	 Valid Accuracy:  0.6727
Run: [3]	 Epoch: [49]	 Train Loss:  0.006569 	 Train Accuracy:  1.0000 	Valid Loss:  1.2064 	 Valid Accuracy:  0.6727
Run: [3]	 Epoch: [50]	 Train Loss:  0.006966 	 Train Accuracy:  1.0000 	Valid Loss:  1.1914 	 Valid Accuracy:  0.6727
Test Accuracy in run 3 is: 0.7058823704719543
Total Train Accuracy after run 3 is: 1.0000
Total Test Accuracy after run 3 is: 0.6961
Best Test Accuracy in 3 runs is: 0.7206
Run: [4]	 Epoch: [1]	 Train Loss:  0.960714 	 Train Accuracy:  0.6175 	Valid Loss:  0.7637 	 Valid Accuracy:  0.5818
Run: [4]	 Epoch: [2]	 Train Loss:  0.745320 	 Train Accuracy:  0.5392 	Valid Loss:  0.7817 	 Valid Accuracy:  0.5273
Run: [4]	 Epoch: [3]	 Train Loss:  0.753730 	 Train Accuracy:  0.6359 	Valid Loss:  0.6628 	 Valid Accuracy:  0.5818
Run: [4]	 Epoch: [4]	 Train Loss:  0.592348 	 Train Accuracy:  0.6175 	Valid Loss:  0.6721 	 Valid Accuracy:  0.5818
Run: [4]	 Epoch: [5]	 Train Loss:  0.577075 	 Train Accuracy:  0.6175 	Valid Loss:  0.6777 	 Valid Accuracy:  0.5818
Run: [4]	 Epoch: [6]	 Train Loss:  0.566061 	 Train Accuracy:  0.6313 	Valid Loss:  0.6701 	 Valid Accuracy:  0.5818
Run: [4]	 Epoch: [7]	 Train Loss:  0.539896 	 Train Accuracy:  0.8065 	Valid Loss:  0.6591 	 Valid Accuracy:  0.5818
Run: [4]	 Epoch: [8]	 Train Loss:  0.502059 	 Train Accuracy:  0.9217 	Valid Loss:  0.6503 	 Valid Accuracy:  0.6000
Run: [4]	 Epoch: [9]	 Train Loss:  0.484599 	 Train Accuracy:  0.9585 	Valid Loss:  0.6443 	 Valid Accuracy:  0.7091
Run: [4]	 Epoch: [10]	 Train Loss:  0.444323 	 Train Accuracy:  0.9677 	Valid Loss:  0.6389 	 Valid Accuracy:  0.6909
Run: [4]	 Epoch: [11]	 Train Loss:  0.401122 	 Train Accuracy:  0.9724 	Valid Loss:  0.6350 	 Valid Accuracy:  0.7091
Run: [4]	 Epoch: [12]	 Train Loss:  0.344617 	 Train Accuracy:  0.9954 	Valid Loss:  0.6399 	 Valid Accuracy:  0.7091
Run: [4]	 Epoch: [13]	 Train Loss:  0.282185 	 Train Accuracy:  1.0000 	Valid Loss:  0.6596 	 Valid Accuracy:  0.6727
Run: [4]	 Epoch: [14]	 Train Loss:  0.214819 	 Train Accuracy:  1.0000 	Valid Loss:  0.6973 	 Valid Accuracy:  0.6545
Run: [4]	 Epoch: [15]	 Train Loss:  0.169756 	 Train Accuracy:  1.0000 	Valid Loss:  0.7542 	 Valid Accuracy:  0.6364
Run: [4]	 Epoch: [16]	 Train Loss:  0.154147 	 Train Accuracy:  1.0000 	Valid Loss:  0.8223 	 Valid Accuracy:  0.6364
Run: [4]	 Epoch: [17]	 Train Loss:  0.151474 	 Train Accuracy:  1.0000 	Valid Loss:  0.8929 	 Valid Accuracy:  0.6182
Run: [4]	 Epoch: [18]	 Train Loss:  0.136864 	 Train Accuracy:  1.0000 	Valid Loss:  0.9623 	 Valid Accuracy:  0.6182
Run: [4]	 Epoch: [19]	 Train Loss:  0.118873 	 Train Accuracy:  1.0000 	Valid Loss:  1.0290 	 Valid Accuracy:  0.6182
Run: [4]	 Epoch: [20]	 Train Loss:  0.107773 	 Train Accuracy:  1.0000 	Valid Loss:  1.0905 	 Valid Accuracy:  0.6182
Run: [4]	 Epoch: [21]	 Train Loss:  0.093117 	 Train Accuracy:  1.0000 	Valid Loss:  1.1425 	 Valid Accuracy:  0.6182
Run: [4]	 Epoch: [22]	 Train Loss:  0.078025 	 Train Accuracy:  1.0000 	Valid Loss:  1.1813 	 Valid Accuracy:  0.6182
Run: [4]	 Epoch: [23]	 Train Loss:  0.064637 	 Train Accuracy:  1.0000 	Valid Loss:  1.2064 	 Valid Accuracy:  0.6182
Run: [4]	 Epoch: [24]	 Train Loss:  0.057047 	 Train Accuracy:  1.0000 	Valid Loss:  1.2167 	 Valid Accuracy:  0.6182
Run: [4]	 Epoch: [25]	 Train Loss:  0.058785 	 Train Accuracy:  1.0000 	Valid Loss:  1.2092 	 Valid Accuracy:  0.6364
Run: [4]	 Epoch: [26]	 Train Loss:  0.041199 	 Train Accuracy:  1.0000 	Valid Loss:  1.1959 	 Valid Accuracy:  0.6364
Run: [4]	 Epoch: [27]	 Train Loss:  0.044819 	 Train Accuracy:  1.0000 	Valid Loss:  1.1768 	 Valid Accuracy:  0.6545
Run: [4]	 Epoch: [28]	 Train Loss:  0.045288 	 Train Accuracy:  1.0000 	Valid Loss:  1.1661 	 Valid Accuracy:  0.6545
Run: [4]	 Epoch: [29]	 Train Loss:  0.032102 	 Train Accuracy:  1.0000 	Valid Loss:  1.1638 	 Valid Accuracy:  0.6545
Run: [4]	 Epoch: [30]	 Train Loss:  0.031862 	 Train Accuracy:  1.0000 	Valid Loss:  1.1656 	 Valid Accuracy:  0.6545
Run: [4]	 Epoch: [31]	 Train Loss:  0.021152 	 Train Accuracy:  1.0000 	Valid Loss:  1.1706 	 Valid Accuracy:  0.6182
Run: [4]	 Epoch: [32]	 Train Loss:  0.022885 	 Train Accuracy:  1.0000 	Valid Loss:  1.1794 	 Valid Accuracy:  0.6182
Run: [4]	 Epoch: [33]	 Train Loss:  0.022937 	 Train Accuracy:  1.0000 	Valid Loss:  1.1930 	 Valid Accuracy:  0.6182
Run: [4]	 Epoch: [34]	 Train Loss:  0.022272 	 Train Accuracy:  1.0000 	Valid Loss:  1.2158 	 Valid Accuracy:  0.6182
Run: [4]	 Epoch: [35]	 Train Loss:  0.021868 	 Train Accuracy:  1.0000 	Valid Loss:  1.2501 	 Valid Accuracy:  0.6182
Run: [4]	 Epoch: [36]	 Train Loss:  0.014461 	 Train Accuracy:  1.0000 	Valid Loss:  1.2919 	 Valid Accuracy:  0.6182
Run: [4]	 Epoch: [37]	 Train Loss:  0.020286 	 Train Accuracy:  1.0000 	Valid Loss:  1.3460 	 Valid Accuracy:  0.6545
Run: [4]	 Epoch: [38]	 Train Loss:  0.015191 	 Train Accuracy:  1.0000 	Valid Loss:  1.4070 	 Valid Accuracy:  0.6545
Run: [4]	 Epoch: [39]	 Train Loss:  0.016593 	 Train Accuracy:  1.0000 	Valid Loss:  1.4764 	 Valid Accuracy:  0.6364
Run: [4]	 Epoch: [40]	 Train Loss:  0.012122 	 Train Accuracy:  1.0000 	Valid Loss:  1.5478 	 Valid Accuracy:  0.6364
Run: [4]	 Epoch: [41]	 Train Loss:  0.015268 	 Train Accuracy:  1.0000 	Valid Loss:  1.6117 	 Valid Accuracy:  0.6364
Run: [4]	 Epoch: [42]	 Train Loss:  0.012299 	 Train Accuracy:  1.0000 	Valid Loss:  1.6610 	 Valid Accuracy:  0.6364
Run: [4]	 Epoch: [43]	 Train Loss:  0.015333 	 Train Accuracy:  1.0000 	Valid Loss:  1.6967 	 Valid Accuracy:  0.6364
Run: [4]	 Epoch: [44]	 Train Loss:  0.009515 	 Train Accuracy:  1.0000 	Valid Loss:  1.7328 	 Valid Accuracy:  0.6364
Run: [4]	 Epoch: [45]	 Train Loss:  0.008730 	 Train Accuracy:  1.0000 	Valid Loss:  1.7579 	 Valid Accuracy:  0.6364
Run: [4]	 Epoch: [46]	 Train Loss:  0.014113 	 Train Accuracy:  1.0000 	Valid Loss:  1.7710 	 Valid Accuracy:  0.6364
Run: [4]	 Epoch: [47]	 Train Loss:  0.010800 	 Train Accuracy:  1.0000 	Valid Loss:  1.7879 	 Valid Accuracy:  0.6545
Run: [4]	 Epoch: [48]	 Train Loss:  0.013063 	 Train Accuracy:  1.0000 	Valid Loss:  1.8024 	 Valid Accuracy:  0.6545
Run: [4]	 Epoch: [49]	 Train Loss:  0.008186 	 Train Accuracy:  1.0000 	Valid Loss:  1.8231 	 Valid Accuracy:  0.6545
Run: [4]	 Epoch: [50]	 Train Loss:  0.008312 	 Train Accuracy:  1.0000 	Valid Loss:  1.8202 	 Valid Accuracy:  0.6364
Test Accuracy in run 4 is: 0.6323529481887817
Total Train Accuracy after run 4 is: 1.0000
Total Test Accuracy after run 4 is: 0.6801
Best Test Accuracy in 4 runs is: 0.7206
Run: [5]	 Epoch: [1]	 Train Loss:  1.341285 	 Train Accuracy:  0.6175 	Valid Loss:  0.7537 	 Valid Accuracy:  0.5818
Run: [5]	 Epoch: [2]	 Train Loss:  0.715451 	 Train Accuracy:  0.4378 	Valid Loss:  0.7378 	 Valid Accuracy:  0.4182
Run: [5]	 Epoch: [3]	 Train Loss:  0.665523 	 Train Accuracy:  0.9631 	Valid Loss:  0.6914 	 Valid Accuracy:  0.4909
Run: [5]	 Epoch: [4]	 Train Loss:  0.598566 	 Train Accuracy:  0.6544 	Valid Loss:  0.6701 	 Valid Accuracy:  0.5818
Run: [5]	 Epoch: [5]	 Train Loss:  0.538912 	 Train Accuracy:  0.6359 	Valid Loss:  0.6825 	 Valid Accuracy:  0.5818
Run: [5]	 Epoch: [6]	 Train Loss:  0.537229 	 Train Accuracy:  0.6820 	Valid Loss:  0.6886 	 Valid Accuracy:  0.5818
Run: [5]	 Epoch: [7]	 Train Loss:  0.474091 	 Train Accuracy:  0.9355 	Valid Loss:  0.6278 	 Valid Accuracy:  0.6909
Run: [5]	 Epoch: [8]	 Train Loss:  0.371222 	 Train Accuracy:  0.8710 	Valid Loss:  1.3966 	 Valid Accuracy:  0.4364
Run: [5]	 Epoch: [9]	 Train Loss:  0.431149 	 Train Accuracy:  0.9032 	Valid Loss:  0.7455 	 Valid Accuracy:  0.6000
Run: [5]	 Epoch: [10]	 Train Loss:  0.298127 	 Train Accuracy:  0.8387 	Valid Loss:  0.8062 	 Valid Accuracy:  0.5818
Run: [5]	 Epoch: [11]	 Train Loss:  0.349986 	 Train Accuracy:  0.9401 	Valid Loss:  0.7833 	 Valid Accuracy:  0.5818
Run: [5]	 Epoch: [12]	 Train Loss:  0.259308 	 Train Accuracy:  0.9862 	Valid Loss:  0.7409 	 Valid Accuracy:  0.6545
Run: [5]	 Epoch: [13]	 Train Loss:  0.201111 	 Train Accuracy:  1.0000 	Valid Loss:  0.7111 	 Valid Accuracy:  0.6545
Run: [5]	 Epoch: [14]	 Train Loss:  0.174539 	 Train Accuracy:  1.0000 	Valid Loss:  0.7064 	 Valid Accuracy:  0.6545
Run: [5]	 Epoch: [15]	 Train Loss:  0.152780 	 Train Accuracy:  1.0000 	Valid Loss:  0.7281 	 Valid Accuracy:  0.5818
Run: [5]	 Epoch: [16]	 Train Loss:  0.132525 	 Train Accuracy:  1.0000 	Valid Loss:  0.7747 	 Valid Accuracy:  0.6000
Run: [5]	 Epoch: [17]	 Train Loss:  0.099834 	 Train Accuracy:  1.0000 	Valid Loss:  0.8306 	 Valid Accuracy:  0.6182
Run: [5]	 Epoch: [18]	 Train Loss:  0.081359 	 Train Accuracy:  1.0000 	Valid Loss:  0.8837 	 Valid Accuracy:  0.6182
Run: [5]	 Epoch: [19]	 Train Loss:  0.075596 	 Train Accuracy:  1.0000 	Valid Loss:  0.9243 	 Valid Accuracy:  0.6364
Run: [5]	 Epoch: [20]	 Train Loss:  0.061736 	 Train Accuracy:  1.0000 	Valid Loss:  0.9590 	 Valid Accuracy:  0.6364
Run: [5]	 Epoch: [21]	 Train Loss:  0.061730 	 Train Accuracy:  1.0000 	Valid Loss:  0.9929 	 Valid Accuracy:  0.6364
Run: [5]	 Epoch: [22]	 Train Loss:  0.050562 	 Train Accuracy:  1.0000 	Valid Loss:  1.0311 	 Valid Accuracy:  0.6364
Run: [5]	 Epoch: [23]	 Train Loss:  0.063994 	 Train Accuracy:  1.0000 	Valid Loss:  1.0646 	 Valid Accuracy:  0.6364
Run: [5]	 Epoch: [24]	 Train Loss:  0.042529 	 Train Accuracy:  1.0000 	Valid Loss:  1.1015 	 Valid Accuracy:  0.6545
Run: [5]	 Epoch: [25]	 Train Loss:  0.038486 	 Train Accuracy:  1.0000 	Valid Loss:  1.1330 	 Valid Accuracy:  0.6545
Run: [5]	 Epoch: [26]	 Train Loss:  0.032107 	 Train Accuracy:  1.0000 	Valid Loss:  1.1575 	 Valid Accuracy:  0.6727
Run: [5]	 Epoch: [27]	 Train Loss:  0.034296 	 Train Accuracy:  1.0000 	Valid Loss:  1.1793 	 Valid Accuracy:  0.7091
Run: [5]	 Epoch: [28]	 Train Loss:  0.023882 	 Train Accuracy:  1.0000 	Valid Loss:  1.2033 	 Valid Accuracy:  0.6727
Run: [5]	 Epoch: [29]	 Train Loss:  0.034544 	 Train Accuracy:  1.0000 	Valid Loss:  1.2377 	 Valid Accuracy:  0.6000
Run: [5]	 Epoch: [30]	 Train Loss:  0.030121 	 Train Accuracy:  1.0000 	Valid Loss:  1.2790 	 Valid Accuracy:  0.6000
Run: [5]	 Epoch: [31]	 Train Loss:  0.026116 	 Train Accuracy:  1.0000 	Valid Loss:  1.3257 	 Valid Accuracy:  0.5455
Run: [5]	 Epoch: [32]	 Train Loss:  0.020831 	 Train Accuracy:  1.0000 	Valid Loss:  1.3811 	 Valid Accuracy:  0.5455
Run: [5]	 Epoch: [33]	 Train Loss:  0.025826 	 Train Accuracy:  1.0000 	Valid Loss:  1.4479 	 Valid Accuracy:  0.5455
Run: [5]	 Epoch: [34]	 Train Loss:  0.018110 	 Train Accuracy:  1.0000 	Valid Loss:  1.5263 	 Valid Accuracy:  0.5636
Run: [5]	 Epoch: [35]	 Train Loss:  0.015558 	 Train Accuracy:  1.0000 	Valid Loss:  1.6012 	 Valid Accuracy:  0.5818
Run: [5]	 Epoch: [36]	 Train Loss:  0.016834 	 Train Accuracy:  1.0000 	Valid Loss:  1.6804 	 Valid Accuracy:  0.6000
Run: [5]	 Epoch: [37]	 Train Loss:  0.017239 	 Train Accuracy:  1.0000 	Valid Loss:  1.7532 	 Valid Accuracy:  0.6000
Run: [5]	 Epoch: [38]	 Train Loss:  0.018502 	 Train Accuracy:  1.0000 	Valid Loss:  1.8274 	 Valid Accuracy:  0.6000
Run: [5]	 Epoch: [39]	 Train Loss:  0.019042 	 Train Accuracy:  1.0000 	Valid Loss:  1.9005 	 Valid Accuracy:  0.6000
Run: [5]	 Epoch: [40]	 Train Loss:  0.011938 	 Train Accuracy:  1.0000 	Valid Loss:  1.9684 	 Valid Accuracy:  0.6000
Run: [5]	 Epoch: [41]	 Train Loss:  0.018386 	 Train Accuracy:  1.0000 	Valid Loss:  2.0293 	 Valid Accuracy:  0.6000
Run: [5]	 Epoch: [42]	 Train Loss:  0.016685 	 Train Accuracy:  1.0000 	Valid Loss:  2.0876 	 Valid Accuracy:  0.6000
Run: [5]	 Epoch: [43]	 Train Loss:  0.017431 	 Train Accuracy:  1.0000 	Valid Loss:  2.1376 	 Valid Accuracy:  0.6000
Run: [5]	 Epoch: [44]	 Train Loss:  0.011134 	 Train Accuracy:  1.0000 	Valid Loss:  2.1830 	 Valid Accuracy:  0.6000
Run: [5]	 Epoch: [45]	 Train Loss:  0.008405 	 Train Accuracy:  1.0000 	Valid Loss:  2.2241 	 Valid Accuracy:  0.6000
Run: [5]	 Epoch: [46]	 Train Loss:  0.010241 	 Train Accuracy:  1.0000 	Valid Loss:  2.2621 	 Valid Accuracy:  0.6000
Run: [5]	 Epoch: [47]	 Train Loss:  0.007524 	 Train Accuracy:  1.0000 	Valid Loss:  2.2981 	 Valid Accuracy:  0.6000
Run: [5]	 Epoch: [48]	 Train Loss:  0.010308 	 Train Accuracy:  1.0000 	Valid Loss:  2.3167 	 Valid Accuracy:  0.6000
Run: [5]	 Epoch: [49]	 Train Loss:  0.007310 	 Train Accuracy:  1.0000 	Valid Loss:  2.3344 	 Valid Accuracy:  0.6000
Run: [5]	 Epoch: [50]	 Train Loss:  0.009069 	 Train Accuracy:  1.0000 	Valid Loss:  2.3508 	 Valid Accuracy:  0.6000
Test Accuracy in run 5 is: 0.6911764740943909
Total Train Accuracy after run 5 is: 1.0000
Total Test Accuracy after run 5 is: 0.6824
Best Test Accuracy in 5 runs is: 0.7206
Run: [6]	 Epoch: [1]	 Train Loss:  0.860588 	 Train Accuracy:  0.6175 	Valid Loss:  0.7929 	 Valid Accuracy:  0.5818
Run: [6]	 Epoch: [2]	 Train Loss:  0.741407 	 Train Accuracy:  0.6175 	Valid Loss:  0.7020 	 Valid Accuracy:  0.5818
Run: [6]	 Epoch: [3]	 Train Loss:  0.637236 	 Train Accuracy:  0.7465 	Valid Loss:  0.7314 	 Valid Accuracy:  0.4182
Run: [6]	 Epoch: [4]	 Train Loss:  0.595053 	 Train Accuracy:  0.8848 	Valid Loss:  0.6656 	 Valid Accuracy:  0.6000
Run: [6]	 Epoch: [5]	 Train Loss:  0.474470 	 Train Accuracy:  0.9954 	Valid Loss:  0.6862 	 Valid Accuracy:  0.5091
Run: [6]	 Epoch: [6]	 Train Loss:  0.319050 	 Train Accuracy:  0.9816 	Valid Loss:  0.9955 	 Valid Accuracy:  0.4909
Run: [6]	 Epoch: [7]	 Train Loss:  0.260402 	 Train Accuracy:  1.0000 	Valid Loss:  0.7619 	 Valid Accuracy:  0.5455
Run: [6]	 Epoch: [8]	 Train Loss:  0.166657 	 Train Accuracy:  1.0000 	Valid Loss:  0.7914 	 Valid Accuracy:  0.5818
Run: [6]	 Epoch: [9]	 Train Loss:  0.145387 	 Train Accuracy:  1.0000 	Valid Loss:  0.8622 	 Valid Accuracy:  0.5636
Run: [6]	 Epoch: [10]	 Train Loss:  0.120829 	 Train Accuracy:  1.0000 	Valid Loss:  0.9065 	 Valid Accuracy:  0.6000
Run: [6]	 Epoch: [11]	 Train Loss:  0.103773 	 Train Accuracy:  1.0000 	Valid Loss:  0.9402 	 Valid Accuracy:  0.5636
Run: [6]	 Epoch: [12]	 Train Loss:  0.086062 	 Train Accuracy:  1.0000 	Valid Loss:  0.9342 	 Valid Accuracy:  0.5455
Run: [6]	 Epoch: [13]	 Train Loss:  0.078253 	 Train Accuracy:  1.0000 	Valid Loss:  0.8948 	 Valid Accuracy:  0.5273
Run: [6]	 Epoch: [14]	 Train Loss:  0.071163 	 Train Accuracy:  1.0000 	Valid Loss:  0.8614 	 Valid Accuracy:  0.4909
Run: [6]	 Epoch: [15]	 Train Loss:  0.062965 	 Train Accuracy:  1.0000 	Valid Loss:  0.8423 	 Valid Accuracy:  0.4909
Run: [6]	 Epoch: [16]	 Train Loss:  0.053122 	 Train Accuracy:  1.0000 	Valid Loss:  0.8331 	 Valid Accuracy:  0.5091
Run: [6]	 Epoch: [17]	 Train Loss:  0.053039 	 Train Accuracy:  1.0000 	Valid Loss:  0.8358 	 Valid Accuracy:  0.5273
Run: [6]	 Epoch: [18]	 Train Loss:  0.046126 	 Train Accuracy:  1.0000 	Valid Loss:  0.8511 	 Valid Accuracy:  0.5636
Run: [6]	 Epoch: [19]	 Train Loss:  0.041517 	 Train Accuracy:  1.0000 	Valid Loss:  0.8725 	 Valid Accuracy:  0.5818
Run: [6]	 Epoch: [20]	 Train Loss:  0.035294 	 Train Accuracy:  1.0000 	Valid Loss:  0.8990 	 Valid Accuracy:  0.5818
Run: [6]	 Epoch: [21]	 Train Loss:  0.030679 	 Train Accuracy:  1.0000 	Valid Loss:  0.9229 	 Valid Accuracy:  0.6000
Run: [6]	 Epoch: [22]	 Train Loss:  0.028428 	 Train Accuracy:  1.0000 	Valid Loss:  0.9347 	 Valid Accuracy:  0.6182
Run: [6]	 Epoch: [23]	 Train Loss:  0.025345 	 Train Accuracy:  1.0000 	Valid Loss:  0.9425 	 Valid Accuracy:  0.6182
Run: [6]	 Epoch: [24]	 Train Loss:  0.029132 	 Train Accuracy:  1.0000 	Valid Loss:  0.9474 	 Valid Accuracy:  0.5818
Run: [6]	 Epoch: [25]	 Train Loss:  0.023355 	 Train Accuracy:  1.0000 	Valid Loss:  0.9582 	 Valid Accuracy:  0.5636
Run: [6]	 Epoch: [26]	 Train Loss:  0.021212 	 Train Accuracy:  1.0000 	Valid Loss:  0.9652 	 Valid Accuracy:  0.5818
Run: [6]	 Epoch: [27]	 Train Loss:  0.017120 	 Train Accuracy:  1.0000 	Valid Loss:  0.9739 	 Valid Accuracy:  0.6364
Run: [6]	 Epoch: [28]	 Train Loss:  0.019258 	 Train Accuracy:  1.0000 	Valid Loss:  0.9876 	 Valid Accuracy:  0.6545
Run: [6]	 Epoch: [29]	 Train Loss:  0.016159 	 Train Accuracy:  1.0000 	Valid Loss:  1.0100 	 Valid Accuracy:  0.6727
Run: [6]	 Epoch: [30]	 Train Loss:  0.014056 	 Train Accuracy:  1.0000 	Valid Loss:  1.0349 	 Valid Accuracy:  0.6364
Run: [6]	 Epoch: [31]	 Train Loss:  0.014294 	 Train Accuracy:  1.0000 	Valid Loss:  1.0595 	 Valid Accuracy:  0.6364
Run: [6]	 Epoch: [32]	 Train Loss:  0.011622 	 Train Accuracy:  1.0000 	Valid Loss:  1.0814 	 Valid Accuracy:  0.6545
Run: [6]	 Epoch: [33]	 Train Loss:  0.011782 	 Train Accuracy:  1.0000 	Valid Loss:  1.1026 	 Valid Accuracy:  0.6545
Run: [6]	 Epoch: [34]	 Train Loss:  0.012549 	 Train Accuracy:  1.0000 	Valid Loss:  1.1231 	 Valid Accuracy:  0.6545
Run: [6]	 Epoch: [35]	 Train Loss:  0.009305 	 Train Accuracy:  1.0000 	Valid Loss:  1.1432 	 Valid Accuracy:  0.6727
Run: [6]	 Epoch: [36]	 Train Loss:  0.009766 	 Train Accuracy:  1.0000 	Valid Loss:  1.1523 	 Valid Accuracy:  0.6727
Run: [6]	 Epoch: [37]	 Train Loss:  0.008670 	 Train Accuracy:  1.0000 	Valid Loss:  1.1560 	 Valid Accuracy:  0.6545
Run: [6]	 Epoch: [38]	 Train Loss:  0.008859 	 Train Accuracy:  1.0000 	Valid Loss:  1.1673 	 Valid Accuracy:  0.6364
Run: [6]	 Epoch: [39]	 Train Loss:  0.007625 	 Train Accuracy:  1.0000 	Valid Loss:  1.1780 	 Valid Accuracy:  0.6545
Run: [6]	 Epoch: [40]	 Train Loss:  0.010360 	 Train Accuracy:  1.0000 	Valid Loss:  1.1847 	 Valid Accuracy:  0.6545
Run: [6]	 Epoch: [41]	 Train Loss:  0.010240 	 Train Accuracy:  1.0000 	Valid Loss:  1.1835 	 Valid Accuracy:  0.6727
Run: [6]	 Epoch: [42]	 Train Loss:  0.006829 	 Train Accuracy:  1.0000 	Valid Loss:  1.1766 	 Valid Accuracy:  0.6727
Run: [6]	 Epoch: [43]	 Train Loss:  0.008120 	 Train Accuracy:  1.0000 	Valid Loss:  1.1658 	 Valid Accuracy:  0.6727
Run: [6]	 Epoch: [44]	 Train Loss:  0.007800 	 Train Accuracy:  1.0000 	Valid Loss:  1.1602 	 Valid Accuracy:  0.6727
Run: [6]	 Epoch: [45]	 Train Loss:  0.007676 	 Train Accuracy:  1.0000 	Valid Loss:  1.1880 	 Valid Accuracy:  0.6909
Run: [6]	 Epoch: [46]	 Train Loss:  0.006280 	 Train Accuracy:  1.0000 	Valid Loss:  1.2044 	 Valid Accuracy:  0.6909
Run: [6]	 Epoch: [47]	 Train Loss:  0.007233 	 Train Accuracy:  1.0000 	Valid Loss:  1.1944 	 Valid Accuracy:  0.6909
Run: [6]	 Epoch: [48]	 Train Loss:  0.005147 	 Train Accuracy:  1.0000 	Valid Loss:  1.1923 	 Valid Accuracy:  0.6909
Run: [6]	 Epoch: [49]	 Train Loss:  0.007154 	 Train Accuracy:  1.0000 	Valid Loss:  1.2177 	 Valid Accuracy:  0.6727
Run: [6]	 Epoch: [50]	 Train Loss:  0.005145 	 Train Accuracy:  1.0000 	Valid Loss:  1.2317 	 Valid Accuracy:  0.6727
Test Accuracy in run 6 is: 0.7647058963775635
Total Train Accuracy after run 6 is: 1.0000
Total Test Accuracy after run 6 is: 0.6961
Best Test Accuracy in 6 runs is: 0.7647
Run: [7]	 Epoch: [1]	 Train Loss:  0.957703 	 Train Accuracy:  0.6175 	Valid Loss:  0.8863 	 Valid Accuracy:  0.5818
Run: [7]	 Epoch: [2]	 Train Loss:  0.844324 	 Train Accuracy:  0.6221 	Valid Loss:  0.6560 	 Valid Accuracy:  0.5818
Run: [7]	 Epoch: [3]	 Train Loss:  0.628535 	 Train Accuracy:  0.8710 	Valid Loss:  0.6655 	 Valid Accuracy:  0.6182
Run: [7]	 Epoch: [4]	 Train Loss:  0.598323 	 Train Accuracy:  0.8571 	Valid Loss:  0.6494 	 Valid Accuracy:  0.6364
Run: [7]	 Epoch: [5]	 Train Loss:  0.538280 	 Train Accuracy:  0.8249 	Valid Loss:  0.6481 	 Valid Accuracy:  0.6000
Run: [7]	 Epoch: [6]	 Train Loss:  0.495899 	 Train Accuracy:  0.9217 	Valid Loss:  0.6371 	 Valid Accuracy:  0.6364
Run: [7]	 Epoch: [7]	 Train Loss:  0.428976 	 Train Accuracy:  0.9908 	Valid Loss:  0.6237 	 Valid Accuracy:  0.6364
Run: [7]	 Epoch: [8]	 Train Loss:  0.380352 	 Train Accuracy:  1.0000 	Valid Loss:  0.6153 	 Valid Accuracy:  0.6182
Run: [7]	 Epoch: [9]	 Train Loss:  0.292818 	 Train Accuracy:  1.0000 	Valid Loss:  0.6333 	 Valid Accuracy:  0.6364
Run: [7]	 Epoch: [10]	 Train Loss:  0.166266 	 Train Accuracy:  1.0000 	Valid Loss:  0.9505 	 Valid Accuracy:  0.6000
Run: [7]	 Epoch: [11]	 Train Loss:  0.115442 	 Train Accuracy:  1.0000 	Valid Loss:  0.7842 	 Valid Accuracy:  0.6727
Run: [7]	 Epoch: [12]	 Train Loss:  0.107811 	 Train Accuracy:  1.0000 	Valid Loss:  0.7807 	 Valid Accuracy:  0.5636
Run: [7]	 Epoch: [13]	 Train Loss:  0.085566 	 Train Accuracy:  1.0000 	Valid Loss:  0.9345 	 Valid Accuracy:  0.5455
Run: [7]	 Epoch: [14]	 Train Loss:  0.088310 	 Train Accuracy:  1.0000 	Valid Loss:  0.8207 	 Valid Accuracy:  0.6182
Run: [7]	 Epoch: [15]	 Train Loss:  0.072492 	 Train Accuracy:  1.0000 	Valid Loss:  0.7314 	 Valid Accuracy:  0.6545
Run: [7]	 Epoch: [16]	 Train Loss:  0.065054 	 Train Accuracy:  1.0000 	Valid Loss:  0.7022 	 Valid Accuracy:  0.6727
Run: [7]	 Epoch: [17]	 Train Loss:  0.058181 	 Train Accuracy:  1.0000 	Valid Loss:  0.7097 	 Valid Accuracy:  0.6182
Run: [7]	 Epoch: [18]	 Train Loss:  0.054489 	 Train Accuracy:  1.0000 	Valid Loss:  0.7302 	 Valid Accuracy:  0.6545
Run: [7]	 Epoch: [19]	 Train Loss:  0.046268 	 Train Accuracy:  1.0000 	Valid Loss:  0.7542 	 Valid Accuracy:  0.6545
Run: [7]	 Epoch: [20]	 Train Loss:  0.039967 	 Train Accuracy:  1.0000 	Valid Loss:  0.7815 	 Valid Accuracy:  0.6182
Run: [7]	 Epoch: [21]	 Train Loss:  0.040143 	 Train Accuracy:  1.0000 	Valid Loss:  0.8111 	 Valid Accuracy:  0.6364
Run: [7]	 Epoch: [22]	 Train Loss:  0.034198 	 Train Accuracy:  1.0000 	Valid Loss:  0.8431 	 Valid Accuracy:  0.6364
Run: [7]	 Epoch: [23]	 Train Loss:  0.038826 	 Train Accuracy:  1.0000 	Valid Loss:  0.8769 	 Valid Accuracy:  0.7091
Run: [7]	 Epoch: [24]	 Train Loss:  0.029300 	 Train Accuracy:  1.0000 	Valid Loss:  0.9086 	 Valid Accuracy:  0.7091
Run: [7]	 Epoch: [25]	 Train Loss:  0.027344 	 Train Accuracy:  1.0000 	Valid Loss:  0.9374 	 Valid Accuracy:  0.7273
Run: [7]	 Epoch: [26]	 Train Loss:  0.031997 	 Train Accuracy:  1.0000 	Valid Loss:  0.9606 	 Valid Accuracy:  0.7091
Run: [7]	 Epoch: [27]	 Train Loss:  0.021307 	 Train Accuracy:  1.0000 	Valid Loss:  0.9774 	 Valid Accuracy:  0.6727
Run: [7]	 Epoch: [28]	 Train Loss:  0.023579 	 Train Accuracy:  1.0000 	Valid Loss:  0.9918 	 Valid Accuracy:  0.6727
Run: [7]	 Epoch: [29]	 Train Loss:  0.022987 	 Train Accuracy:  1.0000 	Valid Loss:  1.0048 	 Valid Accuracy:  0.6545
Run: [7]	 Epoch: [30]	 Train Loss:  0.020910 	 Train Accuracy:  1.0000 	Valid Loss:  1.0203 	 Valid Accuracy:  0.6364
Run: [7]	 Epoch: [31]	 Train Loss:  0.018906 	 Train Accuracy:  1.0000 	Valid Loss:  1.0419 	 Valid Accuracy:  0.6909
Run: [7]	 Epoch: [32]	 Train Loss:  0.019244 	 Train Accuracy:  1.0000 	Valid Loss:  1.0699 	 Valid Accuracy:  0.6727
Run: [7]	 Epoch: [33]	 Train Loss:  0.013643 	 Train Accuracy:  1.0000 	Valid Loss:  1.0977 	 Valid Accuracy:  0.6545
Run: [7]	 Epoch: [34]	 Train Loss:  0.017814 	 Train Accuracy:  1.0000 	Valid Loss:  1.1165 	 Valid Accuracy:  0.6727
Run: [7]	 Epoch: [35]	 Train Loss:  0.013701 	 Train Accuracy:  1.0000 	Valid Loss:  1.1294 	 Valid Accuracy:  0.6545
Run: [7]	 Epoch: [36]	 Train Loss:  0.015432 	 Train Accuracy:  1.0000 	Valid Loss:  1.1407 	 Valid Accuracy:  0.6727
Run: [7]	 Epoch: [37]	 Train Loss:  0.014085 	 Train Accuracy:  1.0000 	Valid Loss:  1.1610 	 Valid Accuracy:  0.6545
Run: [7]	 Epoch: [38]	 Train Loss:  0.014827 	 Train Accuracy:  1.0000 	Valid Loss:  1.1953 	 Valid Accuracy:  0.6727
Run: [7]	 Epoch: [39]	 Train Loss:  0.014699 	 Train Accuracy:  1.0000 	Valid Loss:  1.2624 	 Valid Accuracy:  0.6727
Run: [7]	 Epoch: [40]	 Train Loss:  0.010591 	 Train Accuracy:  1.0000 	Valid Loss:  1.3131 	 Valid Accuracy:  0.6909
Run: [7]	 Epoch: [41]	 Train Loss:  0.011914 	 Train Accuracy:  1.0000 	Valid Loss:  1.3522 	 Valid Accuracy:  0.6909
Run: [7]	 Epoch: [42]	 Train Loss:  0.013663 	 Train Accuracy:  1.0000 	Valid Loss:  1.3959 	 Valid Accuracy:  0.6727
Run: [7]	 Epoch: [43]	 Train Loss:  0.011917 	 Train Accuracy:  1.0000 	Valid Loss:  1.4147 	 Valid Accuracy:  0.6909
Run: [7]	 Epoch: [44]	 Train Loss:  0.008076 	 Train Accuracy:  1.0000 	Valid Loss:  1.4019 	 Valid Accuracy:  0.6727
Run: [7]	 Epoch: [45]	 Train Loss:  0.013174 	 Train Accuracy:  1.0000 	Valid Loss:  1.3767 	 Valid Accuracy:  0.6909
Run: [7]	 Epoch: [46]	 Train Loss:  0.011311 	 Train Accuracy:  1.0000 	Valid Loss:  1.3636 	 Valid Accuracy:  0.6909
Run: [7]	 Epoch: [47]	 Train Loss:  0.009639 	 Train Accuracy:  1.0000 	Valid Loss:  1.3332 	 Valid Accuracy:  0.6909
Run: [7]	 Epoch: [48]	 Train Loss:  0.010904 	 Train Accuracy:  1.0000 	Valid Loss:  1.3237 	 Valid Accuracy:  0.6909
Run: [7]	 Epoch: [49]	 Train Loss:  0.007576 	 Train Accuracy:  1.0000 	Valid Loss:  1.3260 	 Valid Accuracy:  0.7091
Run: [7]	 Epoch: [50]	 Train Loss:  0.012377 	 Train Accuracy:  1.0000 	Valid Loss:  1.3174 	 Valid Accuracy:  0.6727
Test Accuracy in run 7 is: 0.7352941036224365
Total Train Accuracy after run 7 is: 1.0000
Total Test Accuracy after run 7 is: 0.7017
Best Test Accuracy in 7 runs is: 0.7647
Run: [8]	 Epoch: [1]	 Train Loss:  1.091620 	 Train Accuracy:  0.6175 	Valid Loss:  1.2411 	 Valid Accuracy:  0.5818
Run: [8]	 Epoch: [2]	 Train Loss:  1.113652 	 Train Accuracy:  0.6221 	Valid Loss:  0.6791 	 Valid Accuracy:  0.5818
Run: [8]	 Epoch: [3]	 Train Loss:  0.599274 	 Train Accuracy:  0.5023 	Valid Loss:  0.7385 	 Valid Accuracy:  0.4182
Run: [8]	 Epoch: [4]	 Train Loss:  0.651923 	 Train Accuracy:  0.9078 	Valid Loss:  0.6582 	 Valid Accuracy:  0.5818
Run: [8]	 Epoch: [5]	 Train Loss:  0.508255 	 Train Accuracy:  0.7650 	Valid Loss:  0.6747 	 Valid Accuracy:  0.5818
Run: [8]	 Epoch: [6]	 Train Loss:  0.485163 	 Train Accuracy:  0.8249 	Valid Loss:  0.6849 	 Valid Accuracy:  0.5818
Run: [8]	 Epoch: [7]	 Train Loss:  0.428130 	 Train Accuracy:  0.9309 	Valid Loss:  0.6518 	 Valid Accuracy:  0.5636
Run: [8]	 Epoch: [8]	 Train Loss:  0.336633 	 Train Accuracy:  0.9770 	Valid Loss:  0.6174 	 Valid Accuracy:  0.6545
Run: [8]	 Epoch: [9]	 Train Loss:  0.260812 	 Train Accuracy:  1.0000 	Valid Loss:  0.6247 	 Valid Accuracy:  0.6545
Run: [8]	 Epoch: [10]	 Train Loss:  0.207453 	 Train Accuracy:  1.0000 	Valid Loss:  0.6430 	 Valid Accuracy:  0.6000
Run: [8]	 Epoch: [11]	 Train Loss:  0.146540 	 Train Accuracy:  1.0000 	Valid Loss:  0.6517 	 Valid Accuracy:  0.6000
Run: [8]	 Epoch: [12]	 Train Loss:  0.097511 	 Train Accuracy:  1.0000 	Valid Loss:  0.6729 	 Valid Accuracy:  0.6000
Run: [8]	 Epoch: [13]	 Train Loss:  0.064940 	 Train Accuracy:  1.0000 	Valid Loss:  0.7209 	 Valid Accuracy:  0.6364
Run: [8]	 Epoch: [14]	 Train Loss:  0.051260 	 Train Accuracy:  1.0000 	Valid Loss:  0.7645 	 Valid Accuracy:  0.6364
Run: [8]	 Epoch: [15]	 Train Loss:  0.045884 	 Train Accuracy:  1.0000 	Valid Loss:  0.7936 	 Valid Accuracy:  0.6545
Run: [8]	 Epoch: [16]	 Train Loss:  0.033983 	 Train Accuracy:  1.0000 	Valid Loss:  0.8426 	 Valid Accuracy:  0.6545
Run: [8]	 Epoch: [17]	 Train Loss:  0.036624 	 Train Accuracy:  1.0000 	Valid Loss:  0.8678 	 Valid Accuracy:  0.6545
Run: [8]	 Epoch: [18]	 Train Loss:  0.035463 	 Train Accuracy:  1.0000 	Valid Loss:  0.8687 	 Valid Accuracy:  0.6909
Run: [8]	 Epoch: [19]	 Train Loss:  0.036755 	 Train Accuracy:  1.0000 	Valid Loss:  0.8671 	 Valid Accuracy:  0.6727
Run: [8]	 Epoch: [20]	 Train Loss:  0.030221 	 Train Accuracy:  1.0000 	Valid Loss:  0.8849 	 Valid Accuracy:  0.6000
Run: [8]	 Epoch: [21]	 Train Loss:  0.034722 	 Train Accuracy:  1.0000 	Valid Loss:  0.9278 	 Valid Accuracy:  0.5273
Run: [8]	 Epoch: [22]	 Train Loss:  0.036166 	 Train Accuracy:  1.0000 	Valid Loss:  0.9831 	 Valid Accuracy:  0.5818
Run: [8]	 Epoch: [23]	 Train Loss:  0.026284 	 Train Accuracy:  1.0000 	Valid Loss:  1.0280 	 Valid Accuracy:  0.5636
Run: [8]	 Epoch: [24]	 Train Loss:  0.020520 	 Train Accuracy:  1.0000 	Valid Loss:  1.0677 	 Valid Accuracy:  0.5636
Run: [8]	 Epoch: [25]	 Train Loss:  0.034027 	 Train Accuracy:  1.0000 	Valid Loss:  1.1072 	 Valid Accuracy:  0.5636
Run: [8]	 Epoch: [26]	 Train Loss:  0.023716 	 Train Accuracy:  1.0000 	Valid Loss:  1.1450 	 Valid Accuracy:  0.5636
Run: [8]	 Epoch: [27]	 Train Loss:  0.023529 	 Train Accuracy:  1.0000 	Valid Loss:  1.1780 	 Valid Accuracy:  0.5636
Run: [8]	 Epoch: [28]	 Train Loss:  0.020629 	 Train Accuracy:  1.0000 	Valid Loss:  1.2067 	 Valid Accuracy:  0.5636
Run: [8]	 Epoch: [29]	 Train Loss:  0.022042 	 Train Accuracy:  1.0000 	Valid Loss:  1.2325 	 Valid Accuracy:  0.5818
Run: [8]	 Epoch: [30]	 Train Loss:  0.023470 	 Train Accuracy:  1.0000 	Valid Loss:  1.2551 	 Valid Accuracy:  0.6000
Run: [8]	 Epoch: [31]	 Train Loss:  0.016979 	 Train Accuracy:  1.0000 	Valid Loss:  1.2670 	 Valid Accuracy:  0.6000
Run: [8]	 Epoch: [32]	 Train Loss:  0.018193 	 Train Accuracy:  1.0000 	Valid Loss:  1.2755 	 Valid Accuracy:  0.6000
Run: [8]	 Epoch: [33]	 Train Loss:  0.017411 	 Train Accuracy:  1.0000 	Valid Loss:  1.2821 	 Valid Accuracy:  0.6000
Run: [8]	 Epoch: [34]	 Train Loss:  0.014167 	 Train Accuracy:  1.0000 	Valid Loss:  1.2896 	 Valid Accuracy:  0.6545
Run: [8]	 Epoch: [35]	 Train Loss:  0.019090 	 Train Accuracy:  1.0000 	Valid Loss:  1.2970 	 Valid Accuracy:  0.6545
Run: [8]	 Epoch: [36]	 Train Loss:  0.010646 	 Train Accuracy:  1.0000 	Valid Loss:  1.3046 	 Valid Accuracy:  0.6545
Run: [8]	 Epoch: [37]	 Train Loss:  0.013350 	 Train Accuracy:  1.0000 	Valid Loss:  1.3090 	 Valid Accuracy:  0.6545
Run: [8]	 Epoch: [38]	 Train Loss:  0.011551 	 Train Accuracy:  1.0000 	Valid Loss:  1.3156 	 Valid Accuracy:  0.6545
Run: [8]	 Epoch: [39]	 Train Loss:  0.010296 	 Train Accuracy:  1.0000 	Valid Loss:  1.3245 	 Valid Accuracy:  0.6727
Run: [8]	 Epoch: [40]	 Train Loss:  0.011883 	 Train Accuracy:  1.0000 	Valid Loss:  1.3331 	 Valid Accuracy:  0.6727
Run: [8]	 Epoch: [41]	 Train Loss:  0.010796 	 Train Accuracy:  1.0000 	Valid Loss:  1.3358 	 Valid Accuracy:  0.6727
Run: [8]	 Epoch: [42]	 Train Loss:  0.011960 	 Train Accuracy:  1.0000 	Valid Loss:  1.3294 	 Valid Accuracy:  0.6727
Run: [8]	 Epoch: [43]	 Train Loss:  0.011145 	 Train Accuracy:  1.0000 	Valid Loss:  1.3221 	 Valid Accuracy:  0.6727
Run: [8]	 Epoch: [44]	 Train Loss:  0.008830 	 Train Accuracy:  1.0000 	Valid Loss:  1.3065 	 Valid Accuracy:  0.6909
Run: [8]	 Epoch: [45]	 Train Loss:  0.009416 	 Train Accuracy:  1.0000 	Valid Loss:  1.2957 	 Valid Accuracy:  0.6909
Run: [8]	 Epoch: [46]	 Train Loss:  0.009616 	 Train Accuracy:  1.0000 	Valid Loss:  1.2707 	 Valid Accuracy:  0.7091
Run: [8]	 Epoch: [47]	 Train Loss:  0.013584 	 Train Accuracy:  1.0000 	Valid Loss:  1.2587 	 Valid Accuracy:  0.7273
Run: [8]	 Epoch: [48]	 Train Loss:  0.009085 	 Train Accuracy:  1.0000 	Valid Loss:  1.2615 	 Valid Accuracy:  0.7091
Run: [8]	 Epoch: [49]	 Train Loss:  0.010422 	 Train Accuracy:  1.0000 	Valid Loss:  1.2753 	 Valid Accuracy:  0.7091
Run: [8]	 Epoch: [50]	 Train Loss:  0.008142 	 Train Accuracy:  1.0000 	Valid Loss:  1.2955 	 Valid Accuracy:  0.7273
Test Accuracy in run 8 is: 0.7205882668495178
Total Train Accuracy after run 8 is: 1.0000
Total Test Accuracy after run 8 is: 0.7040
Best Test Accuracy in 8 runs is: 0.7647
Run: [9]	 Epoch: [1]	 Train Loss:  0.811907 	 Train Accuracy:  0.6175 	Valid Loss:  0.7537 	 Valid Accuracy:  0.5818
Run: [9]	 Epoch: [2]	 Train Loss:  0.723705 	 Train Accuracy:  0.6175 	Valid Loss:  0.7136 	 Valid Accuracy:  0.4545
Run: [9]	 Epoch: [3]	 Train Loss:  0.637077 	 Train Accuracy:  0.6359 	Valid Loss:  0.7374 	 Valid Accuracy:  0.5818
Run: [9]	 Epoch: [4]	 Train Loss:  0.537872 	 Train Accuracy:  0.9078 	Valid Loss:  0.6495 	 Valid Accuracy:  0.6000
Run: [9]	 Epoch: [5]	 Train Loss:  0.412633 	 Train Accuracy:  0.9862 	Valid Loss:  0.6391 	 Valid Accuracy:  0.6545
Run: [9]	 Epoch: [6]	 Train Loss:  0.280032 	 Train Accuracy:  0.9954 	Valid Loss:  0.6891 	 Valid Accuracy:  0.6364
Run: [9]	 Epoch: [7]	 Train Loss:  0.171459 	 Train Accuracy:  1.0000 	Valid Loss:  0.7177 	 Valid Accuracy:  0.6545
Run: [9]	 Epoch: [8]	 Train Loss:  0.088816 	 Train Accuracy:  1.0000 	Valid Loss:  0.7028 	 Valid Accuracy:  0.6545
Run: [9]	 Epoch: [9]	 Train Loss:  0.068444 	 Train Accuracy:  1.0000 	Valid Loss:  0.7993 	 Valid Accuracy:  0.6364
Run: [9]	 Epoch: [10]	 Train Loss:  0.050186 	 Train Accuracy:  1.0000 	Valid Loss:  1.0255 	 Valid Accuracy:  0.6000
Run: [9]	 Epoch: [11]	 Train Loss:  0.052243 	 Train Accuracy:  1.0000 	Valid Loss:  1.0492 	 Valid Accuracy:  0.6000
Run: [9]	 Epoch: [12]	 Train Loss:  0.044308 	 Train Accuracy:  1.0000 	Valid Loss:  1.0117 	 Valid Accuracy:  0.6000
Run: [9]	 Epoch: [13]	 Train Loss:  0.033193 	 Train Accuracy:  1.0000 	Valid Loss:  0.9801 	 Valid Accuracy:  0.6000
Run: [9]	 Epoch: [14]	 Train Loss:  0.038197 	 Train Accuracy:  1.0000 	Valid Loss:  0.9645 	 Valid Accuracy:  0.6000
Run: [9]	 Epoch: [15]	 Train Loss:  0.033852 	 Train Accuracy:  1.0000 	Valid Loss:  0.9682 	 Valid Accuracy:  0.6364
Run: [9]	 Epoch: [16]	 Train Loss:  0.028245 	 Train Accuracy:  1.0000 	Valid Loss:  0.9808 	 Valid Accuracy:  0.6364
Run: [9]	 Epoch: [17]	 Train Loss:  0.024359 	 Train Accuracy:  1.0000 	Valid Loss:  1.0012 	 Valid Accuracy:  0.6364
Run: [9]	 Epoch: [18]	 Train Loss:  0.019909 	 Train Accuracy:  1.0000 	Valid Loss:  1.0228 	 Valid Accuracy:  0.6545
Run: [9]	 Epoch: [19]	 Train Loss:  0.019328 	 Train Accuracy:  1.0000 	Valid Loss:  1.0420 	 Valid Accuracy:  0.6909
Run: [9]	 Epoch: [20]	 Train Loss:  0.019157 	 Train Accuracy:  1.0000 	Valid Loss:  1.0634 	 Valid Accuracy:  0.6909
Run: [9]	 Epoch: [21]	 Train Loss:  0.025746 	 Train Accuracy:  1.0000 	Valid Loss:  1.0896 	 Valid Accuracy:  0.6909
Run: [9]	 Epoch: [22]	 Train Loss:  0.017635 	 Train Accuracy:  1.0000 	Valid Loss:  1.1179 	 Valid Accuracy:  0.6909
Run: [9]	 Epoch: [23]	 Train Loss:  0.014534 	 Train Accuracy:  1.0000 	Valid Loss:  1.1443 	 Valid Accuracy:  0.6909
Run: [9]	 Epoch: [24]	 Train Loss:  0.018532 	 Train Accuracy:  1.0000 	Valid Loss:  1.1776 	 Valid Accuracy:  0.6727
Run: [9]	 Epoch: [25]	 Train Loss:  0.011119 	 Train Accuracy:  1.0000 	Valid Loss:  1.2094 	 Valid Accuracy:  0.6727
Run: [9]	 Epoch: [26]	 Train Loss:  0.010463 	 Train Accuracy:  1.0000 	Valid Loss:  1.2462 	 Valid Accuracy:  0.6727
Run: [9]	 Epoch: [27]	 Train Loss:  0.012872 	 Train Accuracy:  1.0000 	Valid Loss:  1.2854 	 Valid Accuracy:  0.6727
Run: [9]	 Epoch: [28]	 Train Loss:  0.008203 	 Train Accuracy:  1.0000 	Valid Loss:  1.3265 	 Valid Accuracy:  0.6909
Run: [9]	 Epoch: [29]	 Train Loss:  0.008885 	 Train Accuracy:  1.0000 	Valid Loss:  1.3832 	 Valid Accuracy:  0.6727
Run: [9]	 Epoch: [30]	 Train Loss:  0.007948 	 Train Accuracy:  1.0000 	Valid Loss:  1.4455 	 Valid Accuracy:  0.6727
Run: [9]	 Epoch: [31]	 Train Loss:  0.009099 	 Train Accuracy:  1.0000 	Valid Loss:  1.5031 	 Valid Accuracy:  0.6727
Run: [9]	 Epoch: [32]	 Train Loss:  0.007796 	 Train Accuracy:  1.0000 	Valid Loss:  1.5579 	 Valid Accuracy:  0.6545
Run: [9]	 Epoch: [33]	 Train Loss:  0.006043 	 Train Accuracy:  1.0000 	Valid Loss:  1.6178 	 Valid Accuracy:  0.6545
Run: [9]	 Epoch: [34]	 Train Loss:  0.004758 	 Train Accuracy:  1.0000 	Valid Loss:  1.6876 	 Valid Accuracy:  0.6364
Run: [9]	 Epoch: [35]	 Train Loss:  0.005215 	 Train Accuracy:  1.0000 	Valid Loss:  1.7537 	 Valid Accuracy:  0.6364
Run: [9]	 Epoch: [36]	 Train Loss:  0.003645 	 Train Accuracy:  1.0000 	Valid Loss:  1.8097 	 Valid Accuracy:  0.6182
Run: [9]	 Epoch: [37]	 Train Loss:  0.004225 	 Train Accuracy:  1.0000 	Valid Loss:  1.8641 	 Valid Accuracy:  0.6182
Run: [9]	 Epoch: [38]	 Train Loss:  0.006181 	 Train Accuracy:  1.0000 	Valid Loss:  1.9190 	 Valid Accuracy:  0.6182
Run: [9]	 Epoch: [39]	 Train Loss:  0.006397 	 Train Accuracy:  1.0000 	Valid Loss:  1.9792 	 Valid Accuracy:  0.6182
Run: [9]	 Epoch: [40]	 Train Loss:  0.005035 	 Train Accuracy:  1.0000 	Valid Loss:  2.0335 	 Valid Accuracy:  0.6182
Run: [9]	 Epoch: [41]	 Train Loss:  0.005289 	 Train Accuracy:  1.0000 	Valid Loss:  2.0941 	 Valid Accuracy:  0.6182
Run: [9]	 Epoch: [42]	 Train Loss:  0.003481 	 Train Accuracy:  1.0000 	Valid Loss:  2.1557 	 Valid Accuracy:  0.6182
Run: [9]	 Epoch: [43]	 Train Loss:  0.003404 	 Train Accuracy:  1.0000 	Valid Loss:  2.2025 	 Valid Accuracy:  0.6182
Run: [9]	 Epoch: [44]	 Train Loss:  0.003135 	 Train Accuracy:  1.0000 	Valid Loss:  2.2322 	 Valid Accuracy:  0.6182
Run: [9]	 Epoch: [45]	 Train Loss:  0.003705 	 Train Accuracy:  1.0000 	Valid Loss:  2.2390 	 Valid Accuracy:  0.6182
Run: [9]	 Epoch: [46]	 Train Loss:  0.003172 	 Train Accuracy:  1.0000 	Valid Loss:  2.2090 	 Valid Accuracy:  0.6364
Run: [9]	 Epoch: [47]	 Train Loss:  0.003195 	 Train Accuracy:  1.0000 	Valid Loss:  2.1616 	 Valid Accuracy:  0.6364
Run: [9]	 Epoch: [48]	 Train Loss:  0.002682 	 Train Accuracy:  1.0000 	Valid Loss:  2.0962 	 Valid Accuracy:  0.6364
Run: [9]	 Epoch: [49]	 Train Loss:  0.002529 	 Train Accuracy:  1.0000 	Valid Loss:  2.0601 	 Valid Accuracy:  0.6364
Run: [9]	 Epoch: [50]	 Train Loss:  0.003991 	 Train Accuracy:  1.0000 	Valid Loss:  2.0527 	 Valid Accuracy:  0.6364
Test Accuracy in run 9 is: 0.6911764740943909
Total Train Accuracy after run 9 is: 1.0000
Total Test Accuracy after run 9 is: 0.7026
Best Test Accuracy in 9 runs is: 0.7647
Run: [10]	 Epoch: [1]	 Train Loss:  0.979404 	 Train Accuracy:  0.3825 	Valid Loss:  1.3937 	 Valid Accuracy:  0.4182
Run: [10]	 Epoch: [2]	 Train Loss:  1.423676 	 Train Accuracy:  0.6313 	Valid Loss:  0.6822 	 Valid Accuracy:  0.5818
Run: [10]	 Epoch: [3]	 Train Loss:  0.645840 	 Train Accuracy:  0.6175 	Valid Loss:  0.6940 	 Valid Accuracy:  0.5818
Run: [10]	 Epoch: [4]	 Train Loss:  0.656647 	 Train Accuracy:  0.6175 	Valid Loss:  0.7101 	 Valid Accuracy:  0.5818
Run: [10]	 Epoch: [5]	 Train Loss:  0.646008 	 Train Accuracy:  0.6175 	Valid Loss:  0.7097 	 Valid Accuracy:  0.5818
Run: [10]	 Epoch: [6]	 Train Loss:  0.619810 	 Train Accuracy:  0.6175 	Valid Loss:  0.6995 	 Valid Accuracy:  0.5818
Run: [10]	 Epoch: [7]	 Train Loss:  0.632820 	 Train Accuracy:  0.6175 	Valid Loss:  0.6871 	 Valid Accuracy:  0.5818
Run: [10]	 Epoch: [8]	 Train Loss:  0.614602 	 Train Accuracy:  0.6175 	Valid Loss:  0.6770 	 Valid Accuracy:  0.5818
Run: [10]	 Epoch: [9]	 Train Loss:  0.597997 	 Train Accuracy:  0.6175 	Valid Loss:  0.6713 	 Valid Accuracy:  0.5818
Run: [10]	 Epoch: [10]	 Train Loss:  0.576995 	 Train Accuracy:  0.7558 	Valid Loss:  0.6690 	 Valid Accuracy:  0.5818
Run: [10]	 Epoch: [11]	 Train Loss:  0.581273 	 Train Accuracy:  0.9309 	Valid Loss:  0.6681 	 Valid Accuracy:  0.6000
Run: [10]	 Epoch: [12]	 Train Loss:  0.551679 	 Train Accuracy:  0.9677 	Valid Loss:  0.6649 	 Valid Accuracy:  0.6182
Run: [10]	 Epoch: [13]	 Train Loss:  0.536843 	 Train Accuracy:  0.9631 	Valid Loss:  0.6584 	 Valid Accuracy:  0.6182
Run: [10]	 Epoch: [14]	 Train Loss:  0.515333 	 Train Accuracy:  0.9585 	Valid Loss:  0.6528 	 Valid Accuracy:  0.6364
Run: [10]	 Epoch: [15]	 Train Loss:  0.490151 	 Train Accuracy:  0.9677 	Valid Loss:  0.6496 	 Valid Accuracy:  0.6182
Run: [10]	 Epoch: [16]	 Train Loss:  0.434774 	 Train Accuracy:  0.9954 	Valid Loss:  0.6443 	 Valid Accuracy:  0.6545
Run: [10]	 Epoch: [17]	 Train Loss:  0.367278 	 Train Accuracy:  1.0000 	Valid Loss:  0.6302 	 Valid Accuracy:  0.6182
Run: [10]	 Epoch: [18]	 Train Loss:  0.293031 	 Train Accuracy:  0.9954 	Valid Loss:  0.6451 	 Valid Accuracy:  0.6182
Run: [10]	 Epoch: [19]	 Train Loss:  0.212913 	 Train Accuracy:  1.0000 	Valid Loss:  0.8716 	 Valid Accuracy:  0.5818
Run: [10]	 Epoch: [20]	 Train Loss:  0.096082 	 Train Accuracy:  1.0000 	Valid Loss:  1.1661 	 Valid Accuracy:  0.5818
Run: [10]	 Epoch: [21]	 Train Loss:  0.100001 	 Train Accuracy:  1.0000 	Valid Loss:  0.7367 	 Valid Accuracy:  0.6364
Run: [10]	 Epoch: [22]	 Train Loss:  0.050486 	 Train Accuracy:  1.0000 	Valid Loss:  0.8813 	 Valid Accuracy:  0.5091
Run: [10]	 Epoch: [23]	 Train Loss:  0.052926 	 Train Accuracy:  1.0000 	Valid Loss:  1.1282 	 Valid Accuracy:  0.4727
Run: [10]	 Epoch: [24]	 Train Loss:  0.055970 	 Train Accuracy:  1.0000 	Valid Loss:  1.0756 	 Valid Accuracy:  0.5091
Run: [10]	 Epoch: [25]	 Train Loss:  0.040762 	 Train Accuracy:  1.0000 	Valid Loss:  0.9642 	 Valid Accuracy:  0.5636
Run: [10]	 Epoch: [26]	 Train Loss:  0.036160 	 Train Accuracy:  1.0000 	Valid Loss:  0.8947 	 Valid Accuracy:  0.6182
Run: [10]	 Epoch: [27]	 Train Loss:  0.025503 	 Train Accuracy:  1.0000 	Valid Loss:  0.8894 	 Valid Accuracy:  0.6182
Run: [10]	 Epoch: [28]	 Train Loss:  0.031060 	 Train Accuracy:  1.0000 	Valid Loss:  0.9502 	 Valid Accuracy:  0.5636
Run: [10]	 Epoch: [29]	 Train Loss:  0.027004 	 Train Accuracy:  1.0000 	Valid Loss:  1.0527 	 Valid Accuracy:  0.5636
Run: [10]	 Epoch: [30]	 Train Loss:  0.024652 	 Train Accuracy:  1.0000 	Valid Loss:  1.1610 	 Valid Accuracy:  0.5636
Run: [10]	 Epoch: [31]	 Train Loss:  0.024109 	 Train Accuracy:  1.0000 	Valid Loss:  1.2583 	 Valid Accuracy:  0.5636
Run: [10]	 Epoch: [32]	 Train Loss:  0.022215 	 Train Accuracy:  1.0000 	Valid Loss:  1.3390 	 Valid Accuracy:  0.5818
Run: [10]	 Epoch: [33]	 Train Loss:  0.018896 	 Train Accuracy:  1.0000 	Valid Loss:  1.4048 	 Valid Accuracy:  0.5818
Run: [10]	 Epoch: [34]	 Train Loss:  0.021517 	 Train Accuracy:  1.0000 	Valid Loss:  1.4564 	 Valid Accuracy:  0.5818
Run: [10]	 Epoch: [35]	 Train Loss:  0.015911 	 Train Accuracy:  1.0000 	Valid Loss:  1.4950 	 Valid Accuracy:  0.5818
Run: [10]	 Epoch: [36]	 Train Loss:  0.021388 	 Train Accuracy:  1.0000 	Valid Loss:  1.5250 	 Valid Accuracy:  0.5636
Run: [10]	 Epoch: [37]	 Train Loss:  0.014538 	 Train Accuracy:  1.0000 	Valid Loss:  1.5494 	 Valid Accuracy:  0.5455
Run: [10]	 Epoch: [38]	 Train Loss:  0.015531 	 Train Accuracy:  1.0000 	Valid Loss:  1.5666 	 Valid Accuracy:  0.5455
Run: [10]	 Epoch: [39]	 Train Loss:  0.012882 	 Train Accuracy:  1.0000 	Valid Loss:  1.5827 	 Valid Accuracy:  0.5455
Run: [10]	 Epoch: [40]	 Train Loss:  0.013595 	 Train Accuracy:  1.0000 	Valid Loss:  1.5962 	 Valid Accuracy:  0.5455
Run: [10]	 Epoch: [41]	 Train Loss:  0.012739 	 Train Accuracy:  1.0000 	Valid Loss:  1.6087 	 Valid Accuracy:  0.5273
Run: [10]	 Epoch: [42]	 Train Loss:  0.010744 	 Train Accuracy:  1.0000 	Valid Loss:  1.6169 	 Valid Accuracy:  0.5273
Run: [10]	 Epoch: [43]	 Train Loss:  0.011932 	 Train Accuracy:  1.0000 	Valid Loss:  1.6246 	 Valid Accuracy:  0.5273
Run: [10]	 Epoch: [44]	 Train Loss:  0.013695 	 Train Accuracy:  1.0000 	Valid Loss:  1.6301 	 Valid Accuracy:  0.5273
Run: [10]	 Epoch: [45]	 Train Loss:  0.009292 	 Train Accuracy:  1.0000 	Valid Loss:  1.6332 	 Valid Accuracy:  0.5455
Run: [10]	 Epoch: [46]	 Train Loss:  0.010197 	 Train Accuracy:  1.0000 	Valid Loss:  1.6357 	 Valid Accuracy:  0.5455
Run: [10]	 Epoch: [47]	 Train Loss:  0.009904 	 Train Accuracy:  1.0000 	Valid Loss:  1.6389 	 Valid Accuracy:  0.5455
Run: [10]	 Epoch: [48]	 Train Loss:  0.010184 	 Train Accuracy:  1.0000 	Valid Loss:  1.6456 	 Valid Accuracy:  0.5455
Run: [10]	 Epoch: [49]	 Train Loss:  0.007595 	 Train Accuracy:  1.0000 	Valid Loss:  1.6489 	 Valid Accuracy:  0.5455
Run: [10]	 Epoch: [50]	 Train Loss:  0.008935 	 Train Accuracy:  1.0000 	Valid Loss:  1.6559 	 Valid Accuracy:  0.5273
Test Accuracy in run 10 is: 0.7647058963775635
Total Train Accuracy after run 10 is: 1.0000
Total Test Accuracy after run 10 is: 0.7088
Best Test Accuracy in 10 runs is: 0.7647
