==========       System Configuration      =============
phase:train
use_cpu:False
runs:10
validation:0.0
data_dir:/data/entity
batch_size:1
dataset:MUTAG
total_epochs:50
save_freq:5
lr:0.01
multi_gpus:False
postname:
l2norm:0.0005
kernel_size:64
block_type:res
n_layers:7
act:relu
norm:layer
bias:True
dropout:0.2
channels:64
dec:basis
bases:30
aggr:mean
ckpt_path:
save_best_only:True
task:denseR
post:denseR-MUTAG-res-7-64
time:210215-02-08-00
save_path:/content/drive/My Drive/denseR/checkpoints/ckpts-denseR-MUTAG-res-7-64-210215-02-08-00
logdir:/content/drive/My Drive/denseR/logs/denseR-MUTAG-res-7-64-210215-02-08-00
device:cuda
epoch:-1
printer:<Logger args (DEBUG)>
==========     CONFIG END    =============


===> Phase is train.
 === Downloading Dataset and Creating graphs ===
=== Dataset info ===
Number of training nodes: 272 	 Number of testing nodes: 68	 Total Number of labelled nodes: 340
Number of classes in this graph: 2 	 Number of nodes: 23644 	 Number of relation types: 46
==== Initializing the Optimizer ====
Run: [1]	 Epoch: [1]	 Loss:  0.783113 	 Train Accuracy:  0.6103
Run: [1]	 Epoch: [2]	 Loss:  0.837824 	 Train Accuracy:  0.3897
Run: [1]	 Epoch: [3]	 Loss:  1.289278 	 Train Accuracy:  0.6838
Run: [1]	 Epoch: [4]	 Loss:  0.571462 	 Train Accuracy:  0.6213
Run: [1]	 Epoch: [5]	 Loss:  0.557676 	 Train Accuracy:  0.7463
Run: [1]	 Epoch: [6]	 Loss:  0.513389 	 Train Accuracy:  0.8824
Run: [1]	 Epoch: [7]	 Loss:  0.469680 	 Train Accuracy:  0.9375
Run: [1]	 Epoch: [8]	 Loss:  0.437779 	 Train Accuracy:  0.9485
Run: [1]	 Epoch: [9]	 Loss:  0.390460 	 Train Accuracy:  0.9706
Run: [1]	 Epoch: [10]	 Loss:  0.342059 	 Train Accuracy:  0.9816
Run: [1]	 Epoch: [11]	 Loss:  0.297020 	 Train Accuracy:  0.9853
Run: [1]	 Epoch: [12]	 Loss:  0.234368 	 Train Accuracy:  0.9890
Run: [1]	 Epoch: [13]	 Loss:  0.186989 	 Train Accuracy:  0.9963
Run: [1]	 Epoch: [14]	 Loss:  0.138622 	 Train Accuracy:  1.0000
Run: [1]	 Epoch: [15]	 Loss:  0.118253 	 Train Accuracy:  1.0000
Run: [1]	 Epoch: [16]	 Loss:  0.084255 	 Train Accuracy:  1.0000
Run: [1]	 Epoch: [17]	 Loss:  0.078600 	 Train Accuracy:  1.0000
Run: [1]	 Epoch: [18]	 Loss:  0.073191 	 Train Accuracy:  1.0000
Run: [1]	 Epoch: [19]	 Loss:  0.066199 	 Train Accuracy:  1.0000
Run: [1]	 Epoch: [20]	 Loss:  0.059484 	 Train Accuracy:  1.0000
Run: [1]	 Epoch: [21]	 Loss:  0.053391 	 Train Accuracy:  1.0000
Run: [1]	 Epoch: [22]	 Loss:  0.057386 	 Train Accuracy:  1.0000
Run: [1]	 Epoch: [23]	 Loss:  0.047785 	 Train Accuracy:  1.0000
Run: [1]	 Epoch: [24]	 Loss:  0.037200 	 Train Accuracy:  1.0000
Run: [1]	 Epoch: [25]	 Loss:  0.036613 	 Train Accuracy:  1.0000
Run: [1]	 Epoch: [26]	 Loss:  0.042502 	 Train Accuracy:  1.0000
Run: [1]	 Epoch: [27]	 Loss:  0.036496 	 Train Accuracy:  1.0000
Run: [1]	 Epoch: [28]	 Loss:  0.029899 	 Train Accuracy:  1.0000
Run: [1]	 Epoch: [29]	 Loss:  0.034270 	 Train Accuracy:  1.0000
Run: [1]	 Epoch: [30]	 Loss:  0.033847 	 Train Accuracy:  1.0000
Run: [1]	 Epoch: [31]	 Loss:  0.026261 	 Train Accuracy:  1.0000
Run: [1]	 Epoch: [32]	 Loss:  0.018174 	 Train Accuracy:  1.0000
Run: [1]	 Epoch: [33]	 Loss:  0.020278 	 Train Accuracy:  1.0000
Run: [1]	 Epoch: [34]	 Loss:  0.023367 	 Train Accuracy:  1.0000
Run: [1]	 Epoch: [35]	 Loss:  0.020053 	 Train Accuracy:  1.0000
Run: [1]	 Epoch: [36]	 Loss:  0.022527 	 Train Accuracy:  1.0000
Run: [1]	 Epoch: [37]	 Loss:  0.016507 	 Train Accuracy:  1.0000
Run: [1]	 Epoch: [38]	 Loss:  0.019407 	 Train Accuracy:  1.0000
Run: [1]	 Epoch: [39]	 Loss:  0.020932 	 Train Accuracy:  1.0000
Run: [1]	 Epoch: [40]	 Loss:  0.017309 	 Train Accuracy:  1.0000
Run: [1]	 Epoch: [41]	 Loss:  0.017600 	 Train Accuracy:  1.0000
Run: [1]	 Epoch: [42]	 Loss:  0.015346 	 Train Accuracy:  1.0000
Run: [1]	 Epoch: [43]	 Loss:  0.010749 	 Train Accuracy:  1.0000
Run: [1]	 Epoch: [44]	 Loss:  0.011827 	 Train Accuracy:  1.0000
Run: [1]	 Epoch: [45]	 Loss:  0.012953 	 Train Accuracy:  1.0000
Run: [1]	 Epoch: [46]	 Loss:  0.009167 	 Train Accuracy:  1.0000
Run: [1]	 Epoch: [47]	 Loss:  0.017443 	 Train Accuracy:  1.0000
Run: [1]	 Epoch: [48]	 Loss:  0.011846 	 Train Accuracy:  1.0000
Run: [1]	 Epoch: [49]	 Loss:  0.009993 	 Train Accuracy:  1.0000
Run: [1]	 Epoch: [50]	 Loss:  0.008351 	 Train Accuracy:  1.0000
Test Accuracy in run 1 is: 0.6911764740943909
Total Train Accuracy after run 1 is: 1.0000
Total Test Accuracy after run 1 is: 0.6912
Best Test Accuracy in 1 runs is: 0.6912
Run: [2]	 Epoch: [1]	 Loss:  0.785547 	 Train Accuracy:  0.7426
Run: [2]	 Epoch: [2]	 Loss:  0.574609 	 Train Accuracy:  0.9449
Run: [2]	 Epoch: [3]	 Loss:  0.298376 	 Train Accuracy:  0.9963
Run: [2]	 Epoch: [4]	 Loss:  0.116952 	 Train Accuracy:  0.9963
Run: [2]	 Epoch: [5]	 Loss:  0.096039 	 Train Accuracy:  1.0000
Run: [2]	 Epoch: [6]	 Loss:  0.058902 	 Train Accuracy:  1.0000
Run: [2]	 Epoch: [7]	 Loss:  0.048528 	 Train Accuracy:  1.0000
Run: [2]	 Epoch: [8]	 Loss:  0.045961 	 Train Accuracy:  1.0000
Run: [2]	 Epoch: [9]	 Loss:  0.037445 	 Train Accuracy:  1.0000
Run: [2]	 Epoch: [10]	 Loss:  0.033133 	 Train Accuracy:  1.0000
Run: [2]	 Epoch: [11]	 Loss:  0.030571 	 Train Accuracy:  1.0000
Run: [2]	 Epoch: [12]	 Loss:  0.033403 	 Train Accuracy:  1.0000
Run: [2]	 Epoch: [13]	 Loss:  0.019388 	 Train Accuracy:  1.0000
Run: [2]	 Epoch: [14]	 Loss:  0.021110 	 Train Accuracy:  1.0000
Run: [2]	 Epoch: [15]	 Loss:  0.017379 	 Train Accuracy:  1.0000
Run: [2]	 Epoch: [16]	 Loss:  0.015728 	 Train Accuracy:  1.0000
Run: [2]	 Epoch: [17]	 Loss:  0.014280 	 Train Accuracy:  1.0000
Run: [2]	 Epoch: [18]	 Loss:  0.011207 	 Train Accuracy:  1.0000
Run: [2]	 Epoch: [19]	 Loss:  0.010163 	 Train Accuracy:  1.0000
Run: [2]	 Epoch: [20]	 Loss:  0.008020 	 Train Accuracy:  1.0000
Run: [2]	 Epoch: [21]	 Loss:  0.008466 	 Train Accuracy:  1.0000
Run: [2]	 Epoch: [22]	 Loss:  0.008343 	 Train Accuracy:  1.0000
Run: [2]	 Epoch: [23]	 Loss:  0.012853 	 Train Accuracy:  1.0000
Run: [2]	 Epoch: [24]	 Loss:  0.010654 	 Train Accuracy:  1.0000
Run: [2]	 Epoch: [25]	 Loss:  0.007366 	 Train Accuracy:  1.0000
Run: [2]	 Epoch: [26]	 Loss:  0.007370 	 Train Accuracy:  1.0000
Run: [2]	 Epoch: [27]	 Loss:  0.005579 	 Train Accuracy:  1.0000
Run: [2]	 Epoch: [28]	 Loss:  0.005187 	 Train Accuracy:  1.0000
Run: [2]	 Epoch: [29]	 Loss:  0.004370 	 Train Accuracy:  1.0000
Run: [2]	 Epoch: [30]	 Loss:  0.004040 	 Train Accuracy:  1.0000
Run: [2]	 Epoch: [31]	 Loss:  0.004528 	 Train Accuracy:  1.0000
Run: [2]	 Epoch: [32]	 Loss:  0.007348 	 Train Accuracy:  1.0000
Run: [2]	 Epoch: [33]	 Loss:  0.002845 	 Train Accuracy:  1.0000
Run: [2]	 Epoch: [34]	 Loss:  0.007157 	 Train Accuracy:  1.0000
Run: [2]	 Epoch: [35]	 Loss:  0.007565 	 Train Accuracy:  1.0000
Run: [2]	 Epoch: [36]	 Loss:  0.005152 	 Train Accuracy:  1.0000
Run: [2]	 Epoch: [37]	 Loss:  0.004035 	 Train Accuracy:  1.0000
Run: [2]	 Epoch: [38]	 Loss:  0.006267 	 Train Accuracy:  1.0000
Run: [2]	 Epoch: [39]	 Loss:  0.002544 	 Train Accuracy:  1.0000
Run: [2]	 Epoch: [40]	 Loss:  0.001965 	 Train Accuracy:  1.0000
Run: [2]	 Epoch: [41]	 Loss:  0.002959 	 Train Accuracy:  1.0000
Run: [2]	 Epoch: [42]	 Loss:  0.003475 	 Train Accuracy:  1.0000
Run: [2]	 Epoch: [43]	 Loss:  0.002824 	 Train Accuracy:  1.0000
Run: [2]	 Epoch: [44]	 Loss:  0.001753 	 Train Accuracy:  1.0000
Run: [2]	 Epoch: [45]	 Loss:  0.003657 	 Train Accuracy:  1.0000
Run: [2]	 Epoch: [46]	 Loss:  0.001624 	 Train Accuracy:  1.0000
Run: [2]	 Epoch: [47]	 Loss:  0.002836 	 Train Accuracy:  1.0000
Run: [2]	 Epoch: [48]	 Loss:  0.002101 	 Train Accuracy:  1.0000
Run: [2]	 Epoch: [49]	 Loss:  0.002893 	 Train Accuracy:  1.0000
Run: [2]	 Epoch: [50]	 Loss:  0.002787 	 Train Accuracy:  1.0000
Test Accuracy in run 2 is: 0.779411792755127
Total Train Accuracy after run 2 is: 1.0000
Total Test Accuracy after run 2 is: 0.7353
Best Test Accuracy in 2 runs is: 0.7794
Run: [3]	 Epoch: [1]	 Loss:  1.102961 	 Train Accuracy:  0.6103
Run: [3]	 Epoch: [2]	 Loss:  1.202084 	 Train Accuracy:  0.3897
Run: [3]	 Epoch: [3]	 Loss:  0.968148 	 Train Accuracy:  0.6103
Run: [3]	 Epoch: [4]	 Loss:  0.625586 	 Train Accuracy:  0.6103
Run: [3]	 Epoch: [5]	 Loss:  0.626036 	 Train Accuracy:  0.6103
Run: [3]	 Epoch: [6]	 Loss:  0.588138 	 Train Accuracy:  0.6140
Run: [3]	 Epoch: [7]	 Loss:  0.571953 	 Train Accuracy:  0.7059
Run: [3]	 Epoch: [8]	 Loss:  0.550077 	 Train Accuracy:  0.8713
Run: [3]	 Epoch: [9]	 Loss:  0.515880 	 Train Accuracy:  0.9154
Run: [3]	 Epoch: [10]	 Loss:  0.482242 	 Train Accuracy:  0.9191
Run: [3]	 Epoch: [11]	 Loss:  0.466164 	 Train Accuracy:  0.9228
Run: [3]	 Epoch: [12]	 Loss:  0.427465 	 Train Accuracy:  0.9228
Run: [3]	 Epoch: [13]	 Loss:  0.392325 	 Train Accuracy:  0.9301
Run: [3]	 Epoch: [14]	 Loss:  0.343293 	 Train Accuracy:  0.9412
Run: [3]	 Epoch: [15]	 Loss:  0.293124 	 Train Accuracy:  0.9779
Run: [3]	 Epoch: [16]	 Loss:  0.251516 	 Train Accuracy:  0.9926
Run: [3]	 Epoch: [17]	 Loss:  0.204095 	 Train Accuracy:  1.0000
Run: [3]	 Epoch: [18]	 Loss:  0.157922 	 Train Accuracy:  1.0000
Run: [3]	 Epoch: [19]	 Loss:  0.145957 	 Train Accuracy:  1.0000
Run: [3]	 Epoch: [20]	 Loss:  0.134223 	 Train Accuracy:  1.0000
Run: [3]	 Epoch: [21]	 Loss:  0.102632 	 Train Accuracy:  1.0000
Run: [3]	 Epoch: [22]	 Loss:  0.092000 	 Train Accuracy:  1.0000
Run: [3]	 Epoch: [23]	 Loss:  0.084984 	 Train Accuracy:  1.0000
Run: [3]	 Epoch: [24]	 Loss:  0.072696 	 Train Accuracy:  1.0000
Run: [3]	 Epoch: [25]	 Loss:  0.064343 	 Train Accuracy:  1.0000
Run: [3]	 Epoch: [26]	 Loss:  0.061086 	 Train Accuracy:  1.0000
Run: [3]	 Epoch: [27]	 Loss:  0.051626 	 Train Accuracy:  1.0000
Run: [3]	 Epoch: [28]	 Loss:  0.042253 	 Train Accuracy:  1.0000
Run: [3]	 Epoch: [29]	 Loss:  0.041125 	 Train Accuracy:  1.0000
Run: [3]	 Epoch: [30]	 Loss:  0.033014 	 Train Accuracy:  1.0000
Run: [3]	 Epoch: [31]	 Loss:  0.032318 	 Train Accuracy:  1.0000
Run: [3]	 Epoch: [32]	 Loss:  0.030287 	 Train Accuracy:  1.0000
Run: [3]	 Epoch: [33]	 Loss:  0.030513 	 Train Accuracy:  1.0000
Run: [3]	 Epoch: [34]	 Loss:  0.023810 	 Train Accuracy:  1.0000
Run: [3]	 Epoch: [35]	 Loss:  0.025995 	 Train Accuracy:  1.0000
Run: [3]	 Epoch: [36]	 Loss:  0.022775 	 Train Accuracy:  1.0000
Run: [3]	 Epoch: [37]	 Loss:  0.021591 	 Train Accuracy:  1.0000
Run: [3]	 Epoch: [38]	 Loss:  0.019841 	 Train Accuracy:  1.0000
Run: [3]	 Epoch: [39]	 Loss:  0.019249 	 Train Accuracy:  1.0000
Run: [3]	 Epoch: [40]	 Loss:  0.016396 	 Train Accuracy:  1.0000
Run: [3]	 Epoch: [41]	 Loss:  0.019072 	 Train Accuracy:  1.0000
Run: [3]	 Epoch: [42]	 Loss:  0.014728 	 Train Accuracy:  1.0000
Run: [3]	 Epoch: [43]	 Loss:  0.013923 	 Train Accuracy:  1.0000
Run: [3]	 Epoch: [44]	 Loss:  0.019204 	 Train Accuracy:  1.0000
Run: [3]	 Epoch: [45]	 Loss:  0.014871 	 Train Accuracy:  1.0000
Run: [3]	 Epoch: [46]	 Loss:  0.010717 	 Train Accuracy:  1.0000
Run: [3]	 Epoch: [47]	 Loss:  0.013396 	 Train Accuracy:  1.0000
Run: [3]	 Epoch: [48]	 Loss:  0.013003 	 Train Accuracy:  1.0000
Run: [3]	 Epoch: [49]	 Loss:  0.011203 	 Train Accuracy:  1.0000
Run: [3]	 Epoch: [50]	 Loss:  0.009957 	 Train Accuracy:  1.0000
Test Accuracy in run 3 is: 0.7058823704719543
Total Train Accuracy after run 3 is: 1.0000
Total Test Accuracy after run 3 is: 0.7255
Best Test Accuracy in 3 runs is: 0.7794
Run: [4]	 Epoch: [1]	 Loss:  1.008057 	 Train Accuracy:  0.6103
Run: [4]	 Epoch: [2]	 Loss:  1.216681 	 Train Accuracy:  0.5956
Run: [4]	 Epoch: [3]	 Loss:  0.648352 	 Train Accuracy:  0.7831
Run: [4]	 Epoch: [4]	 Loss:  0.538037 	 Train Accuracy:  0.7279
Run: [4]	 Epoch: [5]	 Loss:  0.468967 	 Train Accuracy:  0.9338
Run: [4]	 Epoch: [6]	 Loss:  0.372763 	 Train Accuracy:  0.9669
Run: [4]	 Epoch: [7]	 Loss:  0.320580 	 Train Accuracy:  0.9963
Run: [4]	 Epoch: [8]	 Loss:  0.237630 	 Train Accuracy:  1.0000
Run: [4]	 Epoch: [9]	 Loss:  0.149032 	 Train Accuracy:  1.0000
Run: [4]	 Epoch: [10]	 Loss:  0.104930 	 Train Accuracy:  1.0000
Run: [4]	 Epoch: [11]	 Loss:  0.063907 	 Train Accuracy:  1.0000
Run: [4]	 Epoch: [12]	 Loss:  0.042246 	 Train Accuracy:  1.0000
Run: [4]	 Epoch: [13]	 Loss:  0.035672 	 Train Accuracy:  1.0000
Run: [4]	 Epoch: [14]	 Loss:  0.027257 	 Train Accuracy:  1.0000
Run: [4]	 Epoch: [15]	 Loss:  0.022165 	 Train Accuracy:  1.0000
Run: [4]	 Epoch: [16]	 Loss:  0.029331 	 Train Accuracy:  1.0000
Run: [4]	 Epoch: [17]	 Loss:  0.022527 	 Train Accuracy:  1.0000
Run: [4]	 Epoch: [18]	 Loss:  0.025860 	 Train Accuracy:  1.0000
Run: [4]	 Epoch: [19]	 Loss:  0.023529 	 Train Accuracy:  1.0000
Run: [4]	 Epoch: [20]	 Loss:  0.021539 	 Train Accuracy:  1.0000
Run: [4]	 Epoch: [21]	 Loss:  0.029723 	 Train Accuracy:  1.0000
Run: [4]	 Epoch: [22]	 Loss:  0.022153 	 Train Accuracy:  1.0000
Run: [4]	 Epoch: [23]	 Loss:  0.022263 	 Train Accuracy:  1.0000
Run: [4]	 Epoch: [24]	 Loss:  0.017448 	 Train Accuracy:  1.0000
Run: [4]	 Epoch: [25]	 Loss:  0.015771 	 Train Accuracy:  1.0000
Run: [4]	 Epoch: [26]	 Loss:  0.016271 	 Train Accuracy:  1.0000
Run: [4]	 Epoch: [27]	 Loss:  0.017242 	 Train Accuracy:  1.0000
Run: [4]	 Epoch: [28]	 Loss:  0.018861 	 Train Accuracy:  1.0000
Run: [4]	 Epoch: [29]	 Loss:  0.014624 	 Train Accuracy:  1.0000
Run: [4]	 Epoch: [30]	 Loss:  0.015480 	 Train Accuracy:  1.0000
Run: [4]	 Epoch: [31]	 Loss:  0.016152 	 Train Accuracy:  1.0000
Run: [4]	 Epoch: [32]	 Loss:  0.010776 	 Train Accuracy:  1.0000
Run: [4]	 Epoch: [33]	 Loss:  0.014341 	 Train Accuracy:  1.0000
Run: [4]	 Epoch: [34]	 Loss:  0.011546 	 Train Accuracy:  1.0000
Run: [4]	 Epoch: [35]	 Loss:  0.009237 	 Train Accuracy:  1.0000
Run: [4]	 Epoch: [36]	 Loss:  0.012100 	 Train Accuracy:  1.0000
Run: [4]	 Epoch: [37]	 Loss:  0.012285 	 Train Accuracy:  1.0000
Run: [4]	 Epoch: [38]	 Loss:  0.009679 	 Train Accuracy:  1.0000
Run: [4]	 Epoch: [39]	 Loss:  0.012304 	 Train Accuracy:  1.0000
Run: [4]	 Epoch: [40]	 Loss:  0.012070 	 Train Accuracy:  1.0000
Run: [4]	 Epoch: [41]	 Loss:  0.008012 	 Train Accuracy:  1.0000
Run: [4]	 Epoch: [42]	 Loss:  0.006849 	 Train Accuracy:  1.0000
Run: [4]	 Epoch: [43]	 Loss:  0.009431 	 Train Accuracy:  1.0000
Run: [4]	 Epoch: [44]	 Loss:  0.009641 	 Train Accuracy:  1.0000
Run: [4]	 Epoch: [45]	 Loss:  0.008101 	 Train Accuracy:  1.0000
Run: [4]	 Epoch: [46]	 Loss:  0.011428 	 Train Accuracy:  1.0000
Run: [4]	 Epoch: [47]	 Loss:  0.007715 	 Train Accuracy:  1.0000
Run: [4]	 Epoch: [48]	 Loss:  0.009993 	 Train Accuracy:  1.0000
Run: [4]	 Epoch: [49]	 Loss:  0.008340 	 Train Accuracy:  1.0000
Run: [4]	 Epoch: [50]	 Loss:  0.007569 	 Train Accuracy:  1.0000
Test Accuracy in run 4 is: 0.7352941036224365
Total Train Accuracy after run 4 is: 1.0000
Total Test Accuracy after run 4 is: 0.7279
Best Test Accuracy in 4 runs is: 0.7794
Run: [5]	 Epoch: [1]	 Loss:  1.329338 	 Train Accuracy:  0.6103
Run: [5]	 Epoch: [2]	 Loss:  0.930948 	 Train Accuracy:  0.3971
Run: [5]	 Epoch: [3]	 Loss:  0.837603 	 Train Accuracy:  0.6765
Run: [5]	 Epoch: [4]	 Loss:  0.620355 	 Train Accuracy:  0.6103
Run: [5]	 Epoch: [5]	 Loss:  0.622512 	 Train Accuracy:  0.6103
Run: [5]	 Epoch: [6]	 Loss:  0.586368 	 Train Accuracy:  0.6985
Run: [5]	 Epoch: [7]	 Loss:  0.508348 	 Train Accuracy:  0.9265
Run: [5]	 Epoch: [8]	 Loss:  0.465444 	 Train Accuracy:  0.9485
Run: [5]	 Epoch: [9]	 Loss:  0.441406 	 Train Accuracy:  0.9596
Run: [5]	 Epoch: [10]	 Loss:  0.352340 	 Train Accuracy:  0.9816
Run: [5]	 Epoch: [11]	 Loss:  0.241845 	 Train Accuracy:  0.9853
Run: [5]	 Epoch: [12]	 Loss:  0.158652 	 Train Accuracy:  1.0000
Run: [5]	 Epoch: [13]	 Loss:  0.096634 	 Train Accuracy:  1.0000
Run: [5]	 Epoch: [14]	 Loss:  0.072287 	 Train Accuracy:  1.0000
Run: [5]	 Epoch: [15]	 Loss:  0.057974 	 Train Accuracy:  1.0000
Run: [5]	 Epoch: [16]	 Loss:  0.047189 	 Train Accuracy:  1.0000
Run: [5]	 Epoch: [17]	 Loss:  0.045271 	 Train Accuracy:  1.0000
Run: [5]	 Epoch: [18]	 Loss:  0.041285 	 Train Accuracy:  1.0000
Run: [5]	 Epoch: [19]	 Loss:  0.040925 	 Train Accuracy:  1.0000
Run: [5]	 Epoch: [20]	 Loss:  0.036834 	 Train Accuracy:  1.0000
Run: [5]	 Epoch: [21]	 Loss:  0.031710 	 Train Accuracy:  1.0000
Run: [5]	 Epoch: [22]	 Loss:  0.029110 	 Train Accuracy:  1.0000
Run: [5]	 Epoch: [23]	 Loss:  0.029313 	 Train Accuracy:  1.0000
Run: [5]	 Epoch: [24]	 Loss:  0.028781 	 Train Accuracy:  1.0000
Run: [5]	 Epoch: [25]	 Loss:  0.025356 	 Train Accuracy:  1.0000
Run: [5]	 Epoch: [26]	 Loss:  0.028170 	 Train Accuracy:  1.0000
Run: [5]	 Epoch: [27]	 Loss:  0.024480 	 Train Accuracy:  1.0000
Run: [5]	 Epoch: [28]	 Loss:  0.022116 	 Train Accuracy:  1.0000
Run: [5]	 Epoch: [29]	 Loss:  0.022522 	 Train Accuracy:  1.0000
Run: [5]	 Epoch: [30]	 Loss:  0.021011 	 Train Accuracy:  1.0000
Run: [5]	 Epoch: [31]	 Loss:  0.019040 	 Train Accuracy:  1.0000
Run: [5]	 Epoch: [32]	 Loss:  0.017282 	 Train Accuracy:  1.0000
Run: [5]	 Epoch: [33]	 Loss:  0.018386 	 Train Accuracy:  1.0000
Run: [5]	 Epoch: [34]	 Loss:  0.016343 	 Train Accuracy:  1.0000
Run: [5]	 Epoch: [35]	 Loss:  0.012863 	 Train Accuracy:  1.0000
Run: [5]	 Epoch: [36]	 Loss:  0.011813 	 Train Accuracy:  1.0000
Run: [5]	 Epoch: [37]	 Loss:  0.019358 	 Train Accuracy:  1.0000
Run: [5]	 Epoch: [38]	 Loss:  0.012750 	 Train Accuracy:  1.0000
Run: [5]	 Epoch: [39]	 Loss:  0.011609 	 Train Accuracy:  1.0000
Run: [5]	 Epoch: [40]	 Loss:  0.011489 	 Train Accuracy:  1.0000
Run: [5]	 Epoch: [41]	 Loss:  0.012266 	 Train Accuracy:  1.0000
Run: [5]	 Epoch: [42]	 Loss:  0.012899 	 Train Accuracy:  1.0000
Run: [5]	 Epoch: [43]	 Loss:  0.011248 	 Train Accuracy:  1.0000
Run: [5]	 Epoch: [44]	 Loss:  0.013750 	 Train Accuracy:  1.0000
Run: [5]	 Epoch: [45]	 Loss:  0.011239 	 Train Accuracy:  1.0000
Run: [5]	 Epoch: [46]	 Loss:  0.009531 	 Train Accuracy:  1.0000
Run: [5]	 Epoch: [47]	 Loss:  0.007334 	 Train Accuracy:  1.0000
Run: [5]	 Epoch: [48]	 Loss:  0.007910 	 Train Accuracy:  1.0000
Run: [5]	 Epoch: [49]	 Loss:  0.010718 	 Train Accuracy:  1.0000
Run: [5]	 Epoch: [50]	 Loss:  0.010319 	 Train Accuracy:  1.0000
Test Accuracy in run 5 is: 0.7058823704719543
Total Train Accuracy after run 5 is: 1.0000
Total Test Accuracy after run 5 is: 0.7235
Best Test Accuracy in 5 runs is: 0.7794
Run: [6]	 Epoch: [1]	 Loss:  1.016082 	 Train Accuracy:  0.6103
Run: [6]	 Epoch: [2]	 Loss:  0.890529 	 Train Accuracy:  0.6618
Run: [6]	 Epoch: [3]	 Loss:  0.644169 	 Train Accuracy:  0.7022
Run: [6]	 Epoch: [4]	 Loss:  0.588898 	 Train Accuracy:  0.6360
Run: [6]	 Epoch: [5]	 Loss:  0.558719 	 Train Accuracy:  0.6985
Run: [6]	 Epoch: [6]	 Loss:  0.524697 	 Train Accuracy:  0.8860
Run: [6]	 Epoch: [7]	 Loss:  0.471129 	 Train Accuracy:  0.9632
Run: [6]	 Epoch: [8]	 Loss:  0.385944 	 Train Accuracy:  0.9926
Run: [6]	 Epoch: [9]	 Loss:  0.301096 	 Train Accuracy:  1.0000
Run: [6]	 Epoch: [10]	 Loss:  0.171841 	 Train Accuracy:  1.0000
Run: [6]	 Epoch: [11]	 Loss:  0.119501 	 Train Accuracy:  1.0000
Run: [6]	 Epoch: [12]	 Loss:  0.097448 	 Train Accuracy:  1.0000
Run: [6]	 Epoch: [13]	 Loss:  0.087562 	 Train Accuracy:  1.0000
Run: [6]	 Epoch: [14]	 Loss:  0.071492 	 Train Accuracy:  1.0000
Run: [6]	 Epoch: [15]	 Loss:  0.070648 	 Train Accuracy:  1.0000
Run: [6]	 Epoch: [16]	 Loss:  0.056462 	 Train Accuracy:  1.0000
Run: [6]	 Epoch: [17]	 Loss:  0.052456 	 Train Accuracy:  1.0000
Run: [6]	 Epoch: [18]	 Loss:  0.042403 	 Train Accuracy:  1.0000
Run: [6]	 Epoch: [19]	 Loss:  0.040531 	 Train Accuracy:  1.0000
Run: [6]	 Epoch: [20]	 Loss:  0.031491 	 Train Accuracy:  1.0000
Run: [6]	 Epoch: [21]	 Loss:  0.034084 	 Train Accuracy:  1.0000
Run: [6]	 Epoch: [22]	 Loss:  0.030148 	 Train Accuracy:  1.0000
Run: [6]	 Epoch: [23]	 Loss:  0.028060 	 Train Accuracy:  1.0000
Run: [6]	 Epoch: [24]	 Loss:  0.030925 	 Train Accuracy:  1.0000
Run: [6]	 Epoch: [25]	 Loss:  0.023674 	 Train Accuracy:  1.0000
Run: [6]	 Epoch: [26]	 Loss:  0.030251 	 Train Accuracy:  1.0000
Run: [6]	 Epoch: [27]	 Loss:  0.020310 	 Train Accuracy:  1.0000
Run: [6]	 Epoch: [28]	 Loss:  0.021631 	 Train Accuracy:  1.0000
Run: [6]	 Epoch: [29]	 Loss:  0.023344 	 Train Accuracy:  1.0000
Run: [6]	 Epoch: [30]	 Loss:  0.016406 	 Train Accuracy:  1.0000
Run: [6]	 Epoch: [31]	 Loss:  0.016539 	 Train Accuracy:  1.0000
Run: [6]	 Epoch: [32]	 Loss:  0.013626 	 Train Accuracy:  1.0000
Run: [6]	 Epoch: [33]	 Loss:  0.013589 	 Train Accuracy:  1.0000
Run: [6]	 Epoch: [34]	 Loss:  0.012463 	 Train Accuracy:  1.0000
Run: [6]	 Epoch: [35]	 Loss:  0.013634 	 Train Accuracy:  1.0000
Run: [6]	 Epoch: [36]	 Loss:  0.018240 	 Train Accuracy:  1.0000
Run: [6]	 Epoch: [37]	 Loss:  0.013505 	 Train Accuracy:  1.0000
Run: [6]	 Epoch: [38]	 Loss:  0.011910 	 Train Accuracy:  1.0000
Run: [6]	 Epoch: [39]	 Loss:  0.013634 	 Train Accuracy:  1.0000
Run: [6]	 Epoch: [40]	 Loss:  0.011970 	 Train Accuracy:  1.0000
Run: [6]	 Epoch: [41]	 Loss:  0.010803 	 Train Accuracy:  1.0000
Run: [6]	 Epoch: [42]	 Loss:  0.006597 	 Train Accuracy:  1.0000
Run: [6]	 Epoch: [43]	 Loss:  0.009413 	 Train Accuracy:  1.0000
Run: [6]	 Epoch: [44]	 Loss:  0.009953 	 Train Accuracy:  1.0000
Run: [6]	 Epoch: [45]	 Loss:  0.008094 	 Train Accuracy:  1.0000
Run: [6]	 Epoch: [46]	 Loss:  0.008071 	 Train Accuracy:  1.0000
Run: [6]	 Epoch: [47]	 Loss:  0.009354 	 Train Accuracy:  1.0000
Run: [6]	 Epoch: [48]	 Loss:  0.008607 	 Train Accuracy:  1.0000
Run: [6]	 Epoch: [49]	 Loss:  0.011029 	 Train Accuracy:  1.0000
Run: [6]	 Epoch: [50]	 Loss:  0.005781 	 Train Accuracy:  1.0000
Test Accuracy in run 6 is: 0.75
Total Train Accuracy after run 6 is: 1.0000
Total Test Accuracy after run 6 is: 0.7279
Best Test Accuracy in 6 runs is: 0.7794
Run: [7]	 Epoch: [1]	 Loss:  0.937218 	 Train Accuracy:  0.3897
Run: [7]	 Epoch: [2]	 Loss:  1.315146 	 Train Accuracy:  0.6287
Run: [7]	 Epoch: [3]	 Loss:  0.616388 	 Train Accuracy:  0.6103
Run: [7]	 Epoch: [4]	 Loss:  0.601821 	 Train Accuracy:  0.6140
Run: [7]	 Epoch: [5]	 Loss:  0.536073 	 Train Accuracy:  0.7978
Run: [7]	 Epoch: [6]	 Loss:  0.479401 	 Train Accuracy:  0.8750
Run: [7]	 Epoch: [7]	 Loss:  0.395047 	 Train Accuracy:  0.9926
Run: [7]	 Epoch: [8]	 Loss:  0.274406 	 Train Accuracy:  0.9816
Run: [7]	 Epoch: [9]	 Loss:  0.188235 	 Train Accuracy:  1.0000
Run: [7]	 Epoch: [10]	 Loss:  0.129442 	 Train Accuracy:  1.0000
Run: [7]	 Epoch: [11]	 Loss:  0.105071 	 Train Accuracy:  1.0000
Run: [7]	 Epoch: [12]	 Loss:  0.089292 	 Train Accuracy:  1.0000
Run: [7]	 Epoch: [13]	 Loss:  0.071450 	 Train Accuracy:  1.0000
Run: [7]	 Epoch: [14]	 Loss:  0.062942 	 Train Accuracy:  1.0000
Run: [7]	 Epoch: [15]	 Loss:  0.061819 	 Train Accuracy:  1.0000
Run: [7]	 Epoch: [16]	 Loss:  0.064624 	 Train Accuracy:  1.0000
Run: [7]	 Epoch: [17]	 Loss:  0.053279 	 Train Accuracy:  1.0000
Run: [7]	 Epoch: [18]	 Loss:  0.050351 	 Train Accuracy:  1.0000
Run: [7]	 Epoch: [19]	 Loss:  0.051634 	 Train Accuracy:  1.0000
Run: [7]	 Epoch: [20]	 Loss:  0.042298 	 Train Accuracy:  1.0000
Run: [7]	 Epoch: [21]	 Loss:  0.035932 	 Train Accuracy:  1.0000
Run: [7]	 Epoch: [22]	 Loss:  0.032871 	 Train Accuracy:  1.0000
Run: [7]	 Epoch: [23]	 Loss:  0.033652 	 Train Accuracy:  1.0000
Run: [7]	 Epoch: [24]	 Loss:  0.030479 	 Train Accuracy:  1.0000
Run: [7]	 Epoch: [25]	 Loss:  0.024643 	 Train Accuracy:  1.0000
Run: [7]	 Epoch: [26]	 Loss:  0.024854 	 Train Accuracy:  1.0000
Run: [7]	 Epoch: [27]	 Loss:  0.023849 	 Train Accuracy:  1.0000
Run: [7]	 Epoch: [28]	 Loss:  0.024297 	 Train Accuracy:  1.0000
Run: [7]	 Epoch: [29]	 Loss:  0.022224 	 Train Accuracy:  1.0000
Run: [7]	 Epoch: [30]	 Loss:  0.022192 	 Train Accuracy:  1.0000
Run: [7]	 Epoch: [31]	 Loss:  0.019082 	 Train Accuracy:  1.0000
Run: [7]	 Epoch: [32]	 Loss:  0.012504 	 Train Accuracy:  1.0000
Run: [7]	 Epoch: [33]	 Loss:  0.015857 	 Train Accuracy:  1.0000
Run: [7]	 Epoch: [34]	 Loss:  0.012745 	 Train Accuracy:  1.0000
Run: [7]	 Epoch: [35]	 Loss:  0.014820 	 Train Accuracy:  1.0000
Run: [7]	 Epoch: [36]	 Loss:  0.013683 	 Train Accuracy:  1.0000
Run: [7]	 Epoch: [37]	 Loss:  0.011770 	 Train Accuracy:  1.0000
Run: [7]	 Epoch: [38]	 Loss:  0.012098 	 Train Accuracy:  1.0000
Run: [7]	 Epoch: [39]	 Loss:  0.009143 	 Train Accuracy:  1.0000
Run: [7]	 Epoch: [40]	 Loss:  0.012819 	 Train Accuracy:  1.0000
Run: [7]	 Epoch: [41]	 Loss:  0.010723 	 Train Accuracy:  1.0000
Run: [7]	 Epoch: [42]	 Loss:  0.010378 	 Train Accuracy:  1.0000
Run: [7]	 Epoch: [43]	 Loss:  0.008711 	 Train Accuracy:  1.0000
Run: [7]	 Epoch: [44]	 Loss:  0.011143 	 Train Accuracy:  1.0000
Run: [7]	 Epoch: [45]	 Loss:  0.009593 	 Train Accuracy:  1.0000
Run: [7]	 Epoch: [46]	 Loss:  0.007816 	 Train Accuracy:  1.0000
Run: [7]	 Epoch: [47]	 Loss:  0.006560 	 Train Accuracy:  1.0000
Run: [7]	 Epoch: [48]	 Loss:  0.008123 	 Train Accuracy:  1.0000
Run: [7]	 Epoch: [49]	 Loss:  0.006641 	 Train Accuracy:  1.0000
Run: [7]	 Epoch: [50]	 Loss:  0.008438 	 Train Accuracy:  1.0000
Test Accuracy in run 7 is: 0.7352941036224365
Total Train Accuracy after run 7 is: 1.0000
Total Test Accuracy after run 7 is: 0.7290
Best Test Accuracy in 7 runs is: 0.7794
Run: [8]	 Epoch: [1]	 Loss:  0.901222 	 Train Accuracy:  0.5919
Run: [8]	 Epoch: [2]	 Loss:  0.650909 	 Train Accuracy:  0.6103
Run: [8]	 Epoch: [3]	 Loss:  1.109162 	 Train Accuracy:  0.6103
Run: [8]	 Epoch: [4]	 Loss:  0.733229 	 Train Accuracy:  0.6103
Run: [8]	 Epoch: [5]	 Loss:  0.573145 	 Train Accuracy:  0.6103
Run: [8]	 Epoch: [6]	 Loss:  0.553209 	 Train Accuracy:  0.6838
Run: [8]	 Epoch: [7]	 Loss:  0.521596 	 Train Accuracy:  0.8529
Run: [8]	 Epoch: [8]	 Loss:  0.482264 	 Train Accuracy:  0.9522
Run: [8]	 Epoch: [9]	 Loss:  0.432304 	 Train Accuracy:  0.9779
Run: [8]	 Epoch: [10]	 Loss:  0.340978 	 Train Accuracy:  0.9890
Run: [8]	 Epoch: [11]	 Loss:  0.291444 	 Train Accuracy:  0.9890
Run: [8]	 Epoch: [12]	 Loss:  0.201896 	 Train Accuracy:  0.9963
Run: [8]	 Epoch: [13]	 Loss:  0.156660 	 Train Accuracy:  0.9963
Run: [8]	 Epoch: [14]	 Loss:  0.118852 	 Train Accuracy:  1.0000
Run: [8]	 Epoch: [15]	 Loss:  0.092602 	 Train Accuracy:  1.0000
Run: [8]	 Epoch: [16]	 Loss:  0.071579 	 Train Accuracy:  1.0000
Run: [8]	 Epoch: [17]	 Loss:  0.059749 	 Train Accuracy:  1.0000
Run: [8]	 Epoch: [18]	 Loss:  0.056226 	 Train Accuracy:  1.0000
Run: [8]	 Epoch: [19]	 Loss:  0.051654 	 Train Accuracy:  1.0000
Run: [8]	 Epoch: [20]	 Loss:  0.048213 	 Train Accuracy:  1.0000
Run: [8]	 Epoch: [21]	 Loss:  0.036901 	 Train Accuracy:  1.0000
Run: [8]	 Epoch: [22]	 Loss:  0.036860 	 Train Accuracy:  1.0000
Run: [8]	 Epoch: [23]	 Loss:  0.031016 	 Train Accuracy:  1.0000
Run: [8]	 Epoch: [24]	 Loss:  0.027148 	 Train Accuracy:  1.0000
Run: [8]	 Epoch: [25]	 Loss:  0.029708 	 Train Accuracy:  1.0000
Run: [8]	 Epoch: [26]	 Loss:  0.027124 	 Train Accuracy:  1.0000
Run: [8]	 Epoch: [27]	 Loss:  0.018904 	 Train Accuracy:  1.0000
Run: [8]	 Epoch: [28]	 Loss:  0.021321 	 Train Accuracy:  1.0000
Run: [8]	 Epoch: [29]	 Loss:  0.014183 	 Train Accuracy:  1.0000
Run: [8]	 Epoch: [30]	 Loss:  0.014159 	 Train Accuracy:  1.0000
Run: [8]	 Epoch: [31]	 Loss:  0.021773 	 Train Accuracy:  1.0000
Run: [8]	 Epoch: [32]	 Loss:  0.012746 	 Train Accuracy:  1.0000
Run: [8]	 Epoch: [33]	 Loss:  0.014054 	 Train Accuracy:  1.0000
Run: [8]	 Epoch: [34]	 Loss:  0.016505 	 Train Accuracy:  1.0000
Run: [8]	 Epoch: [35]	 Loss:  0.016758 	 Train Accuracy:  1.0000
Run: [8]	 Epoch: [36]	 Loss:  0.011504 	 Train Accuracy:  1.0000
Run: [8]	 Epoch: [37]	 Loss:  0.010439 	 Train Accuracy:  1.0000
Run: [8]	 Epoch: [38]	 Loss:  0.009262 	 Train Accuracy:  1.0000
Run: [8]	 Epoch: [39]	 Loss:  0.009148 	 Train Accuracy:  1.0000
Run: [8]	 Epoch: [40]	 Loss:  0.010516 	 Train Accuracy:  1.0000
Run: [8]	 Epoch: [41]	 Loss:  0.007499 	 Train Accuracy:  1.0000
Run: [8]	 Epoch: [42]	 Loss:  0.010344 	 Train Accuracy:  1.0000
Run: [8]	 Epoch: [43]	 Loss:  0.009108 	 Train Accuracy:  1.0000
Run: [8]	 Epoch: [44]	 Loss:  0.011454 	 Train Accuracy:  1.0000
Run: [8]	 Epoch: [45]	 Loss:  0.007140 	 Train Accuracy:  1.0000
Run: [8]	 Epoch: [46]	 Loss:  0.006810 	 Train Accuracy:  1.0000
Run: [8]	 Epoch: [47]	 Loss:  0.008070 	 Train Accuracy:  1.0000
Run: [8]	 Epoch: [48]	 Loss:  0.007873 	 Train Accuracy:  1.0000
Run: [8]	 Epoch: [49]	 Loss:  0.007847 	 Train Accuracy:  1.0000
Run: [8]	 Epoch: [50]	 Loss:  0.009585 	 Train Accuracy:  1.0000
Test Accuracy in run 8 is: 0.75
Total Train Accuracy after run 8 is: 1.0000
Total Test Accuracy after run 8 is: 0.7316
Best Test Accuracy in 8 runs is: 0.7794
Run: [9]	 Epoch: [1]	 Loss:  1.045519 	 Train Accuracy:  0.5699
Run: [9]	 Epoch: [2]	 Loss:  0.840248 	 Train Accuracy:  0.6103
Run: [9]	 Epoch: [3]	 Loss:  1.270768 	 Train Accuracy:  0.6103
Run: [9]	 Epoch: [4]	 Loss:  0.827442 	 Train Accuracy:  0.6103
Run: [9]	 Epoch: [5]	 Loss:  0.695680 	 Train Accuracy:  0.6103
Run: [9]	 Epoch: [6]	 Loss:  0.639084 	 Train Accuracy:  0.6176
Run: [9]	 Epoch: [7]	 Loss:  0.611937 	 Train Accuracy:  0.8051
Run: [9]	 Epoch: [8]	 Loss:  0.604738 	 Train Accuracy:  0.9118
Run: [9]	 Epoch: [9]	 Loss:  0.605736 	 Train Accuracy:  0.8235
Run: [9]	 Epoch: [10]	 Loss:  0.608069 	 Train Accuracy:  0.8787
Run: [9]	 Epoch: [11]	 Loss:  0.581888 	 Train Accuracy:  0.9338
Run: [9]	 Epoch: [12]	 Loss:  0.539815 	 Train Accuracy:  0.9596
Run: [9]	 Epoch: [13]	 Loss:  0.505833 	 Train Accuracy:  0.9522
Run: [9]	 Epoch: [14]	 Loss:  0.471069 	 Train Accuracy:  0.9596
Run: [9]	 Epoch: [15]	 Loss:  0.416158 	 Train Accuracy:  0.9669
Run: [9]	 Epoch: [16]	 Loss:  0.388020 	 Train Accuracy:  0.9853
Run: [9]	 Epoch: [17]	 Loss:  0.310879 	 Train Accuracy:  0.9963
Run: [9]	 Epoch: [18]	 Loss:  0.242473 	 Train Accuracy:  0.9963
Run: [9]	 Epoch: [19]	 Loss:  0.202916 	 Train Accuracy:  0.9963
Run: [9]	 Epoch: [20]	 Loss:  0.157189 	 Train Accuracy:  1.0000
Run: [9]	 Epoch: [21]	 Loss:  0.139534 	 Train Accuracy:  1.0000
Run: [9]	 Epoch: [22]	 Loss:  0.102689 	 Train Accuracy:  1.0000
Run: [9]	 Epoch: [23]	 Loss:  0.095924 	 Train Accuracy:  1.0000
Run: [9]	 Epoch: [24]	 Loss:  0.082361 	 Train Accuracy:  1.0000
Run: [9]	 Epoch: [25]	 Loss:  0.085503 	 Train Accuracy:  1.0000
Run: [9]	 Epoch: [26]	 Loss:  0.066346 	 Train Accuracy:  1.0000
Run: [9]	 Epoch: [27]	 Loss:  0.059648 	 Train Accuracy:  1.0000
Run: [9]	 Epoch: [28]	 Loss:  0.054595 	 Train Accuracy:  1.0000
Run: [9]	 Epoch: [29]	 Loss:  0.052049 	 Train Accuracy:  1.0000
Run: [9]	 Epoch: [30]	 Loss:  0.045197 	 Train Accuracy:  1.0000
Run: [9]	 Epoch: [31]	 Loss:  0.040686 	 Train Accuracy:  1.0000
Run: [9]	 Epoch: [32]	 Loss:  0.037434 	 Train Accuracy:  1.0000
Run: [9]	 Epoch: [33]	 Loss:  0.044389 	 Train Accuracy:  1.0000
Run: [9]	 Epoch: [34]	 Loss:  0.026585 	 Train Accuracy:  1.0000
Run: [9]	 Epoch: [35]	 Loss:  0.027706 	 Train Accuracy:  1.0000
Run: [9]	 Epoch: [36]	 Loss:  0.023704 	 Train Accuracy:  1.0000
Run: [9]	 Epoch: [37]	 Loss:  0.021136 	 Train Accuracy:  1.0000
Run: [9]	 Epoch: [38]	 Loss:  0.022272 	 Train Accuracy:  1.0000
Run: [9]	 Epoch: [39]	 Loss:  0.021583 	 Train Accuracy:  1.0000
Run: [9]	 Epoch: [40]	 Loss:  0.024104 	 Train Accuracy:  1.0000
Run: [9]	 Epoch: [41]	 Loss:  0.017890 	 Train Accuracy:  1.0000
Run: [9]	 Epoch: [42]	 Loss:  0.017427 	 Train Accuracy:  1.0000
Run: [9]	 Epoch: [43]	 Loss:  0.014672 	 Train Accuracy:  1.0000
Run: [9]	 Epoch: [44]	 Loss:  0.014939 	 Train Accuracy:  1.0000
Run: [9]	 Epoch: [45]	 Loss:  0.016090 	 Train Accuracy:  1.0000
Run: [9]	 Epoch: [46]	 Loss:  0.013941 	 Train Accuracy:  1.0000
Run: [9]	 Epoch: [47]	 Loss:  0.010950 	 Train Accuracy:  1.0000
Run: [9]	 Epoch: [48]	 Loss:  0.012970 	 Train Accuracy:  1.0000
Run: [9]	 Epoch: [49]	 Loss:  0.013361 	 Train Accuracy:  1.0000
Run: [9]	 Epoch: [50]	 Loss:  0.012070 	 Train Accuracy:  1.0000
Test Accuracy in run 9 is: 0.7058823704719543
Total Train Accuracy after run 9 is: 1.0000
Total Test Accuracy after run 9 is: 0.7288
Best Test Accuracy in 9 runs is: 0.7794
Run: [10]	 Epoch: [1]	 Loss:  0.815333 	 Train Accuracy:  0.6103
Run: [10]	 Epoch: [2]	 Loss:  1.273462 	 Train Accuracy:  0.3897
Run: [10]	 Epoch: [3]	 Loss:  1.022447 	 Train Accuracy:  0.6103
Run: [10]	 Epoch: [4]	 Loss:  0.633926 	 Train Accuracy:  0.6103
Run: [10]	 Epoch: [5]	 Loss:  0.657919 	 Train Accuracy:  0.6250
Run: [10]	 Epoch: [6]	 Loss:  0.571693 	 Train Accuracy:  0.8015
Run: [10]	 Epoch: [7]	 Loss:  0.503324 	 Train Accuracy:  0.9375
Run: [10]	 Epoch: [8]	 Loss:  0.473506 	 Train Accuracy:  0.9706
Run: [10]	 Epoch: [9]	 Loss:  0.441322 	 Train Accuracy:  0.9779
Run: [10]	 Epoch: [10]	 Loss:  0.383714 	 Train Accuracy:  0.9890
Run: [10]	 Epoch: [11]	 Loss:  0.315093 	 Train Accuracy:  0.9890
Run: [10]	 Epoch: [12]	 Loss:  0.207828 	 Train Accuracy:  0.9926
Run: [10]	 Epoch: [13]	 Loss:  0.161217 	 Train Accuracy:  0.9926
Run: [10]	 Epoch: [14]	 Loss:  0.125314 	 Train Accuracy:  1.0000
Run: [10]	 Epoch: [15]	 Loss:  0.089452 	 Train Accuracy:  1.0000
Run: [10]	 Epoch: [16]	 Loss:  0.074255 	 Train Accuracy:  1.0000
Run: [10]	 Epoch: [17]	 Loss:  0.067249 	 Train Accuracy:  1.0000
Run: [10]	 Epoch: [18]	 Loss:  0.053699 	 Train Accuracy:  1.0000
Run: [10]	 Epoch: [19]	 Loss:  0.060303 	 Train Accuracy:  1.0000
Run: [10]	 Epoch: [20]	 Loss:  0.048927 	 Train Accuracy:  1.0000
Run: [10]	 Epoch: [21]	 Loss:  0.041130 	 Train Accuracy:  1.0000
Run: [10]	 Epoch: [22]	 Loss:  0.035338 	 Train Accuracy:  1.0000
Run: [10]	 Epoch: [23]	 Loss:  0.041025 	 Train Accuracy:  1.0000
Run: [10]	 Epoch: [24]	 Loss:  0.033444 	 Train Accuracy:  1.0000
Run: [10]	 Epoch: [25]	 Loss:  0.032067 	 Train Accuracy:  1.0000
Run: [10]	 Epoch: [26]	 Loss:  0.031278 	 Train Accuracy:  1.0000
Run: [10]	 Epoch: [27]	 Loss:  0.024020 	 Train Accuracy:  1.0000
Run: [10]	 Epoch: [28]	 Loss:  0.031385 	 Train Accuracy:  1.0000
Run: [10]	 Epoch: [29]	 Loss:  0.031596 	 Train Accuracy:  1.0000
Run: [10]	 Epoch: [30]	 Loss:  0.028962 	 Train Accuracy:  1.0000
Run: [10]	 Epoch: [31]	 Loss:  0.023553 	 Train Accuracy:  1.0000
Run: [10]	 Epoch: [32]	 Loss:  0.022018 	 Train Accuracy:  1.0000
Run: [10]	 Epoch: [33]	 Loss:  0.023747 	 Train Accuracy:  1.0000
Run: [10]	 Epoch: [34]	 Loss:  0.023707 	 Train Accuracy:  1.0000
Run: [10]	 Epoch: [35]	 Loss:  0.017816 	 Train Accuracy:  1.0000
Run: [10]	 Epoch: [36]	 Loss:  0.021382 	 Train Accuracy:  1.0000
Run: [10]	 Epoch: [37]	 Loss:  0.015400 	 Train Accuracy:  1.0000
Run: [10]	 Epoch: [38]	 Loss:  0.016857 	 Train Accuracy:  1.0000
Run: [10]	 Epoch: [39]	 Loss:  0.014568 	 Train Accuracy:  1.0000
Run: [10]	 Epoch: [40]	 Loss:  0.012829 	 Train Accuracy:  1.0000
Run: [10]	 Epoch: [41]	 Loss:  0.015717 	 Train Accuracy:  1.0000
Run: [10]	 Epoch: [42]	 Loss:  0.013858 	 Train Accuracy:  1.0000
Run: [10]	 Epoch: [43]	 Loss:  0.014173 	 Train Accuracy:  1.0000
Run: [10]	 Epoch: [44]	 Loss:  0.014187 	 Train Accuracy:  1.0000
Run: [10]	 Epoch: [45]	 Loss:  0.013961 	 Train Accuracy:  1.0000
Run: [10]	 Epoch: [46]	 Loss:  0.011743 	 Train Accuracy:  1.0000
Run: [10]	 Epoch: [47]	 Loss:  0.010926 	 Train Accuracy:  1.0000
Run: [10]	 Epoch: [48]	 Loss:  0.008905 	 Train Accuracy:  1.0000
Run: [10]	 Epoch: [49]	 Loss:  0.007670 	 Train Accuracy:  1.0000
Run: [10]	 Epoch: [50]	 Loss:  0.010262 	 Train Accuracy:  1.0000
Test Accuracy in run 10 is: 0.779411792755127
Total Train Accuracy after run 10 is: 1.0000
Total Test Accuracy after run 10 is: 0.7338
Best Test Accuracy in 10 runs is: 0.7794
