==========       System Configuration      =============
phase:train
use_cpu:False
runs:10
validation:0.0
data_dir:/data/entity
batch_size:1
dataset:BGS
total_epochs:50
save_freq:5
lr:0.01
multi_gpus:False
postname:
l2norm:0.0005
kernel_size:20
block_type:dense
n_layers:3
act:relu
norm:layer
bias:True
dropout:0.2
channels:4
dec:basis
bases:20
aggr:mean
ckpt_path:
save_best_only:True
task:denseR
post:denseR-BGS-dense-3-4
time:210214-23-34-56
save_path:/content/drive/My Drive/denseR/checkpoints/ckpts-denseR-BGS-dense-3-4-210214-23-34-56
logdir:/content/drive/My Drive/denseR/logs/denseR-BGS-dense-3-4-210214-23-34-56
device:cuda
epoch:-1
printer:<Logger args (DEBUG)>
==========     CONFIG END    =============


===> Phase is train.
 === Downloading Dataset and Creating graphs ===
=== Dataset info ===
Number of training nodes: 117 	 Number of testing nodes: 29	 Total Number of labelled nodes: 146
Number of classes in this graph: 2 	 Number of nodes: 333845 	 Number of relation types: 206
==== Initializing the Optimizer ====
Run: [1]	 Epoch: [1]	 Loss:  1.278978 	 Train Accuracy:  0.3846
Run: [1]	 Epoch: [2]	 Loss:  0.837300 	 Train Accuracy:  0.6239
Run: [1]	 Epoch: [3]	 Loss:  0.667488 	 Train Accuracy:  0.6752
Run: [1]	 Epoch: [4]	 Loss:  0.595341 	 Train Accuracy:  0.7009
Run: [1]	 Epoch: [5]	 Loss:  0.530793 	 Train Accuracy:  0.7094
Run: [1]	 Epoch: [6]	 Loss:  0.524226 	 Train Accuracy:  0.7094
Run: [1]	 Epoch: [7]	 Loss:  0.531866 	 Train Accuracy:  0.7179
Run: [1]	 Epoch: [8]	 Loss:  0.495149 	 Train Accuracy:  0.7094
Run: [1]	 Epoch: [9]	 Loss:  0.480668 	 Train Accuracy:  0.7265
Run: [1]	 Epoch: [10]	 Loss:  0.447558 	 Train Accuracy:  0.7778
Run: [1]	 Epoch: [11]	 Loss:  0.419335 	 Train Accuracy:  0.8205
Run: [1]	 Epoch: [12]	 Loss:  0.397266 	 Train Accuracy:  0.8632
Run: [1]	 Epoch: [13]	 Loss:  0.369086 	 Train Accuracy:  0.9231
Run: [1]	 Epoch: [14]	 Loss:  0.327452 	 Train Accuracy:  0.9231
Run: [1]	 Epoch: [15]	 Loss:  0.336136 	 Train Accuracy:  0.9231
Run: [1]	 Epoch: [16]	 Loss:  0.299059 	 Train Accuracy:  0.9316
Run: [1]	 Epoch: [17]	 Loss:  0.293963 	 Train Accuracy:  0.9402
Run: [1]	 Epoch: [18]	 Loss:  0.265477 	 Train Accuracy:  0.9487
Run: [1]	 Epoch: [19]	 Loss:  0.303122 	 Train Accuracy:  0.9487
Run: [1]	 Epoch: [20]	 Loss:  0.263429 	 Train Accuracy:  0.9316
Run: [1]	 Epoch: [21]	 Loss:  0.284299 	 Train Accuracy:  0.9402
Run: [1]	 Epoch: [22]	 Loss:  0.230364 	 Train Accuracy:  0.9402
Run: [1]	 Epoch: [23]	 Loss:  0.211601 	 Train Accuracy:  0.9402
Run: [1]	 Epoch: [24]	 Loss:  0.195424 	 Train Accuracy:  0.9316
Run: [1]	 Epoch: [25]	 Loss:  0.156846 	 Train Accuracy:  0.9231
Run: [1]	 Epoch: [26]	 Loss:  0.186142 	 Train Accuracy:  0.9316
Run: [1]	 Epoch: [27]	 Loss:  0.169167 	 Train Accuracy:  0.9402
Run: [1]	 Epoch: [28]	 Loss:  0.168397 	 Train Accuracy:  0.9402
Run: [1]	 Epoch: [29]	 Loss:  0.168374 	 Train Accuracy:  0.9573
Run: [1]	 Epoch: [30]	 Loss:  0.121779 	 Train Accuracy:  0.9658
Run: [1]	 Epoch: [31]	 Loss:  0.112534 	 Train Accuracy:  0.9658
Run: [1]	 Epoch: [32]	 Loss:  0.095342 	 Train Accuracy:  0.9573
Run: [1]	 Epoch: [33]	 Loss:  0.070047 	 Train Accuracy:  0.9573
Run: [1]	 Epoch: [34]	 Loss:  0.069700 	 Train Accuracy:  0.9658
Run: [1]	 Epoch: [35]	 Loss:  0.080403 	 Train Accuracy:  0.9658
Run: [1]	 Epoch: [36]	 Loss:  0.072005 	 Train Accuracy:  0.9744
Run: [1]	 Epoch: [37]	 Loss:  0.078880 	 Train Accuracy:  0.9744
Run: [1]	 Epoch: [38]	 Loss:  0.065744 	 Train Accuracy:  0.9744
Run: [1]	 Epoch: [39]	 Loss:  0.075846 	 Train Accuracy:  0.9744
Run: [1]	 Epoch: [40]	 Loss:  0.066237 	 Train Accuracy:  0.9829
Run: [1]	 Epoch: [41]	 Loss:  0.053444 	 Train Accuracy:  0.9829
Run: [1]	 Epoch: [42]	 Loss:  0.123134 	 Train Accuracy:  0.9658
Run: [1]	 Epoch: [43]	 Loss:  0.152712 	 Train Accuracy:  0.9915
Run: [1]	 Epoch: [44]	 Loss:  0.065632 	 Train Accuracy:  0.9829
Run: [1]	 Epoch: [45]	 Loss:  0.057574 	 Train Accuracy:  0.9829
Run: [1]	 Epoch: [46]	 Loss:  0.090202 	 Train Accuracy:  0.9658
Run: [1]	 Epoch: [47]	 Loss:  0.177507 	 Train Accuracy:  0.9915
Run: [1]	 Epoch: [48]	 Loss:  0.040027 	 Train Accuracy:  0.9915
Run: [1]	 Epoch: [49]	 Loss:  0.038122 	 Train Accuracy:  0.9744
Run: [1]	 Epoch: [50]	 Loss:  0.044210 	 Train Accuracy:  0.9744
Test Accuracy in run 1 is: 0.6896551847457886
Total Train Accuracy after run 1 is: 0.9744
Total Test Accuracy after run 1 is: 0.6897
Best Test Accuracy in 1 runs is: 0.6897
Run: [2]	 Epoch: [1]	 Loss:  0.921262 	 Train Accuracy:  0.6410
Run: [2]	 Epoch: [2]	 Loss:  0.714098 	 Train Accuracy:  0.6410
Run: [2]	 Epoch: [3]	 Loss:  0.634602 	 Train Accuracy:  0.7094
Run: [2]	 Epoch: [4]	 Loss:  0.590414 	 Train Accuracy:  0.7521
Run: [2]	 Epoch: [5]	 Loss:  0.551463 	 Train Accuracy:  0.7436
Run: [2]	 Epoch: [6]	 Loss:  0.512091 	 Train Accuracy:  0.7949
Run: [2]	 Epoch: [7]	 Loss:  0.444475 	 Train Accuracy:  0.8291
Run: [2]	 Epoch: [8]	 Loss:  0.432775 	 Train Accuracy:  0.8547
Run: [2]	 Epoch: [9]	 Loss:  0.433000 	 Train Accuracy:  0.8718
Run: [2]	 Epoch: [10]	 Loss:  0.368361 	 Train Accuracy:  0.8718
Run: [2]	 Epoch: [11]	 Loss:  0.375078 	 Train Accuracy:  0.9060
Run: [2]	 Epoch: [12]	 Loss:  0.320676 	 Train Accuracy:  0.9231
Run: [2]	 Epoch: [13]	 Loss:  0.299955 	 Train Accuracy:  0.9316
Run: [2]	 Epoch: [14]	 Loss:  0.256403 	 Train Accuracy:  0.9402
Run: [2]	 Epoch: [15]	 Loss:  0.229620 	 Train Accuracy:  0.9402
Run: [2]	 Epoch: [16]	 Loss:  0.208543 	 Train Accuracy:  0.9402
Run: [2]	 Epoch: [17]	 Loss:  0.196018 	 Train Accuracy:  0.9402
Run: [2]	 Epoch: [18]	 Loss:  0.176827 	 Train Accuracy:  0.9573
Run: [2]	 Epoch: [19]	 Loss:  0.142206 	 Train Accuracy:  0.9573
Run: [2]	 Epoch: [20]	 Loss:  0.142598 	 Train Accuracy:  0.9573
Run: [2]	 Epoch: [21]	 Loss:  0.118118 	 Train Accuracy:  0.9573
Run: [2]	 Epoch: [22]	 Loss:  0.101272 	 Train Accuracy:  0.9744
Run: [2]	 Epoch: [23]	 Loss:  0.113764 	 Train Accuracy:  0.9829
Run: [2]	 Epoch: [24]	 Loss:  0.108166 	 Train Accuracy:  0.9829
Run: [2]	 Epoch: [25]	 Loss:  0.107736 	 Train Accuracy:  0.9744
Run: [2]	 Epoch: [26]	 Loss:  0.092632 	 Train Accuracy:  0.9829
Run: [2]	 Epoch: [27]	 Loss:  0.096689 	 Train Accuracy:  0.9829
Run: [2]	 Epoch: [28]	 Loss:  0.110275 	 Train Accuracy:  0.9829
Run: [2]	 Epoch: [29]	 Loss:  0.093670 	 Train Accuracy:  0.9829
Run: [2]	 Epoch: [30]	 Loss:  0.082814 	 Train Accuracy:  0.9829
Run: [2]	 Epoch: [31]	 Loss:  0.080601 	 Train Accuracy:  0.9829
Run: [2]	 Epoch: [32]	 Loss:  0.052657 	 Train Accuracy:  0.9658
Run: [2]	 Epoch: [33]	 Loss:  0.099531 	 Train Accuracy:  0.9658
Run: [2]	 Epoch: [34]	 Loss:  0.109397 	 Train Accuracy:  0.9658
Run: [2]	 Epoch: [35]	 Loss:  0.107570 	 Train Accuracy:  0.9658
Run: [2]	 Epoch: [36]	 Loss:  0.109339 	 Train Accuracy:  0.9658
Run: [2]	 Epoch: [37]	 Loss:  0.121335 	 Train Accuracy:  0.9829
Run: [2]	 Epoch: [38]	 Loss:  0.079133 	 Train Accuracy:  0.9829
Run: [2]	 Epoch: [39]	 Loss:  0.088740 	 Train Accuracy:  0.9744
Run: [2]	 Epoch: [40]	 Loss:  0.128011 	 Train Accuracy:  0.9744
Run: [2]	 Epoch: [41]	 Loss:  0.111516 	 Train Accuracy:  0.9829
Run: [2]	 Epoch: [42]	 Loss:  0.062602 	 Train Accuracy:  0.9829
Run: [2]	 Epoch: [43]	 Loss:  0.049984 	 Train Accuracy:  0.9829
Run: [2]	 Epoch: [44]	 Loss:  0.072905 	 Train Accuracy:  0.9829
Run: [2]	 Epoch: [45]	 Loss:  0.056125 	 Train Accuracy:  0.9829
Run: [2]	 Epoch: [46]	 Loss:  0.052048 	 Train Accuracy:  0.9829
Run: [2]	 Epoch: [47]	 Loss:  0.053080 	 Train Accuracy:  0.9915
Run: [2]	 Epoch: [48]	 Loss:  0.039415 	 Train Accuracy:  0.9915
Run: [2]	 Epoch: [49]	 Loss:  0.045747 	 Train Accuracy:  0.9915
Run: [2]	 Epoch: [50]	 Loss:  0.034337 	 Train Accuracy:  0.9744
Test Accuracy in run 2 is: 0.6551724076271057
Total Train Accuracy after run 2 is: 0.9744
Total Test Accuracy after run 2 is: 0.6724
Best Test Accuracy in 2 runs is: 0.6897
Run: [3]	 Epoch: [1]	 Loss:  0.866519 	 Train Accuracy:  0.6410
Run: [3]	 Epoch: [2]	 Loss:  0.765761 	 Train Accuracy:  0.7350
Run: [3]	 Epoch: [3]	 Loss:  0.622237 	 Train Accuracy:  0.6752
Run: [3]	 Epoch: [4]	 Loss:  0.639318 	 Train Accuracy:  0.7607
Run: [3]	 Epoch: [5]	 Loss:  0.583137 	 Train Accuracy:  0.7863
Run: [3]	 Epoch: [6]	 Loss:  0.569188 	 Train Accuracy:  0.8291
Run: [3]	 Epoch: [7]	 Loss:  0.515231 	 Train Accuracy:  0.8547
Run: [3]	 Epoch: [8]	 Loss:  0.460134 	 Train Accuracy:  0.8376
Run: [3]	 Epoch: [9]	 Loss:  0.490225 	 Train Accuracy:  0.8462
Run: [3]	 Epoch: [10]	 Loss:  0.451516 	 Train Accuracy:  0.8462
Run: [3]	 Epoch: [11]	 Loss:  0.426410 	 Train Accuracy:  0.8547
Run: [3]	 Epoch: [12]	 Loss:  0.429793 	 Train Accuracy:  0.8889
Run: [3]	 Epoch: [13]	 Loss:  0.386238 	 Train Accuracy:  0.8974
Run: [3]	 Epoch: [14]	 Loss:  0.353294 	 Train Accuracy:  0.8889
Run: [3]	 Epoch: [15]	 Loss:  0.310838 	 Train Accuracy:  0.8974
Run: [3]	 Epoch: [16]	 Loss:  0.325986 	 Train Accuracy:  0.8974
Run: [3]	 Epoch: [17]	 Loss:  0.319130 	 Train Accuracy:  0.9145
Run: [3]	 Epoch: [18]	 Loss:  0.306171 	 Train Accuracy:  0.9231
Run: [3]	 Epoch: [19]	 Loss:  0.274391 	 Train Accuracy:  0.9316
Run: [3]	 Epoch: [20]	 Loss:  0.249614 	 Train Accuracy:  0.9402
Run: [3]	 Epoch: [21]	 Loss:  0.257366 	 Train Accuracy:  0.9316
Run: [3]	 Epoch: [22]	 Loss:  0.235417 	 Train Accuracy:  0.9402
Run: [3]	 Epoch: [23]	 Loss:  0.197994 	 Train Accuracy:  0.9402
Run: [3]	 Epoch: [24]	 Loss:  0.224967 	 Train Accuracy:  0.9402
Run: [3]	 Epoch: [25]	 Loss:  0.178114 	 Train Accuracy:  0.9316
Run: [3]	 Epoch: [26]	 Loss:  0.171216 	 Train Accuracy:  0.9316
Run: [3]	 Epoch: [27]	 Loss:  0.206504 	 Train Accuracy:  0.9316
Run: [3]	 Epoch: [28]	 Loss:  0.187601 	 Train Accuracy:  0.9316
Run: [3]	 Epoch: [29]	 Loss:  0.171204 	 Train Accuracy:  0.9573
Run: [3]	 Epoch: [30]	 Loss:  0.160689 	 Train Accuracy:  0.9573
Run: [3]	 Epoch: [31]	 Loss:  0.140773 	 Train Accuracy:  0.9573
Run: [3]	 Epoch: [32]	 Loss:  0.135819 	 Train Accuracy:  0.9573
Run: [3]	 Epoch: [33]	 Loss:  0.142792 	 Train Accuracy:  0.9573
Run: [3]	 Epoch: [34]	 Loss:  0.129960 	 Train Accuracy:  0.9573
Run: [3]	 Epoch: [35]	 Loss:  0.106474 	 Train Accuracy:  0.9658
Run: [3]	 Epoch: [36]	 Loss:  0.099053 	 Train Accuracy:  0.9658
Run: [3]	 Epoch: [37]	 Loss:  0.093046 	 Train Accuracy:  0.9658
Run: [3]	 Epoch: [38]	 Loss:  0.077804 	 Train Accuracy:  0.9829
Run: [3]	 Epoch: [39]	 Loss:  0.071815 	 Train Accuracy:  0.9829
Run: [3]	 Epoch: [40]	 Loss:  0.073739 	 Train Accuracy:  0.9829
Run: [3]	 Epoch: [41]	 Loss:  0.062388 	 Train Accuracy:  0.9829
Run: [3]	 Epoch: [42]	 Loss:  0.077250 	 Train Accuracy:  0.9829
Run: [3]	 Epoch: [43]	 Loss:  0.041185 	 Train Accuracy:  0.9829
Run: [3]	 Epoch: [44]	 Loss:  0.043173 	 Train Accuracy:  0.9829
Run: [3]	 Epoch: [45]	 Loss:  0.043383 	 Train Accuracy:  0.9829
Run: [3]	 Epoch: [46]	 Loss:  0.065325 	 Train Accuracy:  0.9829
Run: [3]	 Epoch: [47]	 Loss:  0.041930 	 Train Accuracy:  0.9829
Run: [3]	 Epoch: [48]	 Loss:  0.074149 	 Train Accuracy:  0.9829
Run: [3]	 Epoch: [49]	 Loss:  0.107417 	 Train Accuracy:  0.9829
Run: [3]	 Epoch: [50]	 Loss:  0.117818 	 Train Accuracy:  0.9829
Test Accuracy in run 3 is: 0.6551724076271057
Total Train Accuracy after run 3 is: 0.9772
Total Test Accuracy after run 3 is: 0.6667
Best Test Accuracy in 3 runs is: 0.6897
Run: [4]	 Epoch: [1]	 Loss:  0.896663 	 Train Accuracy:  0.6581
Run: [4]	 Epoch: [2]	 Loss:  0.734954 	 Train Accuracy:  0.7436
Run: [4]	 Epoch: [3]	 Loss:  0.544812 	 Train Accuracy:  0.7692
Run: [4]	 Epoch: [4]	 Loss:  0.432167 	 Train Accuracy:  0.8205
Run: [4]	 Epoch: [5]	 Loss:  0.388346 	 Train Accuracy:  0.8889
Run: [4]	 Epoch: [6]	 Loss:  0.368324 	 Train Accuracy:  0.8974
Run: [4]	 Epoch: [7]	 Loss:  0.312355 	 Train Accuracy:  0.9231
Run: [4]	 Epoch: [8]	 Loss:  0.233615 	 Train Accuracy:  0.9402
Run: [4]	 Epoch: [9]	 Loss:  0.218154 	 Train Accuracy:  0.9487
Run: [4]	 Epoch: [10]	 Loss:  0.186638 	 Train Accuracy:  0.9573
Run: [4]	 Epoch: [11]	 Loss:  0.127725 	 Train Accuracy:  0.9658
Run: [4]	 Epoch: [12]	 Loss:  0.111242 	 Train Accuracy:  0.9829
Run: [4]	 Epoch: [13]	 Loss:  0.089304 	 Train Accuracy:  0.9829
Run: [4]	 Epoch: [14]	 Loss:  0.077268 	 Train Accuracy:  0.9915
Run: [4]	 Epoch: [15]	 Loss:  0.062044 	 Train Accuracy:  0.9915
Run: [4]	 Epoch: [16]	 Loss:  0.075895 	 Train Accuracy:  0.9915
Run: [4]	 Epoch: [17]	 Loss:  0.049797 	 Train Accuracy:  0.9915
Run: [4]	 Epoch: [18]	 Loss:  0.034695 	 Train Accuracy:  0.9915
Run: [4]	 Epoch: [19]	 Loss:  0.031902 	 Train Accuracy:  1.0000
Run: [4]	 Epoch: [20]	 Loss:  0.028988 	 Train Accuracy:  1.0000
Run: [4]	 Epoch: [21]	 Loss:  0.024923 	 Train Accuracy:  1.0000
Run: [4]	 Epoch: [22]	 Loss:  0.017518 	 Train Accuracy:  1.0000
Run: [4]	 Epoch: [23]	 Loss:  0.015383 	 Train Accuracy:  1.0000
Run: [4]	 Epoch: [24]	 Loss:  0.020581 	 Train Accuracy:  1.0000
Run: [4]	 Epoch: [25]	 Loss:  0.008945 	 Train Accuracy:  1.0000
Run: [4]	 Epoch: [26]	 Loss:  0.008030 	 Train Accuracy:  1.0000
Run: [4]	 Epoch: [27]	 Loss:  0.006149 	 Train Accuracy:  1.0000
Run: [4]	 Epoch: [28]	 Loss:  0.004880 	 Train Accuracy:  1.0000
Run: [4]	 Epoch: [29]	 Loss:  0.007195 	 Train Accuracy:  1.0000
Run: [4]	 Epoch: [30]	 Loss:  0.003778 	 Train Accuracy:  1.0000
Run: [4]	 Epoch: [31]	 Loss:  0.003658 	 Train Accuracy:  1.0000
Run: [4]	 Epoch: [32]	 Loss:  0.003330 	 Train Accuracy:  1.0000
Run: [4]	 Epoch: [33]	 Loss:  0.002979 	 Train Accuracy:  1.0000
Run: [4]	 Epoch: [34]	 Loss:  0.003633 	 Train Accuracy:  1.0000
Run: [4]	 Epoch: [35]	 Loss:  0.002525 	 Train Accuracy:  1.0000
Run: [4]	 Epoch: [36]	 Loss:  0.001772 	 Train Accuracy:  1.0000
Run: [4]	 Epoch: [37]	 Loss:  0.002710 	 Train Accuracy:  1.0000
Run: [4]	 Epoch: [38]	 Loss:  0.001881 	 Train Accuracy:  1.0000
Run: [4]	 Epoch: [39]	 Loss:  0.003405 	 Train Accuracy:  1.0000
Run: [4]	 Epoch: [40]	 Loss:  0.002139 	 Train Accuracy:  1.0000
Run: [4]	 Epoch: [41]	 Loss:  0.002755 	 Train Accuracy:  1.0000
Run: [4]	 Epoch: [42]	 Loss:  0.001062 	 Train Accuracy:  1.0000
Run: [4]	 Epoch: [43]	 Loss:  0.002002 	 Train Accuracy:  1.0000
Run: [4]	 Epoch: [44]	 Loss:  0.002205 	 Train Accuracy:  1.0000
Run: [4]	 Epoch: [45]	 Loss:  0.001109 	 Train Accuracy:  1.0000
Run: [4]	 Epoch: [46]	 Loss:  0.001404 	 Train Accuracy:  1.0000
Run: [4]	 Epoch: [47]	 Loss:  0.001623 	 Train Accuracy:  1.0000
Run: [4]	 Epoch: [48]	 Loss:  0.004016 	 Train Accuracy:  1.0000
Run: [4]	 Epoch: [49]	 Loss:  0.000948 	 Train Accuracy:  1.0000
Run: [4]	 Epoch: [50]	 Loss:  0.002080 	 Train Accuracy:  1.0000
Test Accuracy in run 4 is: 0.5862069129943848
Total Train Accuracy after run 4 is: 0.9829
Total Test Accuracy after run 4 is: 0.6466
Best Test Accuracy in 4 runs is: 0.6897
Run: [5]	 Epoch: [1]	 Loss:  0.992095 	 Train Accuracy:  0.5385
Run: [5]	 Epoch: [2]	 Loss:  0.696334 	 Train Accuracy:  0.7692
Run: [5]	 Epoch: [3]	 Loss:  0.541532 	 Train Accuracy:  0.8120
Run: [5]	 Epoch: [4]	 Loss:  0.531952 	 Train Accuracy:  0.8034
Run: [5]	 Epoch: [5]	 Loss:  0.467795 	 Train Accuracy:  0.8462
Run: [5]	 Epoch: [6]	 Loss:  0.381903 	 Train Accuracy:  0.8547
Run: [5]	 Epoch: [7]	 Loss:  0.377458 	 Train Accuracy:  0.8632
Run: [5]	 Epoch: [8]	 Loss:  0.344917 	 Train Accuracy:  0.9060
Run: [5]	 Epoch: [9]	 Loss:  0.321584 	 Train Accuracy:  0.9231
Run: [5]	 Epoch: [10]	 Loss:  0.259440 	 Train Accuracy:  0.9316
Run: [5]	 Epoch: [11]	 Loss:  0.217337 	 Train Accuracy:  0.9402
Run: [5]	 Epoch: [12]	 Loss:  0.190104 	 Train Accuracy:  0.9487
Run: [5]	 Epoch: [13]	 Loss:  0.187992 	 Train Accuracy:  0.9487
Run: [5]	 Epoch: [14]	 Loss:  0.156249 	 Train Accuracy:  0.9487
Run: [5]	 Epoch: [15]	 Loss:  0.137418 	 Train Accuracy:  0.9487
Run: [5]	 Epoch: [16]	 Loss:  0.119832 	 Train Accuracy:  0.9573
Run: [5]	 Epoch: [17]	 Loss:  0.128881 	 Train Accuracy:  0.9658
Run: [5]	 Epoch: [18]	 Loss:  0.106368 	 Train Accuracy:  0.9658
Run: [5]	 Epoch: [19]	 Loss:  0.121951 	 Train Accuracy:  0.9658
Run: [5]	 Epoch: [20]	 Loss:  0.086452 	 Train Accuracy:  0.9658
Run: [5]	 Epoch: [21]	 Loss:  0.086287 	 Train Accuracy:  0.9658
Run: [5]	 Epoch: [22]	 Loss:  0.075371 	 Train Accuracy:  0.9744
Run: [5]	 Epoch: [23]	 Loss:  0.094973 	 Train Accuracy:  0.9744
Run: [5]	 Epoch: [24]	 Loss:  0.054675 	 Train Accuracy:  0.9744
Run: [5]	 Epoch: [25]	 Loss:  0.085604 	 Train Accuracy:  0.9744
Run: [5]	 Epoch: [26]	 Loss:  0.083159 	 Train Accuracy:  0.9744
Run: [5]	 Epoch: [27]	 Loss:  0.058239 	 Train Accuracy:  0.9744
Run: [5]	 Epoch: [28]	 Loss:  0.064826 	 Train Accuracy:  0.9744
Run: [5]	 Epoch: [29]	 Loss:  0.067602 	 Train Accuracy:  0.9744
Run: [5]	 Epoch: [30]	 Loss:  0.043639 	 Train Accuracy:  0.9744
Run: [5]	 Epoch: [31]	 Loss:  0.055190 	 Train Accuracy:  0.9744
Run: [5]	 Epoch: [32]	 Loss:  0.070300 	 Train Accuracy:  0.9829
Run: [5]	 Epoch: [33]	 Loss:  0.043933 	 Train Accuracy:  0.9829
Run: [5]	 Epoch: [34]	 Loss:  0.056489 	 Train Accuracy:  0.9829
Run: [5]	 Epoch: [35]	 Loss:  0.044010 	 Train Accuracy:  0.9829
Run: [5]	 Epoch: [36]	 Loss:  0.039648 	 Train Accuracy:  0.9829
Run: [5]	 Epoch: [37]	 Loss:  0.045486 	 Train Accuracy:  0.9829
Run: [5]	 Epoch: [38]	 Loss:  0.028816 	 Train Accuracy:  0.9829
Run: [5]	 Epoch: [39]	 Loss:  0.049118 	 Train Accuracy:  0.9829
Run: [5]	 Epoch: [40]	 Loss:  0.052160 	 Train Accuracy:  0.9829
Run: [5]	 Epoch: [41]	 Loss:  0.029887 	 Train Accuracy:  0.9829
Run: [5]	 Epoch: [42]	 Loss:  0.037577 	 Train Accuracy:  0.9829
Run: [5]	 Epoch: [43]	 Loss:  0.033099 	 Train Accuracy:  0.9829
Run: [5]	 Epoch: [44]	 Loss:  0.044067 	 Train Accuracy:  0.9829
Run: [5]	 Epoch: [45]	 Loss:  0.032485 	 Train Accuracy:  0.9829
Run: [5]	 Epoch: [46]	 Loss:  0.046360 	 Train Accuracy:  0.9829
Run: [5]	 Epoch: [47]	 Loss:  0.029779 	 Train Accuracy:  0.9829
Run: [5]	 Epoch: [48]	 Loss:  0.027635 	 Train Accuracy:  0.9829
Run: [5]	 Epoch: [49]	 Loss:  0.041403 	 Train Accuracy:  0.9829
Run: [5]	 Epoch: [50]	 Loss:  0.037518 	 Train Accuracy:  0.9829
Test Accuracy in run 5 is: 0.517241358757019
Total Train Accuracy after run 5 is: 0.9829
Total Test Accuracy after run 5 is: 0.6207
Best Test Accuracy in 5 runs is: 0.6897
Run: [6]	 Epoch: [1]	 Loss:  0.967452 	 Train Accuracy:  0.5983
Run: [6]	 Epoch: [2]	 Loss:  0.747143 	 Train Accuracy:  0.7607
Run: [6]	 Epoch: [3]	 Loss:  0.571353 	 Train Accuracy:  0.8632
Run: [6]	 Epoch: [4]	 Loss:  0.433209 	 Train Accuracy:  0.8974
Run: [6]	 Epoch: [5]	 Loss:  0.378510 	 Train Accuracy:  0.9145
Run: [6]	 Epoch: [6]	 Loss:  0.332565 	 Train Accuracy:  0.9231
Run: [6]	 Epoch: [7]	 Loss:  0.321628 	 Train Accuracy:  0.9316
Run: [6]	 Epoch: [8]	 Loss:  0.283373 	 Train Accuracy:  0.9487
Run: [6]	 Epoch: [9]	 Loss:  0.252762 	 Train Accuracy:  0.9487
Run: [6]	 Epoch: [10]	 Loss:  0.229976 	 Train Accuracy:  0.9487
Run: [6]	 Epoch: [11]	 Loss:  0.206277 	 Train Accuracy:  0.9487
Run: [6]	 Epoch: [12]	 Loss:  0.186893 	 Train Accuracy:  0.9829
Run: [6]	 Epoch: [13]	 Loss:  0.159374 	 Train Accuracy:  0.9829
Run: [6]	 Epoch: [14]	 Loss:  0.138559 	 Train Accuracy:  0.9829
Run: [6]	 Epoch: [15]	 Loss:  0.113583 	 Train Accuracy:  0.9829
Run: [6]	 Epoch: [16]	 Loss:  0.112997 	 Train Accuracy:  0.9829
Run: [6]	 Epoch: [17]	 Loss:  0.118774 	 Train Accuracy:  0.9829
Run: [6]	 Epoch: [18]	 Loss:  0.123665 	 Train Accuracy:  0.9829
Run: [6]	 Epoch: [19]	 Loss:  0.103081 	 Train Accuracy:  0.9829
Run: [6]	 Epoch: [20]	 Loss:  0.114322 	 Train Accuracy:  0.9829
Run: [6]	 Epoch: [21]	 Loss:  0.089428 	 Train Accuracy:  0.9829
Run: [6]	 Epoch: [22]	 Loss:  0.090485 	 Train Accuracy:  0.9829
Run: [6]	 Epoch: [23]	 Loss:  0.085462 	 Train Accuracy:  0.9829
Run: [6]	 Epoch: [24]	 Loss:  0.091788 	 Train Accuracy:  0.9829
Run: [6]	 Epoch: [25]	 Loss:  0.078483 	 Train Accuracy:  0.9829
Run: [6]	 Epoch: [26]	 Loss:  0.080975 	 Train Accuracy:  0.9829
Run: [6]	 Epoch: [27]	 Loss:  0.083575 	 Train Accuracy:  0.9829
Run: [6]	 Epoch: [28]	 Loss:  0.079256 	 Train Accuracy:  0.9829
Run: [6]	 Epoch: [29]	 Loss:  0.085767 	 Train Accuracy:  0.9829
Run: [6]	 Epoch: [30]	 Loss:  0.085417 	 Train Accuracy:  0.9829
Run: [6]	 Epoch: [31]	 Loss:  0.078269 	 Train Accuracy:  0.9829
Run: [6]	 Epoch: [32]	 Loss:  0.078009 	 Train Accuracy:  0.9829
Run: [6]	 Epoch: [33]	 Loss:  0.069670 	 Train Accuracy:  0.9829
Run: [6]	 Epoch: [34]	 Loss:  0.077097 	 Train Accuracy:  0.9829
Run: [6]	 Epoch: [35]	 Loss:  0.061656 	 Train Accuracy:  0.9829
Run: [6]	 Epoch: [36]	 Loss:  0.066646 	 Train Accuracy:  0.9829
Run: [6]	 Epoch: [37]	 Loss:  0.072379 	 Train Accuracy:  0.9829
Run: [6]	 Epoch: [38]	 Loss:  0.068450 	 Train Accuracy:  0.9829
Run: [6]	 Epoch: [39]	 Loss:  0.064208 	 Train Accuracy:  0.9829
Run: [6]	 Epoch: [40]	 Loss:  0.054915 	 Train Accuracy:  0.9829
Run: [6]	 Epoch: [41]	 Loss:  0.069196 	 Train Accuracy:  0.9829
Run: [6]	 Epoch: [42]	 Loss:  0.059199 	 Train Accuracy:  0.9829
Run: [6]	 Epoch: [43]	 Loss:  0.062234 	 Train Accuracy:  0.9829
Run: [6]	 Epoch: [44]	 Loss:  0.055900 	 Train Accuracy:  0.9829
Run: [6]	 Epoch: [45]	 Loss:  0.055753 	 Train Accuracy:  0.9829
Run: [6]	 Epoch: [46]	 Loss:  0.049823 	 Train Accuracy:  0.9829
Run: [6]	 Epoch: [47]	 Loss:  0.037112 	 Train Accuracy:  0.9829
Run: [6]	 Epoch: [48]	 Loss:  0.038913 	 Train Accuracy:  0.9829
Run: [6]	 Epoch: [49]	 Loss:  0.045021 	 Train Accuracy:  0.9829
Run: [6]	 Epoch: [50]	 Loss:  0.043061 	 Train Accuracy:  0.9829
Test Accuracy in run 6 is: 0.6206896305084229
Total Train Accuracy after run 6 is: 0.9829
Total Test Accuracy after run 6 is: 0.6207
Best Test Accuracy in 6 runs is: 0.6897
Run: [7]	 Epoch: [1]	 Loss:  0.843067 	 Train Accuracy:  0.6667
Run: [7]	 Epoch: [2]	 Loss:  0.650245 	 Train Accuracy:  0.7436
Run: [7]	 Epoch: [3]	 Loss:  0.531877 	 Train Accuracy:  0.7692
Run: [7]	 Epoch: [4]	 Loss:  0.493275 	 Train Accuracy:  0.8291
Run: [7]	 Epoch: [5]	 Loss:  0.508428 	 Train Accuracy:  0.8889
Run: [7]	 Epoch: [6]	 Loss:  0.398425 	 Train Accuracy:  0.9060
Run: [7]	 Epoch: [7]	 Loss:  0.339440 	 Train Accuracy:  0.9060
Run: [7]	 Epoch: [8]	 Loss:  0.299680 	 Train Accuracy:  0.9145
Run: [7]	 Epoch: [9]	 Loss:  0.265726 	 Train Accuracy:  0.9316
Run: [7]	 Epoch: [10]	 Loss:  0.221214 	 Train Accuracy:  0.9402
Run: [7]	 Epoch: [11]	 Loss:  0.180632 	 Train Accuracy:  0.9573
Run: [7]	 Epoch: [12]	 Loss:  0.163592 	 Train Accuracy:  0.9573
Run: [7]	 Epoch: [13]	 Loss:  0.147092 	 Train Accuracy:  0.9658
Run: [7]	 Epoch: [14]	 Loss:  0.129080 	 Train Accuracy:  0.9744
Run: [7]	 Epoch: [15]	 Loss:  0.107133 	 Train Accuracy:  0.9744
Run: [7]	 Epoch: [16]	 Loss:  0.095182 	 Train Accuracy:  0.9744
Run: [7]	 Epoch: [17]	 Loss:  0.065918 	 Train Accuracy:  0.9829
Run: [7]	 Epoch: [18]	 Loss:  0.068841 	 Train Accuracy:  0.9829
Run: [7]	 Epoch: [19]	 Loss:  0.056994 	 Train Accuracy:  0.9915
Run: [7]	 Epoch: [20]	 Loss:  0.048902 	 Train Accuracy:  1.0000
Run: [7]	 Epoch: [21]	 Loss:  0.056054 	 Train Accuracy:  1.0000
Run: [7]	 Epoch: [22]	 Loss:  0.029521 	 Train Accuracy:  1.0000
Run: [7]	 Epoch: [23]	 Loss:  0.016456 	 Train Accuracy:  1.0000
Run: [7]	 Epoch: [24]	 Loss:  0.018564 	 Train Accuracy:  1.0000
Run: [7]	 Epoch: [25]	 Loss:  0.026364 	 Train Accuracy:  1.0000
Run: [7]	 Epoch: [26]	 Loss:  0.011609 	 Train Accuracy:  1.0000
Run: [7]	 Epoch: [27]	 Loss:  0.010298 	 Train Accuracy:  1.0000
Run: [7]	 Epoch: [28]	 Loss:  0.006198 	 Train Accuracy:  1.0000
Run: [7]	 Epoch: [29]	 Loss:  0.008020 	 Train Accuracy:  1.0000
Run: [7]	 Epoch: [30]	 Loss:  0.007468 	 Train Accuracy:  1.0000
Run: [7]	 Epoch: [31]	 Loss:  0.003384 	 Train Accuracy:  1.0000
Run: [7]	 Epoch: [32]	 Loss:  0.006230 	 Train Accuracy:  1.0000
Run: [7]	 Epoch: [33]	 Loss:  0.007176 	 Train Accuracy:  1.0000
Run: [7]	 Epoch: [34]	 Loss:  0.004422 	 Train Accuracy:  1.0000
Run: [7]	 Epoch: [35]	 Loss:  0.002405 	 Train Accuracy:  1.0000
Run: [7]	 Epoch: [36]	 Loss:  0.001870 	 Train Accuracy:  1.0000
Run: [7]	 Epoch: [37]	 Loss:  0.001713 	 Train Accuracy:  1.0000
Run: [7]	 Epoch: [38]	 Loss:  0.001469 	 Train Accuracy:  1.0000
Run: [7]	 Epoch: [39]	 Loss:  0.002374 	 Train Accuracy:  1.0000
Run: [7]	 Epoch: [40]	 Loss:  0.001471 	 Train Accuracy:  1.0000
Run: [7]	 Epoch: [41]	 Loss:  0.001524 	 Train Accuracy:  1.0000
Run: [7]	 Epoch: [42]	 Loss:  0.002240 	 Train Accuracy:  1.0000
Run: [7]	 Epoch: [43]	 Loss:  0.003332 	 Train Accuracy:  1.0000
Run: [7]	 Epoch: [44]	 Loss:  0.000919 	 Train Accuracy:  1.0000
Run: [7]	 Epoch: [45]	 Loss:  0.004532 	 Train Accuracy:  1.0000
Run: [7]	 Epoch: [46]	 Loss:  0.001584 	 Train Accuracy:  1.0000
Run: [7]	 Epoch: [47]	 Loss:  0.002543 	 Train Accuracy:  1.0000
Run: [7]	 Epoch: [48]	 Loss:  0.001707 	 Train Accuracy:  1.0000
Run: [7]	 Epoch: [49]	 Loss:  0.001749 	 Train Accuracy:  1.0000
Run: [7]	 Epoch: [50]	 Loss:  0.003365 	 Train Accuracy:  1.0000
Test Accuracy in run 7 is: 0.6206896305084229
Total Train Accuracy after run 7 is: 0.9853
Total Test Accuracy after run 7 is: 0.6207
Best Test Accuracy in 7 runs is: 0.6897
Run: [8]	 Epoch: [1]	 Loss:  1.211048 	 Train Accuracy:  0.3932
Run: [8]	 Epoch: [2]	 Loss:  0.974792 	 Train Accuracy:  0.6923
Run: [8]	 Epoch: [3]	 Loss:  0.649421 	 Train Accuracy:  0.7521
Run: [8]	 Epoch: [4]	 Loss:  0.523967 	 Train Accuracy:  0.7350
Run: [8]	 Epoch: [5]	 Loss:  0.507071 	 Train Accuracy:  0.7521
Run: [8]	 Epoch: [6]	 Loss:  0.507544 	 Train Accuracy:  0.7521
Run: [8]	 Epoch: [7]	 Loss:  0.444619 	 Train Accuracy:  0.7778
Run: [8]	 Epoch: [8]	 Loss:  0.411221 	 Train Accuracy:  0.8205
Run: [8]	 Epoch: [9]	 Loss:  0.458729 	 Train Accuracy:  0.8291
Run: [8]	 Epoch: [10]	 Loss:  0.407489 	 Train Accuracy:  0.8547
Run: [8]	 Epoch: [11]	 Loss:  0.367917 	 Train Accuracy:  0.8462
Run: [8]	 Epoch: [12]	 Loss:  0.335667 	 Train Accuracy:  0.8632
Run: [8]	 Epoch: [13]	 Loss:  0.334476 	 Train Accuracy:  0.8632
Run: [8]	 Epoch: [14]	 Loss:  0.310555 	 Train Accuracy:  0.8974
Run: [8]	 Epoch: [15]	 Loss:  0.278984 	 Train Accuracy:  0.9060
Run: [8]	 Epoch: [16]	 Loss:  0.287870 	 Train Accuracy:  0.9060
Run: [8]	 Epoch: [17]	 Loss:  0.245895 	 Train Accuracy:  0.9145
Run: [8]	 Epoch: [18]	 Loss:  0.253238 	 Train Accuracy:  0.9231
Run: [8]	 Epoch: [19]	 Loss:  0.215532 	 Train Accuracy:  0.9316
Run: [8]	 Epoch: [20]	 Loss:  0.209965 	 Train Accuracy:  0.9316
Run: [8]	 Epoch: [21]	 Loss:  0.224309 	 Train Accuracy:  0.9487
Run: [8]	 Epoch: [22]	 Loss:  0.209559 	 Train Accuracy:  0.9487
Run: [8]	 Epoch: [23]	 Loss:  0.192143 	 Train Accuracy:  0.9487
Run: [8]	 Epoch: [24]	 Loss:  0.171218 	 Train Accuracy:  0.9487
Run: [8]	 Epoch: [25]	 Loss:  0.169698 	 Train Accuracy:  0.9487
Run: [8]	 Epoch: [26]	 Loss:  0.151072 	 Train Accuracy:  0.9487
Run: [8]	 Epoch: [27]	 Loss:  0.175448 	 Train Accuracy:  0.9487
Run: [8]	 Epoch: [28]	 Loss:  0.162918 	 Train Accuracy:  0.9487
Run: [8]	 Epoch: [29]	 Loss:  0.187980 	 Train Accuracy:  0.9487
Run: [8]	 Epoch: [30]	 Loss:  0.137601 	 Train Accuracy:  0.9487
Run: [8]	 Epoch: [31]	 Loss:  0.129370 	 Train Accuracy:  0.9573
Run: [8]	 Epoch: [32]	 Loss:  0.127147 	 Train Accuracy:  0.9658
Run: [8]	 Epoch: [33]	 Loss:  0.104283 	 Train Accuracy:  0.9658
Run: [8]	 Epoch: [34]	 Loss:  0.112879 	 Train Accuracy:  0.9658
Run: [8]	 Epoch: [35]	 Loss:  0.105051 	 Train Accuracy:  0.9658
Run: [8]	 Epoch: [36]	 Loss:  0.092516 	 Train Accuracy:  0.9744
Run: [8]	 Epoch: [37]	 Loss:  0.082283 	 Train Accuracy:  0.9658
Run: [8]	 Epoch: [38]	 Loss:  0.097174 	 Train Accuracy:  0.9658
Run: [8]	 Epoch: [39]	 Loss:  0.120227 	 Train Accuracy:  0.9658
Run: [8]	 Epoch: [40]	 Loss:  0.081157 	 Train Accuracy:  0.9744
Run: [8]	 Epoch: [41]	 Loss:  0.084776 	 Train Accuracy:  0.9744
Run: [8]	 Epoch: [42]	 Loss:  0.080204 	 Train Accuracy:  0.9744
Run: [8]	 Epoch: [43]	 Loss:  0.071489 	 Train Accuracy:  0.9744
Run: [8]	 Epoch: [44]	 Loss:  0.076249 	 Train Accuracy:  0.9744
Run: [8]	 Epoch: [45]	 Loss:  0.061362 	 Train Accuracy:  0.9744
Run: [8]	 Epoch: [46]	 Loss:  0.063244 	 Train Accuracy:  0.9744
Run: [8]	 Epoch: [47]	 Loss:  0.055515 	 Train Accuracy:  0.9744
Run: [8]	 Epoch: [48]	 Loss:  0.068255 	 Train Accuracy:  0.9744
Run: [8]	 Epoch: [49]	 Loss:  0.052043 	 Train Accuracy:  0.9744
Run: [8]	 Epoch: [50]	 Loss:  0.067589 	 Train Accuracy:  0.9744
Test Accuracy in run 8 is: 0.7586206793785095
Total Train Accuracy after run 8 is: 0.9840
Total Test Accuracy after run 8 is: 0.6379
Best Test Accuracy in 8 runs is: 0.7586
Run: [9]	 Epoch: [1]	 Loss:  1.261838 	 Train Accuracy:  0.6325
Run: [9]	 Epoch: [2]	 Loss:  0.660482 	 Train Accuracy:  0.7607
Run: [9]	 Epoch: [3]	 Loss:  0.487242 	 Train Accuracy:  0.7949
Run: [9]	 Epoch: [4]	 Loss:  0.405309 	 Train Accuracy:  0.8462
Run: [9]	 Epoch: [5]	 Loss:  0.379225 	 Train Accuracy:  0.8632
Run: [9]	 Epoch: [6]	 Loss:  0.336641 	 Train Accuracy:  0.8718
Run: [9]	 Epoch: [7]	 Loss:  0.313030 	 Train Accuracy:  0.8889
Run: [9]	 Epoch: [8]	 Loss:  0.303441 	 Train Accuracy:  0.9060
Run: [9]	 Epoch: [9]	 Loss:  0.272090 	 Train Accuracy:  0.9145
Run: [9]	 Epoch: [10]	 Loss:  0.256559 	 Train Accuracy:  0.9145
Run: [9]	 Epoch: [11]	 Loss:  0.219772 	 Train Accuracy:  0.9145
Run: [9]	 Epoch: [12]	 Loss:  0.236946 	 Train Accuracy:  0.9145
Run: [9]	 Epoch: [13]	 Loss:  0.200236 	 Train Accuracy:  0.9145
Run: [9]	 Epoch: [14]	 Loss:  0.191595 	 Train Accuracy:  0.9231
Run: [9]	 Epoch: [15]	 Loss:  0.194554 	 Train Accuracy:  0.9402
Run: [9]	 Epoch: [16]	 Loss:  0.180028 	 Train Accuracy:  0.9487
Run: [9]	 Epoch: [17]	 Loss:  0.189778 	 Train Accuracy:  0.9487
Run: [9]	 Epoch: [18]	 Loss:  0.149772 	 Train Accuracy:  0.9573
Run: [9]	 Epoch: [19]	 Loss:  0.149825 	 Train Accuracy:  0.9573
Run: [9]	 Epoch: [20]	 Loss:  0.151095 	 Train Accuracy:  0.9573
Run: [9]	 Epoch: [21]	 Loss:  0.133463 	 Train Accuracy:  0.9658
Run: [9]	 Epoch: [22]	 Loss:  0.131543 	 Train Accuracy:  0.9573
Run: [9]	 Epoch: [23]	 Loss:  0.137034 	 Train Accuracy:  0.9658
Run: [9]	 Epoch: [24]	 Loss:  0.129554 	 Train Accuracy:  0.9658
Run: [9]	 Epoch: [25]	 Loss:  0.143482 	 Train Accuracy:  0.9658
Run: [9]	 Epoch: [26]	 Loss:  0.139811 	 Train Accuracy:  0.9658
Run: [9]	 Epoch: [27]	 Loss:  0.130703 	 Train Accuracy:  0.9744
Run: [9]	 Epoch: [28]	 Loss:  0.127546 	 Train Accuracy:  0.9744
Run: [9]	 Epoch: [29]	 Loss:  0.101400 	 Train Accuracy:  0.9744
Run: [9]	 Epoch: [30]	 Loss:  0.083216 	 Train Accuracy:  0.9744
Run: [9]	 Epoch: [31]	 Loss:  0.086058 	 Train Accuracy:  0.9744
Run: [9]	 Epoch: [32]	 Loss:  0.095991 	 Train Accuracy:  0.9744
Run: [9]	 Epoch: [33]	 Loss:  0.117055 	 Train Accuracy:  0.9744
Run: [9]	 Epoch: [34]	 Loss:  0.080292 	 Train Accuracy:  0.9744
Run: [9]	 Epoch: [35]	 Loss:  0.084479 	 Train Accuracy:  0.9744
Run: [9]	 Epoch: [36]	 Loss:  0.077845 	 Train Accuracy:  0.9744
Run: [9]	 Epoch: [37]	 Loss:  0.071539 	 Train Accuracy:  0.9744
Run: [9]	 Epoch: [38]	 Loss:  0.076401 	 Train Accuracy:  0.9744
Run: [9]	 Epoch: [39]	 Loss:  0.061818 	 Train Accuracy:  0.9744
Run: [9]	 Epoch: [40]	 Loss:  0.079260 	 Train Accuracy:  0.9744
Run: [9]	 Epoch: [41]	 Loss:  0.053466 	 Train Accuracy:  0.9744
Run: [9]	 Epoch: [42]	 Loss:  0.056176 	 Train Accuracy:  0.9744
Run: [9]	 Epoch: [43]	 Loss:  0.069326 	 Train Accuracy:  0.9744
Run: [9]	 Epoch: [44]	 Loss:  0.066462 	 Train Accuracy:  0.9744
Run: [9]	 Epoch: [45]	 Loss:  0.056357 	 Train Accuracy:  0.9744
Run: [9]	 Epoch: [46]	 Loss:  0.061897 	 Train Accuracy:  0.9744
Run: [9]	 Epoch: [47]	 Loss:  0.041360 	 Train Accuracy:  0.9829
Run: [9]	 Epoch: [48]	 Loss:  0.061480 	 Train Accuracy:  0.9829
Run: [9]	 Epoch: [49]	 Loss:  0.037530 	 Train Accuracy:  0.9829
Run: [9]	 Epoch: [50]	 Loss:  0.058554 	 Train Accuracy:  0.9744
Test Accuracy in run 9 is: 0.6551724076271057
Total Train Accuracy after run 9 is: 0.9829
Total Test Accuracy after run 9 is: 0.6398
Best Test Accuracy in 9 runs is: 0.7586
Run: [10]	 Epoch: [1]	 Loss:  0.840570 	 Train Accuracy:  0.4957
Run: [10]	 Epoch: [2]	 Loss:  0.748540 	 Train Accuracy:  0.7863
Run: [10]	 Epoch: [3]	 Loss:  0.571669 	 Train Accuracy:  0.8547
Run: [10]	 Epoch: [4]	 Loss:  0.461925 	 Train Accuracy:  0.8718
Run: [10]	 Epoch: [5]	 Loss:  0.420008 	 Train Accuracy:  0.8889
Run: [10]	 Epoch: [6]	 Loss:  0.350581 	 Train Accuracy:  0.8974
Run: [10]	 Epoch: [7]	 Loss:  0.327057 	 Train Accuracy:  0.9060
Run: [10]	 Epoch: [8]	 Loss:  0.284243 	 Train Accuracy:  0.9231
Run: [10]	 Epoch: [9]	 Loss:  0.243640 	 Train Accuracy:  0.9231
Run: [10]	 Epoch: [10]	 Loss:  0.243174 	 Train Accuracy:  0.9316
Run: [10]	 Epoch: [11]	 Loss:  0.182917 	 Train Accuracy:  0.9402
Run: [10]	 Epoch: [12]	 Loss:  0.165548 	 Train Accuracy:  0.9573
Run: [10]	 Epoch: [13]	 Loss:  0.130250 	 Train Accuracy:  0.9658
Run: [10]	 Epoch: [14]	 Loss:  0.119176 	 Train Accuracy:  0.9744
Run: [10]	 Epoch: [15]	 Loss:  0.089011 	 Train Accuracy:  0.9829
Run: [10]	 Epoch: [16]	 Loss:  0.103845 	 Train Accuracy:  0.9829
Run: [10]	 Epoch: [17]	 Loss:  0.061168 	 Train Accuracy:  0.9829
Run: [10]	 Epoch: [18]	 Loss:  0.077054 	 Train Accuracy:  0.9829
Run: [10]	 Epoch: [19]	 Loss:  0.071457 	 Train Accuracy:  0.9829
Run: [10]	 Epoch: [20]	 Loss:  0.052436 	 Train Accuracy:  0.9829
Run: [10]	 Epoch: [21]	 Loss:  0.058333 	 Train Accuracy:  0.9829
Run: [10]	 Epoch: [22]	 Loss:  0.056025 	 Train Accuracy:  0.9829
Run: [10]	 Epoch: [23]	 Loss:  0.044849 	 Train Accuracy:  0.9915
Run: [10]	 Epoch: [24]	 Loss:  0.040593 	 Train Accuracy:  0.9915
Run: [10]	 Epoch: [25]	 Loss:  0.037742 	 Train Accuracy:  0.9915
Run: [10]	 Epoch: [26]	 Loss:  0.031318 	 Train Accuracy:  0.9915
Run: [10]	 Epoch: [27]	 Loss:  0.031067 	 Train Accuracy:  0.9915
Run: [10]	 Epoch: [28]	 Loss:  0.037105 	 Train Accuracy:  0.9915
Run: [10]	 Epoch: [29]	 Loss:  0.033821 	 Train Accuracy:  0.9915
Run: [10]	 Epoch: [30]	 Loss:  0.018179 	 Train Accuracy:  0.9915
Run: [10]	 Epoch: [31]	 Loss:  0.032789 	 Train Accuracy:  0.9915
Run: [10]	 Epoch: [32]	 Loss:  0.021318 	 Train Accuracy:  0.9915
Run: [10]	 Epoch: [33]	 Loss:  0.025648 	 Train Accuracy:  0.9915
Run: [10]	 Epoch: [34]	 Loss:  0.022079 	 Train Accuracy:  0.9915
Run: [10]	 Epoch: [35]	 Loss:  0.021905 	 Train Accuracy:  0.9915
Run: [10]	 Epoch: [36]	 Loss:  0.027991 	 Train Accuracy:  0.9915
Run: [10]	 Epoch: [37]	 Loss:  0.018299 	 Train Accuracy:  0.9915
Run: [10]	 Epoch: [38]	 Loss:  0.039000 	 Train Accuracy:  0.9915
Run: [10]	 Epoch: [39]	 Loss:  0.025530 	 Train Accuracy:  0.9915
Run: [10]	 Epoch: [40]	 Loss:  0.019318 	 Train Accuracy:  0.9915
Run: [10]	 Epoch: [41]	 Loss:  0.020499 	 Train Accuracy:  0.9915
Run: [10]	 Epoch: [42]	 Loss:  0.034091 	 Train Accuracy:  0.9915
Run: [10]	 Epoch: [43]	 Loss:  0.019751 	 Train Accuracy:  0.9915
Run: [10]	 Epoch: [44]	 Loss:  0.016775 	 Train Accuracy:  0.9915
Run: [10]	 Epoch: [45]	 Loss:  0.020403 	 Train Accuracy:  0.9915
Run: [10]	 Epoch: [46]	 Loss:  0.012595 	 Train Accuracy:  0.9915
Run: [10]	 Epoch: [47]	 Loss:  0.026741 	 Train Accuracy:  0.9915
Run: [10]	 Epoch: [48]	 Loss:  0.023709 	 Train Accuracy:  0.9915
Run: [10]	 Epoch: [49]	 Loss:  0.016990 	 Train Accuracy:  0.9915
Run: [10]	 Epoch: [50]	 Loss:  0.018777 	 Train Accuracy:  0.9915
Test Accuracy in run 10 is: 0.4482758641242981
Total Train Accuracy after run 10 is: 0.9838
Total Test Accuracy after run 10 is: 0.6207
Best Test Accuracy in 10 runs is: 0.7586
