==========       System Configuration      =============
phase:train
use_cpu:False
runs:10
validation:0.2
data_dir:/data/entity
batch_size:1
dataset:AIFB
total_epochs:50
save_freq:5
lr:0.01
multi_gpus:False
postname:
l2norm:0.0005
kernel_size:64
block_type:plain
n_layers:14
act:relu
norm:layer
bias:True
dropout:0.2
channels:16
dec:basis
bases:30
aggr:mean
ckpt_path:
save_best_only:True
task:denseR
post:denseR-AIFB-plain-14-16
time:210217-04-04-40
save_path:/content/drive/My Drive/denseR/checkpoints/ckpts-denseR-AIFB-plain-14-16-210217-04-04-40
logdir:/content/drive/My Drive/denseR/logs/denseR-AIFB-plain-14-16-210217-04-04-40
device:cuda
epoch:-1
printer:<Logger args (DEBUG)>
==========     CONFIG END    =============


===> Phase is train.
 === Downloading Dataset and Creating graphs ===
=== Dataset info ===
Number of training nodes: 140 	 Number of testing nodes: 36	 Total Number of labelled nodes: 176
Number of classes in this graph: 4 	 Number of nodes: 8285 	 Number of relation types: 90
==== Initializing the Optimizer ====
Run: [1]	 Epoch: [1]	 Train Loss:  1.599882 	 Train Accuracy:  0.5446 	Valid Loss:  1.4394 	 Valid Accuracy:  0.4643
Run: [1]	 Epoch: [2]	 Train Loss:  1.235429 	 Train Accuracy:  0.6696 	Valid Loss:  1.2270 	 Valid Accuracy:  0.6429
Run: [1]	 Epoch: [3]	 Train Loss:  1.007935 	 Train Accuracy:  0.7232 	Valid Loss:  1.1040 	 Valid Accuracy:  0.5714
Run: [1]	 Epoch: [4]	 Train Loss:  0.862090 	 Train Accuracy:  0.8125 	Valid Loss:  0.8632 	 Valid Accuracy:  0.6786
Run: [1]	 Epoch: [5]	 Train Loss:  0.658396 	 Train Accuracy:  0.8661 	Valid Loss:  0.8006 	 Valid Accuracy:  0.7143
Run: [1]	 Epoch: [6]	 Train Loss:  0.615136 	 Train Accuracy:  0.9286 	Valid Loss:  0.6905 	 Valid Accuracy:  0.8214
Run: [1]	 Epoch: [7]	 Train Loss:  0.410404 	 Train Accuracy:  0.9643 	Valid Loss:  0.6155 	 Valid Accuracy:  0.8571
Run: [1]	 Epoch: [8]	 Train Loss:  0.356048 	 Train Accuracy:  0.9821 	Valid Loss:  0.5792 	 Valid Accuracy:  0.8571
Run: [1]	 Epoch: [9]	 Train Loss:  0.354794 	 Train Accuracy:  1.0000 	Valid Loss:  0.5899 	 Valid Accuracy:  0.8571
Run: [1]	 Epoch: [10]	 Train Loss:  0.287732 	 Train Accuracy:  1.0000 	Valid Loss:  0.5998 	 Valid Accuracy:  0.8571
Run: [1]	 Epoch: [11]	 Train Loss:  0.274392 	 Train Accuracy:  1.0000 	Valid Loss:  0.5920 	 Valid Accuracy:  0.8571
Run: [1]	 Epoch: [12]	 Train Loss:  0.242387 	 Train Accuracy:  1.0000 	Valid Loss:  0.5783 	 Valid Accuracy:  0.8571
Run: [1]	 Epoch: [13]	 Train Loss:  0.204154 	 Train Accuracy:  1.0000 	Valid Loss:  0.5516 	 Valid Accuracy:  0.8571
Run: [1]	 Epoch: [14]	 Train Loss:  0.222983 	 Train Accuracy:  1.0000 	Valid Loss:  0.5143 	 Valid Accuracy:  0.8571
Run: [1]	 Epoch: [15]	 Train Loss:  0.176059 	 Train Accuracy:  1.0000 	Valid Loss:  0.4829 	 Valid Accuracy:  0.8929
Run: [1]	 Epoch: [16]	 Train Loss:  0.151918 	 Train Accuracy:  1.0000 	Valid Loss:  0.4645 	 Valid Accuracy:  0.8929
Run: [1]	 Epoch: [17]	 Train Loss:  0.125864 	 Train Accuracy:  1.0000 	Valid Loss:  0.4525 	 Valid Accuracy:  0.8929
Run: [1]	 Epoch: [18]	 Train Loss:  0.122357 	 Train Accuracy:  1.0000 	Valid Loss:  0.4414 	 Valid Accuracy:  0.8929
Run: [1]	 Epoch: [19]	 Train Loss:  0.135565 	 Train Accuracy:  1.0000 	Valid Loss:  0.4263 	 Valid Accuracy:  0.8929
Run: [1]	 Epoch: [20]	 Train Loss:  0.104350 	 Train Accuracy:  1.0000 	Valid Loss:  0.3995 	 Valid Accuracy:  0.8929
Run: [1]	 Epoch: [21]	 Train Loss:  0.130448 	 Train Accuracy:  1.0000 	Valid Loss:  0.3848 	 Valid Accuracy:  0.8929
Run: [1]	 Epoch: [22]	 Train Loss:  0.076611 	 Train Accuracy:  1.0000 	Valid Loss:  0.3871 	 Valid Accuracy:  0.8929
Run: [1]	 Epoch: [23]	 Train Loss:  0.097895 	 Train Accuracy:  1.0000 	Valid Loss:  0.3896 	 Valid Accuracy:  0.8929
Run: [1]	 Epoch: [24]	 Train Loss:  0.094195 	 Train Accuracy:  1.0000 	Valid Loss:  0.3896 	 Valid Accuracy:  0.9286
Run: [1]	 Epoch: [25]	 Train Loss:  0.133547 	 Train Accuracy:  1.0000 	Valid Loss:  0.3935 	 Valid Accuracy:  0.9286
Run: [1]	 Epoch: [26]	 Train Loss:  0.058216 	 Train Accuracy:  1.0000 	Valid Loss:  0.4021 	 Valid Accuracy:  0.9286
Run: [1]	 Epoch: [27]	 Train Loss:  0.074843 	 Train Accuracy:  1.0000 	Valid Loss:  0.4149 	 Valid Accuracy:  0.8929
Run: [1]	 Epoch: [28]	 Train Loss:  0.069447 	 Train Accuracy:  1.0000 	Valid Loss:  0.4260 	 Valid Accuracy:  0.8929
Run: [1]	 Epoch: [29]	 Train Loss:  0.056089 	 Train Accuracy:  1.0000 	Valid Loss:  0.4348 	 Valid Accuracy:  0.8929
Run: [1]	 Epoch: [30]	 Train Loss:  0.043329 	 Train Accuracy:  1.0000 	Valid Loss:  0.4396 	 Valid Accuracy:  0.8929
Run: [1]	 Epoch: [31]	 Train Loss:  0.078948 	 Train Accuracy:  1.0000 	Valid Loss:  0.4370 	 Valid Accuracy:  0.8929
Run: [1]	 Epoch: [32]	 Train Loss:  0.043778 	 Train Accuracy:  1.0000 	Valid Loss:  0.4437 	 Valid Accuracy:  0.8929
Run: [1]	 Epoch: [33]	 Train Loss:  0.061053 	 Train Accuracy:  1.0000 	Valid Loss:  0.4527 	 Valid Accuracy:  0.8929
Run: [1]	 Epoch: [34]	 Train Loss:  0.041194 	 Train Accuracy:  1.0000 	Valid Loss:  0.4681 	 Valid Accuracy:  0.8929
Run: [1]	 Epoch: [35]	 Train Loss:  0.053159 	 Train Accuracy:  1.0000 	Valid Loss:  0.4827 	 Valid Accuracy:  0.8929
Run: [1]	 Epoch: [36]	 Train Loss:  0.032656 	 Train Accuracy:  1.0000 	Valid Loss:  0.4954 	 Valid Accuracy:  0.8929
Run: [1]	 Epoch: [37]	 Train Loss:  0.046755 	 Train Accuracy:  1.0000 	Valid Loss:  0.5085 	 Valid Accuracy:  0.8929
Run: [1]	 Epoch: [38]	 Train Loss:  0.024801 	 Train Accuracy:  1.0000 	Valid Loss:  0.5157 	 Valid Accuracy:  0.8929
Run: [1]	 Epoch: [39]	 Train Loss:  0.039103 	 Train Accuracy:  1.0000 	Valid Loss:  0.5279 	 Valid Accuracy:  0.8929
Run: [1]	 Epoch: [40]	 Train Loss:  0.045864 	 Train Accuracy:  1.0000 	Valid Loss:  0.5344 	 Valid Accuracy:  0.8929
Run: [1]	 Epoch: [41]	 Train Loss:  0.027180 	 Train Accuracy:  1.0000 	Valid Loss:  0.5410 	 Valid Accuracy:  0.8929
Run: [1]	 Epoch: [42]	 Train Loss:  0.039118 	 Train Accuracy:  1.0000 	Valid Loss:  0.5470 	 Valid Accuracy:  0.8929
Run: [1]	 Epoch: [43]	 Train Loss:  0.023458 	 Train Accuracy:  1.0000 	Valid Loss:  0.5643 	 Valid Accuracy:  0.8929
Run: [1]	 Epoch: [44]	 Train Loss:  0.021914 	 Train Accuracy:  1.0000 	Valid Loss:  0.5736 	 Valid Accuracy:  0.8929
Run: [1]	 Epoch: [45]	 Train Loss:  0.036238 	 Train Accuracy:  1.0000 	Valid Loss:  0.5772 	 Valid Accuracy:  0.8929
Run: [1]	 Epoch: [46]	 Train Loss:  0.036459 	 Train Accuracy:  1.0000 	Valid Loss:  0.5755 	 Valid Accuracy:  0.8929
Run: [1]	 Epoch: [47]	 Train Loss:  0.017642 	 Train Accuracy:  1.0000 	Valid Loss:  0.5789 	 Valid Accuracy:  0.8929
Run: [1]	 Epoch: [48]	 Train Loss:  0.059415 	 Train Accuracy:  1.0000 	Valid Loss:  0.5784 	 Valid Accuracy:  0.8929
Run: [1]	 Epoch: [49]	 Train Loss:  0.019035 	 Train Accuracy:  1.0000 	Valid Loss:  0.5639 	 Valid Accuracy:  0.8929
Run: [1]	 Epoch: [50]	 Train Loss:  0.020063 	 Train Accuracy:  1.0000 	Valid Loss:  0.5507 	 Valid Accuracy:  0.8929
Test Accuracy in run 1 is: 0.8888888955116272
Total Train Accuracy after run 1 is: 1.0000
Total Test Accuracy after run 1 is: 0.8889
Best Test Accuracy in 1 runs is: 0.8889
Run: [2]	 Epoch: [1]	 Train Loss:  2.294622 	 Train Accuracy:  0.3214 	Valid Loss:  1.9127 	 Valid Accuracy:  0.3929
Run: [2]	 Epoch: [2]	 Train Loss:  1.973680 	 Train Accuracy:  0.5714 	Valid Loss:  1.4623 	 Valid Accuracy:  0.3571
Run: [2]	 Epoch: [3]	 Train Loss:  1.167902 	 Train Accuracy:  0.7143 	Valid Loss:  1.1632 	 Valid Accuracy:  0.6071
Run: [2]	 Epoch: [4]	 Train Loss:  0.892990 	 Train Accuracy:  0.8125 	Valid Loss:  1.0443 	 Valid Accuracy:  0.5714
Run: [2]	 Epoch: [5]	 Train Loss:  0.669721 	 Train Accuracy:  0.8750 	Valid Loss:  0.8960 	 Valid Accuracy:  0.6429
Run: [2]	 Epoch: [6]	 Train Loss:  0.639122 	 Train Accuracy:  0.9107 	Valid Loss:  0.7652 	 Valid Accuracy:  0.8214
Run: [2]	 Epoch: [7]	 Train Loss:  0.512430 	 Train Accuracy:  0.9464 	Valid Loss:  0.6598 	 Valid Accuracy:  0.8571
Run: [2]	 Epoch: [8]	 Train Loss:  0.375472 	 Train Accuracy:  0.9732 	Valid Loss:  0.6108 	 Valid Accuracy:  0.8571
Run: [2]	 Epoch: [9]	 Train Loss:  0.411797 	 Train Accuracy:  0.9732 	Valid Loss:  0.5790 	 Valid Accuracy:  0.8571
Run: [2]	 Epoch: [10]	 Train Loss:  0.307321 	 Train Accuracy:  0.9821 	Valid Loss:  0.5499 	 Valid Accuracy:  0.8214
Run: [2]	 Epoch: [11]	 Train Loss:  0.283262 	 Train Accuracy:  0.9821 	Valid Loss:  0.5497 	 Valid Accuracy:  0.7857
Run: [2]	 Epoch: [12]	 Train Loss:  0.265701 	 Train Accuracy:  0.9821 	Valid Loss:  0.5631 	 Valid Accuracy:  0.7857
Run: [2]	 Epoch: [13]	 Train Loss:  0.194291 	 Train Accuracy:  0.9821 	Valid Loss:  0.5681 	 Valid Accuracy:  0.8214
Run: [2]	 Epoch: [14]	 Train Loss:  0.202518 	 Train Accuracy:  0.9911 	Valid Loss:  0.5506 	 Valid Accuracy:  0.7857
Run: [2]	 Epoch: [15]	 Train Loss:  0.192840 	 Train Accuracy:  0.9911 	Valid Loss:  0.5466 	 Valid Accuracy:  0.8214
Run: [2]	 Epoch: [16]	 Train Loss:  0.174780 	 Train Accuracy:  0.9821 	Valid Loss:  0.5371 	 Valid Accuracy:  0.8214
Run: [2]	 Epoch: [17]	 Train Loss:  0.168662 	 Train Accuracy:  0.9911 	Valid Loss:  0.4709 	 Valid Accuracy:  0.7857
Run: [2]	 Epoch: [18]	 Train Loss:  0.186876 	 Train Accuracy:  0.9911 	Valid Loss:  0.4300 	 Valid Accuracy:  0.7857
Run: [2]	 Epoch: [19]	 Train Loss:  0.114743 	 Train Accuracy:  0.9911 	Valid Loss:  0.3925 	 Valid Accuracy:  0.8214
Run: [2]	 Epoch: [20]	 Train Loss:  0.138586 	 Train Accuracy:  0.9911 	Valid Loss:  0.3839 	 Valid Accuracy:  0.8214
Run: [2]	 Epoch: [21]	 Train Loss:  0.113360 	 Train Accuracy:  0.9911 	Valid Loss:  0.3576 	 Valid Accuracy:  0.8571
Run: [2]	 Epoch: [22]	 Train Loss:  0.161493 	 Train Accuracy:  0.9911 	Valid Loss:  0.3271 	 Valid Accuracy:  0.8929
Run: [2]	 Epoch: [23]	 Train Loss:  0.124090 	 Train Accuracy:  0.9911 	Valid Loss:  0.2995 	 Valid Accuracy:  0.8929
Run: [2]	 Epoch: [24]	 Train Loss:  0.108475 	 Train Accuracy:  0.9911 	Valid Loss:  0.2857 	 Valid Accuracy:  0.8929
Run: [2]	 Epoch: [25]	 Train Loss:  0.101665 	 Train Accuracy:  1.0000 	Valid Loss:  0.2730 	 Valid Accuracy:  0.8929
Run: [2]	 Epoch: [26]	 Train Loss:  0.102595 	 Train Accuracy:  1.0000 	Valid Loss:  0.2686 	 Valid Accuracy:  0.8929
Run: [2]	 Epoch: [27]	 Train Loss:  0.092489 	 Train Accuracy:  1.0000 	Valid Loss:  0.2942 	 Valid Accuracy:  0.8571
Run: [2]	 Epoch: [28]	 Train Loss:  0.084066 	 Train Accuracy:  1.0000 	Valid Loss:  0.3144 	 Valid Accuracy:  0.8571
Run: [2]	 Epoch: [29]	 Train Loss:  0.086828 	 Train Accuracy:  1.0000 	Valid Loss:  0.3185 	 Valid Accuracy:  0.8929
Run: [2]	 Epoch: [30]	 Train Loss:  0.095837 	 Train Accuracy:  1.0000 	Valid Loss:  0.2939 	 Valid Accuracy:  0.8929
Run: [2]	 Epoch: [31]	 Train Loss:  0.080768 	 Train Accuracy:  1.0000 	Valid Loss:  0.2922 	 Valid Accuracy:  0.8929
Run: [2]	 Epoch: [32]	 Train Loss:  0.065015 	 Train Accuracy:  1.0000 	Valid Loss:  0.3265 	 Valid Accuracy:  0.8929
Run: [2]	 Epoch: [33]	 Train Loss:  0.068804 	 Train Accuracy:  1.0000 	Valid Loss:  0.3690 	 Valid Accuracy:  0.8929
Run: [2]	 Epoch: [34]	 Train Loss:  0.072613 	 Train Accuracy:  1.0000 	Valid Loss:  0.3962 	 Valid Accuracy:  0.8571
Run: [2]	 Epoch: [35]	 Train Loss:  0.048500 	 Train Accuracy:  1.0000 	Valid Loss:  0.4251 	 Valid Accuracy:  0.8571
Run: [2]	 Epoch: [36]	 Train Loss:  0.048129 	 Train Accuracy:  1.0000 	Valid Loss:  0.4497 	 Valid Accuracy:  0.8571
Run: [2]	 Epoch: [37]	 Train Loss:  0.062376 	 Train Accuracy:  1.0000 	Valid Loss:  0.4470 	 Valid Accuracy:  0.8571
Run: [2]	 Epoch: [38]	 Train Loss:  0.067892 	 Train Accuracy:  1.0000 	Valid Loss:  0.4221 	 Valid Accuracy:  0.8571
Run: [2]	 Epoch: [39]	 Train Loss:  0.045566 	 Train Accuracy:  1.0000 	Valid Loss:  0.4033 	 Valid Accuracy:  0.8571
Run: [2]	 Epoch: [40]	 Train Loss:  0.035410 	 Train Accuracy:  1.0000 	Valid Loss:  0.3878 	 Valid Accuracy:  0.8571
Run: [2]	 Epoch: [41]	 Train Loss:  0.056427 	 Train Accuracy:  1.0000 	Valid Loss:  0.3816 	 Valid Accuracy:  0.8571
Run: [2]	 Epoch: [42]	 Train Loss:  0.042101 	 Train Accuracy:  1.0000 	Valid Loss:  0.3778 	 Valid Accuracy:  0.8571
Run: [2]	 Epoch: [43]	 Train Loss:  0.054265 	 Train Accuracy:  1.0000 	Valid Loss:  0.3752 	 Valid Accuracy:  0.8571
Run: [2]	 Epoch: [44]	 Train Loss:  0.074765 	 Train Accuracy:  1.0000 	Valid Loss:  0.3790 	 Valid Accuracy:  0.8571
Run: [2]	 Epoch: [45]	 Train Loss:  0.044105 	 Train Accuracy:  1.0000 	Valid Loss:  0.3782 	 Valid Accuracy:  0.8571
Run: [2]	 Epoch: [46]	 Train Loss:  0.029707 	 Train Accuracy:  1.0000 	Valid Loss:  0.3754 	 Valid Accuracy:  0.8571
Run: [2]	 Epoch: [47]	 Train Loss:  0.026632 	 Train Accuracy:  1.0000 	Valid Loss:  0.3973 	 Valid Accuracy:  0.8571
Run: [2]	 Epoch: [48]	 Train Loss:  0.034543 	 Train Accuracy:  1.0000 	Valid Loss:  0.4357 	 Valid Accuracy:  0.8571
Run: [2]	 Epoch: [49]	 Train Loss:  0.041638 	 Train Accuracy:  1.0000 	Valid Loss:  0.4666 	 Valid Accuracy:  0.8571
Run: [2]	 Epoch: [50]	 Train Loss:  0.032678 	 Train Accuracy:  1.0000 	Valid Loss:  0.5001 	 Valid Accuracy:  0.8571
Test Accuracy in run 2 is: 0.944444477558136
Total Train Accuracy after run 2 is: 1.0000
Total Test Accuracy after run 2 is: 0.9167
Best Test Accuracy in 2 runs is: 0.9444
Run: [3]	 Epoch: [1]	 Train Loss:  1.500857 	 Train Accuracy:  0.4286 	Valid Loss:  1.3483 	 Valid Accuracy:  0.2857
Run: [3]	 Epoch: [2]	 Train Loss:  1.331629 	 Train Accuracy:  0.5982 	Valid Loss:  1.1449 	 Valid Accuracy:  0.5357
Run: [3]	 Epoch: [3]	 Train Loss:  1.064372 	 Train Accuracy:  0.7589 	Valid Loss:  0.9808 	 Valid Accuracy:  0.6786
Run: [3]	 Epoch: [4]	 Train Loss:  0.820185 	 Train Accuracy:  0.8393 	Valid Loss:  0.8100 	 Valid Accuracy:  0.7143
Run: [3]	 Epoch: [5]	 Train Loss:  0.683477 	 Train Accuracy:  0.8214 	Valid Loss:  0.9148 	 Valid Accuracy:  0.6786
Run: [3]	 Epoch: [6]	 Train Loss:  0.669608 	 Train Accuracy:  0.9107 	Valid Loss:  0.6576 	 Valid Accuracy:  0.8929
Run: [3]	 Epoch: [7]	 Train Loss:  0.621509 	 Train Accuracy:  0.9196 	Valid Loss:  0.5999 	 Valid Accuracy:  0.8214
Run: [3]	 Epoch: [8]	 Train Loss:  0.509924 	 Train Accuracy:  0.9464 	Valid Loss:  0.6066 	 Valid Accuracy:  0.7500
Run: [3]	 Epoch: [9]	 Train Loss:  0.405487 	 Train Accuracy:  0.9375 	Valid Loss:  0.6035 	 Valid Accuracy:  0.7500
Run: [3]	 Epoch: [10]	 Train Loss:  0.373464 	 Train Accuracy:  0.9554 	Valid Loss:  0.5221 	 Valid Accuracy:  0.8571
Run: [3]	 Epoch: [11]	 Train Loss:  0.357847 	 Train Accuracy:  0.9643 	Valid Loss:  0.5077 	 Valid Accuracy:  0.8214
Run: [3]	 Epoch: [12]	 Train Loss:  0.289731 	 Train Accuracy:  0.9643 	Valid Loss:  0.5098 	 Valid Accuracy:  0.8214
Run: [3]	 Epoch: [13]	 Train Loss:  0.286263 	 Train Accuracy:  0.9732 	Valid Loss:  0.4879 	 Valid Accuracy:  0.8214
Run: [3]	 Epoch: [14]	 Train Loss:  0.235125 	 Train Accuracy:  0.9821 	Valid Loss:  0.4736 	 Valid Accuracy:  0.8929
Run: [3]	 Epoch: [15]	 Train Loss:  0.261700 	 Train Accuracy:  0.9911 	Valid Loss:  0.5003 	 Valid Accuracy:  0.8571
Run: [3]	 Epoch: [16]	 Train Loss:  0.209380 	 Train Accuracy:  0.9911 	Valid Loss:  0.5303 	 Valid Accuracy:  0.8571
Run: [3]	 Epoch: [17]	 Train Loss:  0.160314 	 Train Accuracy:  0.9911 	Valid Loss:  0.5180 	 Valid Accuracy:  0.8571
Run: [3]	 Epoch: [18]	 Train Loss:  0.169648 	 Train Accuracy:  1.0000 	Valid Loss:  0.4595 	 Valid Accuracy:  0.8571
Run: [3]	 Epoch: [19]	 Train Loss:  0.145027 	 Train Accuracy:  1.0000 	Valid Loss:  0.3890 	 Valid Accuracy:  0.8929
Run: [3]	 Epoch: [20]	 Train Loss:  0.122915 	 Train Accuracy:  1.0000 	Valid Loss:  0.3626 	 Valid Accuracy:  0.9286
Run: [3]	 Epoch: [21]	 Train Loss:  0.072936 	 Train Accuracy:  1.0000 	Valid Loss:  0.3638 	 Valid Accuracy:  0.8929
Run: [3]	 Epoch: [22]	 Train Loss:  0.122006 	 Train Accuracy:  1.0000 	Valid Loss:  0.3656 	 Valid Accuracy:  0.8929
Run: [3]	 Epoch: [23]	 Train Loss:  0.085608 	 Train Accuracy:  1.0000 	Valid Loss:  0.3835 	 Valid Accuracy:  0.8929
Run: [3]	 Epoch: [24]	 Train Loss:  0.108830 	 Train Accuracy:  1.0000 	Valid Loss:  0.4147 	 Valid Accuracy:  0.8929
Run: [3]	 Epoch: [25]	 Train Loss:  0.121628 	 Train Accuracy:  1.0000 	Valid Loss:  0.4188 	 Valid Accuracy:  0.8571
Run: [3]	 Epoch: [26]	 Train Loss:  0.072682 	 Train Accuracy:  1.0000 	Valid Loss:  0.4120 	 Valid Accuracy:  0.8571
Run: [3]	 Epoch: [27]	 Train Loss:  0.098014 	 Train Accuracy:  1.0000 	Valid Loss:  0.3993 	 Valid Accuracy:  0.8571
Run: [3]	 Epoch: [28]	 Train Loss:  0.084609 	 Train Accuracy:  1.0000 	Valid Loss:  0.3916 	 Valid Accuracy:  0.8929
Run: [3]	 Epoch: [29]	 Train Loss:  0.082764 	 Train Accuracy:  1.0000 	Valid Loss:  0.3893 	 Valid Accuracy:  0.8929
Run: [3]	 Epoch: [30]	 Train Loss:  0.073793 	 Train Accuracy:  1.0000 	Valid Loss:  0.3879 	 Valid Accuracy:  0.8929
Run: [3]	 Epoch: [31]	 Train Loss:  0.059631 	 Train Accuracy:  1.0000 	Valid Loss:  0.3903 	 Valid Accuracy:  0.8929
Run: [3]	 Epoch: [32]	 Train Loss:  0.046928 	 Train Accuracy:  1.0000 	Valid Loss:  0.3974 	 Valid Accuracy:  0.8929
Run: [3]	 Epoch: [33]	 Train Loss:  0.031819 	 Train Accuracy:  1.0000 	Valid Loss:  0.4026 	 Valid Accuracy:  0.8929
Run: [3]	 Epoch: [34]	 Train Loss:  0.048161 	 Train Accuracy:  1.0000 	Valid Loss:  0.4042 	 Valid Accuracy:  0.8929
Run: [3]	 Epoch: [35]	 Train Loss:  0.043912 	 Train Accuracy:  1.0000 	Valid Loss:  0.4048 	 Valid Accuracy:  0.8929
Run: [3]	 Epoch: [36]	 Train Loss:  0.047265 	 Train Accuracy:  1.0000 	Valid Loss:  0.4048 	 Valid Accuracy:  0.8929
Run: [3]	 Epoch: [37]	 Train Loss:  0.054671 	 Train Accuracy:  1.0000 	Valid Loss:  0.4112 	 Valid Accuracy:  0.8929
Run: [3]	 Epoch: [38]	 Train Loss:  0.060316 	 Train Accuracy:  1.0000 	Valid Loss:  0.4199 	 Valid Accuracy:  0.8929
Run: [3]	 Epoch: [39]	 Train Loss:  0.022290 	 Train Accuracy:  1.0000 	Valid Loss:  0.4293 	 Valid Accuracy:  0.8929
Run: [3]	 Epoch: [40]	 Train Loss:  0.039873 	 Train Accuracy:  1.0000 	Valid Loss:  0.4356 	 Valid Accuracy:  0.8929
Run: [3]	 Epoch: [41]	 Train Loss:  0.044623 	 Train Accuracy:  1.0000 	Valid Loss:  0.4436 	 Valid Accuracy:  0.8929
Run: [3]	 Epoch: [42]	 Train Loss:  0.060425 	 Train Accuracy:  1.0000 	Valid Loss:  0.4562 	 Valid Accuracy:  0.8929
Run: [3]	 Epoch: [43]	 Train Loss:  0.036517 	 Train Accuracy:  1.0000 	Valid Loss:  0.4691 	 Valid Accuracy:  0.8929
Run: [3]	 Epoch: [44]	 Train Loss:  0.023232 	 Train Accuracy:  1.0000 	Valid Loss:  0.4808 	 Valid Accuracy:  0.8929
Run: [3]	 Epoch: [45]	 Train Loss:  0.030067 	 Train Accuracy:  1.0000 	Valid Loss:  0.4924 	 Valid Accuracy:  0.8929
Run: [3]	 Epoch: [46]	 Train Loss:  0.023042 	 Train Accuracy:  1.0000 	Valid Loss:  0.5029 	 Valid Accuracy:  0.8929
Run: [3]	 Epoch: [47]	 Train Loss:  0.023986 	 Train Accuracy:  1.0000 	Valid Loss:  0.5096 	 Valid Accuracy:  0.8929
Run: [3]	 Epoch: [48]	 Train Loss:  0.049018 	 Train Accuracy:  1.0000 	Valid Loss:  0.5147 	 Valid Accuracy:  0.8929
Run: [3]	 Epoch: [49]	 Train Loss:  0.029239 	 Train Accuracy:  1.0000 	Valid Loss:  0.5198 	 Valid Accuracy:  0.8929
Run: [3]	 Epoch: [50]	 Train Loss:  0.028667 	 Train Accuracy:  1.0000 	Valid Loss:  0.5232 	 Valid Accuracy:  0.8929
Test Accuracy in run 3 is: 0.9166666865348816
Total Train Accuracy after run 3 is: 1.0000
Total Test Accuracy after run 3 is: 0.9167
Best Test Accuracy in 3 runs is: 0.9444
Run: [4]	 Epoch: [1]	 Train Loss:  1.699305 	 Train Accuracy:  0.2946 	Valid Loss:  1.4198 	 Valid Accuracy:  0.3214
Run: [4]	 Epoch: [2]	 Train Loss:  1.513079 	 Train Accuracy:  0.5714 	Valid Loss:  1.4108 	 Valid Accuracy:  0.4643
Run: [4]	 Epoch: [3]	 Train Loss:  1.072144 	 Train Accuracy:  0.7589 	Valid Loss:  1.1825 	 Valid Accuracy:  0.6429
Run: [4]	 Epoch: [4]	 Train Loss:  0.798957 	 Train Accuracy:  0.7946 	Valid Loss:  1.1072 	 Valid Accuracy:  0.5714
Run: [4]	 Epoch: [5]	 Train Loss:  0.710166 	 Train Accuracy:  0.8750 	Valid Loss:  0.8823 	 Valid Accuracy:  0.6786
Run: [4]	 Epoch: [6]	 Train Loss:  0.537731 	 Train Accuracy:  0.9286 	Valid Loss:  0.8083 	 Valid Accuracy:  0.7143
Run: [4]	 Epoch: [7]	 Train Loss:  0.469401 	 Train Accuracy:  0.9643 	Valid Loss:  0.7883 	 Valid Accuracy:  0.7143
Run: [4]	 Epoch: [8]	 Train Loss:  0.397876 	 Train Accuracy:  0.9643 	Valid Loss:  0.6649 	 Valid Accuracy:  0.7500
Run: [4]	 Epoch: [9]	 Train Loss:  0.298267 	 Train Accuracy:  0.9732 	Valid Loss:  0.6277 	 Valid Accuracy:  0.7500
Run: [4]	 Epoch: [10]	 Train Loss:  0.352387 	 Train Accuracy:  0.9732 	Valid Loss:  0.5701 	 Valid Accuracy:  0.8214
Run: [4]	 Epoch: [11]	 Train Loss:  0.285787 	 Train Accuracy:  0.9821 	Valid Loss:  0.4941 	 Valid Accuracy:  0.8214
Run: [4]	 Epoch: [12]	 Train Loss:  0.223835 	 Train Accuracy:  0.9821 	Valid Loss:  0.4639 	 Valid Accuracy:  0.8571
Run: [4]	 Epoch: [13]	 Train Loss:  0.264610 	 Train Accuracy:  0.9821 	Valid Loss:  0.4720 	 Valid Accuracy:  0.8571
Run: [4]	 Epoch: [14]	 Train Loss:  0.184080 	 Train Accuracy:  0.9821 	Valid Loss:  0.4427 	 Valid Accuracy:  0.8571
Run: [4]	 Epoch: [15]	 Train Loss:  0.169004 	 Train Accuracy:  0.9911 	Valid Loss:  0.4111 	 Valid Accuracy:  0.8571
Run: [4]	 Epoch: [16]	 Train Loss:  0.179624 	 Train Accuracy:  0.9911 	Valid Loss:  0.3978 	 Valid Accuracy:  0.8571
Run: [4]	 Epoch: [17]	 Train Loss:  0.159220 	 Train Accuracy:  0.9911 	Valid Loss:  0.3997 	 Valid Accuracy:  0.8571
Run: [4]	 Epoch: [18]	 Train Loss:  0.134860 	 Train Accuracy:  1.0000 	Valid Loss:  0.4032 	 Valid Accuracy:  0.8571
Run: [4]	 Epoch: [19]	 Train Loss:  0.111139 	 Train Accuracy:  1.0000 	Valid Loss:  0.4360 	 Valid Accuracy:  0.8571
Run: [4]	 Epoch: [20]	 Train Loss:  0.102419 	 Train Accuracy:  1.0000 	Valid Loss:  0.4705 	 Valid Accuracy:  0.8571
Run: [4]	 Epoch: [21]	 Train Loss:  0.088619 	 Train Accuracy:  1.0000 	Valid Loss:  0.5106 	 Valid Accuracy:  0.8571
Run: [4]	 Epoch: [22]	 Train Loss:  0.096788 	 Train Accuracy:  1.0000 	Valid Loss:  0.5420 	 Valid Accuracy:  0.8571
Run: [4]	 Epoch: [23]	 Train Loss:  0.104981 	 Train Accuracy:  1.0000 	Valid Loss:  0.5563 	 Valid Accuracy:  0.8571
Run: [4]	 Epoch: [24]	 Train Loss:  0.082348 	 Train Accuracy:  1.0000 	Valid Loss:  0.5408 	 Valid Accuracy:  0.8571
Run: [4]	 Epoch: [25]	 Train Loss:  0.101185 	 Train Accuracy:  1.0000 	Valid Loss:  0.5404 	 Valid Accuracy:  0.8571
Run: [4]	 Epoch: [26]	 Train Loss:  0.061672 	 Train Accuracy:  1.0000 	Valid Loss:  0.5229 	 Valid Accuracy:  0.8571
Run: [4]	 Epoch: [27]	 Train Loss:  0.061131 	 Train Accuracy:  1.0000 	Valid Loss:  0.5028 	 Valid Accuracy:  0.8571
Run: [4]	 Epoch: [28]	 Train Loss:  0.063566 	 Train Accuracy:  1.0000 	Valid Loss:  0.4967 	 Valid Accuracy:  0.8571
Run: [4]	 Epoch: [29]	 Train Loss:  0.052734 	 Train Accuracy:  1.0000 	Valid Loss:  0.4992 	 Valid Accuracy:  0.8571
Run: [4]	 Epoch: [30]	 Train Loss:  0.052861 	 Train Accuracy:  1.0000 	Valid Loss:  0.5108 	 Valid Accuracy:  0.8571
Run: [4]	 Epoch: [31]	 Train Loss:  0.067731 	 Train Accuracy:  1.0000 	Valid Loss:  0.5086 	 Valid Accuracy:  0.8571
Run: [4]	 Epoch: [32]	 Train Loss:  0.062757 	 Train Accuracy:  1.0000 	Valid Loss:  0.4839 	 Valid Accuracy:  0.8571
Run: [4]	 Epoch: [33]	 Train Loss:  0.039212 	 Train Accuracy:  1.0000 	Valid Loss:  0.4639 	 Valid Accuracy:  0.8571
Run: [4]	 Epoch: [34]	 Train Loss:  0.045325 	 Train Accuracy:  1.0000 	Valid Loss:  0.4686 	 Valid Accuracy:  0.8571
Run: [4]	 Epoch: [35]	 Train Loss:  0.043798 	 Train Accuracy:  1.0000 	Valid Loss:  0.4701 	 Valid Accuracy:  0.8571
Run: [4]	 Epoch: [36]	 Train Loss:  0.061667 	 Train Accuracy:  1.0000 	Valid Loss:  0.4759 	 Valid Accuracy:  0.8571
Run: [4]	 Epoch: [37]	 Train Loss:  0.026517 	 Train Accuracy:  1.0000 	Valid Loss:  0.4863 	 Valid Accuracy:  0.8571
Run: [4]	 Epoch: [38]	 Train Loss:  0.066535 	 Train Accuracy:  1.0000 	Valid Loss:  0.4841 	 Valid Accuracy:  0.8929
Run: [4]	 Epoch: [39]	 Train Loss:  0.048383 	 Train Accuracy:  1.0000 	Valid Loss:  0.4748 	 Valid Accuracy:  0.8929
Run: [4]	 Epoch: [40]	 Train Loss:  0.029398 	 Train Accuracy:  1.0000 	Valid Loss:  0.4722 	 Valid Accuracy:  0.8929
Run: [4]	 Epoch: [41]	 Train Loss:  0.030053 	 Train Accuracy:  1.0000 	Valid Loss:  0.4686 	 Valid Accuracy:  0.8929
Run: [4]	 Epoch: [42]	 Train Loss:  0.041992 	 Train Accuracy:  1.0000 	Valid Loss:  0.4629 	 Valid Accuracy:  0.8929
Run: [4]	 Epoch: [43]	 Train Loss:  0.038069 	 Train Accuracy:  1.0000 	Valid Loss:  0.4583 	 Valid Accuracy:  0.8929
Run: [4]	 Epoch: [44]	 Train Loss:  0.027953 	 Train Accuracy:  1.0000 	Valid Loss:  0.4496 	 Valid Accuracy:  0.8929
Run: [4]	 Epoch: [45]	 Train Loss:  0.022530 	 Train Accuracy:  1.0000 	Valid Loss:  0.4404 	 Valid Accuracy:  0.8571
Run: [4]	 Epoch: [46]	 Train Loss:  0.061976 	 Train Accuracy:  1.0000 	Valid Loss:  0.4466 	 Valid Accuracy:  0.8571
Run: [4]	 Epoch: [47]	 Train Loss:  0.019976 	 Train Accuracy:  1.0000 	Valid Loss:  0.4471 	 Valid Accuracy:  0.8571
Run: [4]	 Epoch: [48]	 Train Loss:  0.015599 	 Train Accuracy:  1.0000 	Valid Loss:  0.4450 	 Valid Accuracy:  0.8571
Run: [4]	 Epoch: [49]	 Train Loss:  0.024314 	 Train Accuracy:  1.0000 	Valid Loss:  0.4461 	 Valid Accuracy:  0.8571
Run: [4]	 Epoch: [50]	 Train Loss:  0.059883 	 Train Accuracy:  1.0000 	Valid Loss:  0.4483 	 Valid Accuracy:  0.8571
Test Accuracy in run 4 is: 0.8888888955116272
Total Train Accuracy after run 4 is: 1.0000
Total Test Accuracy after run 4 is: 0.9097
Best Test Accuracy in 4 runs is: 0.9444
Run: [5]	 Epoch: [1]	 Train Loss:  1.545777 	 Train Accuracy:  0.2768 	Valid Loss:  1.3858 	 Valid Accuracy:  0.3214
Run: [5]	 Epoch: [2]	 Train Loss:  1.499444 	 Train Accuracy:  0.5536 	Valid Loss:  1.0645 	 Valid Accuracy:  0.5357
Run: [5]	 Epoch: [3]	 Train Loss:  1.033201 	 Train Accuracy:  0.7768 	Valid Loss:  1.0353 	 Valid Accuracy:  0.5714
Run: [5]	 Epoch: [4]	 Train Loss:  0.866727 	 Train Accuracy:  0.8214 	Valid Loss:  0.8782 	 Valid Accuracy:  0.6071
Run: [5]	 Epoch: [5]	 Train Loss:  0.638697 	 Train Accuracy:  0.8482 	Valid Loss:  0.7779 	 Valid Accuracy:  0.6071
Run: [5]	 Epoch: [6]	 Train Loss:  0.584287 	 Train Accuracy:  0.8661 	Valid Loss:  0.6577 	 Valid Accuracy:  0.6786
Run: [5]	 Epoch: [7]	 Train Loss:  0.509558 	 Train Accuracy:  0.8929 	Valid Loss:  0.5885 	 Valid Accuracy:  0.7500
Run: [5]	 Epoch: [8]	 Train Loss:  0.439056 	 Train Accuracy:  0.9107 	Valid Loss:  0.5502 	 Valid Accuracy:  0.7500
Run: [5]	 Epoch: [9]	 Train Loss:  0.368347 	 Train Accuracy:  0.9375 	Valid Loss:  0.5508 	 Valid Accuracy:  0.7857
Run: [5]	 Epoch: [10]	 Train Loss:  0.400054 	 Train Accuracy:  0.9643 	Valid Loss:  0.4874 	 Valid Accuracy:  0.8571
Run: [5]	 Epoch: [11]	 Train Loss:  0.330126 	 Train Accuracy:  0.9732 	Valid Loss:  0.4551 	 Valid Accuracy:  0.9643
Run: [5]	 Epoch: [12]	 Train Loss:  0.296238 	 Train Accuracy:  0.9911 	Valid Loss:  0.4393 	 Valid Accuracy:  0.9286
Run: [5]	 Epoch: [13]	 Train Loss:  0.274340 	 Train Accuracy:  0.9911 	Valid Loss:  0.4027 	 Valid Accuracy:  0.9643
Run: [5]	 Epoch: [14]	 Train Loss:  0.245126 	 Train Accuracy:  0.9911 	Valid Loss:  0.3754 	 Valid Accuracy:  0.9643
Run: [5]	 Epoch: [15]	 Train Loss:  0.212143 	 Train Accuracy:  0.9911 	Valid Loss:  0.3568 	 Valid Accuracy:  0.9643
Run: [5]	 Epoch: [16]	 Train Loss:  0.190042 	 Train Accuracy:  0.9911 	Valid Loss:  0.3460 	 Valid Accuracy:  0.9643
Run: [5]	 Epoch: [17]	 Train Loss:  0.208114 	 Train Accuracy:  0.9911 	Valid Loss:  0.3456 	 Valid Accuracy:  0.9643
Run: [5]	 Epoch: [18]	 Train Loss:  0.170232 	 Train Accuracy:  0.9911 	Valid Loss:  0.3429 	 Valid Accuracy:  0.9643
Run: [5]	 Epoch: [19]	 Train Loss:  0.171788 	 Train Accuracy:  1.0000 	Valid Loss:  0.3369 	 Valid Accuracy:  0.9643
Run: [5]	 Epoch: [20]	 Train Loss:  0.130953 	 Train Accuracy:  1.0000 	Valid Loss:  0.3295 	 Valid Accuracy:  0.9643
Run: [5]	 Epoch: [21]	 Train Loss:  0.118138 	 Train Accuracy:  1.0000 	Valid Loss:  0.3216 	 Valid Accuracy:  0.9643
Run: [5]	 Epoch: [22]	 Train Loss:  0.136550 	 Train Accuracy:  1.0000 	Valid Loss:  0.3118 	 Valid Accuracy:  0.9643
Run: [5]	 Epoch: [23]	 Train Loss:  0.108872 	 Train Accuracy:  1.0000 	Valid Loss:  0.3029 	 Valid Accuracy:  0.9643
Run: [5]	 Epoch: [24]	 Train Loss:  0.100194 	 Train Accuracy:  1.0000 	Valid Loss:  0.2960 	 Valid Accuracy:  0.9643
Run: [5]	 Epoch: [25]	 Train Loss:  0.114422 	 Train Accuracy:  1.0000 	Valid Loss:  0.2921 	 Valid Accuracy:  0.9643
Run: [5]	 Epoch: [26]	 Train Loss:  0.103155 	 Train Accuracy:  1.0000 	Valid Loss:  0.2854 	 Valid Accuracy:  0.9643
Run: [5]	 Epoch: [27]	 Train Loss:  0.067336 	 Train Accuracy:  1.0000 	Valid Loss:  0.2781 	 Valid Accuracy:  0.9643
Run: [5]	 Epoch: [28]	 Train Loss:  0.074167 	 Train Accuracy:  1.0000 	Valid Loss:  0.2711 	 Valid Accuracy:  0.9643
Run: [5]	 Epoch: [29]	 Train Loss:  0.061417 	 Train Accuracy:  1.0000 	Valid Loss:  0.2682 	 Valid Accuracy:  0.9643
Run: [5]	 Epoch: [30]	 Train Loss:  0.065276 	 Train Accuracy:  1.0000 	Valid Loss:  0.2665 	 Valid Accuracy:  0.9643
Run: [5]	 Epoch: [31]	 Train Loss:  0.084999 	 Train Accuracy:  1.0000 	Valid Loss:  0.2650 	 Valid Accuracy:  0.9643
Run: [5]	 Epoch: [32]	 Train Loss:  0.046797 	 Train Accuracy:  1.0000 	Valid Loss:  0.2647 	 Valid Accuracy:  0.9643
Run: [5]	 Epoch: [33]	 Train Loss:  0.045935 	 Train Accuracy:  1.0000 	Valid Loss:  0.2648 	 Valid Accuracy:  0.9643
Run: [5]	 Epoch: [34]	 Train Loss:  0.057784 	 Train Accuracy:  1.0000 	Valid Loss:  0.2654 	 Valid Accuracy:  0.9643
Run: [5]	 Epoch: [35]	 Train Loss:  0.072139 	 Train Accuracy:  1.0000 	Valid Loss:  0.2659 	 Valid Accuracy:  0.9643
Run: [5]	 Epoch: [36]	 Train Loss:  0.041273 	 Train Accuracy:  1.0000 	Valid Loss:  0.2661 	 Valid Accuracy:  0.9643
Run: [5]	 Epoch: [37]	 Train Loss:  0.040172 	 Train Accuracy:  1.0000 	Valid Loss:  0.2663 	 Valid Accuracy:  0.9643
Run: [5]	 Epoch: [38]	 Train Loss:  0.038134 	 Train Accuracy:  1.0000 	Valid Loss:  0.2665 	 Valid Accuracy:  0.9643
Run: [5]	 Epoch: [39]	 Train Loss:  0.067922 	 Train Accuracy:  1.0000 	Valid Loss:  0.2653 	 Valid Accuracy:  0.9643
Run: [5]	 Epoch: [40]	 Train Loss:  0.022329 	 Train Accuracy:  1.0000 	Valid Loss:  0.2650 	 Valid Accuracy:  0.9643
Run: [5]	 Epoch: [41]	 Train Loss:  0.031036 	 Train Accuracy:  1.0000 	Valid Loss:  0.2651 	 Valid Accuracy:  0.9643
Run: [5]	 Epoch: [42]	 Train Loss:  0.031080 	 Train Accuracy:  1.0000 	Valid Loss:  0.2657 	 Valid Accuracy:  0.9643
Run: [5]	 Epoch: [43]	 Train Loss:  0.040066 	 Train Accuracy:  1.0000 	Valid Loss:  0.2665 	 Valid Accuracy:  0.9643
Run: [5]	 Epoch: [44]	 Train Loss:  0.031980 	 Train Accuracy:  1.0000 	Valid Loss:  0.2672 	 Valid Accuracy:  0.9643
Run: [5]	 Epoch: [45]	 Train Loss:  0.042213 	 Train Accuracy:  1.0000 	Valid Loss:  0.2679 	 Valid Accuracy:  0.9643
Run: [5]	 Epoch: [46]	 Train Loss:  0.022531 	 Train Accuracy:  1.0000 	Valid Loss:  0.2686 	 Valid Accuracy:  0.9643
Run: [5]	 Epoch: [47]	 Train Loss:  0.028785 	 Train Accuracy:  1.0000 	Valid Loss:  0.2695 	 Valid Accuracy:  0.9643
Run: [5]	 Epoch: [48]	 Train Loss:  0.028587 	 Train Accuracy:  1.0000 	Valid Loss:  0.2707 	 Valid Accuracy:  0.9643
Run: [5]	 Epoch: [49]	 Train Loss:  0.023059 	 Train Accuracy:  1.0000 	Valid Loss:  0.2720 	 Valid Accuracy:  0.9643
Run: [5]	 Epoch: [50]	 Train Loss:  0.020740 	 Train Accuracy:  1.0000 	Valid Loss:  0.2734 	 Valid Accuracy:  0.9643
Test Accuracy in run 5 is: 0.944444477558136
Total Train Accuracy after run 5 is: 1.0000
Total Test Accuracy after run 5 is: 0.9167
Best Test Accuracy in 5 runs is: 0.9444
Run: [6]	 Epoch: [1]	 Train Loss:  1.747761 	 Train Accuracy:  0.4196 	Valid Loss:  1.4454 	 Valid Accuracy:  0.4286
Run: [6]	 Epoch: [2]	 Train Loss:  1.314646 	 Train Accuracy:  0.5982 	Valid Loss:  1.1032 	 Valid Accuracy:  0.5714
Run: [6]	 Epoch: [3]	 Train Loss:  1.080438 	 Train Accuracy:  0.6161 	Valid Loss:  1.3196 	 Valid Accuracy:  0.4643
Run: [6]	 Epoch: [4]	 Train Loss:  0.970461 	 Train Accuracy:  0.6786 	Valid Loss:  0.9699 	 Valid Accuracy:  0.6429
Run: [6]	 Epoch: [5]	 Train Loss:  0.819946 	 Train Accuracy:  0.7768 	Valid Loss:  0.9324 	 Valid Accuracy:  0.6429
Run: [6]	 Epoch: [6]	 Train Loss:  0.633860 	 Train Accuracy:  0.8482 	Valid Loss:  0.8736 	 Valid Accuracy:  0.7143
Run: [6]	 Epoch: [7]	 Train Loss:  0.507773 	 Train Accuracy:  0.8393 	Valid Loss:  0.7754 	 Valid Accuracy:  0.6786
Run: [6]	 Epoch: [8]	 Train Loss:  0.500845 	 Train Accuracy:  0.9107 	Valid Loss:  0.7552 	 Valid Accuracy:  0.7143
Run: [6]	 Epoch: [9]	 Train Loss:  0.408188 	 Train Accuracy:  0.9464 	Valid Loss:  0.7240 	 Valid Accuracy:  0.7500
Run: [6]	 Epoch: [10]	 Train Loss:  0.405680 	 Train Accuracy:  0.9643 	Valid Loss:  0.6655 	 Valid Accuracy:  0.7857
Run: [6]	 Epoch: [11]	 Train Loss:  0.387826 	 Train Accuracy:  0.9732 	Valid Loss:  0.6053 	 Valid Accuracy:  0.8214
Run: [6]	 Epoch: [12]	 Train Loss:  0.298742 	 Train Accuracy:  0.9732 	Valid Loss:  0.5502 	 Valid Accuracy:  0.8571
Run: [6]	 Epoch: [13]	 Train Loss:  0.224402 	 Train Accuracy:  0.9821 	Valid Loss:  0.5259 	 Valid Accuracy:  0.8571
Run: [6]	 Epoch: [14]	 Train Loss:  0.242657 	 Train Accuracy:  1.0000 	Valid Loss:  0.4954 	 Valid Accuracy:  0.8571
Run: [6]	 Epoch: [15]	 Train Loss:  0.242189 	 Train Accuracy:  1.0000 	Valid Loss:  0.4715 	 Valid Accuracy:  0.8571
Run: [6]	 Epoch: [16]	 Train Loss:  0.236114 	 Train Accuracy:  0.9911 	Valid Loss:  0.3911 	 Valid Accuracy:  0.8929
Run: [6]	 Epoch: [17]	 Train Loss:  0.152844 	 Train Accuracy:  1.0000 	Valid Loss:  0.3867 	 Valid Accuracy:  0.8929
Run: [6]	 Epoch: [18]	 Train Loss:  0.147186 	 Train Accuracy:  1.0000 	Valid Loss:  0.3918 	 Valid Accuracy:  0.8929
Run: [6]	 Epoch: [19]	 Train Loss:  0.140378 	 Train Accuracy:  1.0000 	Valid Loss:  0.4039 	 Valid Accuracy:  0.8929
Run: [6]	 Epoch: [20]	 Train Loss:  0.145098 	 Train Accuracy:  1.0000 	Valid Loss:  0.4161 	 Valid Accuracy:  0.8929
Run: [6]	 Epoch: [21]	 Train Loss:  0.106391 	 Train Accuracy:  1.0000 	Valid Loss:  0.4401 	 Valid Accuracy:  0.8929
Run: [6]	 Epoch: [22]	 Train Loss:  0.126265 	 Train Accuracy:  1.0000 	Valid Loss:  0.4660 	 Valid Accuracy:  0.8929
Run: [6]	 Epoch: [23]	 Train Loss:  0.100470 	 Train Accuracy:  1.0000 	Valid Loss:  0.4864 	 Valid Accuracy:  0.8929
Run: [6]	 Epoch: [24]	 Train Loss:  0.081436 	 Train Accuracy:  1.0000 	Valid Loss:  0.4888 	 Valid Accuracy:  0.8929
Run: [6]	 Epoch: [25]	 Train Loss:  0.094559 	 Train Accuracy:  1.0000 	Valid Loss:  0.4867 	 Valid Accuracy:  0.8929
Run: [6]	 Epoch: [26]	 Train Loss:  0.086593 	 Train Accuracy:  1.0000 	Valid Loss:  0.4735 	 Valid Accuracy:  0.8929
Run: [6]	 Epoch: [27]	 Train Loss:  0.072001 	 Train Accuracy:  1.0000 	Valid Loss:  0.4560 	 Valid Accuracy:  0.8929
Run: [6]	 Epoch: [28]	 Train Loss:  0.080560 	 Train Accuracy:  1.0000 	Valid Loss:  0.4374 	 Valid Accuracy:  0.8929
Run: [6]	 Epoch: [29]	 Train Loss:  0.070565 	 Train Accuracy:  1.0000 	Valid Loss:  0.4184 	 Valid Accuracy:  0.8929
Run: [6]	 Epoch: [30]	 Train Loss:  0.100884 	 Train Accuracy:  1.0000 	Valid Loss:  0.4040 	 Valid Accuracy:  0.8929
Run: [6]	 Epoch: [31]	 Train Loss:  0.072891 	 Train Accuracy:  1.0000 	Valid Loss:  0.3942 	 Valid Accuracy:  0.8929
Run: [6]	 Epoch: [32]	 Train Loss:  0.061640 	 Train Accuracy:  1.0000 	Valid Loss:  0.3862 	 Valid Accuracy:  0.8929
Run: [6]	 Epoch: [33]	 Train Loss:  0.056719 	 Train Accuracy:  1.0000 	Valid Loss:  0.3804 	 Valid Accuracy:  0.9286
Run: [6]	 Epoch: [34]	 Train Loss:  0.051624 	 Train Accuracy:  1.0000 	Valid Loss:  0.3775 	 Valid Accuracy:  0.9286
Run: [6]	 Epoch: [35]	 Train Loss:  0.050659 	 Train Accuracy:  1.0000 	Valid Loss:  0.3770 	 Valid Accuracy:  0.9286
Run: [6]	 Epoch: [36]	 Train Loss:  0.036859 	 Train Accuracy:  1.0000 	Valid Loss:  0.3786 	 Valid Accuracy:  0.9286
Run: [6]	 Epoch: [37]	 Train Loss:  0.026414 	 Train Accuracy:  1.0000 	Valid Loss:  0.3822 	 Valid Accuracy:  0.9286
Run: [6]	 Epoch: [38]	 Train Loss:  0.035561 	 Train Accuracy:  1.0000 	Valid Loss:  0.3864 	 Valid Accuracy:  0.9286
Run: [6]	 Epoch: [39]	 Train Loss:  0.041854 	 Train Accuracy:  1.0000 	Valid Loss:  0.3909 	 Valid Accuracy:  0.9286
Run: [6]	 Epoch: [40]	 Train Loss:  0.034801 	 Train Accuracy:  1.0000 	Valid Loss:  0.3981 	 Valid Accuracy:  0.9286
Run: [6]	 Epoch: [41]	 Train Loss:  0.038235 	 Train Accuracy:  1.0000 	Valid Loss:  0.4058 	 Valid Accuracy:  0.8929
Run: [6]	 Epoch: [42]	 Train Loss:  0.042983 	 Train Accuracy:  1.0000 	Valid Loss:  0.4131 	 Valid Accuracy:  0.8929
Run: [6]	 Epoch: [43]	 Train Loss:  0.057731 	 Train Accuracy:  1.0000 	Valid Loss:  0.4177 	 Valid Accuracy:  0.8929
Run: [6]	 Epoch: [44]	 Train Loss:  0.038291 	 Train Accuracy:  1.0000 	Valid Loss:  0.4243 	 Valid Accuracy:  0.8929
Run: [6]	 Epoch: [45]	 Train Loss:  0.028083 	 Train Accuracy:  1.0000 	Valid Loss:  0.4323 	 Valid Accuracy:  0.8929
Run: [6]	 Epoch: [46]	 Train Loss:  0.030605 	 Train Accuracy:  1.0000 	Valid Loss:  0.4389 	 Valid Accuracy:  0.8929
Run: [6]	 Epoch: [47]	 Train Loss:  0.037204 	 Train Accuracy:  1.0000 	Valid Loss:  0.4436 	 Valid Accuracy:  0.9286
Run: [6]	 Epoch: [48]	 Train Loss:  0.026770 	 Train Accuracy:  1.0000 	Valid Loss:  0.4505 	 Valid Accuracy:  0.9286
Run: [6]	 Epoch: [49]	 Train Loss:  0.024054 	 Train Accuracy:  1.0000 	Valid Loss:  0.4543 	 Valid Accuracy:  0.8929
Run: [6]	 Epoch: [50]	 Train Loss:  0.048540 	 Train Accuracy:  1.0000 	Valid Loss:  0.4578 	 Valid Accuracy:  0.8929
Test Accuracy in run 6 is: 0.944444477558136
Total Train Accuracy after run 6 is: 1.0000
Total Test Accuracy after run 6 is: 0.9213
Best Test Accuracy in 6 runs is: 0.9444
Run: [7]	 Epoch: [1]	 Train Loss:  1.406565 	 Train Accuracy:  0.5357 	Valid Loss:  1.2834 	 Valid Accuracy:  0.4286
Run: [7]	 Epoch: [2]	 Train Loss:  1.282405 	 Train Accuracy:  0.7143 	Valid Loss:  1.0491 	 Valid Accuracy:  0.6071
Run: [7]	 Epoch: [3]	 Train Loss:  0.957384 	 Train Accuracy:  0.5982 	Valid Loss:  1.2465 	 Valid Accuracy:  0.3929
Run: [7]	 Epoch: [4]	 Train Loss:  1.026767 	 Train Accuracy:  0.7857 	Valid Loss:  0.8322 	 Valid Accuracy:  0.7500
Run: [7]	 Epoch: [5]	 Train Loss:  0.731784 	 Train Accuracy:  0.8036 	Valid Loss:  0.8705 	 Valid Accuracy:  0.6786
Run: [7]	 Epoch: [6]	 Train Loss:  0.597365 	 Train Accuracy:  0.9107 	Valid Loss:  0.8263 	 Valid Accuracy:  0.7500
Run: [7]	 Epoch: [7]	 Train Loss:  0.506350 	 Train Accuracy:  0.9286 	Valid Loss:  0.7552 	 Valid Accuracy:  0.7500
Run: [7]	 Epoch: [8]	 Train Loss:  0.437242 	 Train Accuracy:  0.9643 	Valid Loss:  0.6902 	 Valid Accuracy:  0.7857
Run: [7]	 Epoch: [9]	 Train Loss:  0.385190 	 Train Accuracy:  0.9643 	Valid Loss:  0.6453 	 Valid Accuracy:  0.7857
Run: [7]	 Epoch: [10]	 Train Loss:  0.330741 	 Train Accuracy:  0.9821 	Valid Loss:  0.6192 	 Valid Accuracy:  0.7143
Run: [7]	 Epoch: [11]	 Train Loss:  0.251871 	 Train Accuracy:  0.9732 	Valid Loss:  0.5602 	 Valid Accuracy:  0.7857
Run: [7]	 Epoch: [12]	 Train Loss:  0.254423 	 Train Accuracy:  0.9911 	Valid Loss:  0.5215 	 Valid Accuracy:  0.7857
Run: [7]	 Epoch: [13]	 Train Loss:  0.191275 	 Train Accuracy:  1.0000 	Valid Loss:  0.5062 	 Valid Accuracy:  0.7857
Run: [7]	 Epoch: [14]	 Train Loss:  0.187027 	 Train Accuracy:  1.0000 	Valid Loss:  0.5256 	 Valid Accuracy:  0.7857
Run: [7]	 Epoch: [15]	 Train Loss:  0.138044 	 Train Accuracy:  1.0000 	Valid Loss:  0.5600 	 Valid Accuracy:  0.7857
Run: [7]	 Epoch: [16]	 Train Loss:  0.148668 	 Train Accuracy:  1.0000 	Valid Loss:  0.5873 	 Valid Accuracy:  0.7857
Run: [7]	 Epoch: [17]	 Train Loss:  0.144929 	 Train Accuracy:  1.0000 	Valid Loss:  0.5951 	 Valid Accuracy:  0.8214
Run: [7]	 Epoch: [18]	 Train Loss:  0.145536 	 Train Accuracy:  1.0000 	Valid Loss:  0.5894 	 Valid Accuracy:  0.8214
Run: [7]	 Epoch: [19]	 Train Loss:  0.149941 	 Train Accuracy:  1.0000 	Valid Loss:  0.5848 	 Valid Accuracy:  0.8214
Run: [7]	 Epoch: [20]	 Train Loss:  0.145600 	 Train Accuracy:  1.0000 	Valid Loss:  0.5703 	 Valid Accuracy:  0.8214
Run: [7]	 Epoch: [21]	 Train Loss:  0.113340 	 Train Accuracy:  1.0000 	Valid Loss:  0.5578 	 Valid Accuracy:  0.8214
Run: [7]	 Epoch: [22]	 Train Loss:  0.103458 	 Train Accuracy:  1.0000 	Valid Loss:  0.5629 	 Valid Accuracy:  0.8214
Run: [7]	 Epoch: [23]	 Train Loss:  0.074513 	 Train Accuracy:  1.0000 	Valid Loss:  0.5713 	 Valid Accuracy:  0.8214
Run: [7]	 Epoch: [24]	 Train Loss:  0.103574 	 Train Accuracy:  1.0000 	Valid Loss:  0.5852 	 Valid Accuracy:  0.8214
Run: [7]	 Epoch: [25]	 Train Loss:  0.080077 	 Train Accuracy:  1.0000 	Valid Loss:  0.6075 	 Valid Accuracy:  0.8214
Run: [7]	 Epoch: [26]	 Train Loss:  0.085668 	 Train Accuracy:  1.0000 	Valid Loss:  0.6234 	 Valid Accuracy:  0.8214
Run: [7]	 Epoch: [27]	 Train Loss:  0.090439 	 Train Accuracy:  1.0000 	Valid Loss:  0.6289 	 Valid Accuracy:  0.8214
Run: [7]	 Epoch: [28]	 Train Loss:  0.064531 	 Train Accuracy:  1.0000 	Valid Loss:  0.6307 	 Valid Accuracy:  0.8214
Run: [7]	 Epoch: [29]	 Train Loss:  0.079969 	 Train Accuracy:  1.0000 	Valid Loss:  0.6130 	 Valid Accuracy:  0.8214
Run: [7]	 Epoch: [30]	 Train Loss:  0.090301 	 Train Accuracy:  1.0000 	Valid Loss:  0.6014 	 Valid Accuracy:  0.8214
Run: [7]	 Epoch: [31]	 Train Loss:  0.040286 	 Train Accuracy:  1.0000 	Valid Loss:  0.5899 	 Valid Accuracy:  0.8214
Run: [7]	 Epoch: [32]	 Train Loss:  0.067495 	 Train Accuracy:  1.0000 	Valid Loss:  0.5775 	 Valid Accuracy:  0.8214
Run: [7]	 Epoch: [33]	 Train Loss:  0.021421 	 Train Accuracy:  1.0000 	Valid Loss:  0.5720 	 Valid Accuracy:  0.8214
Run: [7]	 Epoch: [34]	 Train Loss:  0.043064 	 Train Accuracy:  1.0000 	Valid Loss:  0.5723 	 Valid Accuracy:  0.8214
Run: [7]	 Epoch: [35]	 Train Loss:  0.024470 	 Train Accuracy:  1.0000 	Valid Loss:  0.5784 	 Valid Accuracy:  0.8214
Run: [7]	 Epoch: [36]	 Train Loss:  0.076498 	 Train Accuracy:  1.0000 	Valid Loss:  0.5786 	 Valid Accuracy:  0.8214
Run: [7]	 Epoch: [37]	 Train Loss:  0.029363 	 Train Accuracy:  1.0000 	Valid Loss:  0.5812 	 Valid Accuracy:  0.8214
Run: [7]	 Epoch: [38]	 Train Loss:  0.041992 	 Train Accuracy:  1.0000 	Valid Loss:  0.5891 	 Valid Accuracy:  0.8214
Run: [7]	 Epoch: [39]	 Train Loss:  0.043207 	 Train Accuracy:  1.0000 	Valid Loss:  0.5923 	 Valid Accuracy:  0.8214
Run: [7]	 Epoch: [40]	 Train Loss:  0.037245 	 Train Accuracy:  1.0000 	Valid Loss:  0.5969 	 Valid Accuracy:  0.8214
Run: [7]	 Epoch: [41]	 Train Loss:  0.043599 	 Train Accuracy:  1.0000 	Valid Loss:  0.5990 	 Valid Accuracy:  0.8214
Run: [7]	 Epoch: [42]	 Train Loss:  0.033595 	 Train Accuracy:  1.0000 	Valid Loss:  0.5984 	 Valid Accuracy:  0.8214
Run: [7]	 Epoch: [43]	 Train Loss:  0.033702 	 Train Accuracy:  1.0000 	Valid Loss:  0.6023 	 Valid Accuracy:  0.8214
Run: [7]	 Epoch: [44]	 Train Loss:  0.049848 	 Train Accuracy:  1.0000 	Valid Loss:  0.6042 	 Valid Accuracy:  0.8214
Run: [7]	 Epoch: [45]	 Train Loss:  0.039676 	 Train Accuracy:  1.0000 	Valid Loss:  0.5969 	 Valid Accuracy:  0.8214
Run: [7]	 Epoch: [46]	 Train Loss:  0.021624 	 Train Accuracy:  1.0000 	Valid Loss:  0.5798 	 Valid Accuracy:  0.8214
Run: [7]	 Epoch: [47]	 Train Loss:  0.028393 	 Train Accuracy:  1.0000 	Valid Loss:  0.5701 	 Valid Accuracy:  0.8214
Run: [7]	 Epoch: [48]	 Train Loss:  0.034093 	 Train Accuracy:  1.0000 	Valid Loss:  0.5612 	 Valid Accuracy:  0.8214
Run: [7]	 Epoch: [49]	 Train Loss:  0.035301 	 Train Accuracy:  1.0000 	Valid Loss:  0.5630 	 Valid Accuracy:  0.8214
Run: [7]	 Epoch: [50]	 Train Loss:  0.029838 	 Train Accuracy:  1.0000 	Valid Loss:  0.5729 	 Valid Accuracy:  0.8214
Test Accuracy in run 7 is: 0.8888888955116272
Total Train Accuracy after run 7 is: 1.0000
Total Test Accuracy after run 7 is: 0.9167
Best Test Accuracy in 7 runs is: 0.9444
Run: [8]	 Epoch: [1]	 Train Loss:  1.974792 	 Train Accuracy:  0.1786 	Valid Loss:  1.7139 	 Valid Accuracy:  0.1071
Run: [8]	 Epoch: [2]	 Train Loss:  1.574772 	 Train Accuracy:  0.4464 	Valid Loss:  1.3033 	 Valid Accuracy:  0.3929
Run: [8]	 Epoch: [3]	 Train Loss:  1.223295 	 Train Accuracy:  0.6518 	Valid Loss:  1.3030 	 Valid Accuracy:  0.4286
Run: [8]	 Epoch: [4]	 Train Loss:  1.051860 	 Train Accuracy:  0.6696 	Valid Loss:  1.1415 	 Valid Accuracy:  0.5357
Run: [8]	 Epoch: [5]	 Train Loss:  0.940169 	 Train Accuracy:  0.7589 	Valid Loss:  1.0253 	 Valid Accuracy:  0.5714
Run: [8]	 Epoch: [6]	 Train Loss:  0.850550 	 Train Accuracy:  0.7768 	Valid Loss:  0.9196 	 Valid Accuracy:  0.6786
Run: [8]	 Epoch: [7]	 Train Loss:  0.778489 	 Train Accuracy:  0.7946 	Valid Loss:  0.8905 	 Valid Accuracy:  0.6429
Run: [8]	 Epoch: [8]	 Train Loss:  0.637167 	 Train Accuracy:  0.8661 	Valid Loss:  0.8071 	 Valid Accuracy:  0.7500
Run: [8]	 Epoch: [9]	 Train Loss:  0.565547 	 Train Accuracy:  0.9286 	Valid Loss:  0.7242 	 Valid Accuracy:  0.7857
Run: [8]	 Epoch: [10]	 Train Loss:  0.499640 	 Train Accuracy:  0.9643 	Valid Loss:  0.6946 	 Valid Accuracy:  0.7857
Run: [8]	 Epoch: [11]	 Train Loss:  0.445915 	 Train Accuracy:  0.9911 	Valid Loss:  0.6391 	 Valid Accuracy:  0.7857
Run: [8]	 Epoch: [12]	 Train Loss:  0.425905 	 Train Accuracy:  1.0000 	Valid Loss:  0.5854 	 Valid Accuracy:  0.8571
Run: [8]	 Epoch: [13]	 Train Loss:  0.354473 	 Train Accuracy:  1.0000 	Valid Loss:  0.5562 	 Valid Accuracy:  0.8214
Run: [8]	 Epoch: [14]	 Train Loss:  0.312839 	 Train Accuracy:  0.9911 	Valid Loss:  0.5380 	 Valid Accuracy:  0.8214
Run: [8]	 Epoch: [15]	 Train Loss:  0.325628 	 Train Accuracy:  1.0000 	Valid Loss:  0.4709 	 Valid Accuracy:  0.8571
Run: [8]	 Epoch: [16]	 Train Loss:  0.253923 	 Train Accuracy:  1.0000 	Valid Loss:  0.4345 	 Valid Accuracy:  0.8571
Run: [8]	 Epoch: [17]	 Train Loss:  0.222334 	 Train Accuracy:  1.0000 	Valid Loss:  0.4281 	 Valid Accuracy:  0.8214
Run: [8]	 Epoch: [18]	 Train Loss:  0.209981 	 Train Accuracy:  1.0000 	Valid Loss:  0.4492 	 Valid Accuracy:  0.8571
Run: [8]	 Epoch: [19]	 Train Loss:  0.192664 	 Train Accuracy:  1.0000 	Valid Loss:  0.4220 	 Valid Accuracy:  0.8571
Run: [8]	 Epoch: [20]	 Train Loss:  0.203398 	 Train Accuracy:  1.0000 	Valid Loss:  0.3948 	 Valid Accuracy:  0.8571
Run: [8]	 Epoch: [21]	 Train Loss:  0.164711 	 Train Accuracy:  1.0000 	Valid Loss:  0.3522 	 Valid Accuracy:  0.8929
Run: [8]	 Epoch: [22]	 Train Loss:  0.126719 	 Train Accuracy:  1.0000 	Valid Loss:  0.3459 	 Valid Accuracy:  0.8929
Run: [8]	 Epoch: [23]	 Train Loss:  0.131574 	 Train Accuracy:  1.0000 	Valid Loss:  0.3680 	 Valid Accuracy:  0.8929
Run: [8]	 Epoch: [24]	 Train Loss:  0.127017 	 Train Accuracy:  1.0000 	Valid Loss:  0.3926 	 Valid Accuracy:  0.8571
Run: [8]	 Epoch: [25]	 Train Loss:  0.123499 	 Train Accuracy:  1.0000 	Valid Loss:  0.4136 	 Valid Accuracy:  0.8571
Run: [8]	 Epoch: [26]	 Train Loss:  0.116512 	 Train Accuracy:  1.0000 	Valid Loss:  0.4238 	 Valid Accuracy:  0.8571
Run: [8]	 Epoch: [27]	 Train Loss:  0.105781 	 Train Accuracy:  1.0000 	Valid Loss:  0.4390 	 Valid Accuracy:  0.8571
Run: [8]	 Epoch: [28]	 Train Loss:  0.102388 	 Train Accuracy:  1.0000 	Valid Loss:  0.4356 	 Valid Accuracy:  0.8214
Run: [8]	 Epoch: [29]	 Train Loss:  0.106265 	 Train Accuracy:  1.0000 	Valid Loss:  0.4173 	 Valid Accuracy:  0.8571
Run: [8]	 Epoch: [30]	 Train Loss:  0.070728 	 Train Accuracy:  1.0000 	Valid Loss:  0.3936 	 Valid Accuracy:  0.8571
Run: [8]	 Epoch: [31]	 Train Loss:  0.079089 	 Train Accuracy:  1.0000 	Valid Loss:  0.3838 	 Valid Accuracy:  0.8571
Run: [8]	 Epoch: [32]	 Train Loss:  0.109569 	 Train Accuracy:  1.0000 	Valid Loss:  0.3726 	 Valid Accuracy:  0.8929
Run: [8]	 Epoch: [33]	 Train Loss:  0.096834 	 Train Accuracy:  1.0000 	Valid Loss:  0.3637 	 Valid Accuracy:  0.8571
Run: [8]	 Epoch: [34]	 Train Loss:  0.118587 	 Train Accuracy:  1.0000 	Valid Loss:  0.3635 	 Valid Accuracy:  0.8571
Run: [8]	 Epoch: [35]	 Train Loss:  0.092115 	 Train Accuracy:  1.0000 	Valid Loss:  0.3734 	 Valid Accuracy:  0.8929
Run: [8]	 Epoch: [36]	 Train Loss:  0.063223 	 Train Accuracy:  1.0000 	Valid Loss:  0.3816 	 Valid Accuracy:  0.8929
Run: [8]	 Epoch: [37]	 Train Loss:  0.073225 	 Train Accuracy:  1.0000 	Valid Loss:  0.3922 	 Valid Accuracy:  0.8929
Run: [8]	 Epoch: [38]	 Train Loss:  0.067975 	 Train Accuracy:  1.0000 	Valid Loss:  0.4103 	 Valid Accuracy:  0.8929
Run: [8]	 Epoch: [39]	 Train Loss:  0.075654 	 Train Accuracy:  1.0000 	Valid Loss:  0.4145 	 Valid Accuracy:  0.8571
Run: [8]	 Epoch: [40]	 Train Loss:  0.043568 	 Train Accuracy:  1.0000 	Valid Loss:  0.4101 	 Valid Accuracy:  0.8214
Run: [8]	 Epoch: [41]	 Train Loss:  0.078229 	 Train Accuracy:  1.0000 	Valid Loss:  0.3980 	 Valid Accuracy:  0.8929
Run: [8]	 Epoch: [42]	 Train Loss:  0.060684 	 Train Accuracy:  1.0000 	Valid Loss:  0.3752 	 Valid Accuracy:  0.8929
Run: [8]	 Epoch: [43]	 Train Loss:  0.031674 	 Train Accuracy:  1.0000 	Valid Loss:  0.3579 	 Valid Accuracy:  0.8929
Run: [8]	 Epoch: [44]	 Train Loss:  0.037919 	 Train Accuracy:  1.0000 	Valid Loss:  0.3434 	 Valid Accuracy:  0.8929
Run: [8]	 Epoch: [45]	 Train Loss:  0.042704 	 Train Accuracy:  1.0000 	Valid Loss:  0.3359 	 Valid Accuracy:  0.8929
Run: [8]	 Epoch: [46]	 Train Loss:  0.049998 	 Train Accuracy:  1.0000 	Valid Loss:  0.3302 	 Valid Accuracy:  0.9286
Run: [8]	 Epoch: [47]	 Train Loss:  0.038099 	 Train Accuracy:  1.0000 	Valid Loss:  0.3301 	 Valid Accuracy:  0.9286
Run: [8]	 Epoch: [48]	 Train Loss:  0.044106 	 Train Accuracy:  1.0000 	Valid Loss:  0.3380 	 Valid Accuracy:  0.9286
Run: [8]	 Epoch: [49]	 Train Loss:  0.053393 	 Train Accuracy:  1.0000 	Valid Loss:  0.3344 	 Valid Accuracy:  0.9286
Run: [8]	 Epoch: [50]	 Train Loss:  0.058945 	 Train Accuracy:  1.0000 	Valid Loss:  0.3338 	 Valid Accuracy:  0.9286
Test Accuracy in run 8 is: 0.8611111044883728
Total Train Accuracy after run 8 is: 1.0000
Total Test Accuracy after run 8 is: 0.9097
Best Test Accuracy in 8 runs is: 0.9444
Run: [9]	 Epoch: [1]	 Train Loss:  1.631790 	 Train Accuracy:  0.3661 	Valid Loss:  1.3187 	 Valid Accuracy:  0.3571
Run: [9]	 Epoch: [2]	 Train Loss:  1.442474 	 Train Accuracy:  0.5804 	Valid Loss:  1.1926 	 Valid Accuracy:  0.4286
Run: [9]	 Epoch: [3]	 Train Loss:  1.083372 	 Train Accuracy:  0.7143 	Valid Loss:  0.9442 	 Valid Accuracy:  0.6071
Run: [9]	 Epoch: [4]	 Train Loss:  0.897364 	 Train Accuracy:  0.7857 	Valid Loss:  1.0183 	 Valid Accuracy:  0.5714
Run: [9]	 Epoch: [5]	 Train Loss:  0.712183 	 Train Accuracy:  0.8839 	Valid Loss:  0.8192 	 Valid Accuracy:  0.6786
Run: [9]	 Epoch: [6]	 Train Loss:  0.607541 	 Train Accuracy:  0.8482 	Valid Loss:  0.7344 	 Valid Accuracy:  0.6429
Run: [9]	 Epoch: [7]	 Train Loss:  0.565261 	 Train Accuracy:  0.9286 	Valid Loss:  0.5794 	 Valid Accuracy:  0.8214
Run: [9]	 Epoch: [8]	 Train Loss:  0.421132 	 Train Accuracy:  0.9643 	Valid Loss:  0.5494 	 Valid Accuracy:  0.8214
Run: [9]	 Epoch: [9]	 Train Loss:  0.407726 	 Train Accuracy:  0.9643 	Valid Loss:  0.4746 	 Valid Accuracy:  0.8929
Run: [9]	 Epoch: [10]	 Train Loss:  0.325078 	 Train Accuracy:  0.9732 	Valid Loss:  0.4803 	 Valid Accuracy:  0.8214
Run: [9]	 Epoch: [11]	 Train Loss:  0.260943 	 Train Accuracy:  0.9821 	Valid Loss:  0.4535 	 Valid Accuracy:  0.8929
Run: [9]	 Epoch: [12]	 Train Loss:  0.282467 	 Train Accuracy:  1.0000 	Valid Loss:  0.4255 	 Valid Accuracy:  0.8929
Run: [9]	 Epoch: [13]	 Train Loss:  0.262982 	 Train Accuracy:  1.0000 	Valid Loss:  0.4284 	 Valid Accuracy:  0.8571
Run: [9]	 Epoch: [14]	 Train Loss:  0.201651 	 Train Accuracy:  1.0000 	Valid Loss:  0.4260 	 Valid Accuracy:  0.8929
Run: [9]	 Epoch: [15]	 Train Loss:  0.218858 	 Train Accuracy:  1.0000 	Valid Loss:  0.3919 	 Valid Accuracy:  0.8929
Run: [9]	 Epoch: [16]	 Train Loss:  0.167247 	 Train Accuracy:  1.0000 	Valid Loss:  0.3713 	 Valid Accuracy:  0.8929
Run: [9]	 Epoch: [17]	 Train Loss:  0.166610 	 Train Accuracy:  1.0000 	Valid Loss:  0.3677 	 Valid Accuracy:  0.8929
Run: [9]	 Epoch: [18]	 Train Loss:  0.137595 	 Train Accuracy:  1.0000 	Valid Loss:  0.3655 	 Valid Accuracy:  0.8929
Run: [9]	 Epoch: [19]	 Train Loss:  0.131143 	 Train Accuracy:  1.0000 	Valid Loss:  0.3894 	 Valid Accuracy:  0.8929
Run: [9]	 Epoch: [20]	 Train Loss:  0.107906 	 Train Accuracy:  1.0000 	Valid Loss:  0.3902 	 Valid Accuracy:  0.8929
Run: [9]	 Epoch: [21]	 Train Loss:  0.117988 	 Train Accuracy:  1.0000 	Valid Loss:  0.3464 	 Valid Accuracy:  0.8929
Run: [9]	 Epoch: [22]	 Train Loss:  0.112194 	 Train Accuracy:  1.0000 	Valid Loss:  0.3036 	 Valid Accuracy:  0.9286
Run: [9]	 Epoch: [23]	 Train Loss:  0.115752 	 Train Accuracy:  1.0000 	Valid Loss:  0.2892 	 Valid Accuracy:  0.8929
Run: [9]	 Epoch: [24]	 Train Loss:  0.114594 	 Train Accuracy:  1.0000 	Valid Loss:  0.2889 	 Valid Accuracy:  0.8929
Run: [9]	 Epoch: [25]	 Train Loss:  0.082894 	 Train Accuracy:  1.0000 	Valid Loss:  0.2947 	 Valid Accuracy:  0.9286
Run: [9]	 Epoch: [26]	 Train Loss:  0.113357 	 Train Accuracy:  1.0000 	Valid Loss:  0.3074 	 Valid Accuracy:  0.9286
Run: [9]	 Epoch: [27]	 Train Loss:  0.071229 	 Train Accuracy:  1.0000 	Valid Loss:  0.3426 	 Valid Accuracy:  0.9286
Run: [9]	 Epoch: [28]	 Train Loss:  0.067953 	 Train Accuracy:  1.0000 	Valid Loss:  0.3775 	 Valid Accuracy:  0.8929
Run: [9]	 Epoch: [29]	 Train Loss:  0.050809 	 Train Accuracy:  1.0000 	Valid Loss:  0.4092 	 Valid Accuracy:  0.8929
Run: [9]	 Epoch: [30]	 Train Loss:  0.073308 	 Train Accuracy:  1.0000 	Valid Loss:  0.3779 	 Valid Accuracy:  0.8929
Run: [9]	 Epoch: [31]	 Train Loss:  0.068343 	 Train Accuracy:  1.0000 	Valid Loss:  0.3411 	 Valid Accuracy:  0.8929
Run: [9]	 Epoch: [32]	 Train Loss:  0.042038 	 Train Accuracy:  1.0000 	Valid Loss:  0.3099 	 Valid Accuracy:  0.9286
Run: [9]	 Epoch: [33]	 Train Loss:  0.072856 	 Train Accuracy:  1.0000 	Valid Loss:  0.2845 	 Valid Accuracy:  0.9286
Run: [9]	 Epoch: [34]	 Train Loss:  0.047753 	 Train Accuracy:  1.0000 	Valid Loss:  0.2553 	 Valid Accuracy:  0.9286
Run: [9]	 Epoch: [35]	 Train Loss:  0.050997 	 Train Accuracy:  1.0000 	Valid Loss:  0.2256 	 Valid Accuracy:  0.9286
Run: [9]	 Epoch: [36]	 Train Loss:  0.059707 	 Train Accuracy:  1.0000 	Valid Loss:  0.2072 	 Valid Accuracy:  0.9286
Run: [9]	 Epoch: [37]	 Train Loss:  0.056280 	 Train Accuracy:  1.0000 	Valid Loss:  0.1961 	 Valid Accuracy:  0.9286
Run: [9]	 Epoch: [38]	 Train Loss:  0.048875 	 Train Accuracy:  1.0000 	Valid Loss:  0.1867 	 Valid Accuracy:  0.9286
Run: [9]	 Epoch: [39]	 Train Loss:  0.036818 	 Train Accuracy:  1.0000 	Valid Loss:  0.1997 	 Valid Accuracy:  0.9286
Run: [9]	 Epoch: [40]	 Train Loss:  0.060441 	 Train Accuracy:  1.0000 	Valid Loss:  0.2218 	 Valid Accuracy:  0.9286
Run: [9]	 Epoch: [41]	 Train Loss:  0.051114 	 Train Accuracy:  1.0000 	Valid Loss:  0.2455 	 Valid Accuracy:  0.9286
Run: [9]	 Epoch: [42]	 Train Loss:  0.046100 	 Train Accuracy:  1.0000 	Valid Loss:  0.2750 	 Valid Accuracy:  0.9286
Run: [9]	 Epoch: [43]	 Train Loss:  0.043852 	 Train Accuracy:  1.0000 	Valid Loss:  0.2969 	 Valid Accuracy:  0.9286
Run: [9]	 Epoch: [44]	 Train Loss:  0.057209 	 Train Accuracy:  1.0000 	Valid Loss:  0.3072 	 Valid Accuracy:  0.9286
Run: [9]	 Epoch: [45]	 Train Loss:  0.039652 	 Train Accuracy:  1.0000 	Valid Loss:  0.2720 	 Valid Accuracy:  0.9286
Run: [9]	 Epoch: [46]	 Train Loss:  0.051303 	 Train Accuracy:  1.0000 	Valid Loss:  0.2547 	 Valid Accuracy:  0.9286
Run: [9]	 Epoch: [47]	 Train Loss:  0.020673 	 Train Accuracy:  1.0000 	Valid Loss:  0.2477 	 Valid Accuracy:  0.9286
Run: [9]	 Epoch: [48]	 Train Loss:  0.038414 	 Train Accuracy:  1.0000 	Valid Loss:  0.2457 	 Valid Accuracy:  0.9286
Run: [9]	 Epoch: [49]	 Train Loss:  0.016730 	 Train Accuracy:  1.0000 	Valid Loss:  0.2476 	 Valid Accuracy:  0.9286
Run: [9]	 Epoch: [50]	 Train Loss:  0.025626 	 Train Accuracy:  1.0000 	Valid Loss:  0.2505 	 Valid Accuracy:  0.9286
Test Accuracy in run 9 is: 0.944444477558136
Total Train Accuracy after run 9 is: 1.0000
Total Test Accuracy after run 9 is: 0.9136
Best Test Accuracy in 9 runs is: 0.9444
Run: [10]	 Epoch: [1]	 Train Loss:  1.674168 	 Train Accuracy:  0.3750 	Valid Loss:  1.6001 	 Valid Accuracy:  0.2500
Run: [10]	 Epoch: [2]	 Train Loss:  1.343201 	 Train Accuracy:  0.6071 	Valid Loss:  1.2348 	 Valid Accuracy:  0.5357
Run: [10]	 Epoch: [3]	 Train Loss:  1.082511 	 Train Accuracy:  0.7054 	Valid Loss:  1.0536 	 Valid Accuracy:  0.6429
Run: [10]	 Epoch: [4]	 Train Loss:  0.895389 	 Train Accuracy:  0.7679 	Valid Loss:  0.9122 	 Valid Accuracy:  0.6786
Run: [10]	 Epoch: [5]	 Train Loss:  0.728859 	 Train Accuracy:  0.8214 	Valid Loss:  0.8356 	 Valid Accuracy:  0.6786
Run: [10]	 Epoch: [6]	 Train Loss:  0.619948 	 Train Accuracy:  0.8571 	Valid Loss:  0.6752 	 Valid Accuracy:  0.7857
Run: [10]	 Epoch: [7]	 Train Loss:  0.507805 	 Train Accuracy:  0.9554 	Valid Loss:  0.6353 	 Valid Accuracy:  0.7857
Run: [10]	 Epoch: [8]	 Train Loss:  0.400389 	 Train Accuracy:  0.9286 	Valid Loss:  0.6011 	 Valid Accuracy:  0.7857
Run: [10]	 Epoch: [9]	 Train Loss:  0.385630 	 Train Accuracy:  0.9643 	Valid Loss:  0.5864 	 Valid Accuracy:  0.8214
Run: [10]	 Epoch: [10]	 Train Loss:  0.345599 	 Train Accuracy:  0.9643 	Valid Loss:  0.5995 	 Valid Accuracy:  0.7857
Run: [10]	 Epoch: [11]	 Train Loss:  0.334881 	 Train Accuracy:  0.9732 	Valid Loss:  0.6002 	 Valid Accuracy:  0.7500
Run: [10]	 Epoch: [12]	 Train Loss:  0.270798 	 Train Accuracy:  0.9732 	Valid Loss:  0.5704 	 Valid Accuracy:  0.8214
Run: [10]	 Epoch: [13]	 Train Loss:  0.265345 	 Train Accuracy:  0.9821 	Valid Loss:  0.5197 	 Valid Accuracy:  0.7857
Run: [10]	 Epoch: [14]	 Train Loss:  0.227164 	 Train Accuracy:  0.9821 	Valid Loss:  0.5144 	 Valid Accuracy:  0.7500
Run: [10]	 Epoch: [15]	 Train Loss:  0.205953 	 Train Accuracy:  1.0000 	Valid Loss:  0.4415 	 Valid Accuracy:  0.8214
Run: [10]	 Epoch: [16]	 Train Loss:  0.203894 	 Train Accuracy:  1.0000 	Valid Loss:  0.4068 	 Valid Accuracy:  0.8214
Run: [10]	 Epoch: [17]	 Train Loss:  0.153269 	 Train Accuracy:  1.0000 	Valid Loss:  0.3994 	 Valid Accuracy:  0.8214
Run: [10]	 Epoch: [18]	 Train Loss:  0.159400 	 Train Accuracy:  1.0000 	Valid Loss:  0.3996 	 Valid Accuracy:  0.8571
Run: [10]	 Epoch: [19]	 Train Loss:  0.140920 	 Train Accuracy:  1.0000 	Valid Loss:  0.4047 	 Valid Accuracy:  0.8571
Run: [10]	 Epoch: [20]	 Train Loss:  0.136609 	 Train Accuracy:  1.0000 	Valid Loss:  0.4099 	 Valid Accuracy:  0.8214
Run: [10]	 Epoch: [21]	 Train Loss:  0.133246 	 Train Accuracy:  1.0000 	Valid Loss:  0.4217 	 Valid Accuracy:  0.8214
Run: [10]	 Epoch: [22]	 Train Loss:  0.104477 	 Train Accuracy:  1.0000 	Valid Loss:  0.4064 	 Valid Accuracy:  0.8214
Run: [10]	 Epoch: [23]	 Train Loss:  0.108579 	 Train Accuracy:  1.0000 	Valid Loss:  0.3911 	 Valid Accuracy:  0.8929
Run: [10]	 Epoch: [24]	 Train Loss:  0.114486 	 Train Accuracy:  1.0000 	Valid Loss:  0.3812 	 Valid Accuracy:  0.8929
Run: [10]	 Epoch: [25]	 Train Loss:  0.097805 	 Train Accuracy:  1.0000 	Valid Loss:  0.3834 	 Valid Accuracy:  0.8571
Run: [10]	 Epoch: [26]	 Train Loss:  0.095629 	 Train Accuracy:  1.0000 	Valid Loss:  0.3927 	 Valid Accuracy:  0.8571
Run: [10]	 Epoch: [27]	 Train Loss:  0.074362 	 Train Accuracy:  1.0000 	Valid Loss:  0.4003 	 Valid Accuracy:  0.8571
Run: [10]	 Epoch: [28]	 Train Loss:  0.074836 	 Train Accuracy:  1.0000 	Valid Loss:  0.4248 	 Valid Accuracy:  0.8571
Run: [10]	 Epoch: [29]	 Train Loss:  0.066633 	 Train Accuracy:  1.0000 	Valid Loss:  0.4379 	 Valid Accuracy:  0.8571
Run: [10]	 Epoch: [30]	 Train Loss:  0.052778 	 Train Accuracy:  1.0000 	Valid Loss:  0.4363 	 Valid Accuracy:  0.8571
Run: [10]	 Epoch: [31]	 Train Loss:  0.077072 	 Train Accuracy:  1.0000 	Valid Loss:  0.4194 	 Valid Accuracy:  0.8571
Run: [10]	 Epoch: [32]	 Train Loss:  0.059846 	 Train Accuracy:  1.0000 	Valid Loss:  0.4025 	 Valid Accuracy:  0.8571
Run: [10]	 Epoch: [33]	 Train Loss:  0.061113 	 Train Accuracy:  1.0000 	Valid Loss:  0.3969 	 Valid Accuracy:  0.8571
Run: [10]	 Epoch: [34]	 Train Loss:  0.044333 	 Train Accuracy:  1.0000 	Valid Loss:  0.3899 	 Valid Accuracy:  0.8571
Run: [10]	 Epoch: [35]	 Train Loss:  0.041059 	 Train Accuracy:  1.0000 	Valid Loss:  0.3835 	 Valid Accuracy:  0.8571
Run: [10]	 Epoch: [36]	 Train Loss:  0.039985 	 Train Accuracy:  1.0000 	Valid Loss:  0.3800 	 Valid Accuracy:  0.8571
Run: [10]	 Epoch: [37]	 Train Loss:  0.037871 	 Train Accuracy:  1.0000 	Valid Loss:  0.3715 	 Valid Accuracy:  0.8571
Run: [10]	 Epoch: [38]	 Train Loss:  0.055127 	 Train Accuracy:  1.0000 	Valid Loss:  0.3492 	 Valid Accuracy:  0.8571
Run: [10]	 Epoch: [39]	 Train Loss:  0.029828 	 Train Accuracy:  1.0000 	Valid Loss:  0.3353 	 Valid Accuracy:  0.8929
Run: [10]	 Epoch: [40]	 Train Loss:  0.043002 	 Train Accuracy:  1.0000 	Valid Loss:  0.3296 	 Valid Accuracy:  0.8929
Run: [10]	 Epoch: [41]	 Train Loss:  0.044697 	 Train Accuracy:  1.0000 	Valid Loss:  0.3236 	 Valid Accuracy:  0.8929
Run: [10]	 Epoch: [42]	 Train Loss:  0.026351 	 Train Accuracy:  1.0000 	Valid Loss:  0.3253 	 Valid Accuracy:  0.8929
Run: [10]	 Epoch: [43]	 Train Loss:  0.034205 	 Train Accuracy:  1.0000 	Valid Loss:  0.3316 	 Valid Accuracy:  0.8929
Run: [10]	 Epoch: [44]	 Train Loss:  0.034736 	 Train Accuracy:  1.0000 	Valid Loss:  0.3372 	 Valid Accuracy:  0.8929
Run: [10]	 Epoch: [45]	 Train Loss:  0.035270 	 Train Accuracy:  1.0000 	Valid Loss:  0.3488 	 Valid Accuracy:  0.8929
Run: [10]	 Epoch: [46]	 Train Loss:  0.014592 	 Train Accuracy:  1.0000 	Valid Loss:  0.3641 	 Valid Accuracy:  0.8929
Run: [10]	 Epoch: [47]	 Train Loss:  0.026671 	 Train Accuracy:  1.0000 	Valid Loss:  0.3918 	 Valid Accuracy:  0.8571
Run: [10]	 Epoch: [48]	 Train Loss:  0.026880 	 Train Accuracy:  1.0000 	Valid Loss:  0.4201 	 Valid Accuracy:  0.8571
Run: [10]	 Epoch: [49]	 Train Loss:  0.017039 	 Train Accuracy:  1.0000 	Valid Loss:  0.4471 	 Valid Accuracy:  0.8571
Run: [10]	 Epoch: [50]	 Train Loss:  0.025215 	 Train Accuracy:  1.0000 	Valid Loss:  0.4630 	 Valid Accuracy:  0.8571
Test Accuracy in run 10 is: 0.7777777910232544
Total Train Accuracy after run 10 is: 1.0000
Total Test Accuracy after run 10 is: 0.9000
Best Test Accuracy in 10 runs is: 0.9444
