==========       System Configuration      =============
phase:train
use_cpu:False
runs:10
validation:0.2
data_dir:/data/entity
batch_size:1
dataset:AIFB
total_epochs:50
save_freq:5
lr:0.01
multi_gpus:False
postname:
l2norm:0.0005
kernel_size:64
block_type:plain
n_layers:7
act:relu
norm:layer
bias:True
dropout:0.2
channels:64
dec:basis
bases:30
aggr:mean
ckpt_path:
save_best_only:True
task:denseR
post:denseR-AIFB-plain-7-64
time:210217-03-57-18
save_path:/content/drive/My Drive/denseR/checkpoints/ckpts-denseR-AIFB-plain-7-64-210217-03-57-18
logdir:/content/drive/My Drive/denseR/logs/denseR-AIFB-plain-7-64-210217-03-57-18
device:cuda
epoch:-1
printer:<Logger args (DEBUG)>
==========     CONFIG END    =============


===> Phase is train.
 === Downloading Dataset and Creating graphs ===
=== Dataset info ===
Number of training nodes: 140 	 Number of testing nodes: 36	 Total Number of labelled nodes: 176
Number of classes in this graph: 4 	 Number of nodes: 8285 	 Number of relation types: 90
==== Initializing the Optimizer ====
Run: [1]	 Epoch: [1]	 Train Loss:  1.360528 	 Train Accuracy:  0.7411 	Valid Loss:  1.0607 	 Valid Accuracy:  0.6786
Run: [1]	 Epoch: [2]	 Train Loss:  0.876478 	 Train Accuracy:  0.7054 	Valid Loss:  1.4044 	 Valid Accuracy:  0.3571
Run: [1]	 Epoch: [3]	 Train Loss:  0.932296 	 Train Accuracy:  0.8661 	Valid Loss:  0.7308 	 Valid Accuracy:  0.6786
Run: [1]	 Epoch: [4]	 Train Loss:  0.588980 	 Train Accuracy:  0.9196 	Valid Loss:  0.6129 	 Valid Accuracy:  0.8214
Run: [1]	 Epoch: [5]	 Train Loss:  0.401415 	 Train Accuracy:  0.9554 	Valid Loss:  0.4782 	 Valid Accuracy:  0.8214
Run: [1]	 Epoch: [6]	 Train Loss:  0.351042 	 Train Accuracy:  0.9732 	Valid Loss:  0.4084 	 Valid Accuracy:  0.8571
Run: [1]	 Epoch: [7]	 Train Loss:  0.256048 	 Train Accuracy:  0.9821 	Valid Loss:  0.3564 	 Valid Accuracy:  0.8929
Run: [1]	 Epoch: [8]	 Train Loss:  0.255806 	 Train Accuracy:  0.9911 	Valid Loss:  0.3311 	 Valid Accuracy:  0.9286
Run: [1]	 Epoch: [9]	 Train Loss:  0.227955 	 Train Accuracy:  1.0000 	Valid Loss:  0.3248 	 Valid Accuracy:  0.9286
Run: [1]	 Epoch: [10]	 Train Loss:  0.222153 	 Train Accuracy:  1.0000 	Valid Loss:  0.3201 	 Valid Accuracy:  0.8929
Run: [1]	 Epoch: [11]	 Train Loss:  0.202137 	 Train Accuracy:  1.0000 	Valid Loss:  0.3129 	 Valid Accuracy:  0.8929
Run: [1]	 Epoch: [12]	 Train Loss:  0.180504 	 Train Accuracy:  1.0000 	Valid Loss:  0.3011 	 Valid Accuracy:  0.9286
Run: [1]	 Epoch: [13]	 Train Loss:  0.179703 	 Train Accuracy:  1.0000 	Valid Loss:  0.2912 	 Valid Accuracy:  0.9286
Run: [1]	 Epoch: [14]	 Train Loss:  0.198626 	 Train Accuracy:  1.0000 	Valid Loss:  0.2755 	 Valid Accuracy:  0.9286
Run: [1]	 Epoch: [15]	 Train Loss:  0.141428 	 Train Accuracy:  1.0000 	Valid Loss:  0.2575 	 Valid Accuracy:  0.9286
Run: [1]	 Epoch: [16]	 Train Loss:  0.156311 	 Train Accuracy:  1.0000 	Valid Loss:  0.2405 	 Valid Accuracy:  0.9286
Run: [1]	 Epoch: [17]	 Train Loss:  0.116688 	 Train Accuracy:  1.0000 	Valid Loss:  0.2279 	 Valid Accuracy:  0.9286
Run: [1]	 Epoch: [18]	 Train Loss:  0.121936 	 Train Accuracy:  1.0000 	Valid Loss:  0.2191 	 Valid Accuracy:  0.9286
Run: [1]	 Epoch: [19]	 Train Loss:  0.134082 	 Train Accuracy:  1.0000 	Valid Loss:  0.2092 	 Valid Accuracy:  0.9286
Run: [1]	 Epoch: [20]	 Train Loss:  0.111260 	 Train Accuracy:  1.0000 	Valid Loss:  0.1984 	 Valid Accuracy:  0.9286
Run: [1]	 Epoch: [21]	 Train Loss:  0.083340 	 Train Accuracy:  1.0000 	Valid Loss:  0.1885 	 Valid Accuracy:  0.9286
Run: [1]	 Epoch: [22]	 Train Loss:  0.080756 	 Train Accuracy:  1.0000 	Valid Loss:  0.1794 	 Valid Accuracy:  0.9643
Run: [1]	 Epoch: [23]	 Train Loss:  0.086852 	 Train Accuracy:  1.0000 	Valid Loss:  0.1716 	 Valid Accuracy:  0.9643
Run: [1]	 Epoch: [24]	 Train Loss:  0.091243 	 Train Accuracy:  1.0000 	Valid Loss:  0.1670 	 Valid Accuracy:  0.9643
Run: [1]	 Epoch: [25]	 Train Loss:  0.107876 	 Train Accuracy:  1.0000 	Valid Loss:  0.1651 	 Valid Accuracy:  0.9643
Run: [1]	 Epoch: [26]	 Train Loss:  0.074258 	 Train Accuracy:  1.0000 	Valid Loss:  0.1665 	 Valid Accuracy:  0.9643
Run: [1]	 Epoch: [27]	 Train Loss:  0.042833 	 Train Accuracy:  1.0000 	Valid Loss:  0.1691 	 Valid Accuracy:  0.9643
Run: [1]	 Epoch: [28]	 Train Loss:  0.083919 	 Train Accuracy:  1.0000 	Valid Loss:  0.1712 	 Valid Accuracy:  0.9643
Run: [1]	 Epoch: [29]	 Train Loss:  0.070582 	 Train Accuracy:  1.0000 	Valid Loss:  0.1748 	 Valid Accuracy:  0.9643
Run: [1]	 Epoch: [30]	 Train Loss:  0.051899 	 Train Accuracy:  1.0000 	Valid Loss:  0.1768 	 Valid Accuracy:  0.9643
Run: [1]	 Epoch: [31]	 Train Loss:  0.090370 	 Train Accuracy:  1.0000 	Valid Loss:  0.1755 	 Valid Accuracy:  0.9643
Run: [1]	 Epoch: [32]	 Train Loss:  0.062432 	 Train Accuracy:  1.0000 	Valid Loss:  0.1679 	 Valid Accuracy:  0.9643
Run: [1]	 Epoch: [33]	 Train Loss:  0.063048 	 Train Accuracy:  1.0000 	Valid Loss:  0.1620 	 Valid Accuracy:  0.9643
Run: [1]	 Epoch: [34]	 Train Loss:  0.064873 	 Train Accuracy:  1.0000 	Valid Loss:  0.1585 	 Valid Accuracy:  0.9643
Run: [1]	 Epoch: [35]	 Train Loss:  0.043921 	 Train Accuracy:  1.0000 	Valid Loss:  0.1537 	 Valid Accuracy:  0.9643
Run: [1]	 Epoch: [36]	 Train Loss:  0.058175 	 Train Accuracy:  1.0000 	Valid Loss:  0.1492 	 Valid Accuracy:  0.9643
Run: [1]	 Epoch: [37]	 Train Loss:  0.042096 	 Train Accuracy:  1.0000 	Valid Loss:  0.1459 	 Valid Accuracy:  0.9643
Run: [1]	 Epoch: [38]	 Train Loss:  0.033825 	 Train Accuracy:  1.0000 	Valid Loss:  0.1452 	 Valid Accuracy:  0.9643
Run: [1]	 Epoch: [39]	 Train Loss:  0.051718 	 Train Accuracy:  1.0000 	Valid Loss:  0.1484 	 Valid Accuracy:  0.9643
Run: [1]	 Epoch: [40]	 Train Loss:  0.047327 	 Train Accuracy:  1.0000 	Valid Loss:  0.1507 	 Valid Accuracy:  0.9643
Run: [1]	 Epoch: [41]	 Train Loss:  0.034852 	 Train Accuracy:  1.0000 	Valid Loss:  0.1537 	 Valid Accuracy:  0.9643
Run: [1]	 Epoch: [42]	 Train Loss:  0.026385 	 Train Accuracy:  1.0000 	Valid Loss:  0.1586 	 Valid Accuracy:  0.9643
Run: [1]	 Epoch: [43]	 Train Loss:  0.046660 	 Train Accuracy:  1.0000 	Valid Loss:  0.1603 	 Valid Accuracy:  0.9643
Run: [1]	 Epoch: [44]	 Train Loss:  0.049727 	 Train Accuracy:  1.0000 	Valid Loss:  0.1667 	 Valid Accuracy:  0.9643
Run: [1]	 Epoch: [45]	 Train Loss:  0.044843 	 Train Accuracy:  1.0000 	Valid Loss:  0.1747 	 Valid Accuracy:  0.9643
Run: [1]	 Epoch: [46]	 Train Loss:  0.037814 	 Train Accuracy:  1.0000 	Valid Loss:  0.1839 	 Valid Accuracy:  0.9643
Run: [1]	 Epoch: [47]	 Train Loss:  0.049378 	 Train Accuracy:  1.0000 	Valid Loss:  0.1891 	 Valid Accuracy:  0.9643
Run: [1]	 Epoch: [48]	 Train Loss:  0.035951 	 Train Accuracy:  1.0000 	Valid Loss:  0.1934 	 Valid Accuracy:  0.9643
Run: [1]	 Epoch: [49]	 Train Loss:  0.019983 	 Train Accuracy:  1.0000 	Valid Loss:  0.1953 	 Valid Accuracy:  0.9643
Run: [1]	 Epoch: [50]	 Train Loss:  0.030425 	 Train Accuracy:  1.0000 	Valid Loss:  0.1969 	 Valid Accuracy:  0.9643
Test Accuracy in run 1 is: 0.9722222089767456
Total Train Accuracy after run 1 is: 1.0000
Total Test Accuracy after run 1 is: 0.9722
Best Test Accuracy in 1 runs is: 0.9722
Run: [2]	 Epoch: [1]	 Train Loss:  1.665639 	 Train Accuracy:  0.7054 	Valid Loss:  1.1240 	 Valid Accuracy:  0.5357
Run: [2]	 Epoch: [2]	 Train Loss:  0.859521 	 Train Accuracy:  0.6875 	Valid Loss:  1.0255 	 Valid Accuracy:  0.6071
Run: [2]	 Epoch: [3]	 Train Loss:  0.970548 	 Train Accuracy:  0.9732 	Valid Loss:  0.7414 	 Valid Accuracy:  0.7143
Run: [2]	 Epoch: [4]	 Train Loss:  0.403174 	 Train Accuracy:  0.9732 	Valid Loss:  0.8987 	 Valid Accuracy:  0.6071
Run: [2]	 Epoch: [5]	 Train Loss:  0.359594 	 Train Accuracy:  0.9821 	Valid Loss:  0.5211 	 Valid Accuracy:  0.8571
Run: [2]	 Epoch: [6]	 Train Loss:  0.292319 	 Train Accuracy:  0.9821 	Valid Loss:  0.4281 	 Valid Accuracy:  0.8571
Run: [2]	 Epoch: [7]	 Train Loss:  0.262473 	 Train Accuracy:  0.9821 	Valid Loss:  0.3912 	 Valid Accuracy:  0.8929
Run: [2]	 Epoch: [8]	 Train Loss:  0.254594 	 Train Accuracy:  0.9821 	Valid Loss:  0.3406 	 Valid Accuracy:  0.8929
Run: [2]	 Epoch: [9]	 Train Loss:  0.197607 	 Train Accuracy:  1.0000 	Valid Loss:  0.2866 	 Valid Accuracy:  0.9286
Run: [2]	 Epoch: [10]	 Train Loss:  0.214299 	 Train Accuracy:  1.0000 	Valid Loss:  0.2264 	 Valid Accuracy:  0.9286
Run: [2]	 Epoch: [11]	 Train Loss:  0.141940 	 Train Accuracy:  1.0000 	Valid Loss:  0.1932 	 Valid Accuracy:  0.9286
Run: [2]	 Epoch: [12]	 Train Loss:  0.163751 	 Train Accuracy:  1.0000 	Valid Loss:  0.1870 	 Valid Accuracy:  0.9286
Run: [2]	 Epoch: [13]	 Train Loss:  0.139010 	 Train Accuracy:  1.0000 	Valid Loss:  0.1982 	 Valid Accuracy:  0.9286
Run: [2]	 Epoch: [14]	 Train Loss:  0.142660 	 Train Accuracy:  1.0000 	Valid Loss:  0.2180 	 Valid Accuracy:  0.9286
Run: [2]	 Epoch: [15]	 Train Loss:  0.115696 	 Train Accuracy:  1.0000 	Valid Loss:  0.2359 	 Valid Accuracy:  0.9286
Run: [2]	 Epoch: [16]	 Train Loss:  0.118937 	 Train Accuracy:  1.0000 	Valid Loss:  0.2408 	 Valid Accuracy:  0.9286
Run: [2]	 Epoch: [17]	 Train Loss:  0.099465 	 Train Accuracy:  1.0000 	Valid Loss:  0.2420 	 Valid Accuracy:  0.9286
Run: [2]	 Epoch: [18]	 Train Loss:  0.093010 	 Train Accuracy:  1.0000 	Valid Loss:  0.2281 	 Valid Accuracy:  0.9286
Run: [2]	 Epoch: [19]	 Train Loss:  0.082358 	 Train Accuracy:  1.0000 	Valid Loss:  0.2181 	 Valid Accuracy:  0.9286
Run: [2]	 Epoch: [20]	 Train Loss:  0.074341 	 Train Accuracy:  1.0000 	Valid Loss:  0.2133 	 Valid Accuracy:  0.8929
Run: [2]	 Epoch: [21]	 Train Loss:  0.097628 	 Train Accuracy:  1.0000 	Valid Loss:  0.2117 	 Valid Accuracy:  0.8929
Run: [2]	 Epoch: [22]	 Train Loss:  0.078298 	 Train Accuracy:  1.0000 	Valid Loss:  0.2141 	 Valid Accuracy:  0.8929
Run: [2]	 Epoch: [23]	 Train Loss:  0.063481 	 Train Accuracy:  1.0000 	Valid Loss:  0.2228 	 Valid Accuracy:  0.8929
Run: [2]	 Epoch: [24]	 Train Loss:  0.069409 	 Train Accuracy:  1.0000 	Valid Loss:  0.2377 	 Valid Accuracy:  0.8929
Run: [2]	 Epoch: [25]	 Train Loss:  0.065414 	 Train Accuracy:  1.0000 	Valid Loss:  0.2564 	 Valid Accuracy:  0.8929
Run: [2]	 Epoch: [26]	 Train Loss:  0.051617 	 Train Accuracy:  1.0000 	Valid Loss:  0.2788 	 Valid Accuracy:  0.8929
Run: [2]	 Epoch: [27]	 Train Loss:  0.042049 	 Train Accuracy:  1.0000 	Valid Loss:  0.3002 	 Valid Accuracy:  0.8929
Run: [2]	 Epoch: [28]	 Train Loss:  0.055199 	 Train Accuracy:  1.0000 	Valid Loss:  0.3196 	 Valid Accuracy:  0.8929
Run: [2]	 Epoch: [29]	 Train Loss:  0.053227 	 Train Accuracy:  1.0000 	Valid Loss:  0.3339 	 Valid Accuracy:  0.8929
Run: [2]	 Epoch: [30]	 Train Loss:  0.050239 	 Train Accuracy:  1.0000 	Valid Loss:  0.3459 	 Valid Accuracy:  0.8929
Run: [2]	 Epoch: [31]	 Train Loss:  0.048949 	 Train Accuracy:  1.0000 	Valid Loss:  0.3556 	 Valid Accuracy:  0.8929
Run: [2]	 Epoch: [32]	 Train Loss:  0.031018 	 Train Accuracy:  1.0000 	Valid Loss:  0.3660 	 Valid Accuracy:  0.8929
Run: [2]	 Epoch: [33]	 Train Loss:  0.039113 	 Train Accuracy:  1.0000 	Valid Loss:  0.3762 	 Valid Accuracy:  0.8929
Run: [2]	 Epoch: [34]	 Train Loss:  0.036908 	 Train Accuracy:  1.0000 	Valid Loss:  0.3867 	 Valid Accuracy:  0.8929
Run: [2]	 Epoch: [35]	 Train Loss:  0.015650 	 Train Accuracy:  1.0000 	Valid Loss:  0.3972 	 Valid Accuracy:  0.8929
Run: [2]	 Epoch: [36]	 Train Loss:  0.033091 	 Train Accuracy:  1.0000 	Valid Loss:  0.4100 	 Valid Accuracy:  0.8929
Run: [2]	 Epoch: [37]	 Train Loss:  0.020293 	 Train Accuracy:  1.0000 	Valid Loss:  0.4206 	 Valid Accuracy:  0.8929
Run: [2]	 Epoch: [38]	 Train Loss:  0.031655 	 Train Accuracy:  1.0000 	Valid Loss:  0.4305 	 Valid Accuracy:  0.8929
Run: [2]	 Epoch: [39]	 Train Loss:  0.020539 	 Train Accuracy:  1.0000 	Valid Loss:  0.4392 	 Valid Accuracy:  0.8929
Run: [2]	 Epoch: [40]	 Train Loss:  0.030675 	 Train Accuracy:  1.0000 	Valid Loss:  0.4432 	 Valid Accuracy:  0.8929
Run: [2]	 Epoch: [41]	 Train Loss:  0.034220 	 Train Accuracy:  1.0000 	Valid Loss:  0.4474 	 Valid Accuracy:  0.8929
Run: [2]	 Epoch: [42]	 Train Loss:  0.039284 	 Train Accuracy:  1.0000 	Valid Loss:  0.4483 	 Valid Accuracy:  0.8929
Run: [2]	 Epoch: [43]	 Train Loss:  0.027389 	 Train Accuracy:  1.0000 	Valid Loss:  0.4493 	 Valid Accuracy:  0.8929
Run: [2]	 Epoch: [44]	 Train Loss:  0.030636 	 Train Accuracy:  1.0000 	Valid Loss:  0.4500 	 Valid Accuracy:  0.8929
Run: [2]	 Epoch: [45]	 Train Loss:  0.018895 	 Train Accuracy:  1.0000 	Valid Loss:  0.4506 	 Valid Accuracy:  0.8929
Run: [2]	 Epoch: [46]	 Train Loss:  0.038926 	 Train Accuracy:  1.0000 	Valid Loss:  0.4511 	 Valid Accuracy:  0.8929
Run: [2]	 Epoch: [47]	 Train Loss:  0.031109 	 Train Accuracy:  1.0000 	Valid Loss:  0.4572 	 Valid Accuracy:  0.8929
Run: [2]	 Epoch: [48]	 Train Loss:  0.019352 	 Train Accuracy:  1.0000 	Valid Loss:  0.4647 	 Valid Accuracy:  0.8929
Run: [2]	 Epoch: [49]	 Train Loss:  0.020086 	 Train Accuracy:  1.0000 	Valid Loss:  0.4712 	 Valid Accuracy:  0.8929
Run: [2]	 Epoch: [50]	 Train Loss:  0.017866 	 Train Accuracy:  1.0000 	Valid Loss:  0.4754 	 Valid Accuracy:  0.8929
Test Accuracy in run 2 is: 0.944444477558136
Total Train Accuracy after run 2 is: 1.0000
Total Test Accuracy after run 2 is: 0.9583
Best Test Accuracy in 2 runs is: 0.9722
Run: [3]	 Epoch: [1]	 Train Loss:  1.624369 	 Train Accuracy:  0.5982 	Valid Loss:  1.1150 	 Valid Accuracy:  0.3929
Run: [3]	 Epoch: [2]	 Train Loss:  0.933419 	 Train Accuracy:  0.5804 	Valid Loss:  1.6220 	 Valid Accuracy:  0.4286
Run: [3]	 Epoch: [3]	 Train Loss:  1.247073 	 Train Accuracy:  0.9107 	Valid Loss:  0.8235 	 Valid Accuracy:  0.7143
Run: [3]	 Epoch: [4]	 Train Loss:  0.647013 	 Train Accuracy:  0.9464 	Valid Loss:  0.7008 	 Valid Accuracy:  0.8571
Run: [3]	 Epoch: [5]	 Train Loss:  0.541989 	 Train Accuracy:  0.9643 	Valid Loss:  0.5951 	 Valid Accuracy:  0.8929
Run: [3]	 Epoch: [6]	 Train Loss:  0.449668 	 Train Accuracy:  0.9732 	Valid Loss:  0.4729 	 Valid Accuracy:  0.9286
Run: [3]	 Epoch: [7]	 Train Loss:  0.358895 	 Train Accuracy:  0.9821 	Valid Loss:  0.3820 	 Valid Accuracy:  0.9286
Run: [3]	 Epoch: [8]	 Train Loss:  0.266157 	 Train Accuracy:  0.9911 	Valid Loss:  0.3564 	 Valid Accuracy:  0.9286
Run: [3]	 Epoch: [9]	 Train Loss:  0.273184 	 Train Accuracy:  0.9911 	Valid Loss:  0.3564 	 Valid Accuracy:  0.9286
Run: [3]	 Epoch: [10]	 Train Loss:  0.273002 	 Train Accuracy:  1.0000 	Valid Loss:  0.3492 	 Valid Accuracy:  0.8929
Run: [3]	 Epoch: [11]	 Train Loss:  0.246440 	 Train Accuracy:  1.0000 	Valid Loss:  0.3385 	 Valid Accuracy:  0.9286
Run: [3]	 Epoch: [12]	 Train Loss:  0.162610 	 Train Accuracy:  1.0000 	Valid Loss:  0.3246 	 Valid Accuracy:  0.9286
Run: [3]	 Epoch: [13]	 Train Loss:  0.178386 	 Train Accuracy:  1.0000 	Valid Loss:  0.3088 	 Valid Accuracy:  0.9286
Run: [3]	 Epoch: [14]	 Train Loss:  0.168675 	 Train Accuracy:  1.0000 	Valid Loss:  0.2978 	 Valid Accuracy:  0.9286
Run: [3]	 Epoch: [15]	 Train Loss:  0.136051 	 Train Accuracy:  1.0000 	Valid Loss:  0.2916 	 Valid Accuracy:  0.9286
Run: [3]	 Epoch: [16]	 Train Loss:  0.149801 	 Train Accuracy:  1.0000 	Valid Loss:  0.2883 	 Valid Accuracy:  0.9286
Run: [3]	 Epoch: [17]	 Train Loss:  0.132864 	 Train Accuracy:  1.0000 	Valid Loss:  0.2855 	 Valid Accuracy:  0.9286
Run: [3]	 Epoch: [18]	 Train Loss:  0.117153 	 Train Accuracy:  1.0000 	Valid Loss:  0.2822 	 Valid Accuracy:  0.9286
Run: [3]	 Epoch: [19]	 Train Loss:  0.123862 	 Train Accuracy:  1.0000 	Valid Loss:  0.2752 	 Valid Accuracy:  0.9286
Run: [3]	 Epoch: [20]	 Train Loss:  0.098361 	 Train Accuracy:  1.0000 	Valid Loss:  0.2667 	 Valid Accuracy:  0.9286
Run: [3]	 Epoch: [21]	 Train Loss:  0.107005 	 Train Accuracy:  1.0000 	Valid Loss:  0.2606 	 Valid Accuracy:  0.9286
Run: [3]	 Epoch: [22]	 Train Loss:  0.143673 	 Train Accuracy:  1.0000 	Valid Loss:  0.2579 	 Valid Accuracy:  0.9286
Run: [3]	 Epoch: [23]	 Train Loss:  0.113550 	 Train Accuracy:  1.0000 	Valid Loss:  0.2572 	 Valid Accuracy:  0.9286
Run: [3]	 Epoch: [24]	 Train Loss:  0.082717 	 Train Accuracy:  1.0000 	Valid Loss:  0.2564 	 Valid Accuracy:  0.9286
Run: [3]	 Epoch: [25]	 Train Loss:  0.079774 	 Train Accuracy:  1.0000 	Valid Loss:  0.2570 	 Valid Accuracy:  0.9286
Run: [3]	 Epoch: [26]	 Train Loss:  0.079057 	 Train Accuracy:  1.0000 	Valid Loss:  0.2609 	 Valid Accuracy:  0.9286
Run: [3]	 Epoch: [27]	 Train Loss:  0.093298 	 Train Accuracy:  1.0000 	Valid Loss:  0.2652 	 Valid Accuracy:  0.9286
Run: [3]	 Epoch: [28]	 Train Loss:  0.080805 	 Train Accuracy:  1.0000 	Valid Loss:  0.2695 	 Valid Accuracy:  0.9286
Run: [3]	 Epoch: [29]	 Train Loss:  0.080318 	 Train Accuracy:  1.0000 	Valid Loss:  0.2694 	 Valid Accuracy:  0.9286
Run: [3]	 Epoch: [30]	 Train Loss:  0.069633 	 Train Accuracy:  1.0000 	Valid Loss:  0.2651 	 Valid Accuracy:  0.9286
Run: [3]	 Epoch: [31]	 Train Loss:  0.085189 	 Train Accuracy:  1.0000 	Valid Loss:  0.2577 	 Valid Accuracy:  0.9286
Run: [3]	 Epoch: [32]	 Train Loss:  0.047364 	 Train Accuracy:  1.0000 	Valid Loss:  0.2505 	 Valid Accuracy:  0.9286
Run: [3]	 Epoch: [33]	 Train Loss:  0.049081 	 Train Accuracy:  1.0000 	Valid Loss:  0.2452 	 Valid Accuracy:  0.9286
Run: [3]	 Epoch: [34]	 Train Loss:  0.056166 	 Train Accuracy:  1.0000 	Valid Loss:  0.2437 	 Valid Accuracy:  0.9286
Run: [3]	 Epoch: [35]	 Train Loss:  0.061772 	 Train Accuracy:  1.0000 	Valid Loss:  0.2467 	 Valid Accuracy:  0.9286
Run: [3]	 Epoch: [36]	 Train Loss:  0.038415 	 Train Accuracy:  1.0000 	Valid Loss:  0.2528 	 Valid Accuracy:  0.8929
Run: [3]	 Epoch: [37]	 Train Loss:  0.063292 	 Train Accuracy:  1.0000 	Valid Loss:  0.2619 	 Valid Accuracy:  0.8929
Run: [3]	 Epoch: [38]	 Train Loss:  0.043491 	 Train Accuracy:  1.0000 	Valid Loss:  0.2700 	 Valid Accuracy:  0.8929
Run: [3]	 Epoch: [39]	 Train Loss:  0.038596 	 Train Accuracy:  1.0000 	Valid Loss:  0.2715 	 Valid Accuracy:  0.8929
Run: [3]	 Epoch: [40]	 Train Loss:  0.039597 	 Train Accuracy:  1.0000 	Valid Loss:  0.2685 	 Valid Accuracy:  0.8929
Run: [3]	 Epoch: [41]	 Train Loss:  0.044538 	 Train Accuracy:  1.0000 	Valid Loss:  0.2748 	 Valid Accuracy:  0.8929
Run: [3]	 Epoch: [42]	 Train Loss:  0.028911 	 Train Accuracy:  1.0000 	Valid Loss:  0.2885 	 Valid Accuracy:  0.8929
Run: [3]	 Epoch: [43]	 Train Loss:  0.055733 	 Train Accuracy:  1.0000 	Valid Loss:  0.2956 	 Valid Accuracy:  0.8929
Run: [3]	 Epoch: [44]	 Train Loss:  0.038127 	 Train Accuracy:  1.0000 	Valid Loss:  0.3016 	 Valid Accuracy:  0.9286
Run: [3]	 Epoch: [45]	 Train Loss:  0.021032 	 Train Accuracy:  1.0000 	Valid Loss:  0.3043 	 Valid Accuracy:  0.9286
Run: [3]	 Epoch: [46]	 Train Loss:  0.054277 	 Train Accuracy:  1.0000 	Valid Loss:  0.3073 	 Valid Accuracy:  0.9286
Run: [3]	 Epoch: [47]	 Train Loss:  0.036443 	 Train Accuracy:  1.0000 	Valid Loss:  0.3103 	 Valid Accuracy:  0.9286
Run: [3]	 Epoch: [48]	 Train Loss:  0.018157 	 Train Accuracy:  1.0000 	Valid Loss:  0.3077 	 Valid Accuracy:  0.9286
Run: [3]	 Epoch: [49]	 Train Loss:  0.038937 	 Train Accuracy:  1.0000 	Valid Loss:  0.3048 	 Valid Accuracy:  0.9286
Run: [3]	 Epoch: [50]	 Train Loss:  0.033779 	 Train Accuracy:  1.0000 	Valid Loss:  0.3018 	 Valid Accuracy:  0.8929
Test Accuracy in run 3 is: 0.8888888955116272
Total Train Accuracy after run 3 is: 1.0000
Total Test Accuracy after run 3 is: 0.9352
Best Test Accuracy in 3 runs is: 0.9722
Run: [4]	 Epoch: [1]	 Train Loss:  2.410864 	 Train Accuracy:  0.4732 	Valid Loss:  1.2653 	 Valid Accuracy:  0.4643
Run: [4]	 Epoch: [2]	 Train Loss:  1.153814 	 Train Accuracy:  0.6161 	Valid Loss:  1.4234 	 Valid Accuracy:  0.3929
Run: [4]	 Epoch: [3]	 Train Loss:  1.001376 	 Train Accuracy:  0.9018 	Valid Loss:  0.9433 	 Valid Accuracy:  0.5714
Run: [4]	 Epoch: [4]	 Train Loss:  0.611107 	 Train Accuracy:  0.9018 	Valid Loss:  0.8048 	 Valid Accuracy:  0.6786
Run: [4]	 Epoch: [5]	 Train Loss:  0.576816 	 Train Accuracy:  0.9643 	Valid Loss:  0.6774 	 Valid Accuracy:  0.8214
Run: [4]	 Epoch: [6]	 Train Loss:  0.444011 	 Train Accuracy:  0.9732 	Valid Loss:  0.6198 	 Valid Accuracy:  0.8214
Run: [4]	 Epoch: [7]	 Train Loss:  0.392102 	 Train Accuracy:  0.9732 	Valid Loss:  0.5983 	 Valid Accuracy:  0.7500
Run: [4]	 Epoch: [8]	 Train Loss:  0.316124 	 Train Accuracy:  0.9821 	Valid Loss:  0.5881 	 Valid Accuracy:  0.7857
Run: [4]	 Epoch: [9]	 Train Loss:  0.290137 	 Train Accuracy:  0.9911 	Valid Loss:  0.5648 	 Valid Accuracy:  0.8214
Run: [4]	 Epoch: [10]	 Train Loss:  0.292488 	 Train Accuracy:  0.9911 	Valid Loss:  0.5392 	 Valid Accuracy:  0.8214
Run: [4]	 Epoch: [11]	 Train Loss:  0.257531 	 Train Accuracy:  1.0000 	Valid Loss:  0.5285 	 Valid Accuracy:  0.8214
Run: [4]	 Epoch: [12]	 Train Loss:  0.246431 	 Train Accuracy:  1.0000 	Valid Loss:  0.5158 	 Valid Accuracy:  0.8571
Run: [4]	 Epoch: [13]	 Train Loss:  0.253352 	 Train Accuracy:  1.0000 	Valid Loss:  0.4974 	 Valid Accuracy:  0.8571
Run: [4]	 Epoch: [14]	 Train Loss:  0.160691 	 Train Accuracy:  1.0000 	Valid Loss:  0.4767 	 Valid Accuracy:  0.8571
Run: [4]	 Epoch: [15]	 Train Loss:  0.158480 	 Train Accuracy:  1.0000 	Valid Loss:  0.4552 	 Valid Accuracy:  0.8571
Run: [4]	 Epoch: [16]	 Train Loss:  0.154297 	 Train Accuracy:  1.0000 	Valid Loss:  0.4328 	 Valid Accuracy:  0.8571
Run: [4]	 Epoch: [17]	 Train Loss:  0.121595 	 Train Accuracy:  1.0000 	Valid Loss:  0.4103 	 Valid Accuracy:  0.8571
Run: [4]	 Epoch: [18]	 Train Loss:  0.123442 	 Train Accuracy:  1.0000 	Valid Loss:  0.3937 	 Valid Accuracy:  0.8571
Run: [4]	 Epoch: [19]	 Train Loss:  0.167670 	 Train Accuracy:  1.0000 	Valid Loss:  0.3762 	 Valid Accuracy:  0.8571
Run: [4]	 Epoch: [20]	 Train Loss:  0.138711 	 Train Accuracy:  1.0000 	Valid Loss:  0.3632 	 Valid Accuracy:  0.8571
Run: [4]	 Epoch: [21]	 Train Loss:  0.131077 	 Train Accuracy:  1.0000 	Valid Loss:  0.3562 	 Valid Accuracy:  0.8571
Run: [4]	 Epoch: [22]	 Train Loss:  0.114655 	 Train Accuracy:  1.0000 	Valid Loss:  0.3517 	 Valid Accuracy:  0.8571
Run: [4]	 Epoch: [23]	 Train Loss:  0.102508 	 Train Accuracy:  1.0000 	Valid Loss:  0.3522 	 Valid Accuracy:  0.8571
Run: [4]	 Epoch: [24]	 Train Loss:  0.109953 	 Train Accuracy:  1.0000 	Valid Loss:  0.3611 	 Valid Accuracy:  0.8571
Run: [4]	 Epoch: [25]	 Train Loss:  0.092473 	 Train Accuracy:  1.0000 	Valid Loss:  0.3771 	 Valid Accuracy:  0.8571
Run: [4]	 Epoch: [26]	 Train Loss:  0.060186 	 Train Accuracy:  1.0000 	Valid Loss:  0.3955 	 Valid Accuracy:  0.8571
Run: [4]	 Epoch: [27]	 Train Loss:  0.062167 	 Train Accuracy:  1.0000 	Valid Loss:  0.4129 	 Valid Accuracy:  0.8571
Run: [4]	 Epoch: [28]	 Train Loss:  0.063610 	 Train Accuracy:  1.0000 	Valid Loss:  0.4260 	 Valid Accuracy:  0.8571
Run: [4]	 Epoch: [29]	 Train Loss:  0.082652 	 Train Accuracy:  1.0000 	Valid Loss:  0.4372 	 Valid Accuracy:  0.8571
Run: [4]	 Epoch: [30]	 Train Loss:  0.055412 	 Train Accuracy:  1.0000 	Valid Loss:  0.4478 	 Valid Accuracy:  0.8571
Run: [4]	 Epoch: [31]	 Train Loss:  0.055397 	 Train Accuracy:  1.0000 	Valid Loss:  0.4493 	 Valid Accuracy:  0.8571
Run: [4]	 Epoch: [32]	 Train Loss:  0.063181 	 Train Accuracy:  1.0000 	Valid Loss:  0.4494 	 Valid Accuracy:  0.8571
Run: [4]	 Epoch: [33]	 Train Loss:  0.056150 	 Train Accuracy:  1.0000 	Valid Loss:  0.4487 	 Valid Accuracy:  0.8571
Run: [4]	 Epoch: [34]	 Train Loss:  0.035642 	 Train Accuracy:  1.0000 	Valid Loss:  0.4493 	 Valid Accuracy:  0.8571
Run: [4]	 Epoch: [35]	 Train Loss:  0.050156 	 Train Accuracy:  1.0000 	Valid Loss:  0.4594 	 Valid Accuracy:  0.8571
Run: [4]	 Epoch: [36]	 Train Loss:  0.059546 	 Train Accuracy:  1.0000 	Valid Loss:  0.4756 	 Valid Accuracy:  0.8571
Run: [4]	 Epoch: [37]	 Train Loss:  0.039010 	 Train Accuracy:  1.0000 	Valid Loss:  0.4893 	 Valid Accuracy:  0.8571
Run: [4]	 Epoch: [38]	 Train Loss:  0.052427 	 Train Accuracy:  1.0000 	Valid Loss:  0.4948 	 Valid Accuracy:  0.8571
Run: [4]	 Epoch: [39]	 Train Loss:  0.034126 	 Train Accuracy:  1.0000 	Valid Loss:  0.5002 	 Valid Accuracy:  0.8571
Run: [4]	 Epoch: [40]	 Train Loss:  0.068905 	 Train Accuracy:  1.0000 	Valid Loss:  0.5167 	 Valid Accuracy:  0.8571
Run: [4]	 Epoch: [41]	 Train Loss:  0.038210 	 Train Accuracy:  1.0000 	Valid Loss:  0.5304 	 Valid Accuracy:  0.8571
Run: [4]	 Epoch: [42]	 Train Loss:  0.023840 	 Train Accuracy:  1.0000 	Valid Loss:  0.5381 	 Valid Accuracy:  0.8571
Run: [4]	 Epoch: [43]	 Train Loss:  0.032649 	 Train Accuracy:  1.0000 	Valid Loss:  0.5415 	 Valid Accuracy:  0.8571
Run: [4]	 Epoch: [44]	 Train Loss:  0.023128 	 Train Accuracy:  1.0000 	Valid Loss:  0.5405 	 Valid Accuracy:  0.8571
Run: [4]	 Epoch: [45]	 Train Loss:  0.032381 	 Train Accuracy:  1.0000 	Valid Loss:  0.5359 	 Valid Accuracy:  0.8571
Run: [4]	 Epoch: [46]	 Train Loss:  0.026857 	 Train Accuracy:  1.0000 	Valid Loss:  0.5324 	 Valid Accuracy:  0.8571
Run: [4]	 Epoch: [47]	 Train Loss:  0.037013 	 Train Accuracy:  1.0000 	Valid Loss:  0.5257 	 Valid Accuracy:  0.8571
Run: [4]	 Epoch: [48]	 Train Loss:  0.018043 	 Train Accuracy:  1.0000 	Valid Loss:  0.5187 	 Valid Accuracy:  0.8571
Run: [4]	 Epoch: [49]	 Train Loss:  0.028398 	 Train Accuracy:  1.0000 	Valid Loss:  0.5182 	 Valid Accuracy:  0.8571
Run: [4]	 Epoch: [50]	 Train Loss:  0.031418 	 Train Accuracy:  1.0000 	Valid Loss:  0.5172 	 Valid Accuracy:  0.8571
Test Accuracy in run 4 is: 0.9722222089767456
Total Train Accuracy after run 4 is: 1.0000
Total Test Accuracy after run 4 is: 0.9444
Best Test Accuracy in 4 runs is: 0.9722
Run: [5]	 Epoch: [1]	 Train Loss:  1.739789 	 Train Accuracy:  0.5446 	Valid Loss:  1.2226 	 Valid Accuracy:  0.3929
Run: [5]	 Epoch: [2]	 Train Loss:  1.007802 	 Train Accuracy:  0.6964 	Valid Loss:  0.9932 	 Valid Accuracy:  0.6429
Run: [5]	 Epoch: [3]	 Train Loss:  0.869563 	 Train Accuracy:  0.8393 	Valid Loss:  0.9068 	 Valid Accuracy:  0.6429
Run: [5]	 Epoch: [4]	 Train Loss:  0.633957 	 Train Accuracy:  0.9375 	Valid Loss:  0.7524 	 Valid Accuracy:  0.7500
Run: [5]	 Epoch: [5]	 Train Loss:  0.476496 	 Train Accuracy:  0.9732 	Valid Loss:  0.6407 	 Valid Accuracy:  0.7500
Run: [5]	 Epoch: [6]	 Train Loss:  0.393748 	 Train Accuracy:  0.9732 	Valid Loss:  0.5294 	 Valid Accuracy:  0.8214
Run: [5]	 Epoch: [7]	 Train Loss:  0.331839 	 Train Accuracy:  0.9911 	Valid Loss:  0.4448 	 Valid Accuracy:  0.8929
Run: [5]	 Epoch: [8]	 Train Loss:  0.309658 	 Train Accuracy:  1.0000 	Valid Loss:  0.3887 	 Valid Accuracy:  0.9643
Run: [5]	 Epoch: [9]	 Train Loss:  0.257250 	 Train Accuracy:  1.0000 	Valid Loss:  0.3495 	 Valid Accuracy:  0.9643
Run: [5]	 Epoch: [10]	 Train Loss:  0.238548 	 Train Accuracy:  1.0000 	Valid Loss:  0.3274 	 Valid Accuracy:  0.9286
Run: [5]	 Epoch: [11]	 Train Loss:  0.221935 	 Train Accuracy:  0.9911 	Valid Loss:  0.3155 	 Valid Accuracy:  0.9286
Run: [5]	 Epoch: [12]	 Train Loss:  0.210727 	 Train Accuracy:  0.9911 	Valid Loss:  0.3177 	 Valid Accuracy:  0.8929
Run: [5]	 Epoch: [13]	 Train Loss:  0.176486 	 Train Accuracy:  1.0000 	Valid Loss:  0.3218 	 Valid Accuracy:  0.8929
Run: [5]	 Epoch: [14]	 Train Loss:  0.154141 	 Train Accuracy:  1.0000 	Valid Loss:  0.3233 	 Valid Accuracy:  0.8929
Run: [5]	 Epoch: [15]	 Train Loss:  0.148670 	 Train Accuracy:  1.0000 	Valid Loss:  0.3269 	 Valid Accuracy:  0.8929
Run: [5]	 Epoch: [16]	 Train Loss:  0.127777 	 Train Accuracy:  1.0000 	Valid Loss:  0.3251 	 Valid Accuracy:  0.9286
Run: [5]	 Epoch: [17]	 Train Loss:  0.108746 	 Train Accuracy:  1.0000 	Valid Loss:  0.3177 	 Valid Accuracy:  0.9286
Run: [5]	 Epoch: [18]	 Train Loss:  0.100807 	 Train Accuracy:  1.0000 	Valid Loss:  0.3090 	 Valid Accuracy:  0.9286
Run: [5]	 Epoch: [19]	 Train Loss:  0.116071 	 Train Accuracy:  1.0000 	Valid Loss:  0.2884 	 Valid Accuracy:  0.9286
Run: [5]	 Epoch: [20]	 Train Loss:  0.096178 	 Train Accuracy:  1.0000 	Valid Loss:  0.2675 	 Valid Accuracy:  0.9286
Run: [5]	 Epoch: [21]	 Train Loss:  0.094043 	 Train Accuracy:  1.0000 	Valid Loss:  0.2461 	 Valid Accuracy:  0.9286
Run: [5]	 Epoch: [22]	 Train Loss:  0.099915 	 Train Accuracy:  1.0000 	Valid Loss:  0.2285 	 Valid Accuracy:  0.9643
Run: [5]	 Epoch: [23]	 Train Loss:  0.063890 	 Train Accuracy:  1.0000 	Valid Loss:  0.2188 	 Valid Accuracy:  0.9643
Run: [5]	 Epoch: [24]	 Train Loss:  0.070911 	 Train Accuracy:  1.0000 	Valid Loss:  0.2109 	 Valid Accuracy:  0.9643
Run: [5]	 Epoch: [25]	 Train Loss:  0.060413 	 Train Accuracy:  1.0000 	Valid Loss:  0.2053 	 Valid Accuracy:  0.9643
Run: [5]	 Epoch: [26]	 Train Loss:  0.054533 	 Train Accuracy:  1.0000 	Valid Loss:  0.2019 	 Valid Accuracy:  0.9643
Run: [5]	 Epoch: [27]	 Train Loss:  0.057747 	 Train Accuracy:  1.0000 	Valid Loss:  0.1999 	 Valid Accuracy:  0.9643
Run: [5]	 Epoch: [28]	 Train Loss:  0.077001 	 Train Accuracy:  1.0000 	Valid Loss:  0.2007 	 Valid Accuracy:  0.9643
Run: [5]	 Epoch: [29]	 Train Loss:  0.048631 	 Train Accuracy:  1.0000 	Valid Loss:  0.2026 	 Valid Accuracy:  0.9643
Run: [5]	 Epoch: [30]	 Train Loss:  0.049225 	 Train Accuracy:  1.0000 	Valid Loss:  0.2045 	 Valid Accuracy:  0.9643
Run: [5]	 Epoch: [31]	 Train Loss:  0.048719 	 Train Accuracy:  1.0000 	Valid Loss:  0.2063 	 Valid Accuracy:  0.9643
Run: [5]	 Epoch: [32]	 Train Loss:  0.051465 	 Train Accuracy:  1.0000 	Valid Loss:  0.2068 	 Valid Accuracy:  0.9643
Run: [5]	 Epoch: [33]	 Train Loss:  0.044406 	 Train Accuracy:  1.0000 	Valid Loss:  0.2078 	 Valid Accuracy:  0.9643
Run: [5]	 Epoch: [34]	 Train Loss:  0.045898 	 Train Accuracy:  1.0000 	Valid Loss:  0.2089 	 Valid Accuracy:  0.9643
Run: [5]	 Epoch: [35]	 Train Loss:  0.058229 	 Train Accuracy:  1.0000 	Valid Loss:  0.2110 	 Valid Accuracy:  0.9643
Run: [5]	 Epoch: [36]	 Train Loss:  0.034156 	 Train Accuracy:  1.0000 	Valid Loss:  0.2128 	 Valid Accuracy:  0.9643
Run: [5]	 Epoch: [37]	 Train Loss:  0.032902 	 Train Accuracy:  1.0000 	Valid Loss:  0.2157 	 Valid Accuracy:  0.9643
Run: [5]	 Epoch: [38]	 Train Loss:  0.034995 	 Train Accuracy:  1.0000 	Valid Loss:  0.2186 	 Valid Accuracy:  0.9643
Run: [5]	 Epoch: [39]	 Train Loss:  0.043584 	 Train Accuracy:  1.0000 	Valid Loss:  0.2209 	 Valid Accuracy:  0.9643
Run: [5]	 Epoch: [40]	 Train Loss:  0.034978 	 Train Accuracy:  1.0000 	Valid Loss:  0.2221 	 Valid Accuracy:  0.9643
Run: [5]	 Epoch: [41]	 Train Loss:  0.038325 	 Train Accuracy:  1.0000 	Valid Loss:  0.2214 	 Valid Accuracy:  0.9643
Run: [5]	 Epoch: [42]	 Train Loss:  0.031090 	 Train Accuracy:  1.0000 	Valid Loss:  0.2190 	 Valid Accuracy:  0.9643
Run: [5]	 Epoch: [43]	 Train Loss:  0.040118 	 Train Accuracy:  1.0000 	Valid Loss:  0.2145 	 Valid Accuracy:  0.9643
Run: [5]	 Epoch: [44]	 Train Loss:  0.021111 	 Train Accuracy:  1.0000 	Valid Loss:  0.2111 	 Valid Accuracy:  0.9643
Run: [5]	 Epoch: [45]	 Train Loss:  0.036873 	 Train Accuracy:  1.0000 	Valid Loss:  0.2076 	 Valid Accuracy:  0.9643
Run: [5]	 Epoch: [46]	 Train Loss:  0.014882 	 Train Accuracy:  1.0000 	Valid Loss:  0.2035 	 Valid Accuracy:  0.9643
Run: [5]	 Epoch: [47]	 Train Loss:  0.025372 	 Train Accuracy:  1.0000 	Valid Loss:  0.2008 	 Valid Accuracy:  0.9643
Run: [5]	 Epoch: [48]	 Train Loss:  0.037407 	 Train Accuracy:  1.0000 	Valid Loss:  0.1983 	 Valid Accuracy:  0.9643
Run: [5]	 Epoch: [49]	 Train Loss:  0.020410 	 Train Accuracy:  1.0000 	Valid Loss:  0.1976 	 Valid Accuracy:  0.9643
Run: [5]	 Epoch: [50]	 Train Loss:  0.017814 	 Train Accuracy:  1.0000 	Valid Loss:  0.1987 	 Valid Accuracy:  0.9643
Test Accuracy in run 5 is: 0.944444477558136
Total Train Accuracy after run 5 is: 1.0000
Total Test Accuracy after run 5 is: 0.9444
Best Test Accuracy in 5 runs is: 0.9722
Run: [6]	 Epoch: [1]	 Train Loss:  1.749619 	 Train Accuracy:  0.7589 	Valid Loss:  1.0543 	 Valid Accuracy:  0.5357
Run: [6]	 Epoch: [2]	 Train Loss:  0.878918 	 Train Accuracy:  0.7946 	Valid Loss:  1.1080 	 Valid Accuracy:  0.3929
Run: [6]	 Epoch: [3]	 Train Loss:  0.692584 	 Train Accuracy:  0.9286 	Valid Loss:  0.7060 	 Valid Accuracy:  0.7500
Run: [6]	 Epoch: [4]	 Train Loss:  0.541977 	 Train Accuracy:  0.9375 	Valid Loss:  0.4865 	 Valid Accuracy:  0.8929
Run: [6]	 Epoch: [5]	 Train Loss:  0.350451 	 Train Accuracy:  0.9732 	Valid Loss:  0.3904 	 Valid Accuracy:  0.8929
Run: [6]	 Epoch: [6]	 Train Loss:  0.347628 	 Train Accuracy:  0.9821 	Valid Loss:  0.3240 	 Valid Accuracy:  0.8929
Run: [6]	 Epoch: [7]	 Train Loss:  0.245436 	 Train Accuracy:  1.0000 	Valid Loss:  0.2743 	 Valid Accuracy:  0.9286
Run: [6]	 Epoch: [8]	 Train Loss:  0.211431 	 Train Accuracy:  1.0000 	Valid Loss:  0.2585 	 Valid Accuracy:  0.9643
Run: [6]	 Epoch: [9]	 Train Loss:  0.223030 	 Train Accuracy:  1.0000 	Valid Loss:  0.2453 	 Valid Accuracy:  0.9286
Run: [6]	 Epoch: [10]	 Train Loss:  0.188141 	 Train Accuracy:  1.0000 	Valid Loss:  0.2318 	 Valid Accuracy:  0.9643
Run: [6]	 Epoch: [11]	 Train Loss:  0.215592 	 Train Accuracy:  1.0000 	Valid Loss:  0.2200 	 Valid Accuracy:  0.9643
Run: [6]	 Epoch: [12]	 Train Loss:  0.148342 	 Train Accuracy:  1.0000 	Valid Loss:  0.2070 	 Valid Accuracy:  0.9643
Run: [6]	 Epoch: [13]	 Train Loss:  0.136904 	 Train Accuracy:  1.0000 	Valid Loss:  0.1911 	 Valid Accuracy:  0.9643
Run: [6]	 Epoch: [14]	 Train Loss:  0.152678 	 Train Accuracy:  1.0000 	Valid Loss:  0.1750 	 Valid Accuracy:  0.9643
Run: [6]	 Epoch: [15]	 Train Loss:  0.124294 	 Train Accuracy:  1.0000 	Valid Loss:  0.1613 	 Valid Accuracy:  0.9643
Run: [6]	 Epoch: [16]	 Train Loss:  0.126654 	 Train Accuracy:  1.0000 	Valid Loss:  0.1504 	 Valid Accuracy:  0.9643
Run: [6]	 Epoch: [17]	 Train Loss:  0.104808 	 Train Accuracy:  1.0000 	Valid Loss:  0.1419 	 Valid Accuracy:  0.9643
Run: [6]	 Epoch: [18]	 Train Loss:  0.083920 	 Train Accuracy:  1.0000 	Valid Loss:  0.1342 	 Valid Accuracy:  0.9643
Run: [6]	 Epoch: [19]	 Train Loss:  0.081339 	 Train Accuracy:  1.0000 	Valid Loss:  0.1288 	 Valid Accuracy:  0.9643
Run: [6]	 Epoch: [20]	 Train Loss:  0.101520 	 Train Accuracy:  1.0000 	Valid Loss:  0.1244 	 Valid Accuracy:  0.9643
Run: [6]	 Epoch: [21]	 Train Loss:  0.078406 	 Train Accuracy:  1.0000 	Valid Loss:  0.1221 	 Valid Accuracy:  0.9643
Run: [6]	 Epoch: [22]	 Train Loss:  0.076320 	 Train Accuracy:  1.0000 	Valid Loss:  0.1217 	 Valid Accuracy:  0.9643
Run: [6]	 Epoch: [23]	 Train Loss:  0.095413 	 Train Accuracy:  1.0000 	Valid Loss:  0.1215 	 Valid Accuracy:  0.9643
Run: [6]	 Epoch: [24]	 Train Loss:  0.095995 	 Train Accuracy:  1.0000 	Valid Loss:  0.1225 	 Valid Accuracy:  0.9643
Run: [6]	 Epoch: [25]	 Train Loss:  0.045573 	 Train Accuracy:  1.0000 	Valid Loss:  0.1248 	 Valid Accuracy:  0.9643
Run: [6]	 Epoch: [26]	 Train Loss:  0.062487 	 Train Accuracy:  1.0000 	Valid Loss:  0.1271 	 Valid Accuracy:  0.9643
Run: [6]	 Epoch: [27]	 Train Loss:  0.075503 	 Train Accuracy:  1.0000 	Valid Loss:  0.1306 	 Valid Accuracy:  0.9643
Run: [6]	 Epoch: [28]	 Train Loss:  0.068365 	 Train Accuracy:  1.0000 	Valid Loss:  0.1343 	 Valid Accuracy:  0.9643
Run: [6]	 Epoch: [29]	 Train Loss:  0.049267 	 Train Accuracy:  1.0000 	Valid Loss:  0.1369 	 Valid Accuracy:  0.9643
Run: [6]	 Epoch: [30]	 Train Loss:  0.076091 	 Train Accuracy:  1.0000 	Valid Loss:  0.1373 	 Valid Accuracy:  0.9643
Run: [6]	 Epoch: [31]	 Train Loss:  0.030765 	 Train Accuracy:  1.0000 	Valid Loss:  0.1345 	 Valid Accuracy:  0.9643
Run: [6]	 Epoch: [32]	 Train Loss:  0.037332 	 Train Accuracy:  1.0000 	Valid Loss:  0.1327 	 Valid Accuracy:  0.9643
Run: [6]	 Epoch: [33]	 Train Loss:  0.025461 	 Train Accuracy:  1.0000 	Valid Loss:  0.1309 	 Valid Accuracy:  0.9643
Run: [6]	 Epoch: [34]	 Train Loss:  0.038719 	 Train Accuracy:  1.0000 	Valid Loss:  0.1300 	 Valid Accuracy:  0.9643
Run: [6]	 Epoch: [35]	 Train Loss:  0.029325 	 Train Accuracy:  1.0000 	Valid Loss:  0.1296 	 Valid Accuracy:  0.9643
Run: [6]	 Epoch: [36]	 Train Loss:  0.042667 	 Train Accuracy:  1.0000 	Valid Loss:  0.1275 	 Valid Accuracy:  0.9643
Run: [6]	 Epoch: [37]	 Train Loss:  0.034499 	 Train Accuracy:  1.0000 	Valid Loss:  0.1236 	 Valid Accuracy:  0.9643
Run: [6]	 Epoch: [38]	 Train Loss:  0.040824 	 Train Accuracy:  1.0000 	Valid Loss:  0.1189 	 Valid Accuracy:  0.9643
Run: [6]	 Epoch: [39]	 Train Loss:  0.050457 	 Train Accuracy:  1.0000 	Valid Loss:  0.1172 	 Valid Accuracy:  0.9643
Run: [6]	 Epoch: [40]	 Train Loss:  0.032682 	 Train Accuracy:  1.0000 	Valid Loss:  0.1174 	 Valid Accuracy:  0.9643
Run: [6]	 Epoch: [41]	 Train Loss:  0.041800 	 Train Accuracy:  1.0000 	Valid Loss:  0.1156 	 Valid Accuracy:  0.9643
Run: [6]	 Epoch: [42]	 Train Loss:  0.022372 	 Train Accuracy:  1.0000 	Valid Loss:  0.1155 	 Valid Accuracy:  0.9643
Run: [6]	 Epoch: [43]	 Train Loss:  0.030883 	 Train Accuracy:  1.0000 	Valid Loss:  0.1163 	 Valid Accuracy:  0.9643
Run: [6]	 Epoch: [44]	 Train Loss:  0.025912 	 Train Accuracy:  1.0000 	Valid Loss:  0.1190 	 Valid Accuracy:  0.9643
Run: [6]	 Epoch: [45]	 Train Loss:  0.019854 	 Train Accuracy:  1.0000 	Valid Loss:  0.1227 	 Valid Accuracy:  0.9643
Run: [6]	 Epoch: [46]	 Train Loss:  0.021909 	 Train Accuracy:  1.0000 	Valid Loss:  0.1268 	 Valid Accuracy:  0.9643
Run: [6]	 Epoch: [47]	 Train Loss:  0.034521 	 Train Accuracy:  1.0000 	Valid Loss:  0.1369 	 Valid Accuracy:  0.9643
Run: [6]	 Epoch: [48]	 Train Loss:  0.030533 	 Train Accuracy:  1.0000 	Valid Loss:  0.1440 	 Valid Accuracy:  0.9643
Run: [6]	 Epoch: [49]	 Train Loss:  0.019936 	 Train Accuracy:  1.0000 	Valid Loss:  0.1361 	 Valid Accuracy:  0.9643
Run: [6]	 Epoch: [50]	 Train Loss:  0.033052 	 Train Accuracy:  1.0000 	Valid Loss:  0.1262 	 Valid Accuracy:  0.9643
Test Accuracy in run 6 is: 0.9166666865348816
Total Train Accuracy after run 6 is: 1.0000
Total Test Accuracy after run 6 is: 0.9398
Best Test Accuracy in 6 runs is: 0.9722
Run: [7]	 Epoch: [1]	 Train Loss:  2.258947 	 Train Accuracy:  0.4821 	Valid Loss:  1.2792 	 Valid Accuracy:  0.4643
Run: [7]	 Epoch: [2]	 Train Loss:  1.236855 	 Train Accuracy:  0.3661 	Valid Loss:  1.9097 	 Valid Accuracy:  0.2857
Run: [7]	 Epoch: [3]	 Train Loss:  1.542464 	 Train Accuracy:  0.8393 	Valid Loss:  1.0680 	 Valid Accuracy:  0.5714
Run: [7]	 Epoch: [4]	 Train Loss:  0.776339 	 Train Accuracy:  0.9286 	Valid Loss:  0.7569 	 Valid Accuracy:  0.7143
Run: [7]	 Epoch: [5]	 Train Loss:  0.617963 	 Train Accuracy:  0.9196 	Valid Loss:  0.7232 	 Valid Accuracy:  0.7857
Run: [7]	 Epoch: [6]	 Train Loss:  0.593712 	 Train Accuracy:  0.9464 	Valid Loss:  0.6589 	 Valid Accuracy:  0.7857
Run: [7]	 Epoch: [7]	 Train Loss:  0.503274 	 Train Accuracy:  0.9554 	Valid Loss:  0.5810 	 Valid Accuracy:  0.8571
Run: [7]	 Epoch: [8]	 Train Loss:  0.382274 	 Train Accuracy:  0.9643 	Valid Loss:  0.5162 	 Valid Accuracy:  0.8929
Run: [7]	 Epoch: [9]	 Train Loss:  0.344497 	 Train Accuracy:  0.9732 	Valid Loss:  0.4768 	 Valid Accuracy:  0.8929
Run: [7]	 Epoch: [10]	 Train Loss:  0.308445 	 Train Accuracy:  0.9732 	Valid Loss:  0.4409 	 Valid Accuracy:  0.8929
Run: [7]	 Epoch: [11]	 Train Loss:  0.266003 	 Train Accuracy:  0.9911 	Valid Loss:  0.4187 	 Valid Accuracy:  0.8929
Run: [7]	 Epoch: [12]	 Train Loss:  0.296289 	 Train Accuracy:  0.9911 	Valid Loss:  0.3981 	 Valid Accuracy:  0.8929
Run: [7]	 Epoch: [13]	 Train Loss:  0.184556 	 Train Accuracy:  1.0000 	Valid Loss:  0.3944 	 Valid Accuracy:  0.8929
Run: [7]	 Epoch: [14]	 Train Loss:  0.190681 	 Train Accuracy:  1.0000 	Valid Loss:  0.3913 	 Valid Accuracy:  0.8929
Run: [7]	 Epoch: [15]	 Train Loss:  0.145652 	 Train Accuracy:  1.0000 	Valid Loss:  0.3895 	 Valid Accuracy:  0.8571
Run: [7]	 Epoch: [16]	 Train Loss:  0.177752 	 Train Accuracy:  1.0000 	Valid Loss:  0.3902 	 Valid Accuracy:  0.8571
Run: [7]	 Epoch: [17]	 Train Loss:  0.176325 	 Train Accuracy:  1.0000 	Valid Loss:  0.3949 	 Valid Accuracy:  0.8571
Run: [7]	 Epoch: [18]	 Train Loss:  0.150441 	 Train Accuracy:  1.0000 	Valid Loss:  0.3953 	 Valid Accuracy:  0.8571
Run: [7]	 Epoch: [19]	 Train Loss:  0.148463 	 Train Accuracy:  1.0000 	Valid Loss:  0.3876 	 Valid Accuracy:  0.8571
Run: [7]	 Epoch: [20]	 Train Loss:  0.120414 	 Train Accuracy:  1.0000 	Valid Loss:  0.3746 	 Valid Accuracy:  0.8571
Run: [7]	 Epoch: [21]	 Train Loss:  0.132366 	 Train Accuracy:  1.0000 	Valid Loss:  0.3537 	 Valid Accuracy:  0.8571
Run: [7]	 Epoch: [22]	 Train Loss:  0.102279 	 Train Accuracy:  1.0000 	Valid Loss:  0.3376 	 Valid Accuracy:  0.8571
Run: [7]	 Epoch: [23]	 Train Loss:  0.114166 	 Train Accuracy:  1.0000 	Valid Loss:  0.3302 	 Valid Accuracy:  0.8571
Run: [7]	 Epoch: [24]	 Train Loss:  0.128851 	 Train Accuracy:  1.0000 	Valid Loss:  0.3331 	 Valid Accuracy:  0.8929
Run: [7]	 Epoch: [25]	 Train Loss:  0.074493 	 Train Accuracy:  1.0000 	Valid Loss:  0.3404 	 Valid Accuracy:  0.8929
Run: [7]	 Epoch: [26]	 Train Loss:  0.074438 	 Train Accuracy:  1.0000 	Valid Loss:  0.3519 	 Valid Accuracy:  0.8929
Run: [7]	 Epoch: [27]	 Train Loss:  0.122166 	 Train Accuracy:  1.0000 	Valid Loss:  0.3596 	 Valid Accuracy:  0.8929
Run: [7]	 Epoch: [28]	 Train Loss:  0.099152 	 Train Accuracy:  1.0000 	Valid Loss:  0.3687 	 Valid Accuracy:  0.8929
Run: [7]	 Epoch: [29]	 Train Loss:  0.075227 	 Train Accuracy:  1.0000 	Valid Loss:  0.3800 	 Valid Accuracy:  0.8929
Run: [7]	 Epoch: [30]	 Train Loss:  0.062241 	 Train Accuracy:  1.0000 	Valid Loss:  0.3921 	 Valid Accuracy:  0.8929
Run: [7]	 Epoch: [31]	 Train Loss:  0.088401 	 Train Accuracy:  1.0000 	Valid Loss:  0.3988 	 Valid Accuracy:  0.8929
Run: [7]	 Epoch: [32]	 Train Loss:  0.065471 	 Train Accuracy:  1.0000 	Valid Loss:  0.4027 	 Valid Accuracy:  0.8929
Run: [7]	 Epoch: [33]	 Train Loss:  0.070061 	 Train Accuracy:  1.0000 	Valid Loss:  0.4076 	 Valid Accuracy:  0.8929
Run: [7]	 Epoch: [34]	 Train Loss:  0.057490 	 Train Accuracy:  1.0000 	Valid Loss:  0.4128 	 Valid Accuracy:  0.8571
Run: [7]	 Epoch: [35]	 Train Loss:  0.054847 	 Train Accuracy:  1.0000 	Valid Loss:  0.4163 	 Valid Accuracy:  0.8571
Run: [7]	 Epoch: [36]	 Train Loss:  0.067726 	 Train Accuracy:  1.0000 	Valid Loss:  0.4192 	 Valid Accuracy:  0.8571
Run: [7]	 Epoch: [37]	 Train Loss:  0.043819 	 Train Accuracy:  1.0000 	Valid Loss:  0.4216 	 Valid Accuracy:  0.8929
Run: [7]	 Epoch: [38]	 Train Loss:  0.087972 	 Train Accuracy:  1.0000 	Valid Loss:  0.4219 	 Valid Accuracy:  0.8929
Run: [7]	 Epoch: [39]	 Train Loss:  0.071029 	 Train Accuracy:  1.0000 	Valid Loss:  0.4217 	 Valid Accuracy:  0.8929
Run: [7]	 Epoch: [40]	 Train Loss:  0.043582 	 Train Accuracy:  1.0000 	Valid Loss:  0.4227 	 Valid Accuracy:  0.8929
Run: [7]	 Epoch: [41]	 Train Loss:  0.042759 	 Train Accuracy:  1.0000 	Valid Loss:  0.4224 	 Valid Accuracy:  0.8929
Run: [7]	 Epoch: [42]	 Train Loss:  0.052339 	 Train Accuracy:  1.0000 	Valid Loss:  0.4234 	 Valid Accuracy:  0.8571
Run: [7]	 Epoch: [43]	 Train Loss:  0.073168 	 Train Accuracy:  1.0000 	Valid Loss:  0.4266 	 Valid Accuracy:  0.8571
Run: [7]	 Epoch: [44]	 Train Loss:  0.104137 	 Train Accuracy:  1.0000 	Valid Loss:  0.4296 	 Valid Accuracy:  0.8571
Run: [7]	 Epoch: [45]	 Train Loss:  0.043658 	 Train Accuracy:  1.0000 	Valid Loss:  0.4327 	 Valid Accuracy:  0.8571
Run: [7]	 Epoch: [46]	 Train Loss:  0.045209 	 Train Accuracy:  1.0000 	Valid Loss:  0.4355 	 Valid Accuracy:  0.8571
Run: [7]	 Epoch: [47]	 Train Loss:  0.065413 	 Train Accuracy:  1.0000 	Valid Loss:  0.4390 	 Valid Accuracy:  0.8571
Run: [7]	 Epoch: [48]	 Train Loss:  0.054579 	 Train Accuracy:  1.0000 	Valid Loss:  0.4425 	 Valid Accuracy:  0.8571
Run: [7]	 Epoch: [49]	 Train Loss:  0.029573 	 Train Accuracy:  1.0000 	Valid Loss:  0.4411 	 Valid Accuracy:  0.8571
Run: [7]	 Epoch: [50]	 Train Loss:  0.046625 	 Train Accuracy:  1.0000 	Valid Loss:  0.4323 	 Valid Accuracy:  0.8929
Test Accuracy in run 7 is: 0.944444477558136
Total Train Accuracy after run 7 is: 1.0000
Total Test Accuracy after run 7 is: 0.9405
Best Test Accuracy in 7 runs is: 0.9722
Run: [8]	 Epoch: [1]	 Train Loss:  1.627647 	 Train Accuracy:  0.5000 	Valid Loss:  1.1426 	 Valid Accuracy:  0.4643
Run: [8]	 Epoch: [2]	 Train Loss:  0.975341 	 Train Accuracy:  0.8482 	Valid Loss:  0.9937 	 Valid Accuracy:  0.6429
Run: [8]	 Epoch: [3]	 Train Loss:  0.729806 	 Train Accuracy:  0.8750 	Valid Loss:  0.8172 	 Valid Accuracy:  0.6429
Run: [8]	 Epoch: [4]	 Train Loss:  0.545143 	 Train Accuracy:  0.9643 	Valid Loss:  0.5132 	 Valid Accuracy:  0.8571
Run: [8]	 Epoch: [5]	 Train Loss:  0.373326 	 Train Accuracy:  0.9821 	Valid Loss:  0.4578 	 Valid Accuracy:  0.8929
Run: [8]	 Epoch: [6]	 Train Loss:  0.304465 	 Train Accuracy:  0.9911 	Valid Loss:  0.4019 	 Valid Accuracy:  0.8929
Run: [8]	 Epoch: [7]	 Train Loss:  0.245675 	 Train Accuracy:  0.9911 	Valid Loss:  0.3385 	 Valid Accuracy:  0.9286
Run: [8]	 Epoch: [8]	 Train Loss:  0.233643 	 Train Accuracy:  0.9911 	Valid Loss:  0.3234 	 Valid Accuracy:  0.8929
Run: [8]	 Epoch: [9]	 Train Loss:  0.199633 	 Train Accuracy:  0.9911 	Valid Loss:  0.3174 	 Valid Accuracy:  0.8929
Run: [8]	 Epoch: [10]	 Train Loss:  0.158700 	 Train Accuracy:  1.0000 	Valid Loss:  0.3141 	 Valid Accuracy:  0.8929
Run: [8]	 Epoch: [11]	 Train Loss:  0.147479 	 Train Accuracy:  1.0000 	Valid Loss:  0.3003 	 Valid Accuracy:  0.9286
Run: [8]	 Epoch: [12]	 Train Loss:  0.131855 	 Train Accuracy:  1.0000 	Valid Loss:  0.2955 	 Valid Accuracy:  0.9286
Run: [8]	 Epoch: [13]	 Train Loss:  0.119561 	 Train Accuracy:  1.0000 	Valid Loss:  0.3006 	 Valid Accuracy:  0.9286
Run: [8]	 Epoch: [14]	 Train Loss:  0.106942 	 Train Accuracy:  1.0000 	Valid Loss:  0.3069 	 Valid Accuracy:  0.9286
Run: [8]	 Epoch: [15]	 Train Loss:  0.097828 	 Train Accuracy:  1.0000 	Valid Loss:  0.3151 	 Valid Accuracy:  0.9286
Run: [8]	 Epoch: [16]	 Train Loss:  0.119688 	 Train Accuracy:  1.0000 	Valid Loss:  0.3206 	 Valid Accuracy:  0.9286
Run: [8]	 Epoch: [17]	 Train Loss:  0.087579 	 Train Accuracy:  1.0000 	Valid Loss:  0.3256 	 Valid Accuracy:  0.9286
Run: [8]	 Epoch: [18]	 Train Loss:  0.066374 	 Train Accuracy:  1.0000 	Valid Loss:  0.3348 	 Valid Accuracy:  0.9286
Run: [8]	 Epoch: [19]	 Train Loss:  0.062282 	 Train Accuracy:  1.0000 	Valid Loss:  0.3439 	 Valid Accuracy:  0.9286
Run: [8]	 Epoch: [20]	 Train Loss:  0.094230 	 Train Accuracy:  1.0000 	Valid Loss:  0.3534 	 Valid Accuracy:  0.9286
Run: [8]	 Epoch: [21]	 Train Loss:  0.061945 	 Train Accuracy:  1.0000 	Valid Loss:  0.3600 	 Valid Accuracy:  0.9286
Run: [8]	 Epoch: [22]	 Train Loss:  0.059761 	 Train Accuracy:  1.0000 	Valid Loss:  0.3636 	 Valid Accuracy:  0.9286
Run: [8]	 Epoch: [23]	 Train Loss:  0.053903 	 Train Accuracy:  1.0000 	Valid Loss:  0.3669 	 Valid Accuracy:  0.9286
Run: [8]	 Epoch: [24]	 Train Loss:  0.043775 	 Train Accuracy:  1.0000 	Valid Loss:  0.3689 	 Valid Accuracy:  0.9286
Run: [8]	 Epoch: [25]	 Train Loss:  0.048131 	 Train Accuracy:  1.0000 	Valid Loss:  0.3729 	 Valid Accuracy:  0.9286
Run: [8]	 Epoch: [26]	 Train Loss:  0.042669 	 Train Accuracy:  1.0000 	Valid Loss:  0.3750 	 Valid Accuracy:  0.9286
Run: [8]	 Epoch: [27]	 Train Loss:  0.054020 	 Train Accuracy:  1.0000 	Valid Loss:  0.3779 	 Valid Accuracy:  0.9286
Run: [8]	 Epoch: [28]	 Train Loss:  0.055217 	 Train Accuracy:  1.0000 	Valid Loss:  0.3857 	 Valid Accuracy:  0.9286
Run: [8]	 Epoch: [29]	 Train Loss:  0.047493 	 Train Accuracy:  1.0000 	Valid Loss:  0.3974 	 Valid Accuracy:  0.8929
Run: [8]	 Epoch: [30]	 Train Loss:  0.046714 	 Train Accuracy:  1.0000 	Valid Loss:  0.4059 	 Valid Accuracy:  0.8929
Run: [8]	 Epoch: [31]	 Train Loss:  0.029841 	 Train Accuracy:  1.0000 	Valid Loss:  0.4198 	 Valid Accuracy:  0.8929
Run: [8]	 Epoch: [32]	 Train Loss:  0.059929 	 Train Accuracy:  1.0000 	Valid Loss:  0.4321 	 Valid Accuracy:  0.8929
Run: [8]	 Epoch: [33]	 Train Loss:  0.038089 	 Train Accuracy:  1.0000 	Valid Loss:  0.4442 	 Valid Accuracy:  0.8929
Run: [8]	 Epoch: [34]	 Train Loss:  0.036479 	 Train Accuracy:  1.0000 	Valid Loss:  0.4585 	 Valid Accuracy:  0.8929
Run: [8]	 Epoch: [35]	 Train Loss:  0.030208 	 Train Accuracy:  1.0000 	Valid Loss:  0.4741 	 Valid Accuracy:  0.8929
Run: [8]	 Epoch: [36]	 Train Loss:  0.034422 	 Train Accuracy:  1.0000 	Valid Loss:  0.4899 	 Valid Accuracy:  0.8929
Run: [8]	 Epoch: [37]	 Train Loss:  0.034132 	 Train Accuracy:  1.0000 	Valid Loss:  0.5054 	 Valid Accuracy:  0.8929
Run: [8]	 Epoch: [38]	 Train Loss:  0.042934 	 Train Accuracy:  1.0000 	Valid Loss:  0.5245 	 Valid Accuracy:  0.8929
Run: [8]	 Epoch: [39]	 Train Loss:  0.045730 	 Train Accuracy:  1.0000 	Valid Loss:  0.5367 	 Valid Accuracy:  0.8929
Run: [8]	 Epoch: [40]	 Train Loss:  0.020411 	 Train Accuracy:  1.0000 	Valid Loss:  0.5493 	 Valid Accuracy:  0.8929
Run: [8]	 Epoch: [41]	 Train Loss:  0.026021 	 Train Accuracy:  1.0000 	Valid Loss:  0.5594 	 Valid Accuracy:  0.8929
Run: [8]	 Epoch: [42]	 Train Loss:  0.028686 	 Train Accuracy:  1.0000 	Valid Loss:  0.5590 	 Valid Accuracy:  0.8929
Run: [8]	 Epoch: [43]	 Train Loss:  0.036057 	 Train Accuracy:  1.0000 	Valid Loss:  0.5624 	 Valid Accuracy:  0.8929
Run: [8]	 Epoch: [44]	 Train Loss:  0.024903 	 Train Accuracy:  1.0000 	Valid Loss:  0.5605 	 Valid Accuracy:  0.8929
Run: [8]	 Epoch: [45]	 Train Loss:  0.010780 	 Train Accuracy:  1.0000 	Valid Loss:  0.5594 	 Valid Accuracy:  0.8929
Run: [8]	 Epoch: [46]	 Train Loss:  0.024384 	 Train Accuracy:  1.0000 	Valid Loss:  0.5564 	 Valid Accuracy:  0.8929
Run: [8]	 Epoch: [47]	 Train Loss:  0.020619 	 Train Accuracy:  1.0000 	Valid Loss:  0.5536 	 Valid Accuracy:  0.8929
Run: [8]	 Epoch: [48]	 Train Loss:  0.025421 	 Train Accuracy:  1.0000 	Valid Loss:  0.5539 	 Valid Accuracy:  0.8929
Run: [8]	 Epoch: [49]	 Train Loss:  0.027227 	 Train Accuracy:  1.0000 	Valid Loss:  0.5560 	 Valid Accuracy:  0.8929
Run: [8]	 Epoch: [50]	 Train Loss:  0.014482 	 Train Accuracy:  1.0000 	Valid Loss:  0.5766 	 Valid Accuracy:  0.8929
Test Accuracy in run 8 is: 0.8888888955116272
Total Train Accuracy after run 8 is: 1.0000
Total Test Accuracy after run 8 is: 0.9340
Best Test Accuracy in 8 runs is: 0.9722
Run: [9]	 Epoch: [1]	 Train Loss:  1.569284 	 Train Accuracy:  0.7143 	Valid Loss:  1.1420 	 Valid Accuracy:  0.6429
Run: [9]	 Epoch: [2]	 Train Loss:  0.947790 	 Train Accuracy:  0.8661 	Valid Loss:  0.8635 	 Valid Accuracy:  0.7143
Run: [9]	 Epoch: [3]	 Train Loss:  0.694717 	 Train Accuracy:  0.8482 	Valid Loss:  0.8074 	 Valid Accuracy:  0.5357
Run: [9]	 Epoch: [4]	 Train Loss:  0.489126 	 Train Accuracy:  0.8839 	Valid Loss:  0.6063 	 Valid Accuracy:  0.7500
Run: [9]	 Epoch: [5]	 Train Loss:  0.426982 	 Train Accuracy:  0.9643 	Valid Loss:  0.4915 	 Valid Accuracy:  0.8571
Run: [9]	 Epoch: [6]	 Train Loss:  0.307433 	 Train Accuracy:  0.9821 	Valid Loss:  0.4145 	 Valid Accuracy:  0.8929
Run: [9]	 Epoch: [7]	 Train Loss:  0.303361 	 Train Accuracy:  0.9821 	Valid Loss:  0.3965 	 Valid Accuracy:  0.8929
Run: [9]	 Epoch: [8]	 Train Loss:  0.239042 	 Train Accuracy:  0.9821 	Valid Loss:  0.3830 	 Valid Accuracy:  0.8929
Run: [9]	 Epoch: [9]	 Train Loss:  0.256348 	 Train Accuracy:  0.9821 	Valid Loss:  0.3567 	 Valid Accuracy:  0.8929
Run: [9]	 Epoch: [10]	 Train Loss:  0.208951 	 Train Accuracy:  0.9821 	Valid Loss:  0.3287 	 Valid Accuracy:  0.9286
Run: [9]	 Epoch: [11]	 Train Loss:  0.179859 	 Train Accuracy:  0.9821 	Valid Loss:  0.3043 	 Valid Accuracy:  0.9643
Run: [9]	 Epoch: [12]	 Train Loss:  0.150988 	 Train Accuracy:  0.9821 	Valid Loss:  0.2842 	 Valid Accuracy:  0.9643
Run: [9]	 Epoch: [13]	 Train Loss:  0.168934 	 Train Accuracy:  0.9821 	Valid Loss:  0.2695 	 Valid Accuracy:  0.9643
Run: [9]	 Epoch: [14]	 Train Loss:  0.149999 	 Train Accuracy:  0.9821 	Valid Loss:  0.2525 	 Valid Accuracy:  0.9643
Run: [9]	 Epoch: [15]	 Train Loss:  0.116157 	 Train Accuracy:  0.9911 	Valid Loss:  0.2352 	 Valid Accuracy:  0.9643
Run: [9]	 Epoch: [16]	 Train Loss:  0.121435 	 Train Accuracy:  0.9821 	Valid Loss:  0.2216 	 Valid Accuracy:  0.9643
Run: [9]	 Epoch: [17]	 Train Loss:  0.111473 	 Train Accuracy:  0.9821 	Valid Loss:  0.2104 	 Valid Accuracy:  0.9643
Run: [9]	 Epoch: [18]	 Train Loss:  0.096583 	 Train Accuracy:  0.9821 	Valid Loss:  0.2007 	 Valid Accuracy:  0.9643
Run: [9]	 Epoch: [19]	 Train Loss:  0.100715 	 Train Accuracy:  0.9821 	Valid Loss:  0.1957 	 Valid Accuracy:  0.9643
Run: [9]	 Epoch: [20]	 Train Loss:  0.104612 	 Train Accuracy:  1.0000 	Valid Loss:  0.1930 	 Valid Accuracy:  0.9643
Run: [9]	 Epoch: [21]	 Train Loss:  0.109177 	 Train Accuracy:  1.0000 	Valid Loss:  0.1925 	 Valid Accuracy:  0.9643
Run: [9]	 Epoch: [22]	 Train Loss:  0.077621 	 Train Accuracy:  1.0000 	Valid Loss:  0.1928 	 Valid Accuracy:  0.9643
Run: [9]	 Epoch: [23]	 Train Loss:  0.099184 	 Train Accuracy:  0.9911 	Valid Loss:  0.1889 	 Valid Accuracy:  0.9643
Run: [9]	 Epoch: [24]	 Train Loss:  0.080798 	 Train Accuracy:  0.9911 	Valid Loss:  0.1888 	 Valid Accuracy:  0.9643
Run: [9]	 Epoch: [25]	 Train Loss:  0.071088 	 Train Accuracy:  0.9911 	Valid Loss:  0.1903 	 Valid Accuracy:  0.9643
Run: [9]	 Epoch: [26]	 Train Loss:  0.099607 	 Train Accuracy:  1.0000 	Valid Loss:  0.1961 	 Valid Accuracy:  0.9643
Run: [9]	 Epoch: [27]	 Train Loss:  0.050622 	 Train Accuracy:  1.0000 	Valid Loss:  0.1985 	 Valid Accuracy:  0.9643
Run: [9]	 Epoch: [28]	 Train Loss:  0.072616 	 Train Accuracy:  1.0000 	Valid Loss:  0.1979 	 Valid Accuracy:  0.9643
Run: [9]	 Epoch: [29]	 Train Loss:  0.056700 	 Train Accuracy:  1.0000 	Valid Loss:  0.1947 	 Valid Accuracy:  0.9643
Run: [9]	 Epoch: [30]	 Train Loss:  0.049652 	 Train Accuracy:  1.0000 	Valid Loss:  0.1855 	 Valid Accuracy:  0.9643
Run: [9]	 Epoch: [31]	 Train Loss:  0.066415 	 Train Accuracy:  1.0000 	Valid Loss:  0.1621 	 Valid Accuracy:  0.9643
Run: [9]	 Epoch: [32]	 Train Loss:  0.033341 	 Train Accuracy:  1.0000 	Valid Loss:  0.1320 	 Valid Accuracy:  0.9643
Run: [9]	 Epoch: [33]	 Train Loss:  0.032344 	 Train Accuracy:  1.0000 	Valid Loss:  0.1002 	 Valid Accuracy:  0.9643
Run: [9]	 Epoch: [34]	 Train Loss:  0.031893 	 Train Accuracy:  1.0000 	Valid Loss:  0.0806 	 Valid Accuracy:  0.9643
Run: [9]	 Epoch: [35]	 Train Loss:  0.031278 	 Train Accuracy:  1.0000 	Valid Loss:  0.0701 	 Valid Accuracy:  0.9643
Run: [9]	 Epoch: [36]	 Train Loss:  0.023505 	 Train Accuracy:  1.0000 	Valid Loss:  0.0666 	 Valid Accuracy:  0.9643
Run: [9]	 Epoch: [37]	 Train Loss:  0.028644 	 Train Accuracy:  1.0000 	Valid Loss:  0.0704 	 Valid Accuracy:  0.9643
Run: [9]	 Epoch: [38]	 Train Loss:  0.016988 	 Train Accuracy:  1.0000 	Valid Loss:  0.0786 	 Valid Accuracy:  0.9643
Run: [9]	 Epoch: [39]	 Train Loss:  0.023772 	 Train Accuracy:  1.0000 	Valid Loss:  0.0879 	 Valid Accuracy:  0.9643
Run: [9]	 Epoch: [40]	 Train Loss:  0.036813 	 Train Accuracy:  1.0000 	Valid Loss:  0.0954 	 Valid Accuracy:  0.9643
Run: [9]	 Epoch: [41]	 Train Loss:  0.043379 	 Train Accuracy:  1.0000 	Valid Loss:  0.1033 	 Valid Accuracy:  0.9643
Run: [9]	 Epoch: [42]	 Train Loss:  0.018630 	 Train Accuracy:  1.0000 	Valid Loss:  0.1146 	 Valid Accuracy:  0.9643
Run: [9]	 Epoch: [43]	 Train Loss:  0.031727 	 Train Accuracy:  1.0000 	Valid Loss:  0.1280 	 Valid Accuracy:  0.9643
Run: [9]	 Epoch: [44]	 Train Loss:  0.017843 	 Train Accuracy:  1.0000 	Valid Loss:  0.1414 	 Valid Accuracy:  0.9643
Run: [9]	 Epoch: [45]	 Train Loss:  0.025951 	 Train Accuracy:  1.0000 	Valid Loss:  0.1569 	 Valid Accuracy:  0.9286
Run: [9]	 Epoch: [46]	 Train Loss:  0.034372 	 Train Accuracy:  1.0000 	Valid Loss:  0.1709 	 Valid Accuracy:  0.9286
Run: [9]	 Epoch: [47]	 Train Loss:  0.018127 	 Train Accuracy:  1.0000 	Valid Loss:  0.1841 	 Valid Accuracy:  0.9286
Run: [9]	 Epoch: [48]	 Train Loss:  0.012633 	 Train Accuracy:  1.0000 	Valid Loss:  0.1961 	 Valid Accuracy:  0.9286
Run: [9]	 Epoch: [49]	 Train Loss:  0.017474 	 Train Accuracy:  1.0000 	Valid Loss:  0.2068 	 Valid Accuracy:  0.9286
Run: [9]	 Epoch: [50]	 Train Loss:  0.023362 	 Train Accuracy:  1.0000 	Valid Loss:  0.2128 	 Valid Accuracy:  0.9286
Test Accuracy in run 9 is: 0.8888888955116272
Total Train Accuracy after run 9 is: 1.0000
Total Test Accuracy after run 9 is: 0.9290
Best Test Accuracy in 9 runs is: 0.9722
Run: [10]	 Epoch: [1]	 Train Loss:  1.685306 	 Train Accuracy:  0.6786 	Valid Loss:  1.2283 	 Valid Accuracy:  0.4643
Run: [10]	 Epoch: [2]	 Train Loss:  0.848128 	 Train Accuracy:  0.7054 	Valid Loss:  1.1064 	 Valid Accuracy:  0.5000
Run: [10]	 Epoch: [3]	 Train Loss:  0.705148 	 Train Accuracy:  0.7500 	Valid Loss:  1.1189 	 Valid Accuracy:  0.5000
Run: [10]	 Epoch: [4]	 Train Loss:  0.626300 	 Train Accuracy:  0.9643 	Valid Loss:  0.3977 	 Valid Accuracy:  0.9286
Run: [10]	 Epoch: [5]	 Train Loss:  0.331339 	 Train Accuracy:  0.9643 	Valid Loss:  0.4161 	 Valid Accuracy:  0.8571
Run: [10]	 Epoch: [6]	 Train Loss:  0.277895 	 Train Accuracy:  0.9643 	Valid Loss:  0.4234 	 Valid Accuracy:  0.8571
Run: [10]	 Epoch: [7]	 Train Loss:  0.243437 	 Train Accuracy:  0.9732 	Valid Loss:  0.4069 	 Valid Accuracy:  0.8571
Run: [10]	 Epoch: [8]	 Train Loss:  0.229403 	 Train Accuracy:  0.9732 	Valid Loss:  0.3644 	 Valid Accuracy:  0.8929
Run: [10]	 Epoch: [9]	 Train Loss:  0.189164 	 Train Accuracy:  0.9821 	Valid Loss:  0.3169 	 Valid Accuracy:  0.8929
Run: [10]	 Epoch: [10]	 Train Loss:  0.171566 	 Train Accuracy:  1.0000 	Valid Loss:  0.2989 	 Valid Accuracy:  0.9286
Run: [10]	 Epoch: [11]	 Train Loss:  0.177793 	 Train Accuracy:  1.0000 	Valid Loss:  0.3046 	 Valid Accuracy:  0.8929
Run: [10]	 Epoch: [12]	 Train Loss:  0.139328 	 Train Accuracy:  1.0000 	Valid Loss:  0.3210 	 Valid Accuracy:  0.8929
Run: [10]	 Epoch: [13]	 Train Loss:  0.113317 	 Train Accuracy:  1.0000 	Valid Loss:  0.3379 	 Valid Accuracy:  0.8571
Run: [10]	 Epoch: [14]	 Train Loss:  0.106198 	 Train Accuracy:  1.0000 	Valid Loss:  0.3429 	 Valid Accuracy:  0.8571
Run: [10]	 Epoch: [15]	 Train Loss:  0.098627 	 Train Accuracy:  1.0000 	Valid Loss:  0.3387 	 Valid Accuracy:  0.8571
Run: [10]	 Epoch: [16]	 Train Loss:  0.103346 	 Train Accuracy:  1.0000 	Valid Loss:  0.3306 	 Valid Accuracy:  0.8571
Run: [10]	 Epoch: [17]	 Train Loss:  0.069741 	 Train Accuracy:  1.0000 	Valid Loss:  0.3242 	 Valid Accuracy:  0.8571
Run: [10]	 Epoch: [18]	 Train Loss:  0.080561 	 Train Accuracy:  1.0000 	Valid Loss:  0.3228 	 Valid Accuracy:  0.8571
Run: [10]	 Epoch: [19]	 Train Loss:  0.054959 	 Train Accuracy:  1.0000 	Valid Loss:  0.3164 	 Valid Accuracy:  0.8571
Run: [10]	 Epoch: [20]	 Train Loss:  0.055947 	 Train Accuracy:  1.0000 	Valid Loss:  0.3119 	 Valid Accuracy:  0.8929
Run: [10]	 Epoch: [21]	 Train Loss:  0.077326 	 Train Accuracy:  1.0000 	Valid Loss:  0.3072 	 Valid Accuracy:  0.9286
Run: [10]	 Epoch: [22]	 Train Loss:  0.066530 	 Train Accuracy:  1.0000 	Valid Loss:  0.3043 	 Valid Accuracy:  0.9286
Run: [10]	 Epoch: [23]	 Train Loss:  0.066031 	 Train Accuracy:  1.0000 	Valid Loss:  0.2992 	 Valid Accuracy:  0.9286
Run: [10]	 Epoch: [24]	 Train Loss:  0.045224 	 Train Accuracy:  1.0000 	Valid Loss:  0.2928 	 Valid Accuracy:  0.9286
Run: [10]	 Epoch: [25]	 Train Loss:  0.039770 	 Train Accuracy:  1.0000 	Valid Loss:  0.2878 	 Valid Accuracy:  0.9286
Run: [10]	 Epoch: [26]	 Train Loss:  0.045866 	 Train Accuracy:  1.0000 	Valid Loss:  0.2851 	 Valid Accuracy:  0.9286
Run: [10]	 Epoch: [27]	 Train Loss:  0.053683 	 Train Accuracy:  1.0000 	Valid Loss:  0.2827 	 Valid Accuracy:  0.9643
Run: [10]	 Epoch: [28]	 Train Loss:  0.050300 	 Train Accuracy:  1.0000 	Valid Loss:  0.2822 	 Valid Accuracy:  0.9643
Run: [10]	 Epoch: [29]	 Train Loss:  0.038279 	 Train Accuracy:  1.0000 	Valid Loss:  0.2833 	 Valid Accuracy:  0.9643
Run: [10]	 Epoch: [30]	 Train Loss:  0.060788 	 Train Accuracy:  1.0000 	Valid Loss:  0.2844 	 Valid Accuracy:  0.9643
Run: [10]	 Epoch: [31]	 Train Loss:  0.063782 	 Train Accuracy:  1.0000 	Valid Loss:  0.2838 	 Valid Accuracy:  0.9643
Run: [10]	 Epoch: [32]	 Train Loss:  0.050627 	 Train Accuracy:  1.0000 	Valid Loss:  0.2817 	 Valid Accuracy:  0.9643
Run: [10]	 Epoch: [33]	 Train Loss:  0.056192 	 Train Accuracy:  1.0000 	Valid Loss:  0.2774 	 Valid Accuracy:  0.9643
Run: [10]	 Epoch: [34]	 Train Loss:  0.024635 	 Train Accuracy:  1.0000 	Valid Loss:  0.2748 	 Valid Accuracy:  0.9643
Run: [10]	 Epoch: [35]	 Train Loss:  0.019739 	 Train Accuracy:  1.0000 	Valid Loss:  0.2707 	 Valid Accuracy:  0.9643
Run: [10]	 Epoch: [36]	 Train Loss:  0.019287 	 Train Accuracy:  1.0000 	Valid Loss:  0.2679 	 Valid Accuracy:  0.9643
Run: [10]	 Epoch: [37]	 Train Loss:  0.035370 	 Train Accuracy:  1.0000 	Valid Loss:  0.2654 	 Valid Accuracy:  0.9643
Run: [10]	 Epoch: [38]	 Train Loss:  0.050323 	 Train Accuracy:  1.0000 	Valid Loss:  0.2625 	 Valid Accuracy:  0.9643
Run: [10]	 Epoch: [39]	 Train Loss:  0.016911 	 Train Accuracy:  1.0000 	Valid Loss:  0.2604 	 Valid Accuracy:  0.9643
Run: [10]	 Epoch: [40]	 Train Loss:  0.032868 	 Train Accuracy:  1.0000 	Valid Loss:  0.2596 	 Valid Accuracy:  0.9643
Run: [10]	 Epoch: [41]	 Train Loss:  0.028466 	 Train Accuracy:  1.0000 	Valid Loss:  0.2597 	 Valid Accuracy:  0.9643
Run: [10]	 Epoch: [42]	 Train Loss:  0.017197 	 Train Accuracy:  1.0000 	Valid Loss:  0.2608 	 Valid Accuracy:  0.9643
Run: [10]	 Epoch: [43]	 Train Loss:  0.018993 	 Train Accuracy:  1.0000 	Valid Loss:  0.2624 	 Valid Accuracy:  0.9643
Run: [10]	 Epoch: [44]	 Train Loss:  0.012612 	 Train Accuracy:  1.0000 	Valid Loss:  0.2639 	 Valid Accuracy:  0.9643
Run: [10]	 Epoch: [45]	 Train Loss:  0.013428 	 Train Accuracy:  1.0000 	Valid Loss:  0.2655 	 Valid Accuracy:  0.9643
Run: [10]	 Epoch: [46]	 Train Loss:  0.013858 	 Train Accuracy:  1.0000 	Valid Loss:  0.2679 	 Valid Accuracy:  0.9643
Run: [10]	 Epoch: [47]	 Train Loss:  0.014193 	 Train Accuracy:  1.0000 	Valid Loss:  0.2704 	 Valid Accuracy:  0.9643
Run: [10]	 Epoch: [48]	 Train Loss:  0.013739 	 Train Accuracy:  1.0000 	Valid Loss:  0.2708 	 Valid Accuracy:  0.9643
Run: [10]	 Epoch: [49]	 Train Loss:  0.015556 	 Train Accuracy:  1.0000 	Valid Loss:  0.2712 	 Valid Accuracy:  0.9643
Run: [10]	 Epoch: [50]	 Train Loss:  0.011161 	 Train Accuracy:  1.0000 	Valid Loss:  0.2720 	 Valid Accuracy:  0.9643
Test Accuracy in run 10 is: 0.8888888955116272
Total Train Accuracy after run 10 is: 1.0000
Total Test Accuracy after run 10 is: 0.9250
Best Test Accuracy in 10 runs is: 0.9722
