==========       System Configuration      =============
phase:train
use_cpu:False
runs:10
validation:0.1
data_dir:/data/entity
batch_size:1
dataset:AIFB
total_epochs:50
save_freq:5
lr:0.01
multi_gpus:False
postname:
l2norm:0.0005
kernel_size:64
block_type:res
n_layers:14
act:relu
norm:layer
bias:True
dropout:0.2
channels:16
dec:basis
bases:30
aggr:mean
ckpt_path:
save_best_only:True
task:denseR
post:denseR-AIFB-res-14-16
time:210215-22-34-54
save_path:/content/drive/My Drive/denseR/checkpoints/ckpts-denseR-AIFB-res-14-16-210215-22-34-54
logdir:/content/drive/My Drive/denseR/logs/denseR-AIFB-res-14-16-210215-22-34-54
device:cuda
epoch:-1
printer:<Logger args (DEBUG)>
==========     CONFIG END    =============


===> Phase is train.
 === Downloading Dataset and Creating graphs ===
=== Dataset info ===
Number of training nodes: 140 	 Number of testing nodes: 36	 Total Number of labelled nodes: 176
Number of classes in this graph: 4 	 Number of nodes: 8285 	 Number of relation types: 90
==== Initializing the Optimizer ====
Run: [1]	 Epoch: [1]	 Train Loss:  1.919272 	 Train Accuracy:  0.4444 	Valid Loss:  0.8699 	 Valid Accuracy:  0.7143
Run: [1]	 Epoch: [2]	 Train Loss:  1.272117 	 Train Accuracy:  0.7937 	Valid Loss:  0.7212 	 Valid Accuracy:  0.6429
Run: [1]	 Epoch: [3]	 Train Loss:  0.864754 	 Train Accuracy:  0.9286 	Valid Loss:  0.6648 	 Valid Accuracy:  0.7143
Run: [1]	 Epoch: [4]	 Train Loss:  0.542470 	 Train Accuracy:  0.9762 	Valid Loss:  0.6627 	 Valid Accuracy:  0.7857
Run: [1]	 Epoch: [5]	 Train Loss:  0.481115 	 Train Accuracy:  0.9921 	Valid Loss:  0.6780 	 Valid Accuracy:  0.7143
Run: [1]	 Epoch: [6]	 Train Loss:  0.380750 	 Train Accuracy:  1.0000 	Valid Loss:  0.5781 	 Valid Accuracy:  0.7857
Run: [1]	 Epoch: [7]	 Train Loss:  0.343553 	 Train Accuracy:  1.0000 	Valid Loss:  0.5502 	 Valid Accuracy:  0.7143
Run: [1]	 Epoch: [8]	 Train Loss:  0.315523 	 Train Accuracy:  1.0000 	Valid Loss:  0.5450 	 Valid Accuracy:  0.7143
Run: [1]	 Epoch: [9]	 Train Loss:  0.289972 	 Train Accuracy:  1.0000 	Valid Loss:  0.5413 	 Valid Accuracy:  0.7143
Run: [1]	 Epoch: [10]	 Train Loss:  0.243112 	 Train Accuracy:  1.0000 	Valid Loss:  0.5341 	 Valid Accuracy:  0.7857
Run: [1]	 Epoch: [11]	 Train Loss:  0.226602 	 Train Accuracy:  1.0000 	Valid Loss:  0.5230 	 Valid Accuracy:  0.7857
Run: [1]	 Epoch: [12]	 Train Loss:  0.192408 	 Train Accuracy:  1.0000 	Valid Loss:  0.5152 	 Valid Accuracy:  0.7857
Run: [1]	 Epoch: [13]	 Train Loss:  0.221194 	 Train Accuracy:  1.0000 	Valid Loss:  0.4987 	 Valid Accuracy:  0.7857
Run: [1]	 Epoch: [14]	 Train Loss:  0.170121 	 Train Accuracy:  1.0000 	Valid Loss:  0.4957 	 Valid Accuracy:  0.7857
Run: [1]	 Epoch: [15]	 Train Loss:  0.164902 	 Train Accuracy:  1.0000 	Valid Loss:  0.4961 	 Valid Accuracy:  0.7857
Run: [1]	 Epoch: [16]	 Train Loss:  0.145331 	 Train Accuracy:  1.0000 	Valid Loss:  0.4952 	 Valid Accuracy:  0.8571
Run: [1]	 Epoch: [17]	 Train Loss:  0.133515 	 Train Accuracy:  1.0000 	Valid Loss:  0.4901 	 Valid Accuracy:  0.8571
Run: [1]	 Epoch: [18]	 Train Loss:  0.128164 	 Train Accuracy:  1.0000 	Valid Loss:  0.4806 	 Valid Accuracy:  0.8571
Run: [1]	 Epoch: [19]	 Train Loss:  0.080439 	 Train Accuracy:  1.0000 	Valid Loss:  0.4601 	 Valid Accuracy:  0.8571
Run: [1]	 Epoch: [20]	 Train Loss:  0.111220 	 Train Accuracy:  1.0000 	Valid Loss:  0.4334 	 Valid Accuracy:  0.8571
Run: [1]	 Epoch: [21]	 Train Loss:  0.101437 	 Train Accuracy:  1.0000 	Valid Loss:  0.4084 	 Valid Accuracy:  0.8571
Run: [1]	 Epoch: [22]	 Train Loss:  0.094054 	 Train Accuracy:  1.0000 	Valid Loss:  0.3653 	 Valid Accuracy:  0.8571
Run: [1]	 Epoch: [23]	 Train Loss:  0.084912 	 Train Accuracy:  1.0000 	Valid Loss:  0.3337 	 Valid Accuracy:  0.9286
Run: [1]	 Epoch: [24]	 Train Loss:  0.084493 	 Train Accuracy:  1.0000 	Valid Loss:  0.3285 	 Valid Accuracy:  0.9286
Run: [1]	 Epoch: [25]	 Train Loss:  0.060097 	 Train Accuracy:  1.0000 	Valid Loss:  0.3304 	 Valid Accuracy:  0.9286
Run: [1]	 Epoch: [26]	 Train Loss:  0.077243 	 Train Accuracy:  1.0000 	Valid Loss:  0.3274 	 Valid Accuracy:  0.9286
Run: [1]	 Epoch: [27]	 Train Loss:  0.057773 	 Train Accuracy:  1.0000 	Valid Loss:  0.3250 	 Valid Accuracy:  0.9286
Run: [1]	 Epoch: [28]	 Train Loss:  0.050476 	 Train Accuracy:  1.0000 	Valid Loss:  0.3202 	 Valid Accuracy:  0.9286
Run: [1]	 Epoch: [29]	 Train Loss:  0.056347 	 Train Accuracy:  1.0000 	Valid Loss:  0.3102 	 Valid Accuracy:  0.9286
Run: [1]	 Epoch: [30]	 Train Loss:  0.062779 	 Train Accuracy:  1.0000 	Valid Loss:  0.3053 	 Valid Accuracy:  0.9286
Run: [1]	 Epoch: [31]	 Train Loss:  0.055970 	 Train Accuracy:  1.0000 	Valid Loss:  0.3094 	 Valid Accuracy:  0.9286
Run: [1]	 Epoch: [32]	 Train Loss:  0.032582 	 Train Accuracy:  1.0000 	Valid Loss:  0.3177 	 Valid Accuracy:  0.9286
Run: [1]	 Epoch: [33]	 Train Loss:  0.042980 	 Train Accuracy:  1.0000 	Valid Loss:  0.3288 	 Valid Accuracy:  0.8571
Run: [1]	 Epoch: [34]	 Train Loss:  0.035858 	 Train Accuracy:  1.0000 	Valid Loss:  0.3439 	 Valid Accuracy:  0.8571
Run: [1]	 Epoch: [35]	 Train Loss:  0.042631 	 Train Accuracy:  1.0000 	Valid Loss:  0.3552 	 Valid Accuracy:  0.8571
Run: [1]	 Epoch: [36]	 Train Loss:  0.052542 	 Train Accuracy:  1.0000 	Valid Loss:  0.3695 	 Valid Accuracy:  0.8571
Run: [1]	 Epoch: [37]	 Train Loss:  0.053874 	 Train Accuracy:  1.0000 	Valid Loss:  0.3837 	 Valid Accuracy:  0.8571
Run: [1]	 Epoch: [38]	 Train Loss:  0.023091 	 Train Accuracy:  1.0000 	Valid Loss:  0.3967 	 Valid Accuracy:  0.8571
Run: [1]	 Epoch: [39]	 Train Loss:  0.035703 	 Train Accuracy:  1.0000 	Valid Loss:  0.4111 	 Valid Accuracy:  0.8571
Run: [1]	 Epoch: [40]	 Train Loss:  0.037031 	 Train Accuracy:  1.0000 	Valid Loss:  0.4216 	 Valid Accuracy:  0.8571
Run: [1]	 Epoch: [41]	 Train Loss:  0.018613 	 Train Accuracy:  1.0000 	Valid Loss:  0.4269 	 Valid Accuracy:  0.8571
Run: [1]	 Epoch: [42]	 Train Loss:  0.033247 	 Train Accuracy:  1.0000 	Valid Loss:  0.4326 	 Valid Accuracy:  0.8571
Run: [1]	 Epoch: [43]	 Train Loss:  0.026610 	 Train Accuracy:  1.0000 	Valid Loss:  0.4329 	 Valid Accuracy:  0.8571
Run: [1]	 Epoch: [44]	 Train Loss:  0.024712 	 Train Accuracy:  1.0000 	Valid Loss:  0.4390 	 Valid Accuracy:  0.8571
Run: [1]	 Epoch: [45]	 Train Loss:  0.040360 	 Train Accuracy:  1.0000 	Valid Loss:  0.4448 	 Valid Accuracy:  0.8571
Run: [1]	 Epoch: [46]	 Train Loss:  0.034090 	 Train Accuracy:  1.0000 	Valid Loss:  0.4558 	 Valid Accuracy:  0.8571
Run: [1]	 Epoch: [47]	 Train Loss:  0.032183 	 Train Accuracy:  1.0000 	Valid Loss:  0.4547 	 Valid Accuracy:  0.8571
Run: [1]	 Epoch: [48]	 Train Loss:  0.041247 	 Train Accuracy:  1.0000 	Valid Loss:  0.4647 	 Valid Accuracy:  0.8571
Run: [1]	 Epoch: [49]	 Train Loss:  0.012959 	 Train Accuracy:  1.0000 	Valid Loss:  0.4764 	 Valid Accuracy:  0.8571
Run: [1]	 Epoch: [50]	 Train Loss:  0.031562 	 Train Accuracy:  1.0000 	Valid Loss:  0.5015 	 Valid Accuracy:  0.8571
Test Accuracy in run 1 is: 0.8333333134651184
Total Train Accuracy after run 1 is: 1.0000
Total Test Accuracy after run 1 is: 0.8333
Best Test Accuracy in 1 runs is: 0.8333
Run: [2]	 Epoch: [1]	 Train Loss:  2.087310 	 Train Accuracy:  0.4365 	Valid Loss:  1.4399 	 Valid Accuracy:  0.2143
Run: [2]	 Epoch: [2]	 Train Loss:  1.170767 	 Train Accuracy:  0.7698 	Valid Loss:  0.9375 	 Valid Accuracy:  0.5714
Run: [2]	 Epoch: [3]	 Train Loss:  0.871022 	 Train Accuracy:  0.8810 	Valid Loss:  0.7501 	 Valid Accuracy:  0.7143
Run: [2]	 Epoch: [4]	 Train Loss:  0.647641 	 Train Accuracy:  0.8968 	Valid Loss:  0.7644 	 Valid Accuracy:  0.7857
Run: [2]	 Epoch: [5]	 Train Loss:  0.477583 	 Train Accuracy:  0.9365 	Valid Loss:  0.7042 	 Valid Accuracy:  0.7857
Run: [2]	 Epoch: [6]	 Train Loss:  0.420398 	 Train Accuracy:  0.9683 	Valid Loss:  0.6396 	 Valid Accuracy:  0.7857
Run: [2]	 Epoch: [7]	 Train Loss:  0.397590 	 Train Accuracy:  0.9762 	Valid Loss:  0.5954 	 Valid Accuracy:  0.7857
Run: [2]	 Epoch: [8]	 Train Loss:  0.316716 	 Train Accuracy:  0.9841 	Valid Loss:  0.5546 	 Valid Accuracy:  0.7857
Run: [2]	 Epoch: [9]	 Train Loss:  0.258580 	 Train Accuracy:  0.9921 	Valid Loss:  0.5310 	 Valid Accuracy:  0.7857
Run: [2]	 Epoch: [10]	 Train Loss:  0.275109 	 Train Accuracy:  0.9921 	Valid Loss:  0.5161 	 Valid Accuracy:  0.7857
Run: [2]	 Epoch: [11]	 Train Loss:  0.213308 	 Train Accuracy:  0.9921 	Valid Loss:  0.5119 	 Valid Accuracy:  0.7857
Run: [2]	 Epoch: [12]	 Train Loss:  0.209229 	 Train Accuracy:  1.0000 	Valid Loss:  0.5114 	 Valid Accuracy:  0.7857
Run: [2]	 Epoch: [13]	 Train Loss:  0.197734 	 Train Accuracy:  1.0000 	Valid Loss:  0.5127 	 Valid Accuracy:  0.8571
Run: [2]	 Epoch: [14]	 Train Loss:  0.190648 	 Train Accuracy:  1.0000 	Valid Loss:  0.5043 	 Valid Accuracy:  0.8571
Run: [2]	 Epoch: [15]	 Train Loss:  0.171610 	 Train Accuracy:  1.0000 	Valid Loss:  0.4960 	 Valid Accuracy:  0.8571
Run: [2]	 Epoch: [16]	 Train Loss:  0.117025 	 Train Accuracy:  1.0000 	Valid Loss:  0.4581 	 Valid Accuracy:  0.8571
Run: [2]	 Epoch: [17]	 Train Loss:  0.117180 	 Train Accuracy:  1.0000 	Valid Loss:  0.4018 	 Valid Accuracy:  0.8571
Run: [2]	 Epoch: [18]	 Train Loss:  0.124315 	 Train Accuracy:  1.0000 	Valid Loss:  0.3589 	 Valid Accuracy:  0.9286
Run: [2]	 Epoch: [19]	 Train Loss:  0.123967 	 Train Accuracy:  1.0000 	Valid Loss:  0.3415 	 Valid Accuracy:  0.9286
Run: [2]	 Epoch: [20]	 Train Loss:  0.114677 	 Train Accuracy:  1.0000 	Valid Loss:  0.3439 	 Valid Accuracy:  0.8571
Run: [2]	 Epoch: [21]	 Train Loss:  0.108219 	 Train Accuracy:  1.0000 	Valid Loss:  0.3384 	 Valid Accuracy:  0.8571
Run: [2]	 Epoch: [22]	 Train Loss:  0.084536 	 Train Accuracy:  1.0000 	Valid Loss:  0.3384 	 Valid Accuracy:  0.8571
Run: [2]	 Epoch: [23]	 Train Loss:  0.085405 	 Train Accuracy:  1.0000 	Valid Loss:  0.3418 	 Valid Accuracy:  0.8571
Run: [2]	 Epoch: [24]	 Train Loss:  0.089972 	 Train Accuracy:  1.0000 	Valid Loss:  0.3420 	 Valid Accuracy:  0.8571
Run: [2]	 Epoch: [25]	 Train Loss:  0.072416 	 Train Accuracy:  1.0000 	Valid Loss:  0.3394 	 Valid Accuracy:  0.8571
Run: [2]	 Epoch: [26]	 Train Loss:  0.063902 	 Train Accuracy:  1.0000 	Valid Loss:  0.3300 	 Valid Accuracy:  0.8571
Run: [2]	 Epoch: [27]	 Train Loss:  0.070804 	 Train Accuracy:  1.0000 	Valid Loss:  0.3192 	 Valid Accuracy:  0.8571
Run: [2]	 Epoch: [28]	 Train Loss:  0.075469 	 Train Accuracy:  1.0000 	Valid Loss:  0.2986 	 Valid Accuracy:  0.8571
Run: [2]	 Epoch: [29]	 Train Loss:  0.046535 	 Train Accuracy:  1.0000 	Valid Loss:  0.2862 	 Valid Accuracy:  0.8571
Run: [2]	 Epoch: [30]	 Train Loss:  0.057610 	 Train Accuracy:  1.0000 	Valid Loss:  0.2784 	 Valid Accuracy:  0.8571
Run: [2]	 Epoch: [31]	 Train Loss:  0.043958 	 Train Accuracy:  1.0000 	Valid Loss:  0.2699 	 Valid Accuracy:  0.8571
Run: [2]	 Epoch: [32]	 Train Loss:  0.063913 	 Train Accuracy:  1.0000 	Valid Loss:  0.2656 	 Valid Accuracy:  0.8571
Run: [2]	 Epoch: [33]	 Train Loss:  0.054802 	 Train Accuracy:  1.0000 	Valid Loss:  0.2604 	 Valid Accuracy:  0.8571
Run: [2]	 Epoch: [34]	 Train Loss:  0.060615 	 Train Accuracy:  1.0000 	Valid Loss:  0.2595 	 Valid Accuracy:  0.8571
Run: [2]	 Epoch: [35]	 Train Loss:  0.050341 	 Train Accuracy:  1.0000 	Valid Loss:  0.2546 	 Valid Accuracy:  0.8571
Run: [2]	 Epoch: [36]	 Train Loss:  0.049429 	 Train Accuracy:  1.0000 	Valid Loss:  0.2525 	 Valid Accuracy:  0.8571
Run: [2]	 Epoch: [37]	 Train Loss:  0.026151 	 Train Accuracy:  1.0000 	Valid Loss:  0.2496 	 Valid Accuracy:  0.8571
Run: [2]	 Epoch: [38]	 Train Loss:  0.044592 	 Train Accuracy:  1.0000 	Valid Loss:  0.2565 	 Valid Accuracy:  0.8571
Run: [2]	 Epoch: [39]	 Train Loss:  0.040199 	 Train Accuracy:  1.0000 	Valid Loss:  0.2619 	 Valid Accuracy:  0.8571
Run: [2]	 Epoch: [40]	 Train Loss:  0.052846 	 Train Accuracy:  1.0000 	Valid Loss:  0.2720 	 Valid Accuracy:  0.8571
Run: [2]	 Epoch: [41]	 Train Loss:  0.054917 	 Train Accuracy:  1.0000 	Valid Loss:  0.2886 	 Valid Accuracy:  0.8571
Run: [2]	 Epoch: [42]	 Train Loss:  0.032826 	 Train Accuracy:  1.0000 	Valid Loss:  0.3170 	 Valid Accuracy:  0.8571
Run: [2]	 Epoch: [43]	 Train Loss:  0.036171 	 Train Accuracy:  1.0000 	Valid Loss:  0.3574 	 Valid Accuracy:  0.8571
Run: [2]	 Epoch: [44]	 Train Loss:  0.037819 	 Train Accuracy:  1.0000 	Valid Loss:  0.4070 	 Valid Accuracy:  0.8571
Run: [2]	 Epoch: [45]	 Train Loss:  0.040283 	 Train Accuracy:  1.0000 	Valid Loss:  0.4482 	 Valid Accuracy:  0.8571
Run: [2]	 Epoch: [46]	 Train Loss:  0.036182 	 Train Accuracy:  1.0000 	Valid Loss:  0.4839 	 Valid Accuracy:  0.8571
Run: [2]	 Epoch: [47]	 Train Loss:  0.028925 	 Train Accuracy:  1.0000 	Valid Loss:  0.5180 	 Valid Accuracy:  0.8571
Run: [2]	 Epoch: [48]	 Train Loss:  0.022051 	 Train Accuracy:  1.0000 	Valid Loss:  0.5505 	 Valid Accuracy:  0.8571
Run: [2]	 Epoch: [49]	 Train Loss:  0.035447 	 Train Accuracy:  1.0000 	Valid Loss:  0.5741 	 Valid Accuracy:  0.8571
Run: [2]	 Epoch: [50]	 Train Loss:  0.026002 	 Train Accuracy:  1.0000 	Valid Loss:  0.5969 	 Valid Accuracy:  0.8571
Test Accuracy in run 2 is: 0.9722222089767456
Total Train Accuracy after run 2 is: 1.0000
Total Test Accuracy after run 2 is: 0.9028
Best Test Accuracy in 2 runs is: 0.9722
Run: [3]	 Epoch: [1]	 Train Loss:  1.742494 	 Train Accuracy:  0.5397 	Valid Loss:  1.5326 	 Valid Accuracy:  0.5000
Run: [3]	 Epoch: [2]	 Train Loss:  1.078312 	 Train Accuracy:  0.8095 	Valid Loss:  1.2123 	 Valid Accuracy:  0.6429
Run: [3]	 Epoch: [3]	 Train Loss:  0.869706 	 Train Accuracy:  0.9127 	Valid Loss:  0.9869 	 Valid Accuracy:  0.6429
Run: [3]	 Epoch: [4]	 Train Loss:  0.580828 	 Train Accuracy:  0.9603 	Valid Loss:  0.9509 	 Valid Accuracy:  0.6429
Run: [3]	 Epoch: [5]	 Train Loss:  0.441554 	 Train Accuracy:  0.9762 	Valid Loss:  0.9361 	 Valid Accuracy:  0.7143
Run: [3]	 Epoch: [6]	 Train Loss:  0.318058 	 Train Accuracy:  1.0000 	Valid Loss:  0.9307 	 Valid Accuracy:  0.7143
Run: [3]	 Epoch: [7]	 Train Loss:  0.280828 	 Train Accuracy:  1.0000 	Valid Loss:  0.9385 	 Valid Accuracy:  0.7143
Run: [3]	 Epoch: [8]	 Train Loss:  0.263636 	 Train Accuracy:  1.0000 	Valid Loss:  0.9533 	 Valid Accuracy:  0.7143
Run: [3]	 Epoch: [9]	 Train Loss:  0.216623 	 Train Accuracy:  1.0000 	Valid Loss:  0.9435 	 Valid Accuracy:  0.7143
Run: [3]	 Epoch: [10]	 Train Loss:  0.194934 	 Train Accuracy:  1.0000 	Valid Loss:  0.9203 	 Valid Accuracy:  0.7143
Run: [3]	 Epoch: [11]	 Train Loss:  0.181086 	 Train Accuracy:  1.0000 	Valid Loss:  0.8935 	 Valid Accuracy:  0.7143
Run: [3]	 Epoch: [12]	 Train Loss:  0.162604 	 Train Accuracy:  1.0000 	Valid Loss:  0.8849 	 Valid Accuracy:  0.7143
Run: [3]	 Epoch: [13]	 Train Loss:  0.144022 	 Train Accuracy:  1.0000 	Valid Loss:  0.8909 	 Valid Accuracy:  0.7143
Run: [3]	 Epoch: [14]	 Train Loss:  0.115908 	 Train Accuracy:  1.0000 	Valid Loss:  0.9040 	 Valid Accuracy:  0.7143
Run: [3]	 Epoch: [15]	 Train Loss:  0.109350 	 Train Accuracy:  1.0000 	Valid Loss:  0.9208 	 Valid Accuracy:  0.7143
Run: [3]	 Epoch: [16]	 Train Loss:  0.083194 	 Train Accuracy:  1.0000 	Valid Loss:  0.9370 	 Valid Accuracy:  0.7143
Run: [3]	 Epoch: [17]	 Train Loss:  0.124956 	 Train Accuracy:  1.0000 	Valid Loss:  0.9549 	 Valid Accuracy:  0.7143
Run: [3]	 Epoch: [18]	 Train Loss:  0.096292 	 Train Accuracy:  1.0000 	Valid Loss:  0.9711 	 Valid Accuracy:  0.7143
Run: [3]	 Epoch: [19]	 Train Loss:  0.068083 	 Train Accuracy:  1.0000 	Valid Loss:  0.9872 	 Valid Accuracy:  0.7143
Run: [3]	 Epoch: [20]	 Train Loss:  0.085909 	 Train Accuracy:  1.0000 	Valid Loss:  0.9902 	 Valid Accuracy:  0.7143
Run: [3]	 Epoch: [21]	 Train Loss:  0.051627 	 Train Accuracy:  1.0000 	Valid Loss:  0.9754 	 Valid Accuracy:  0.7143
Run: [3]	 Epoch: [22]	 Train Loss:  0.083941 	 Train Accuracy:  1.0000 	Valid Loss:  0.9479 	 Valid Accuracy:  0.7143
Run: [3]	 Epoch: [23]	 Train Loss:  0.053830 	 Train Accuracy:  1.0000 	Valid Loss:  0.9144 	 Valid Accuracy:  0.7143
Run: [3]	 Epoch: [24]	 Train Loss:  0.037004 	 Train Accuracy:  1.0000 	Valid Loss:  0.8522 	 Valid Accuracy:  0.7143
Run: [3]	 Epoch: [25]	 Train Loss:  0.067346 	 Train Accuracy:  1.0000 	Valid Loss:  0.7750 	 Valid Accuracy:  0.7143
Run: [3]	 Epoch: [26]	 Train Loss:  0.046148 	 Train Accuracy:  1.0000 	Valid Loss:  0.6955 	 Valid Accuracy:  0.7143
Run: [3]	 Epoch: [27]	 Train Loss:  0.044632 	 Train Accuracy:  1.0000 	Valid Loss:  0.6238 	 Valid Accuracy:  0.7143
Run: [3]	 Epoch: [28]	 Train Loss:  0.050208 	 Train Accuracy:  1.0000 	Valid Loss:  0.5711 	 Valid Accuracy:  0.8571
Run: [3]	 Epoch: [29]	 Train Loss:  0.038364 	 Train Accuracy:  1.0000 	Valid Loss:  0.5489 	 Valid Accuracy:  0.8571
Run: [3]	 Epoch: [30]	 Train Loss:  0.027041 	 Train Accuracy:  1.0000 	Valid Loss:  0.5352 	 Valid Accuracy:  0.8571
Run: [3]	 Epoch: [31]	 Train Loss:  0.047926 	 Train Accuracy:  1.0000 	Valid Loss:  0.5256 	 Valid Accuracy:  0.8571
Run: [3]	 Epoch: [32]	 Train Loss:  0.025007 	 Train Accuracy:  1.0000 	Valid Loss:  0.5174 	 Valid Accuracy:  0.8571
Run: [3]	 Epoch: [33]	 Train Loss:  0.018254 	 Train Accuracy:  1.0000 	Valid Loss:  0.5101 	 Valid Accuracy:  0.8571
Run: [3]	 Epoch: [34]	 Train Loss:  0.036502 	 Train Accuracy:  1.0000 	Valid Loss:  0.5056 	 Valid Accuracy:  0.8571
Run: [3]	 Epoch: [35]	 Train Loss:  0.027072 	 Train Accuracy:  1.0000 	Valid Loss:  0.5021 	 Valid Accuracy:  0.8571
Run: [3]	 Epoch: [36]	 Train Loss:  0.023045 	 Train Accuracy:  1.0000 	Valid Loss:  0.4985 	 Valid Accuracy:  0.8571
Run: [3]	 Epoch: [37]	 Train Loss:  0.035815 	 Train Accuracy:  1.0000 	Valid Loss:  0.4969 	 Valid Accuracy:  0.8571
Run: [3]	 Epoch: [38]	 Train Loss:  0.015694 	 Train Accuracy:  1.0000 	Valid Loss:  0.4948 	 Valid Accuracy:  0.8571
Run: [3]	 Epoch: [39]	 Train Loss:  0.033269 	 Train Accuracy:  1.0000 	Valid Loss:  0.4969 	 Valid Accuracy:  0.8571
Run: [3]	 Epoch: [40]	 Train Loss:  0.016228 	 Train Accuracy:  1.0000 	Valid Loss:  0.5014 	 Valid Accuracy:  0.8571
Run: [3]	 Epoch: [41]	 Train Loss:  0.019913 	 Train Accuracy:  1.0000 	Valid Loss:  0.5063 	 Valid Accuracy:  0.8571
Run: [3]	 Epoch: [42]	 Train Loss:  0.018111 	 Train Accuracy:  1.0000 	Valid Loss:  0.5119 	 Valid Accuracy:  0.8571
Run: [3]	 Epoch: [43]	 Train Loss:  0.012188 	 Train Accuracy:  1.0000 	Valid Loss:  0.5183 	 Valid Accuracy:  0.8571
Run: [3]	 Epoch: [44]	 Train Loss:  0.026354 	 Train Accuracy:  1.0000 	Valid Loss:  0.5253 	 Valid Accuracy:  0.8571
Run: [3]	 Epoch: [45]	 Train Loss:  0.018565 	 Train Accuracy:  1.0000 	Valid Loss:  0.5340 	 Valid Accuracy:  0.8571
Run: [3]	 Epoch: [46]	 Train Loss:  0.031602 	 Train Accuracy:  1.0000 	Valid Loss:  0.5445 	 Valid Accuracy:  0.8571
Run: [3]	 Epoch: [47]	 Train Loss:  0.019028 	 Train Accuracy:  1.0000 	Valid Loss:  0.5529 	 Valid Accuracy:  0.8571
Run: [3]	 Epoch: [48]	 Train Loss:  0.016692 	 Train Accuracy:  1.0000 	Valid Loss:  0.5597 	 Valid Accuracy:  0.8571
Run: [3]	 Epoch: [49]	 Train Loss:  0.020162 	 Train Accuracy:  1.0000 	Valid Loss:  0.5672 	 Valid Accuracy:  0.8571
Run: [3]	 Epoch: [50]	 Train Loss:  0.008346 	 Train Accuracy:  1.0000 	Valid Loss:  0.5785 	 Valid Accuracy:  0.8571
Test Accuracy in run 3 is: 0.9166666865348816
Total Train Accuracy after run 3 is: 1.0000
Total Test Accuracy after run 3 is: 0.9074
Best Test Accuracy in 3 runs is: 0.9722
Run: [4]	 Epoch: [1]	 Train Loss:  2.059261 	 Train Accuracy:  0.3651 	Valid Loss:  1.6155 	 Valid Accuracy:  0.2143
Run: [4]	 Epoch: [2]	 Train Loss:  1.401453 	 Train Accuracy:  0.6905 	Valid Loss:  0.9618 	 Valid Accuracy:  0.5714
Run: [4]	 Epoch: [3]	 Train Loss:  0.923840 	 Train Accuracy:  0.9048 	Valid Loss:  0.7248 	 Valid Accuracy:  0.8571
Run: [4]	 Epoch: [4]	 Train Loss:  0.632926 	 Train Accuracy:  0.9365 	Valid Loss:  0.7140 	 Valid Accuracy:  0.8571
Run: [4]	 Epoch: [5]	 Train Loss:  0.494880 	 Train Accuracy:  0.9444 	Valid Loss:  0.7241 	 Valid Accuracy:  0.8571
Run: [4]	 Epoch: [6]	 Train Loss:  0.406782 	 Train Accuracy:  0.9683 	Valid Loss:  0.7723 	 Valid Accuracy:  0.7857
Run: [4]	 Epoch: [7]	 Train Loss:  0.299917 	 Train Accuracy:  0.9683 	Valid Loss:  0.8120 	 Valid Accuracy:  0.7857
Run: [4]	 Epoch: [8]	 Train Loss:  0.289613 	 Train Accuracy:  0.9762 	Valid Loss:  0.8296 	 Valid Accuracy:  0.7857
Run: [4]	 Epoch: [9]	 Train Loss:  0.276673 	 Train Accuracy:  0.9841 	Valid Loss:  0.8188 	 Valid Accuracy:  0.7857
Run: [4]	 Epoch: [10]	 Train Loss:  0.204058 	 Train Accuracy:  0.9921 	Valid Loss:  0.7787 	 Valid Accuracy:  0.7857
Run: [4]	 Epoch: [11]	 Train Loss:  0.200890 	 Train Accuracy:  0.9841 	Valid Loss:  0.7850 	 Valid Accuracy:  0.7143
Run: [4]	 Epoch: [12]	 Train Loss:  0.155462 	 Train Accuracy:  0.9921 	Valid Loss:  0.8018 	 Valid Accuracy:  0.7143
Run: [4]	 Epoch: [13]	 Train Loss:  0.172550 	 Train Accuracy:  0.9921 	Valid Loss:  0.8642 	 Valid Accuracy:  0.7143
Run: [4]	 Epoch: [14]	 Train Loss:  0.126030 	 Train Accuracy:  1.0000 	Valid Loss:  0.9268 	 Valid Accuracy:  0.7143
Run: [4]	 Epoch: [15]	 Train Loss:  0.118413 	 Train Accuracy:  1.0000 	Valid Loss:  0.9668 	 Valid Accuracy:  0.7143
Run: [4]	 Epoch: [16]	 Train Loss:  0.139077 	 Train Accuracy:  1.0000 	Valid Loss:  0.9821 	 Valid Accuracy:  0.7143
Run: [4]	 Epoch: [17]	 Train Loss:  0.123089 	 Train Accuracy:  1.0000 	Valid Loss:  0.9766 	 Valid Accuracy:  0.7857
Run: [4]	 Epoch: [18]	 Train Loss:  0.110247 	 Train Accuracy:  1.0000 	Valid Loss:  0.9756 	 Valid Accuracy:  0.7857
Run: [4]	 Epoch: [19]	 Train Loss:  0.119270 	 Train Accuracy:  1.0000 	Valid Loss:  0.9701 	 Valid Accuracy:  0.7857
Run: [4]	 Epoch: [20]	 Train Loss:  0.083388 	 Train Accuracy:  1.0000 	Valid Loss:  0.9651 	 Valid Accuracy:  0.7857
Run: [4]	 Epoch: [21]	 Train Loss:  0.081019 	 Train Accuracy:  1.0000 	Valid Loss:  0.9580 	 Valid Accuracy:  0.7857
Run: [4]	 Epoch: [22]	 Train Loss:  0.070775 	 Train Accuracy:  1.0000 	Valid Loss:  0.9534 	 Valid Accuracy:  0.7857
Run: [4]	 Epoch: [23]	 Train Loss:  0.059558 	 Train Accuracy:  1.0000 	Valid Loss:  0.9484 	 Valid Accuracy:  0.7857
Run: [4]	 Epoch: [24]	 Train Loss:  0.078944 	 Train Accuracy:  1.0000 	Valid Loss:  0.9461 	 Valid Accuracy:  0.7857
Run: [4]	 Epoch: [25]	 Train Loss:  0.106223 	 Train Accuracy:  1.0000 	Valid Loss:  0.9461 	 Valid Accuracy:  0.7857
Run: [4]	 Epoch: [26]	 Train Loss:  0.091721 	 Train Accuracy:  1.0000 	Valid Loss:  0.9463 	 Valid Accuracy:  0.7857
Run: [4]	 Epoch: [27]	 Train Loss:  0.059562 	 Train Accuracy:  1.0000 	Valid Loss:  0.9448 	 Valid Accuracy:  0.7857
Run: [4]	 Epoch: [28]	 Train Loss:  0.066770 	 Train Accuracy:  1.0000 	Valid Loss:  0.9414 	 Valid Accuracy:  0.7857
Run: [4]	 Epoch: [29]	 Train Loss:  0.060855 	 Train Accuracy:  1.0000 	Valid Loss:  0.9328 	 Valid Accuracy:  0.7857
Run: [4]	 Epoch: [30]	 Train Loss:  0.038411 	 Train Accuracy:  1.0000 	Valid Loss:  0.9220 	 Valid Accuracy:  0.7857
Run: [4]	 Epoch: [31]	 Train Loss:  0.051990 	 Train Accuracy:  1.0000 	Valid Loss:  0.9074 	 Valid Accuracy:  0.7857
Run: [4]	 Epoch: [32]	 Train Loss:  0.058783 	 Train Accuracy:  1.0000 	Valid Loss:  0.8945 	 Valid Accuracy:  0.7857
Run: [4]	 Epoch: [33]	 Train Loss:  0.033475 	 Train Accuracy:  1.0000 	Valid Loss:  0.8819 	 Valid Accuracy:  0.7857
Run: [4]	 Epoch: [34]	 Train Loss:  0.072271 	 Train Accuracy:  1.0000 	Valid Loss:  0.8671 	 Valid Accuracy:  0.7857
Run: [4]	 Epoch: [35]	 Train Loss:  0.039440 	 Train Accuracy:  1.0000 	Valid Loss:  0.8538 	 Valid Accuracy:  0.7857
Run: [4]	 Epoch: [36]	 Train Loss:  0.048672 	 Train Accuracy:  1.0000 	Valid Loss:  0.8429 	 Valid Accuracy:  0.7857
Run: [4]	 Epoch: [37]	 Train Loss:  0.044081 	 Train Accuracy:  1.0000 	Valid Loss:  0.8323 	 Valid Accuracy:  0.7857
Run: [4]	 Epoch: [38]	 Train Loss:  0.055351 	 Train Accuracy:  1.0000 	Valid Loss:  0.8203 	 Valid Accuracy:  0.7857
Run: [4]	 Epoch: [39]	 Train Loss:  0.036090 	 Train Accuracy:  1.0000 	Valid Loss:  0.8093 	 Valid Accuracy:  0.7857
Run: [4]	 Epoch: [40]	 Train Loss:  0.028601 	 Train Accuracy:  1.0000 	Valid Loss:  0.8035 	 Valid Accuracy:  0.7857
Run: [4]	 Epoch: [41]	 Train Loss:  0.021355 	 Train Accuracy:  1.0000 	Valid Loss:  0.8009 	 Valid Accuracy:  0.7857
Run: [4]	 Epoch: [42]	 Train Loss:  0.033351 	 Train Accuracy:  1.0000 	Valid Loss:  0.7981 	 Valid Accuracy:  0.7857
Run: [4]	 Epoch: [43]	 Train Loss:  0.023842 	 Train Accuracy:  1.0000 	Valid Loss:  0.7971 	 Valid Accuracy:  0.7857
Run: [4]	 Epoch: [44]	 Train Loss:  0.030123 	 Train Accuracy:  1.0000 	Valid Loss:  0.7965 	 Valid Accuracy:  0.7857
Run: [4]	 Epoch: [45]	 Train Loss:  0.034633 	 Train Accuracy:  1.0000 	Valid Loss:  0.7972 	 Valid Accuracy:  0.7857
Run: [4]	 Epoch: [46]	 Train Loss:  0.045558 	 Train Accuracy:  1.0000 	Valid Loss:  0.7998 	 Valid Accuracy:  0.7857
Run: [4]	 Epoch: [47]	 Train Loss:  0.016011 	 Train Accuracy:  1.0000 	Valid Loss:  0.8061 	 Valid Accuracy:  0.7857
Run: [4]	 Epoch: [48]	 Train Loss:  0.026950 	 Train Accuracy:  1.0000 	Valid Loss:  0.8135 	 Valid Accuracy:  0.7857
Run: [4]	 Epoch: [49]	 Train Loss:  0.033941 	 Train Accuracy:  1.0000 	Valid Loss:  0.8217 	 Valid Accuracy:  0.7857
Run: [4]	 Epoch: [50]	 Train Loss:  0.016401 	 Train Accuracy:  1.0000 	Valid Loss:  0.8357 	 Valid Accuracy:  0.7857
Test Accuracy in run 4 is: 0.9722222089767456
Total Train Accuracy after run 4 is: 1.0000
Total Test Accuracy after run 4 is: 0.9236
Best Test Accuracy in 4 runs is: 0.9722
Run: [5]	 Epoch: [1]	 Train Loss:  1.458557 	 Train Accuracy:  0.5873 	Valid Loss:  1.1234 	 Valid Accuracy:  0.5714
Run: [5]	 Epoch: [2]	 Train Loss:  1.124240 	 Train Accuracy:  0.8413 	Valid Loss:  0.9524 	 Valid Accuracy:  0.5000
Run: [5]	 Epoch: [3]	 Train Loss:  0.651337 	 Train Accuracy:  0.8968 	Valid Loss:  0.8674 	 Valid Accuracy:  0.7143
Run: [5]	 Epoch: [4]	 Train Loss:  0.489793 	 Train Accuracy:  0.9524 	Valid Loss:  0.6782 	 Valid Accuracy:  0.8571
Run: [5]	 Epoch: [5]	 Train Loss:  0.361202 	 Train Accuracy:  0.9683 	Valid Loss:  0.5968 	 Valid Accuracy:  0.8571
Run: [5]	 Epoch: [6]	 Train Loss:  0.331118 	 Train Accuracy:  0.9683 	Valid Loss:  0.5743 	 Valid Accuracy:  0.8571
Run: [5]	 Epoch: [7]	 Train Loss:  0.297227 	 Train Accuracy:  0.9762 	Valid Loss:  0.5372 	 Valid Accuracy:  0.7857
Run: [5]	 Epoch: [8]	 Train Loss:  0.287181 	 Train Accuracy:  0.9841 	Valid Loss:  0.4666 	 Valid Accuracy:  0.8571
Run: [5]	 Epoch: [9]	 Train Loss:  0.217885 	 Train Accuracy:  0.9841 	Valid Loss:  0.4001 	 Valid Accuracy:  0.8571
Run: [5]	 Epoch: [10]	 Train Loss:  0.203951 	 Train Accuracy:  0.9841 	Valid Loss:  0.3422 	 Valid Accuracy:  1.0000
Run: [5]	 Epoch: [11]	 Train Loss:  0.173869 	 Train Accuracy:  0.9841 	Valid Loss:  0.3007 	 Valid Accuracy:  1.0000
Run: [5]	 Epoch: [12]	 Train Loss:  0.155696 	 Train Accuracy:  1.0000 	Valid Loss:  0.2926 	 Valid Accuracy:  0.9286
Run: [5]	 Epoch: [13]	 Train Loss:  0.129078 	 Train Accuracy:  1.0000 	Valid Loss:  0.2848 	 Valid Accuracy:  0.9286
Run: [5]	 Epoch: [14]	 Train Loss:  0.154895 	 Train Accuracy:  1.0000 	Valid Loss:  0.3002 	 Valid Accuracy:  0.8571
Run: [5]	 Epoch: [15]	 Train Loss:  0.147089 	 Train Accuracy:  1.0000 	Valid Loss:  0.3368 	 Valid Accuracy:  0.8571
Run: [5]	 Epoch: [16]	 Train Loss:  0.091845 	 Train Accuracy:  1.0000 	Valid Loss:  0.3734 	 Valid Accuracy:  0.8571
Run: [5]	 Epoch: [17]	 Train Loss:  0.105855 	 Train Accuracy:  1.0000 	Valid Loss:  0.4012 	 Valid Accuracy:  0.8571
Run: [5]	 Epoch: [18]	 Train Loss:  0.087244 	 Train Accuracy:  1.0000 	Valid Loss:  0.4287 	 Valid Accuracy:  0.8571
Run: [5]	 Epoch: [19]	 Train Loss:  0.118799 	 Train Accuracy:  1.0000 	Valid Loss:  0.4557 	 Valid Accuracy:  0.8571
Run: [5]	 Epoch: [20]	 Train Loss:  0.059602 	 Train Accuracy:  1.0000 	Valid Loss:  0.4836 	 Valid Accuracy:  0.8571
Run: [5]	 Epoch: [21]	 Train Loss:  0.074038 	 Train Accuracy:  1.0000 	Valid Loss:  0.5118 	 Valid Accuracy:  0.8571
Run: [5]	 Epoch: [22]	 Train Loss:  0.068572 	 Train Accuracy:  1.0000 	Valid Loss:  0.5319 	 Valid Accuracy:  0.8571
Run: [5]	 Epoch: [23]	 Train Loss:  0.072802 	 Train Accuracy:  1.0000 	Valid Loss:  0.5459 	 Valid Accuracy:  0.8571
Run: [5]	 Epoch: [24]	 Train Loss:  0.055417 	 Train Accuracy:  1.0000 	Valid Loss:  0.5579 	 Valid Accuracy:  0.8571
Run: [5]	 Epoch: [25]	 Train Loss:  0.044536 	 Train Accuracy:  1.0000 	Valid Loss:  0.5677 	 Valid Accuracy:  0.8571
Run: [5]	 Epoch: [26]	 Train Loss:  0.059509 	 Train Accuracy:  1.0000 	Valid Loss:  0.5803 	 Valid Accuracy:  0.8571
Run: [5]	 Epoch: [27]	 Train Loss:  0.050410 	 Train Accuracy:  1.0000 	Valid Loss:  0.5830 	 Valid Accuracy:  0.8571
Run: [5]	 Epoch: [28]	 Train Loss:  0.045856 	 Train Accuracy:  1.0000 	Valid Loss:  0.5860 	 Valid Accuracy:  0.8571
Run: [5]	 Epoch: [29]	 Train Loss:  0.041041 	 Train Accuracy:  1.0000 	Valid Loss:  0.5899 	 Valid Accuracy:  0.8571
Run: [5]	 Epoch: [30]	 Train Loss:  0.032889 	 Train Accuracy:  1.0000 	Valid Loss:  0.5977 	 Valid Accuracy:  0.8571
Run: [5]	 Epoch: [31]	 Train Loss:  0.046106 	 Train Accuracy:  1.0000 	Valid Loss:  0.6091 	 Valid Accuracy:  0.8571
Run: [5]	 Epoch: [32]	 Train Loss:  0.032066 	 Train Accuracy:  1.0000 	Valid Loss:  0.6223 	 Valid Accuracy:  0.8571
Run: [5]	 Epoch: [33]	 Train Loss:  0.041958 	 Train Accuracy:  1.0000 	Valid Loss:  0.6399 	 Valid Accuracy:  0.8571
Run: [5]	 Epoch: [34]	 Train Loss:  0.017858 	 Train Accuracy:  1.0000 	Valid Loss:  0.6580 	 Valid Accuracy:  0.8571
Run: [5]	 Epoch: [35]	 Train Loss:  0.030351 	 Train Accuracy:  1.0000 	Valid Loss:  0.6775 	 Valid Accuracy:  0.8571
Run: [5]	 Epoch: [36]	 Train Loss:  0.018440 	 Train Accuracy:  1.0000 	Valid Loss:  0.6988 	 Valid Accuracy:  0.8571
Run: [5]	 Epoch: [37]	 Train Loss:  0.039198 	 Train Accuracy:  1.0000 	Valid Loss:  0.7194 	 Valid Accuracy:  0.8571
Run: [5]	 Epoch: [38]	 Train Loss:  0.014033 	 Train Accuracy:  1.0000 	Valid Loss:  0.7401 	 Valid Accuracy:  0.8571
Run: [5]	 Epoch: [39]	 Train Loss:  0.024679 	 Train Accuracy:  1.0000 	Valid Loss:  0.7631 	 Valid Accuracy:  0.8571
Run: [5]	 Epoch: [40]	 Train Loss:  0.030433 	 Train Accuracy:  1.0000 	Valid Loss:  0.7839 	 Valid Accuracy:  0.8571
Run: [5]	 Epoch: [41]	 Train Loss:  0.014127 	 Train Accuracy:  1.0000 	Valid Loss:  0.8027 	 Valid Accuracy:  0.8571
Run: [5]	 Epoch: [42]	 Train Loss:  0.024803 	 Train Accuracy:  1.0000 	Valid Loss:  0.8198 	 Valid Accuracy:  0.8571
Run: [5]	 Epoch: [43]	 Train Loss:  0.014319 	 Train Accuracy:  1.0000 	Valid Loss:  0.8346 	 Valid Accuracy:  0.7857
Run: [5]	 Epoch: [44]	 Train Loss:  0.020892 	 Train Accuracy:  1.0000 	Valid Loss:  0.8477 	 Valid Accuracy:  0.7857
Run: [5]	 Epoch: [45]	 Train Loss:  0.033654 	 Train Accuracy:  1.0000 	Valid Loss:  0.8594 	 Valid Accuracy:  0.7857
Run: [5]	 Epoch: [46]	 Train Loss:  0.013376 	 Train Accuracy:  1.0000 	Valid Loss:  0.8691 	 Valid Accuracy:  0.7857
Run: [5]	 Epoch: [47]	 Train Loss:  0.017535 	 Train Accuracy:  1.0000 	Valid Loss:  0.8768 	 Valid Accuracy:  0.7857
Run: [5]	 Epoch: [48]	 Train Loss:  0.027204 	 Train Accuracy:  1.0000 	Valid Loss:  0.8857 	 Valid Accuracy:  0.7857
Run: [5]	 Epoch: [49]	 Train Loss:  0.012115 	 Train Accuracy:  1.0000 	Valid Loss:  0.8935 	 Valid Accuracy:  0.7857
Run: [5]	 Epoch: [50]	 Train Loss:  0.026023 	 Train Accuracy:  1.0000 	Valid Loss:  0.8979 	 Valid Accuracy:  0.8571
Test Accuracy in run 5 is: 0.9166666865348816
Total Train Accuracy after run 5 is: 1.0000
Total Test Accuracy after run 5 is: 0.9222
Best Test Accuracy in 5 runs is: 0.9722
Run: [6]	 Epoch: [1]	 Train Loss:  1.588473 	 Train Accuracy:  0.4841 	Valid Loss:  1.0473 	 Valid Accuracy:  0.4286
Run: [6]	 Epoch: [2]	 Train Loss:  1.071586 	 Train Accuracy:  0.7302 	Valid Loss:  0.9533 	 Valid Accuracy:  0.6429
Run: [6]	 Epoch: [3]	 Train Loss:  0.682348 	 Train Accuracy:  0.9524 	Valid Loss:  0.5207 	 Valid Accuracy:  0.9286
Run: [6]	 Epoch: [4]	 Train Loss:  0.438225 	 Train Accuracy:  0.9841 	Valid Loss:  0.4534 	 Valid Accuracy:  0.8571
Run: [6]	 Epoch: [5]	 Train Loss:  0.338689 	 Train Accuracy:  0.9841 	Valid Loss:  0.4462 	 Valid Accuracy:  0.8571
Run: [6]	 Epoch: [6]	 Train Loss:  0.289886 	 Train Accuracy:  0.9921 	Valid Loss:  0.4337 	 Valid Accuracy:  0.8571
Run: [6]	 Epoch: [7]	 Train Loss:  0.242857 	 Train Accuracy:  0.9921 	Valid Loss:  0.4246 	 Valid Accuracy:  0.8571
Run: [6]	 Epoch: [8]	 Train Loss:  0.249973 	 Train Accuracy:  0.9921 	Valid Loss:  0.4288 	 Valid Accuracy:  0.8571
Run: [6]	 Epoch: [9]	 Train Loss:  0.207944 	 Train Accuracy:  0.9921 	Valid Loss:  0.4463 	 Valid Accuracy:  0.8571
Run: [6]	 Epoch: [10]	 Train Loss:  0.176958 	 Train Accuracy:  0.9921 	Valid Loss:  0.4619 	 Valid Accuracy:  0.8571
Run: [6]	 Epoch: [11]	 Train Loss:  0.158697 	 Train Accuracy:  0.9921 	Valid Loss:  0.4656 	 Valid Accuracy:  0.8571
Run: [6]	 Epoch: [12]	 Train Loss:  0.145828 	 Train Accuracy:  1.0000 	Valid Loss:  0.4470 	 Valid Accuracy:  0.9286
Run: [6]	 Epoch: [13]	 Train Loss:  0.166412 	 Train Accuracy:  1.0000 	Valid Loss:  0.4296 	 Valid Accuracy:  0.9286
Run: [6]	 Epoch: [14]	 Train Loss:  0.111722 	 Train Accuracy:  1.0000 	Valid Loss:  0.4146 	 Valid Accuracy:  0.9286
Run: [6]	 Epoch: [15]	 Train Loss:  0.132438 	 Train Accuracy:  1.0000 	Valid Loss:  0.4132 	 Valid Accuracy:  0.9286
Run: [6]	 Epoch: [16]	 Train Loss:  0.146781 	 Train Accuracy:  1.0000 	Valid Loss:  0.4130 	 Valid Accuracy:  0.9286
Run: [6]	 Epoch: [17]	 Train Loss:  0.091487 	 Train Accuracy:  1.0000 	Valid Loss:  0.4104 	 Valid Accuracy:  0.9286
Run: [6]	 Epoch: [18]	 Train Loss:  0.095088 	 Train Accuracy:  1.0000 	Valid Loss:  0.4062 	 Valid Accuracy:  0.9286
Run: [6]	 Epoch: [19]	 Train Loss:  0.065057 	 Train Accuracy:  1.0000 	Valid Loss:  0.3972 	 Valid Accuracy:  0.9286
Run: [6]	 Epoch: [20]	 Train Loss:  0.085087 	 Train Accuracy:  1.0000 	Valid Loss:  0.3854 	 Valid Accuracy:  0.9286
Run: [6]	 Epoch: [21]	 Train Loss:  0.067396 	 Train Accuracy:  1.0000 	Valid Loss:  0.3764 	 Valid Accuracy:  0.9286
Run: [6]	 Epoch: [22]	 Train Loss:  0.076741 	 Train Accuracy:  1.0000 	Valid Loss:  0.3717 	 Valid Accuracy:  0.9286
Run: [6]	 Epoch: [23]	 Train Loss:  0.087382 	 Train Accuracy:  1.0000 	Valid Loss:  0.3736 	 Valid Accuracy:  0.9286
Run: [6]	 Epoch: [24]	 Train Loss:  0.074996 	 Train Accuracy:  1.0000 	Valid Loss:  0.3806 	 Valid Accuracy:  0.9286
Run: [6]	 Epoch: [25]	 Train Loss:  0.053803 	 Train Accuracy:  1.0000 	Valid Loss:  0.3901 	 Valid Accuracy:  0.9286
Run: [6]	 Epoch: [26]	 Train Loss:  0.040698 	 Train Accuracy:  1.0000 	Valid Loss:  0.4023 	 Valid Accuracy:  0.9286
Run: [6]	 Epoch: [27]	 Train Loss:  0.060069 	 Train Accuracy:  1.0000 	Valid Loss:  0.4201 	 Valid Accuracy:  0.9286
Run: [6]	 Epoch: [28]	 Train Loss:  0.042759 	 Train Accuracy:  1.0000 	Valid Loss:  0.4448 	 Valid Accuracy:  0.9286
Run: [6]	 Epoch: [29]	 Train Loss:  0.055088 	 Train Accuracy:  1.0000 	Valid Loss:  0.4706 	 Valid Accuracy:  0.8571
Run: [6]	 Epoch: [30]	 Train Loss:  0.029427 	 Train Accuracy:  1.0000 	Valid Loss:  0.4940 	 Valid Accuracy:  0.8571
Run: [6]	 Epoch: [31]	 Train Loss:  0.056983 	 Train Accuracy:  1.0000 	Valid Loss:  0.5143 	 Valid Accuracy:  0.8571
Run: [6]	 Epoch: [32]	 Train Loss:  0.039477 	 Train Accuracy:  1.0000 	Valid Loss:  0.5347 	 Valid Accuracy:  0.8571
Run: [6]	 Epoch: [33]	 Train Loss:  0.034778 	 Train Accuracy:  1.0000 	Valid Loss:  0.5545 	 Valid Accuracy:  0.8571
Run: [6]	 Epoch: [34]	 Train Loss:  0.057912 	 Train Accuracy:  1.0000 	Valid Loss:  0.5788 	 Valid Accuracy:  0.8571
Run: [6]	 Epoch: [35]	 Train Loss:  0.024831 	 Train Accuracy:  1.0000 	Valid Loss:  0.6004 	 Valid Accuracy:  0.8571
Run: [6]	 Epoch: [36]	 Train Loss:  0.034431 	 Train Accuracy:  1.0000 	Valid Loss:  0.6204 	 Valid Accuracy:  0.8571
Run: [6]	 Epoch: [37]	 Train Loss:  0.026396 	 Train Accuracy:  1.0000 	Valid Loss:  0.6392 	 Valid Accuracy:  0.8571
Run: [6]	 Epoch: [38]	 Train Loss:  0.038051 	 Train Accuracy:  1.0000 	Valid Loss:  0.6537 	 Valid Accuracy:  0.8571
Run: [6]	 Epoch: [39]	 Train Loss:  0.043030 	 Train Accuracy:  1.0000 	Valid Loss:  0.6693 	 Valid Accuracy:  0.8571
Run: [6]	 Epoch: [40]	 Train Loss:  0.042637 	 Train Accuracy:  1.0000 	Valid Loss:  0.6862 	 Valid Accuracy:  0.8571
Run: [6]	 Epoch: [41]	 Train Loss:  0.021821 	 Train Accuracy:  1.0000 	Valid Loss:  0.7050 	 Valid Accuracy:  0.8571
Run: [6]	 Epoch: [42]	 Train Loss:  0.031690 	 Train Accuracy:  1.0000 	Valid Loss:  0.7307 	 Valid Accuracy:  0.8571
Run: [6]	 Epoch: [43]	 Train Loss:  0.034400 	 Train Accuracy:  1.0000 	Valid Loss:  0.7613 	 Valid Accuracy:  0.8571
Run: [6]	 Epoch: [44]	 Train Loss:  0.017126 	 Train Accuracy:  1.0000 	Valid Loss:  0.7938 	 Valid Accuracy:  0.8571
Run: [6]	 Epoch: [45]	 Train Loss:  0.021570 	 Train Accuracy:  1.0000 	Valid Loss:  0.8218 	 Valid Accuracy:  0.7857
Run: [6]	 Epoch: [46]	 Train Loss:  0.017070 	 Train Accuracy:  1.0000 	Valid Loss:  0.8538 	 Valid Accuracy:  0.7857
Run: [6]	 Epoch: [47]	 Train Loss:  0.018709 	 Train Accuracy:  1.0000 	Valid Loss:  0.8879 	 Valid Accuracy:  0.7857
Run: [6]	 Epoch: [48]	 Train Loss:  0.035150 	 Train Accuracy:  1.0000 	Valid Loss:  0.9202 	 Valid Accuracy:  0.7857
Run: [6]	 Epoch: [49]	 Train Loss:  0.027313 	 Train Accuracy:  1.0000 	Valid Loss:  0.9547 	 Valid Accuracy:  0.7857
Run: [6]	 Epoch: [50]	 Train Loss:  0.045446 	 Train Accuracy:  1.0000 	Valid Loss:  0.9974 	 Valid Accuracy:  0.7857
Test Accuracy in run 6 is: 0.9722222089767456
Total Train Accuracy after run 6 is: 1.0000
Total Test Accuracy after run 6 is: 0.9306
Best Test Accuracy in 6 runs is: 0.9722
Run: [7]	 Epoch: [1]	 Train Loss:  1.710204 	 Train Accuracy:  0.6508 	Valid Loss:  1.0847 	 Valid Accuracy:  0.5000
Run: [7]	 Epoch: [2]	 Train Loss:  0.955525 	 Train Accuracy:  0.8651 	Valid Loss:  0.9641 	 Valid Accuracy:  0.5714
Run: [7]	 Epoch: [3]	 Train Loss:  0.573712 	 Train Accuracy:  0.9206 	Valid Loss:  1.1030 	 Valid Accuracy:  0.5000
Run: [7]	 Epoch: [4]	 Train Loss:  0.435166 	 Train Accuracy:  0.9603 	Valid Loss:  0.8720 	 Valid Accuracy:  0.5000
Run: [7]	 Epoch: [5]	 Train Loss:  0.365346 	 Train Accuracy:  0.9841 	Valid Loss:  0.8682 	 Valid Accuracy:  0.6429
Run: [7]	 Epoch: [6]	 Train Loss:  0.248204 	 Train Accuracy:  1.0000 	Valid Loss:  0.9398 	 Valid Accuracy:  0.6429
Run: [7]	 Epoch: [7]	 Train Loss:  0.243111 	 Train Accuracy:  1.0000 	Valid Loss:  1.0134 	 Valid Accuracy:  0.5714
Run: [7]	 Epoch: [8]	 Train Loss:  0.203070 	 Train Accuracy:  1.0000 	Valid Loss:  1.0699 	 Valid Accuracy:  0.5000
Run: [7]	 Epoch: [9]	 Train Loss:  0.170571 	 Train Accuracy:  1.0000 	Valid Loss:  1.1131 	 Valid Accuracy:  0.5000
Run: [7]	 Epoch: [10]	 Train Loss:  0.201027 	 Train Accuracy:  1.0000 	Valid Loss:  1.1071 	 Valid Accuracy:  0.5000
Run: [7]	 Epoch: [13]	 Train Loss:  0.111532 	 Train Accuracy:  1.0000 	Valid Loss:  0.8847 	 Valid Accuracy:  0.7143
Run: [7]	 Epoch: [14]	 Train Loss:  0.132932 	 Train Accuracy:  1.0000 	Valid Loss:  0.7984 	 Valid Accuracy:  0.7143
Run: [7]	 Epoch: [15]	 Train Loss:  0.103535 	 Train Accuracy:  1.0000 	Valid Loss:  0.7494 	 Valid Accuracy:  0.7143
Run: [7]	 Epoch: [16]	 Train Loss:  0.106626 	 Train Accuracy:  1.0000 	Valid Loss:  0.7110 	 Valid Accuracy:  0.7143
Run: [7]	 Epoch: [17]	 Train Loss:  0.104632 	 Train Accuracy:  1.0000 	Valid Loss:  0.6953 	 Valid Accuracy:  0.7143
Run: [7]	 Epoch: [18]	 Train Loss:  0.074800 	 Train Accuracy:  1.0000 	Valid Loss:  0.6861 	 Valid Accuracy:  0.7143
Run: [7]	 Epoch: [19]	 Train Loss:  0.076580 	 Train Accuracy:  1.0000 	Valid Loss:  0.6879 	 Valid Accuracy:  0.7143
Run: [7]	 Epoch: [20]	 Train Loss:  0.069424 	 Train Accuracy:  1.0000 	Valid Loss:  0.6971 	 Valid Accuracy:  0.7143
Run: [7]	 Epoch: [21]	 Train Loss:  0.092471 	 Train Accuracy:  1.0000 	Valid Loss:  0.7099 	 Valid Accuracy:  0.7143
Run: [7]	 Epoch: [22]	 Train Loss:  0.075556 	 Train Accuracy:  1.0000 	Valid Loss:  0.7383 	 Valid Accuracy:  0.7143
Run: [7]	 Epoch: [23]	 Train Loss:  0.042371 	 Train Accuracy:  1.0000 	Valid Loss:  0.7701 	 Valid Accuracy:  0.7143
Run: [7]	 Epoch: [24]	 Train Loss:  0.089675 	 Train Accuracy:  1.0000 	Valid Loss:  0.7803 	 Valid Accuracy:  0.6429
Run: [7]	 Epoch: [25]	 Train Loss:  0.036391 	 Train Accuracy:  1.0000 	Valid Loss:  0.7782 	 Valid Accuracy:  0.6429
Run: [7]	 Epoch: [26]	 Train Loss:  0.055634 	 Train Accuracy:  1.0000 	Valid Loss:  0.7826 	 Valid Accuracy:  0.7143
Run: [7]	 Epoch: [27]	 Train Loss:  0.060534 	 Train Accuracy:  1.0000 	Valid Loss:  0.7930 	 Valid Accuracy:  0.7143
Run: [7]	 Epoch: [28]	 Train Loss:  0.038153 	 Train Accuracy:  1.0000 	Valid Loss:  0.8037 	 Valid Accuracy:  0.7143
Run: [7]	 Epoch: [29]	 Train Loss:  0.046072 	 Train Accuracy:  1.0000 	Valid Loss:  0.7626 	 Valid Accuracy:  0.7857
Run: [7]	 Epoch: [30]	 Train Loss:  0.066134 	 Train Accuracy:  1.0000 	Valid Loss:  0.7321 	 Valid Accuracy:  0.7857
Run: [7]	 Epoch: [31]	 Train Loss:  0.047427 	 Train Accuracy:  1.0000 	Valid Loss:  0.7057 	 Valid Accuracy:  0.7857
Run: [7]	 Epoch: [32]	 Train Loss:  0.045517 	 Train Accuracy:  1.0000 	Valid Loss:  0.6782 	 Valid Accuracy:  0.7857
Run: [7]	 Epoch: [33]	 Train Loss:  0.031963 	 Train Accuracy:  1.0000 	Valid Loss:  0.6482 	 Valid Accuracy:  0.7857
Run: [7]	 Epoch: [34]	 Train Loss:  0.053832 	 Train Accuracy:  1.0000 	Valid Loss:  0.6535 	 Valid Accuracy:  0.7857
Run: [7]	 Epoch: [35]	 Train Loss:  0.038812 	 Train Accuracy:  1.0000 	Valid Loss:  0.6672 	 Valid Accuracy:  0.7857
Run: [7]	 Epoch: [36]	 Train Loss:  0.036056 	 Train Accuracy:  1.0000 	Valid Loss:  0.6998 	 Valid Accuracy:  0.7857
Run: [7]	 Epoch: [37]	 Train Loss:  0.019305 	 Train Accuracy:  1.0000 	Valid Loss:  0.7345 	 Valid Accuracy:  0.7857
Run: [7]	 Epoch: [38]	 Train Loss:  0.024006 	 Train Accuracy:  1.0000 	Valid Loss:  0.7722 	 Valid Accuracy:  0.7857
Run: [7]	 Epoch: [39]	 Train Loss:  0.035928 	 Train Accuracy:  1.0000 	Valid Loss:  0.8077 	 Valid Accuracy:  0.7857
Run: [7]	 Epoch: [40]	 Train Loss:  0.020444 	 Train Accuracy:  1.0000 	Valid Loss:  0.8422 	 Valid Accuracy:  0.7857
Run: [7]	 Epoch: [41]	 Train Loss:  0.025595 	 Train Accuracy:  1.0000 	Valid Loss:  0.8801 	 Valid Accuracy:  0.7857
Run: [7]	 Epoch: [42]	 Train Loss:  0.029014 	 Train Accuracy:  1.0000 	Valid Loss:  0.9045 	 Valid Accuracy:  0.7857
Run: [7]	 Epoch: [43]	 Train Loss:  0.022846 	 Train Accuracy:  1.0000 	Valid Loss:  0.9094 	 Valid Accuracy:  0.7857
Run: [7]	 Epoch: [44]	 Train Loss:  0.022267 	 Train Accuracy:  1.0000 	Valid Loss:  0.8869 	 Valid Accuracy:  0.7857
Run: [7]	 Epoch: [45]	 Train Loss:  0.019991 	 Train Accuracy:  1.0000 	Valid Loss:  0.8632 	 Valid Accuracy:  0.7857
Run: [7]	 Epoch: [46]	 Train Loss:  0.018827 	 Train Accuracy:  1.0000 	Valid Loss:  0.8375 	 Valid Accuracy:  0.7857
Run: [7]	 Epoch: [47]	 Train Loss:  0.024600 	 Train Accuracy:  1.0000 	Valid Loss:  0.8171 	 Valid Accuracy:  0.7857
Run: [7]	 Epoch: [48]	 Train Loss:  0.019892 	 Train Accuracy:  1.0000 	Valid Loss:  0.8232 	 Valid Accuracy:  0.7857
Run: [7]	 Epoch: [49]	 Train Loss:  0.025849 	 Train Accuracy:  1.0000 	Valid Loss:  0.8323 	 Valid Accuracy:  0.7857
Run: [7]	 Epoch: [50]	 Train Loss:  0.016383 	 Train Accuracy:  1.0000 	Valid Loss:  0.8393 	 Valid Accuracy:  0.7857
Test Accuracy in run 7 is: 0.9166666865348816
Total Train Accuracy after run 7 is: 1.0000
Total Test Accuracy after run 7 is: 0.9286
Best Test Accuracy in 7 runs is: 0.9722
Run: [8]	 Epoch: [1]	 Train Loss:  1.550562 	 Train Accuracy:  0.4603 	Valid Loss:  1.1178 	 Valid Accuracy:  0.4286
Run: [8]	 Epoch: [2]	 Train Loss:  1.160804 	 Train Accuracy:  0.7857 	Valid Loss:  0.7411 	 Valid Accuracy:  0.9286
Run: [8]	 Epoch: [3]	 Train Loss:  0.768348 	 Train Accuracy:  0.8333 	Valid Loss:  0.6437 	 Valid Accuracy:  0.7143
Run: [8]	 Epoch: [4]	 Train Loss:  0.615910 	 Train Accuracy:  0.8810 	Valid Loss:  0.5558 	 Valid Accuracy:  0.8571
Run: [8]	 Epoch: [5]	 Train Loss:  0.537348 	 Train Accuracy:  0.9286 	Valid Loss:  0.4667 	 Valid Accuracy:  0.9286
Run: [8]	 Epoch: [6]	 Train Loss:  0.432168 	 Train Accuracy:  0.9683 	Valid Loss:  0.5244 	 Valid Accuracy:  0.8571
Run: [8]	 Epoch: [7]	 Train Loss:  0.387831 	 Train Accuracy:  0.9762 	Valid Loss:  0.7283 	 Valid Accuracy:  0.7857
Run: [8]	 Epoch: [8]	 Train Loss:  0.371903 	 Train Accuracy:  0.9841 	Valid Loss:  0.5275 	 Valid Accuracy:  0.8571
Run: [8]	 Epoch: [9]	 Train Loss:  0.325419 	 Train Accuracy:  0.9921 	Valid Loss:  0.4365 	 Valid Accuracy:  0.8571
Run: [8]	 Epoch: [10]	 Train Loss:  0.267641 	 Train Accuracy:  0.9921 	Valid Loss:  0.3935 	 Valid Accuracy:  0.9286
Run: [8]	 Epoch: [11]	 Train Loss:  0.262347 	 Train Accuracy:  1.0000 	Valid Loss:  0.3619 	 Valid Accuracy:  0.8571
Run: [8]	 Epoch: [12]	 Train Loss:  0.212797 	 Train Accuracy:  1.0000 	Valid Loss:  0.3493 	 Valid Accuracy:  0.8571
Run: [8]	 Epoch: [13]	 Train Loss:  0.223583 	 Train Accuracy:  1.0000 	Valid Loss:  0.3595 	 Valid Accuracy:  0.8571
Run: [8]	 Epoch: [14]	 Train Loss:  0.196831 	 Train Accuracy:  1.0000 	Valid Loss:  0.3684 	 Valid Accuracy:  0.8571
Run: [8]	 Epoch: [15]	 Train Loss:  0.136136 	 Train Accuracy:  1.0000 	Valid Loss:  0.3609 	 Valid Accuracy:  0.8571
Run: [8]	 Epoch: [16]	 Train Loss:  0.138715 	 Train Accuracy:  1.0000 	Valid Loss:  0.3572 	 Valid Accuracy:  0.8571
Run: [8]	 Epoch: [17]	 Train Loss:  0.113087 	 Train Accuracy:  1.0000 	Valid Loss:  0.3633 	 Valid Accuracy:  0.8571
Run: [8]	 Epoch: [18]	 Train Loss:  0.152007 	 Train Accuracy:  1.0000 	Valid Loss:  0.3587 	 Valid Accuracy:  0.9286
Run: [8]	 Epoch: [19]	 Train Loss:  0.107909 	 Train Accuracy:  1.0000 	Valid Loss:  0.3636 	 Valid Accuracy:  0.9286
Run: [8]	 Epoch: [20]	 Train Loss:  0.111439 	 Train Accuracy:  1.0000 	Valid Loss:  0.3715 	 Valid Accuracy:  0.9286
Run: [8]	 Epoch: [21]	 Train Loss:  0.098817 	 Train Accuracy:  1.0000 	Valid Loss:  0.3824 	 Valid Accuracy:  0.9286
Run: [8]	 Epoch: [22]	 Train Loss:  0.102831 	 Train Accuracy:  1.0000 	Valid Loss:  0.3957 	 Valid Accuracy:  0.9286
Run: [8]	 Epoch: [23]	 Train Loss:  0.065317 	 Train Accuracy:  1.0000 	Valid Loss:  0.4101 	 Valid Accuracy:  0.9286
Run: [8]	 Epoch: [24]	 Train Loss:  0.063408 	 Train Accuracy:  1.0000 	Valid Loss:  0.4255 	 Valid Accuracy:  0.9286
Run: [8]	 Epoch: [25]	 Train Loss:  0.064979 	 Train Accuracy:  1.0000 	Valid Loss:  0.4366 	 Valid Accuracy:  0.9286
Run: [8]	 Epoch: [26]	 Train Loss:  0.067876 	 Train Accuracy:  1.0000 	Valid Loss:  0.4415 	 Valid Accuracy:  0.9286
Run: [8]	 Epoch: [27]	 Train Loss:  0.070505 	 Train Accuracy:  1.0000 	Valid Loss:  0.4435 	 Valid Accuracy:  0.9286
Run: [8]	 Epoch: [28]	 Train Loss:  0.048867 	 Train Accuracy:  1.0000 	Valid Loss:  0.4400 	 Valid Accuracy:  0.9286
Run: [8]	 Epoch: [29]	 Train Loss:  0.058695 	 Train Accuracy:  1.0000 	Valid Loss:  0.4352 	 Valid Accuracy:  0.9286
Run: [8]	 Epoch: [30]	 Train Loss:  0.039639 	 Train Accuracy:  1.0000 	Valid Loss:  0.4326 	 Valid Accuracy:  0.9286
Run: [8]	 Epoch: [31]	 Train Loss:  0.033237 	 Train Accuracy:  1.0000 	Valid Loss:  0.4323 	 Valid Accuracy:  0.9286
Run: [8]	 Epoch: [32]	 Train Loss:  0.038072 	 Train Accuracy:  1.0000 	Valid Loss:  0.4323 	 Valid Accuracy:  0.9286
Run: [8]	 Epoch: [33]	 Train Loss:  0.040497 	 Train Accuracy:  1.0000 	Valid Loss:  0.4323 	 Valid Accuracy:  0.9286
Run: [8]	 Epoch: [34]	 Train Loss:  0.035547 	 Train Accuracy:  1.0000 	Valid Loss:  0.4330 	 Valid Accuracy:  0.9286
Run: [8]	 Epoch: [35]	 Train Loss:  0.039731 	 Train Accuracy:  1.0000 	Valid Loss:  0.4342 	 Valid Accuracy:  0.9286
Run: [8]	 Epoch: [36]	 Train Loss:  0.024749 	 Train Accuracy:  1.0000 	Valid Loss:  0.4369 	 Valid Accuracy:  0.9286
Run: [8]	 Epoch: [37]	 Train Loss:  0.032550 	 Train Accuracy:  1.0000 	Valid Loss:  0.4394 	 Valid Accuracy:  0.9286
Run: [8]	 Epoch: [38]	 Train Loss:  0.042595 	 Train Accuracy:  1.0000 	Valid Loss:  0.4418 	 Valid Accuracy:  0.9286
Run: [8]	 Epoch: [39]	 Train Loss:  0.039750 	 Train Accuracy:  1.0000 	Valid Loss:  0.4450 	 Valid Accuracy:  0.9286
Run: [8]	 Epoch: [40]	 Train Loss:  0.023975 	 Train Accuracy:  1.0000 	Valid Loss:  0.4477 	 Valid Accuracy:  0.9286
Run: [8]	 Epoch: [41]	 Train Loss:  0.024793 	 Train Accuracy:  1.0000 	Valid Loss:  0.4516 	 Valid Accuracy:  0.9286
Run: [8]	 Epoch: [42]	 Train Loss:  0.020935 	 Train Accuracy:  1.0000 	Valid Loss:  0.4551 	 Valid Accuracy:  0.9286
Run: [8]	 Epoch: [43]	 Train Loss:  0.027563 	 Train Accuracy:  1.0000 	Valid Loss:  0.4565 	 Valid Accuracy:  0.9286
Run: [8]	 Epoch: [44]	 Train Loss:  0.016661 	 Train Accuracy:  1.0000 	Valid Loss:  0.4551 	 Valid Accuracy:  0.9286
Run: [8]	 Epoch: [45]	 Train Loss:  0.034590 	 Train Accuracy:  1.0000 	Valid Loss:  0.4549 	 Valid Accuracy:  0.9286
Run: [8]	 Epoch: [46]	 Train Loss:  0.013261 	 Train Accuracy:  1.0000 	Valid Loss:  0.4538 	 Valid Accuracy:  0.9286
Run: [8]	 Epoch: [47]	 Train Loss:  0.015006 	 Train Accuracy:  1.0000 	Valid Loss:  0.4526 	 Valid Accuracy:  0.9286
Run: [8]	 Epoch: [48]	 Train Loss:  0.018452 	 Train Accuracy:  1.0000 	Valid Loss:  0.4514 	 Valid Accuracy:  0.9286
Run: [8]	 Epoch: [49]	 Train Loss:  0.018025 	 Train Accuracy:  1.0000 	Valid Loss:  0.4525 	 Valid Accuracy:  0.9286
Run: [8]	 Epoch: [50]	 Train Loss:  0.027822 	 Train Accuracy:  1.0000 	Valid Loss:  0.4492 	 Valid Accuracy:  0.9286
Test Accuracy in run 8 is: 0.9722222089767456
Total Train Accuracy after run 8 is: 1.0000
Total Test Accuracy after run 8 is: 0.9340
Best Test Accuracy in 8 runs is: 0.9722
Run: [9]	 Epoch: [1]	 Train Loss:  1.597391 	 Train Accuracy:  0.4921 	Valid Loss:  1.4717 	 Valid Accuracy:  0.4286
Run: [9]	 Epoch: [2]	 Train Loss:  1.286877 	 Train Accuracy:  0.7381 	Valid Loss:  0.8385 	 Valid Accuracy:  0.7857
Run: [9]	 Epoch: [3]	 Train Loss:  0.792421 	 Train Accuracy:  0.8810 	Valid Loss:  0.8051 	 Valid Accuracy:  0.8571
Run: [9]	 Epoch: [4]	 Train Loss:  0.588584 	 Train Accuracy:  0.9603 	Valid Loss:  0.7736 	 Valid Accuracy:  0.8571
Run: [9]	 Epoch: [5]	 Train Loss:  0.474401 	 Train Accuracy:  0.9524 	Valid Loss:  0.7171 	 Valid Accuracy:  0.8571
Run: [9]	 Epoch: [6]	 Train Loss:  0.394768 	 Train Accuracy:  0.9762 	Valid Loss:  0.6916 	 Valid Accuracy:  0.8571
Run: [9]	 Epoch: [7]	 Train Loss:  0.310467 	 Train Accuracy:  0.9921 	Valid Loss:  0.7253 	 Valid Accuracy:  0.8571
Run: [9]	 Epoch: [8]	 Train Loss:  0.293831 	 Train Accuracy:  0.9921 	Valid Loss:  0.7451 	 Valid Accuracy:  0.7857
Run: [9]	 Epoch: [9]	 Train Loss:  0.281623 	 Train Accuracy:  0.9921 	Valid Loss:  0.7062 	 Valid Accuracy:  0.7857
Run: [9]	 Epoch: [10]	 Train Loss:  0.250893 	 Train Accuracy:  0.9921 	Valid Loss:  0.7254 	 Valid Accuracy:  0.7857
Run: [9]	 Epoch: [11]	 Train Loss:  0.233741 	 Train Accuracy:  1.0000 	Valid Loss:  0.7510 	 Valid Accuracy:  0.7857
Run: [9]	 Epoch: [12]	 Train Loss:  0.228598 	 Train Accuracy:  1.0000 	Valid Loss:  0.7645 	 Valid Accuracy:  0.7857
Run: [9]	 Epoch: [13]	 Train Loss:  0.193115 	 Train Accuracy:  1.0000 	Valid Loss:  0.7814 	 Valid Accuracy:  0.7857
Run: [9]	 Epoch: [14]	 Train Loss:  0.175093 	 Train Accuracy:  1.0000 	Valid Loss:  0.7971 	 Valid Accuracy:  0.7143
Run: [9]	 Epoch: [15]	 Train Loss:  0.164744 	 Train Accuracy:  1.0000 	Valid Loss:  0.8163 	 Valid Accuracy:  0.7143
Run: [9]	 Epoch: [16]	 Train Loss:  0.156265 	 Train Accuracy:  1.0000 	Valid Loss:  0.8325 	 Valid Accuracy:  0.7143
Run: [9]	 Epoch: [17]	 Train Loss:  0.130375 	 Train Accuracy:  1.0000 	Valid Loss:  0.8414 	 Valid Accuracy:  0.7143
Run: [9]	 Epoch: [18]	 Train Loss:  0.121406 	 Train Accuracy:  1.0000 	Valid Loss:  0.8514 	 Valid Accuracy:  0.7143
Run: [9]	 Epoch: [19]	 Train Loss:  0.150530 	 Train Accuracy:  1.0000 	Valid Loss:  0.8545 	 Valid Accuracy:  0.7143
Run: [9]	 Epoch: [20]	 Train Loss:  0.128822 	 Train Accuracy:  1.0000 	Valid Loss:  0.8259 	 Valid Accuracy:  0.7143
Run: [9]	 Epoch: [21]	 Train Loss:  0.117565 	 Train Accuracy:  1.0000 	Valid Loss:  0.7586 	 Valid Accuracy:  0.7143
Run: [9]	 Epoch: [22]	 Train Loss:  0.114647 	 Train Accuracy:  1.0000 	Valid Loss:  0.7123 	 Valid Accuracy:  0.7857
Run: [9]	 Epoch: [23]	 Train Loss:  0.108511 	 Train Accuracy:  1.0000 	Valid Loss:  0.6732 	 Valid Accuracy:  0.7857
Run: [9]	 Epoch: [24]	 Train Loss:  0.101161 	 Train Accuracy:  1.0000 	Valid Loss:  0.6753 	 Valid Accuracy:  0.7857
Run: [9]	 Epoch: [25]	 Train Loss:  0.089359 	 Train Accuracy:  1.0000 	Valid Loss:  0.6872 	 Valid Accuracy:  0.7857
Run: [9]	 Epoch: [26]	 Train Loss:  0.089091 	 Train Accuracy:  1.0000 	Valid Loss:  0.6890 	 Valid Accuracy:  0.7857
Run: [9]	 Epoch: [27]	 Train Loss:  0.077468 	 Train Accuracy:  1.0000 	Valid Loss:  0.6924 	 Valid Accuracy:  0.7857
Run: [9]	 Epoch: [28]	 Train Loss:  0.070710 	 Train Accuracy:  1.0000 	Valid Loss:  0.6953 	 Valid Accuracy:  0.7857
Run: [9]	 Epoch: [29]	 Train Loss:  0.068548 	 Train Accuracy:  1.0000 	Valid Loss:  0.7015 	 Valid Accuracy:  0.7857
Run: [9]	 Epoch: [30]	 Train Loss:  0.062173 	 Train Accuracy:  1.0000 	Valid Loss:  0.6999 	 Valid Accuracy:  0.7857
Run: [9]	 Epoch: [31]	 Train Loss:  0.073209 	 Train Accuracy:  1.0000 	Valid Loss:  0.6786 	 Valid Accuracy:  0.7857
Run: [9]	 Epoch: [32]	 Train Loss:  0.056527 	 Train Accuracy:  1.0000 	Valid Loss:  0.6675 	 Valid Accuracy:  0.7857
Run: [9]	 Epoch: [33]	 Train Loss:  0.067544 	 Train Accuracy:  1.0000 	Valid Loss:  0.6550 	 Valid Accuracy:  0.7857
Run: [9]	 Epoch: [34]	 Train Loss:  0.078548 	 Train Accuracy:  1.0000 	Valid Loss:  0.6156 	 Valid Accuracy:  0.7857
Run: [9]	 Epoch: [35]	 Train Loss:  0.066998 	 Train Accuracy:  1.0000 	Valid Loss:  0.6000 	 Valid Accuracy:  0.7857
Run: [9]	 Epoch: [36]	 Train Loss:  0.050718 	 Train Accuracy:  1.0000 	Valid Loss:  0.5829 	 Valid Accuracy:  0.7857
Run: [9]	 Epoch: [37]	 Train Loss:  0.055855 	 Train Accuracy:  1.0000 	Valid Loss:  0.5749 	 Valid Accuracy:  0.7857
Run: [9]	 Epoch: [38]	 Train Loss:  0.051065 	 Train Accuracy:  1.0000 	Valid Loss:  0.5723 	 Valid Accuracy:  0.7857
Run: [9]	 Epoch: [39]	 Train Loss:  0.057325 	 Train Accuracy:  1.0000 	Valid Loss:  0.5925 	 Valid Accuracy:  0.7857
Run: [9]	 Epoch: [40]	 Train Loss:  0.044069 	 Train Accuracy:  1.0000 	Valid Loss:  0.5971 	 Valid Accuracy:  0.7857
Run: [9]	 Epoch: [41]	 Train Loss:  0.040352 	 Train Accuracy:  1.0000 	Valid Loss:  0.5948 	 Valid Accuracy:  0.8571
Run: [9]	 Epoch: [42]	 Train Loss:  0.026272 	 Train Accuracy:  1.0000 	Valid Loss:  0.5792 	 Valid Accuracy:  0.8571
Run: [9]	 Epoch: [43]	 Train Loss:  0.050728 	 Train Accuracy:  1.0000 	Valid Loss:  0.5602 	 Valid Accuracy:  0.8571
Run: [9]	 Epoch: [44]	 Train Loss:  0.045129 	 Train Accuracy:  1.0000 	Valid Loss:  0.5650 	 Valid Accuracy:  0.8571
Run: [9]	 Epoch: [45]	 Train Loss:  0.038385 	 Train Accuracy:  1.0000 	Valid Loss:  0.5741 	 Valid Accuracy:  0.8571
Run: [9]	 Epoch: [46]	 Train Loss:  0.042814 	 Train Accuracy:  1.0000 	Valid Loss:  0.5826 	 Valid Accuracy:  0.8571
Run: [9]	 Epoch: [47]	 Train Loss:  0.028663 	 Train Accuracy:  1.0000 	Valid Loss:  0.5736 	 Valid Accuracy:  0.8571
Run: [9]	 Epoch: [48]	 Train Loss:  0.038562 	 Train Accuracy:  1.0000 	Valid Loss:  0.5607 	 Valid Accuracy:  0.8571
Run: [9]	 Epoch: [49]	 Train Loss:  0.037014 	 Train Accuracy:  1.0000 	Valid Loss:  0.5869 	 Valid Accuracy:  0.8571
Run: [9]	 Epoch: [50]	 Train Loss:  0.025133 	 Train Accuracy:  1.0000 	Valid Loss:  0.6271 	 Valid Accuracy:  0.8571
Test Accuracy in run 9 is: 0.9166666865348816
Total Train Accuracy after run 9 is: 1.0000
Total Test Accuracy after run 9 is: 0.9321
Best Test Accuracy in 9 runs is: 0.9722
Run: [10]	 Epoch: [1]	 Train Loss:  2.180691 	 Train Accuracy:  0.4048 	Valid Loss:  1.1983 	 Valid Accuracy:  0.4286
Run: [10]	 Epoch: [2]	 Train Loss:  1.235453 	 Train Accuracy:  0.7619 	Valid Loss:  1.3038 	 Valid Accuracy:  0.6429
Run: [10]	 Epoch: [3]	 Train Loss:  0.898016 	 Train Accuracy:  0.8254 	Valid Loss:  0.8861 	 Valid Accuracy:  0.6429
Run: [10]	 Epoch: [4]	 Train Loss:  0.710330 	 Train Accuracy:  0.8968 	Valid Loss:  0.6712 	 Valid Accuracy:  0.7857
Run: [10]	 Epoch: [5]	 Train Loss:  0.565631 	 Train Accuracy:  0.9524 	Valid Loss:  0.5392 	 Valid Accuracy:  0.8571
Run: [10]	 Epoch: [6]	 Train Loss:  0.386346 	 Train Accuracy:  0.9841 	Valid Loss:  0.4703 	 Valid Accuracy:  0.8571
Run: [10]	 Epoch: [7]	 Train Loss:  0.326986 	 Train Accuracy:  0.9841 	Valid Loss:  0.4563 	 Valid Accuracy:  0.9286
Run: [10]	 Epoch: [8]	 Train Loss:  0.339711 	 Train Accuracy:  0.9841 	Valid Loss:  0.4654 	 Valid Accuracy:  0.9286
Run: [10]	 Epoch: [9]	 Train Loss:  0.280623 	 Train Accuracy:  0.9841 	Valid Loss:  0.4293 	 Valid Accuracy:  0.9286
Run: [10]	 Epoch: [10]	 Train Loss:  0.261832 	 Train Accuracy:  0.9841 	Valid Loss:  0.3672 	 Valid Accuracy:  0.9286
Run: [10]	 Epoch: [11]	 Train Loss:  0.199489 	 Train Accuracy:  1.0000 	Valid Loss:  0.3106 	 Valid Accuracy:  0.9286
Run: [10]	 Epoch: [12]	 Train Loss:  0.212598 	 Train Accuracy:  1.0000 	Valid Loss:  0.2416 	 Valid Accuracy:  0.9286
Run: [10]	 Epoch: [13]	 Train Loss:  0.168356 	 Train Accuracy:  1.0000 	Valid Loss:  0.1949 	 Valid Accuracy:  1.0000
Run: [10]	 Epoch: [14]	 Train Loss:  0.166500 	 Train Accuracy:  1.0000 	Valid Loss:  0.1671 	 Valid Accuracy:  1.0000
Run: [10]	 Epoch: [15]	 Train Loss:  0.160364 	 Train Accuracy:  1.0000 	Valid Loss:  0.1468 	 Valid Accuracy:  1.0000
Run: [10]	 Epoch: [16]	 Train Loss:  0.154368 	 Train Accuracy:  1.0000 	Valid Loss:  0.1291 	 Valid Accuracy:  1.0000
Run: [10]	 Epoch: [17]	 Train Loss:  0.166041 	 Train Accuracy:  1.0000 	Valid Loss:  0.1161 	 Valid Accuracy:  1.0000
Run: [10]	 Epoch: [18]	 Train Loss:  0.137740 	 Train Accuracy:  1.0000 	Valid Loss:  0.1069 	 Valid Accuracy:  1.0000
Run: [10]	 Epoch: [19]	 Train Loss:  0.112370 	 Train Accuracy:  1.0000 	Valid Loss:  0.0999 	 Valid Accuracy:  1.0000
Run: [10]	 Epoch: [20]	 Train Loss:  0.102975 	 Train Accuracy:  1.0000 	Valid Loss:  0.0949 	 Valid Accuracy:  1.0000
Run: [10]	 Epoch: [21]	 Train Loss:  0.093916 	 Train Accuracy:  1.0000 	Valid Loss:  0.0901 	 Valid Accuracy:  1.0000
Run: [10]	 Epoch: [22]	 Train Loss:  0.072926 	 Train Accuracy:  1.0000 	Valid Loss:  0.0853 	 Valid Accuracy:  1.0000
Run: [10]	 Epoch: [23]	 Train Loss:  0.089302 	 Train Accuracy:  1.0000 	Valid Loss:  0.0793 	 Valid Accuracy:  1.0000
Run: [10]	 Epoch: [24]	 Train Loss:  0.080536 	 Train Accuracy:  1.0000 	Valid Loss:  0.0733 	 Valid Accuracy:  1.0000
Run: [10]	 Epoch: [25]	 Train Loss:  0.069286 	 Train Accuracy:  1.0000 	Valid Loss:  0.0664 	 Valid Accuracy:  1.0000
Run: [10]	 Epoch: [26]	 Train Loss:  0.060754 	 Train Accuracy:  1.0000 	Valid Loss:  0.0588 	 Valid Accuracy:  1.0000
Run: [10]	 Epoch: [27]	 Train Loss:  0.056106 	 Train Accuracy:  1.0000 	Valid Loss:  0.0516 	 Valid Accuracy:  1.0000
Run: [10]	 Epoch: [28]	 Train Loss:  0.082966 	 Train Accuracy:  1.0000 	Valid Loss:  0.0451 	 Valid Accuracy:  1.0000
Run: [10]	 Epoch: [29]	 Train Loss:  0.074824 	 Train Accuracy:  1.0000 	Valid Loss:  0.0399 	 Valid Accuracy:  1.0000
Run: [10]	 Epoch: [30]	 Train Loss:  0.068765 	 Train Accuracy:  1.0000 	Valid Loss:  0.0346 	 Valid Accuracy:  1.0000
Run: [10]	 Epoch: [31]	 Train Loss:  0.038992 	 Train Accuracy:  1.0000 	Valid Loss:  0.0310 	 Valid Accuracy:  1.0000
Run: [10]	 Epoch: [32]	 Train Loss:  0.045119 	 Train Accuracy:  1.0000 	Valid Loss:  0.0286 	 Valid Accuracy:  1.0000
Run: [10]	 Epoch: [33]	 Train Loss:  0.050290 	 Train Accuracy:  1.0000 	Valid Loss:  0.0267 	 Valid Accuracy:  1.0000
Run: [10]	 Epoch: [34]	 Train Loss:  0.054528 	 Train Accuracy:  1.0000 	Valid Loss:  0.0252 	 Valid Accuracy:  1.0000
Run: [10]	 Epoch: [35]	 Train Loss:  0.042631 	 Train Accuracy:  1.0000 	Valid Loss:  0.0242 	 Valid Accuracy:  1.0000
Run: [10]	 Epoch: [36]	 Train Loss:  0.034737 	 Train Accuracy:  1.0000 	Valid Loss:  0.0233 	 Valid Accuracy:  1.0000
Run: [10]	 Epoch: [37]	 Train Loss:  0.024320 	 Train Accuracy:  1.0000 	Valid Loss:  0.0229 	 Valid Accuracy:  1.0000
Run: [10]	 Epoch: [38]	 Train Loss:  0.032245 	 Train Accuracy:  1.0000 	Valid Loss:  0.0229 	 Valid Accuracy:  1.0000
Run: [10]	 Epoch: [39]	 Train Loss:  0.032958 	 Train Accuracy:  1.0000 	Valid Loss:  0.0228 	 Valid Accuracy:  1.0000
Run: [10]	 Epoch: [40]	 Train Loss:  0.048168 	 Train Accuracy:  1.0000 	Valid Loss:  0.0226 	 Valid Accuracy:  1.0000
Run: [10]	 Epoch: [41]	 Train Loss:  0.031392 	 Train Accuracy:  1.0000 	Valid Loss:  0.0224 	 Valid Accuracy:  1.0000
Run: [10]	 Epoch: [42]	 Train Loss:  0.029099 	 Train Accuracy:  1.0000 	Valid Loss:  0.0203 	 Valid Accuracy:  1.0000
Run: [10]	 Epoch: [43]	 Train Loss:  0.040588 	 Train Accuracy:  1.0000 	Valid Loss:  0.0178 	 Valid Accuracy:  1.0000
Run: [10]	 Epoch: [44]	 Train Loss:  0.044374 	 Train Accuracy:  1.0000 	Valid Loss:  0.0163 	 Valid Accuracy:  1.0000
Run: [10]	 Epoch: [45]	 Train Loss:  0.030757 	 Train Accuracy:  1.0000 	Valid Loss:  0.0155 	 Valid Accuracy:  1.0000
Run: [10]	 Epoch: [46]	 Train Loss:  0.053081 	 Train Accuracy:  1.0000 	Valid Loss:  0.0153 	 Valid Accuracy:  1.0000
Run: [10]	 Epoch: [47]	 Train Loss:  0.017282 	 Train Accuracy:  1.0000 	Valid Loss:  0.0152 	 Valid Accuracy:  1.0000
Run: [10]	 Epoch: [48]	 Train Loss:  0.041466 	 Train Accuracy:  1.0000 	Valid Loss:  0.0157 	 Valid Accuracy:  1.0000
Run: [10]	 Epoch: [49]	 Train Loss:  0.033984 	 Train Accuracy:  1.0000 	Valid Loss:  0.0179 	 Valid Accuracy:  1.0000
Run: [10]	 Epoch: [50]	 Train Loss:  0.028709 	 Train Accuracy:  1.0000 	Valid Loss:  0.0215 	 Valid Accuracy:  1.0000
Test Accuracy in run 10 is: 0.8888888955116272
Total Train Accuracy after run 10 is: 1.0000
Total Test Accuracy after run 10 is: 0.9278
Best Test Accuracy in 10 runs is: 0.9722
