==========       System Configuration      =============
phase:train
use_cpu:False
runs:10
validation:0.2
data_dir:/data/entity
batch_size:1
dataset:MUTAG
total_epochs:50
save_freq:5
lr:0.01
multi_gpus:False
postname:
l2norm:0.0005
kernel_size:64
block_type:res
n_layers:14
act:relu
norm:layer
bias:True
dropout:0.2
channels:16
dec:basis
bases:30
aggr:mean
ckpt_path:
save_best_only:True
task:denseR
post:denseR-MUTAG-res-14-16
time:210216-22-20-29
save_path:/content/drive/My Drive/denseR/checkpoints/ckpts-denseR-MUTAG-res-14-16-210216-22-20-29
logdir:/content/drive/My Drive/denseR/logs/denseR-MUTAG-res-14-16-210216-22-20-29
device:cuda
epoch:-1
printer:<Logger args (DEBUG)>
==========     CONFIG END    =============


===> Phase is train.
 === Downloading Dataset and Creating graphs ===
=== Dataset info ===
Number of training nodes: 272 	 Number of testing nodes: 68	 Total Number of labelled nodes: 340
Number of classes in this graph: 2 	 Number of nodes: 23644 	 Number of relation types: 46
==== Initializing the Optimizer ====
Run: [1]	 Epoch: [1]	 Train Loss:  1.119912 	 Train Accuracy:  0.6175 	Valid Loss:  0.9762 	 Valid Accuracy:  0.5818
Run: [1]	 Epoch: [2]	 Train Loss:  0.878957 	 Train Accuracy:  0.3871 	Valid Loss:  0.8924 	 Valid Accuracy:  0.4000
Run: [1]	 Epoch: [3]	 Train Loss:  0.929767 	 Train Accuracy:  0.6175 	Valid Loss:  0.7453 	 Valid Accuracy:  0.5818
Run: [1]	 Epoch: [4]	 Train Loss:  0.658892 	 Train Accuracy:  0.6175 	Valid Loss:  0.7362 	 Valid Accuracy:  0.5818
Run: [1]	 Epoch: [5]	 Train Loss:  0.684838 	 Train Accuracy:  0.6175 	Valid Loss:  0.7112 	 Valid Accuracy:  0.5818
Run: [1]	 Epoch: [6]	 Train Loss:  0.636874 	 Train Accuracy:  0.6313 	Valid Loss:  0.6836 	 Valid Accuracy:  0.5818
Run: [1]	 Epoch: [7]	 Train Loss:  0.582012 	 Train Accuracy:  0.8249 	Valid Loss:  0.6703 	 Valid Accuracy:  0.6000
Run: [1]	 Epoch: [8]	 Train Loss:  0.556467 	 Train Accuracy:  0.8940 	Valid Loss:  0.6709 	 Valid Accuracy:  0.5636
Run: [1]	 Epoch: [9]	 Train Loss:  0.528358 	 Train Accuracy:  0.9124 	Valid Loss:  0.6709 	 Valid Accuracy:  0.6000
Run: [1]	 Epoch: [10]	 Train Loss:  0.490361 	 Train Accuracy:  0.9217 	Valid Loss:  0.6699 	 Valid Accuracy:  0.6000
Run: [1]	 Epoch: [11]	 Train Loss:  0.432229 	 Train Accuracy:  0.9355 	Valid Loss:  0.6746 	 Valid Accuracy:  0.5455
Run: [1]	 Epoch: [12]	 Train Loss:  0.376696 	 Train Accuracy:  0.9493 	Valid Loss:  0.6895 	 Valid Accuracy:  0.5818
Run: [1]	 Epoch: [13]	 Train Loss:  0.322269 	 Train Accuracy:  0.9585 	Valid Loss:  0.7144 	 Valid Accuracy:  0.5636
Run: [1]	 Epoch: [14]	 Train Loss:  0.275048 	 Train Accuracy:  0.9816 	Valid Loss:  0.7507 	 Valid Accuracy:  0.5636
Run: [1]	 Epoch: [15]	 Train Loss:  0.227533 	 Train Accuracy:  1.0000 	Valid Loss:  0.7906 	 Valid Accuracy:  0.5818
Run: [1]	 Epoch: [16]	 Train Loss:  0.185386 	 Train Accuracy:  1.0000 	Valid Loss:  0.8351 	 Valid Accuracy:  0.5455
Run: [1]	 Epoch: [17]	 Train Loss:  0.161253 	 Train Accuracy:  1.0000 	Valid Loss:  0.8676 	 Valid Accuracy:  0.6000
Run: [1]	 Epoch: [18]	 Train Loss:  0.144484 	 Train Accuracy:  1.0000 	Valid Loss:  0.8888 	 Valid Accuracy:  0.5636
Run: [1]	 Epoch: [19]	 Train Loss:  0.124870 	 Train Accuracy:  1.0000 	Valid Loss:  0.9079 	 Valid Accuracy:  0.5636
Run: [1]	 Epoch: [20]	 Train Loss:  0.112912 	 Train Accuracy:  1.0000 	Valid Loss:  0.9295 	 Valid Accuracy:  0.5818
Run: [1]	 Epoch: [21]	 Train Loss:  0.107396 	 Train Accuracy:  1.0000 	Valid Loss:  0.9516 	 Valid Accuracy:  0.5818
Run: [1]	 Epoch: [22]	 Train Loss:  0.097064 	 Train Accuracy:  1.0000 	Valid Loss:  0.9733 	 Valid Accuracy:  0.5818
Run: [1]	 Epoch: [23]	 Train Loss:  0.095005 	 Train Accuracy:  1.0000 	Valid Loss:  0.9950 	 Valid Accuracy:  0.5818
Run: [1]	 Epoch: [24]	 Train Loss:  0.074331 	 Train Accuracy:  1.0000 	Valid Loss:  1.0171 	 Valid Accuracy:  0.5636
Run: [1]	 Epoch: [25]	 Train Loss:  0.062672 	 Train Accuracy:  1.0000 	Valid Loss:  1.0380 	 Valid Accuracy:  0.5636
Run: [1]	 Epoch: [26]	 Train Loss:  0.060348 	 Train Accuracy:  1.0000 	Valid Loss:  1.0550 	 Valid Accuracy:  0.5818
Run: [1]	 Epoch: [27]	 Train Loss:  0.047395 	 Train Accuracy:  1.0000 	Valid Loss:  1.0684 	 Valid Accuracy:  0.5818
Run: [1]	 Epoch: [28]	 Train Loss:  0.059141 	 Train Accuracy:  1.0000 	Valid Loss:  1.0801 	 Valid Accuracy:  0.5818
Run: [1]	 Epoch: [29]	 Train Loss:  0.042909 	 Train Accuracy:  1.0000 	Valid Loss:  1.0908 	 Valid Accuracy:  0.6000
Run: [1]	 Epoch: [30]	 Train Loss:  0.040919 	 Train Accuracy:  1.0000 	Valid Loss:  1.1017 	 Valid Accuracy:  0.6000
Run: [1]	 Epoch: [31]	 Train Loss:  0.039368 	 Train Accuracy:  1.0000 	Valid Loss:  1.1138 	 Valid Accuracy:  0.6000
Run: [1]	 Epoch: [32]	 Train Loss:  0.032773 	 Train Accuracy:  1.0000 	Valid Loss:  1.1300 	 Valid Accuracy:  0.5636
Run: [1]	 Epoch: [33]	 Train Loss:  0.025652 	 Train Accuracy:  1.0000 	Valid Loss:  1.1497 	 Valid Accuracy:  0.6000
Run: [1]	 Epoch: [34]	 Train Loss:  0.028795 	 Train Accuracy:  1.0000 	Valid Loss:  1.1707 	 Valid Accuracy:  0.6000
Run: [1]	 Epoch: [35]	 Train Loss:  0.025623 	 Train Accuracy:  1.0000 	Valid Loss:  1.1931 	 Valid Accuracy:  0.6000
Run: [1]	 Epoch: [36]	 Train Loss:  0.022675 	 Train Accuracy:  1.0000 	Valid Loss:  1.2177 	 Valid Accuracy:  0.6182
Run: [1]	 Epoch: [37]	 Train Loss:  0.023136 	 Train Accuracy:  1.0000 	Valid Loss:  1.2392 	 Valid Accuracy:  0.6182
Run: [1]	 Epoch: [38]	 Train Loss:  0.020430 	 Train Accuracy:  1.0000 	Valid Loss:  1.2563 	 Valid Accuracy:  0.6364
Run: [1]	 Epoch: [39]	 Train Loss:  0.016103 	 Train Accuracy:  1.0000 	Valid Loss:  1.2707 	 Valid Accuracy:  0.6364
Run: [1]	 Epoch: [40]	 Train Loss:  0.017918 	 Train Accuracy:  1.0000 	Valid Loss:  1.2822 	 Valid Accuracy:  0.6364
Run: [1]	 Epoch: [41]	 Train Loss:  0.014050 	 Train Accuracy:  1.0000 	Valid Loss:  1.2919 	 Valid Accuracy:  0.6364
Run: [1]	 Epoch: [42]	 Train Loss:  0.016540 	 Train Accuracy:  1.0000 	Valid Loss:  1.3024 	 Valid Accuracy:  0.6364
Run: [1]	 Epoch: [43]	 Train Loss:  0.013822 	 Train Accuracy:  1.0000 	Valid Loss:  1.3118 	 Valid Accuracy:  0.6364
Run: [1]	 Epoch: [44]	 Train Loss:  0.013946 	 Train Accuracy:  1.0000 	Valid Loss:  1.3201 	 Valid Accuracy:  0.6182
Run: [1]	 Epoch: [45]	 Train Loss:  0.014427 	 Train Accuracy:  1.0000 	Valid Loss:  1.3291 	 Valid Accuracy:  0.6182
Run: [1]	 Epoch: [46]	 Train Loss:  0.011777 	 Train Accuracy:  1.0000 	Valid Loss:  1.3365 	 Valid Accuracy:  0.6364
Run: [1]	 Epoch: [47]	 Train Loss:  0.008446 	 Train Accuracy:  1.0000 	Valid Loss:  1.3429 	 Valid Accuracy:  0.6545
Run: [1]	 Epoch: [48]	 Train Loss:  0.009859 	 Train Accuracy:  1.0000 	Valid Loss:  1.3503 	 Valid Accuracy:  0.6727
Run: [1]	 Epoch: [49]	 Train Loss:  0.008403 	 Train Accuracy:  1.0000 	Valid Loss:  1.3603 	 Valid Accuracy:  0.6909
Run: [1]	 Epoch: [50]	 Train Loss:  0.011831 	 Train Accuracy:  1.0000 	Valid Loss:  1.3760 	 Valid Accuracy:  0.6909
Test Accuracy in run 1 is: 0.7352941036224365
Total Train Accuracy after run 1 is: 1.0000
Total Test Accuracy after run 1 is: 0.7353
Best Test Accuracy in 1 runs is: 0.7353
Run: [2]	 Epoch: [1]	 Train Loss:  0.742416 	 Train Accuracy:  0.4885 	Valid Loss:  0.7447 	 Valid Accuracy:  0.4727
Run: [2]	 Epoch: [2]	 Train Loss:  0.745815 	 Train Accuracy:  0.6175 	Valid Loss:  0.7439 	 Valid Accuracy:  0.5818
Run: [2]	 Epoch: [3]	 Train Loss:  0.691191 	 Train Accuracy:  0.6820 	Valid Loss:  0.6585 	 Valid Accuracy:  0.5636
Run: [2]	 Epoch: [4]	 Train Loss:  0.575425 	 Train Accuracy:  0.8387 	Valid Loss:  0.6515 	 Valid Accuracy:  0.6909
Run: [2]	 Epoch: [5]	 Train Loss:  0.535118 	 Train Accuracy:  0.8848 	Valid Loss:  0.6383 	 Valid Accuracy:  0.6909
Run: [2]	 Epoch: [6]	 Train Loss:  0.424923 	 Train Accuracy:  0.9355 	Valid Loss:  0.6437 	 Valid Accuracy:  0.6909
Run: [2]	 Epoch: [7]	 Train Loss:  0.325201 	 Train Accuracy:  0.9770 	Valid Loss:  0.6492 	 Valid Accuracy:  0.6364
Run: [2]	 Epoch: [8]	 Train Loss:  0.259164 	 Train Accuracy:  0.9908 	Valid Loss:  0.6699 	 Valid Accuracy:  0.6182
Run: [2]	 Epoch: [9]	 Train Loss:  0.190512 	 Train Accuracy:  1.0000 	Valid Loss:  0.6814 	 Valid Accuracy:  0.5818
Run: [2]	 Epoch: [10]	 Train Loss:  0.153186 	 Train Accuracy:  1.0000 	Valid Loss:  0.7245 	 Valid Accuracy:  0.6364
Run: [2]	 Epoch: [11]	 Train Loss:  0.117758 	 Train Accuracy:  1.0000 	Valid Loss:  0.7633 	 Valid Accuracy:  0.6364
Run: [2]	 Epoch: [12]	 Train Loss:  0.091494 	 Train Accuracy:  1.0000 	Valid Loss:  0.7870 	 Valid Accuracy:  0.6364
Run: [2]	 Epoch: [13]	 Train Loss:  0.083592 	 Train Accuracy:  1.0000 	Valid Loss:  0.8139 	 Valid Accuracy:  0.6000
Run: [2]	 Epoch: [14]	 Train Loss:  0.072323 	 Train Accuracy:  1.0000 	Valid Loss:  0.8499 	 Valid Accuracy:  0.6000
Run: [2]	 Epoch: [15]	 Train Loss:  0.054465 	 Train Accuracy:  1.0000 	Valid Loss:  0.8997 	 Valid Accuracy:  0.6000
Run: [2]	 Epoch: [16]	 Train Loss:  0.053529 	 Train Accuracy:  1.0000 	Valid Loss:  0.9580 	 Valid Accuracy:  0.5818
Run: [2]	 Epoch: [17]	 Train Loss:  0.046281 	 Train Accuracy:  1.0000 	Valid Loss:  1.0253 	 Valid Accuracy:  0.5818
Run: [2]	 Epoch: [18]	 Train Loss:  0.035708 	 Train Accuracy:  1.0000 	Valid Loss:  1.1023 	 Valid Accuracy:  0.5818
Run: [2]	 Epoch: [19]	 Train Loss:  0.038598 	 Train Accuracy:  1.0000 	Valid Loss:  1.1848 	 Valid Accuracy:  0.6000
Run: [2]	 Epoch: [20]	 Train Loss:  0.029882 	 Train Accuracy:  1.0000 	Valid Loss:  1.2665 	 Valid Accuracy:  0.6000
Run: [2]	 Epoch: [21]	 Train Loss:  0.028998 	 Train Accuracy:  1.0000 	Valid Loss:  1.3445 	 Valid Accuracy:  0.6000
Run: [2]	 Epoch: [22]	 Train Loss:  0.024132 	 Train Accuracy:  1.0000 	Valid Loss:  1.4188 	 Valid Accuracy:  0.6000
Run: [2]	 Epoch: [23]	 Train Loss:  0.023742 	 Train Accuracy:  1.0000 	Valid Loss:  1.4925 	 Valid Accuracy:  0.5818
Run: [2]	 Epoch: [24]	 Train Loss:  0.022681 	 Train Accuracy:  1.0000 	Valid Loss:  1.5652 	 Valid Accuracy:  0.5818
Run: [2]	 Epoch: [25]	 Train Loss:  0.023391 	 Train Accuracy:  1.0000 	Valid Loss:  1.6384 	 Valid Accuracy:  0.5818
Run: [2]	 Epoch: [26]	 Train Loss:  0.017329 	 Train Accuracy:  1.0000 	Valid Loss:  1.7113 	 Valid Accuracy:  0.5818
Run: [2]	 Epoch: [27]	 Train Loss:  0.014613 	 Train Accuracy:  1.0000 	Valid Loss:  1.7822 	 Valid Accuracy:  0.5818
Run: [2]	 Epoch: [28]	 Train Loss:  0.019356 	 Train Accuracy:  1.0000 	Valid Loss:  1.8452 	 Valid Accuracy:  0.5818
Run: [2]	 Epoch: [29]	 Train Loss:  0.013467 	 Train Accuracy:  1.0000 	Valid Loss:  1.9010 	 Valid Accuracy:  0.5818
Run: [2]	 Epoch: [30]	 Train Loss:  0.013672 	 Train Accuracy:  1.0000 	Valid Loss:  1.9526 	 Valid Accuracy:  0.5818
Run: [2]	 Epoch: [31]	 Train Loss:  0.015750 	 Train Accuracy:  1.0000 	Valid Loss:  2.0045 	 Valid Accuracy:  0.5636
Run: [2]	 Epoch: [32]	 Train Loss:  0.011877 	 Train Accuracy:  1.0000 	Valid Loss:  2.0623 	 Valid Accuracy:  0.5636
Run: [2]	 Epoch: [33]	 Train Loss:  0.011595 	 Train Accuracy:  1.0000 	Valid Loss:  2.1231 	 Valid Accuracy:  0.5636
Run: [2]	 Epoch: [34]	 Train Loss:  0.009632 	 Train Accuracy:  1.0000 	Valid Loss:  2.1768 	 Valid Accuracy:  0.5636
Run: [2]	 Epoch: [35]	 Train Loss:  0.007943 	 Train Accuracy:  1.0000 	Valid Loss:  2.2175 	 Valid Accuracy:  0.5636
Run: [2]	 Epoch: [36]	 Train Loss:  0.008546 	 Train Accuracy:  1.0000 	Valid Loss:  2.2455 	 Valid Accuracy:  0.5636
Run: [2]	 Epoch: [37]	 Train Loss:  0.007202 	 Train Accuracy:  1.0000 	Valid Loss:  2.2614 	 Valid Accuracy:  0.5636
Run: [2]	 Epoch: [38]	 Train Loss:  0.008458 	 Train Accuracy:  1.0000 	Valid Loss:  2.2682 	 Valid Accuracy:  0.5636
Run: [2]	 Epoch: [39]	 Train Loss:  0.005096 	 Train Accuracy:  1.0000 	Valid Loss:  2.2674 	 Valid Accuracy:  0.5636
Run: [2]	 Epoch: [40]	 Train Loss:  0.006614 	 Train Accuracy:  1.0000 	Valid Loss:  2.2612 	 Valid Accuracy:  0.5818
Run: [2]	 Epoch: [41]	 Train Loss:  0.006999 	 Train Accuracy:  1.0000 	Valid Loss:  2.2534 	 Valid Accuracy:  0.5818
Run: [2]	 Epoch: [42]	 Train Loss:  0.004439 	 Train Accuracy:  1.0000 	Valid Loss:  2.2479 	 Valid Accuracy:  0.5636
Run: [2]	 Epoch: [43]	 Train Loss:  0.004697 	 Train Accuracy:  1.0000 	Valid Loss:  2.2483 	 Valid Accuracy:  0.5818
Run: [2]	 Epoch: [44]	 Train Loss:  0.007609 	 Train Accuracy:  1.0000 	Valid Loss:  2.2564 	 Valid Accuracy:  0.5636
Run: [2]	 Epoch: [45]	 Train Loss:  0.006979 	 Train Accuracy:  1.0000 	Valid Loss:  2.2698 	 Valid Accuracy:  0.5636
Run: [2]	 Epoch: [46]	 Train Loss:  0.006111 	 Train Accuracy:  1.0000 	Valid Loss:  2.2877 	 Valid Accuracy:  0.5818
Run: [2]	 Epoch: [47]	 Train Loss:  0.009991 	 Train Accuracy:  1.0000 	Valid Loss:  2.3089 	 Valid Accuracy:  0.6000
Run: [2]	 Epoch: [48]	 Train Loss:  0.008998 	 Train Accuracy:  1.0000 	Valid Loss:  2.3339 	 Valid Accuracy:  0.5818
Run: [2]	 Epoch: [49]	 Train Loss:  0.006190 	 Train Accuracy:  1.0000 	Valid Loss:  2.3598 	 Valid Accuracy:  0.5818
Run: [2]	 Epoch: [50]	 Train Loss:  0.007597 	 Train Accuracy:  1.0000 	Valid Loss:  2.3845 	 Valid Accuracy:  0.5818
Test Accuracy in run 2 is: 0.7352941036224365
Total Train Accuracy after run 2 is: 1.0000
Total Test Accuracy after run 2 is: 0.7353
Best Test Accuracy in 2 runs is: 0.7353
Run: [3]	 Epoch: [1]	 Train Loss:  0.742128 	 Train Accuracy:  0.5668 	Valid Loss:  0.6821 	 Valid Accuracy:  0.5455
Run: [3]	 Epoch: [2]	 Train Loss:  0.700551 	 Train Accuracy:  0.6175 	Valid Loss:  1.1573 	 Valid Accuracy:  0.5818
Run: [3]	 Epoch: [3]	 Train Loss:  0.962753 	 Train Accuracy:  0.6175 	Valid Loss:  0.6902 	 Valid Accuracy:  0.5818
Run: [3]	 Epoch: [4]	 Train Loss:  0.551788 	 Train Accuracy:  0.6359 	Valid Loss:  0.6783 	 Valid Accuracy:  0.5818
Run: [3]	 Epoch: [5]	 Train Loss:  0.546389 	 Train Accuracy:  0.7235 	Valid Loss:  0.6678 	 Valid Accuracy:  0.6000
Run: [3]	 Epoch: [6]	 Train Loss:  0.478941 	 Train Accuracy:  0.9078 	Valid Loss:  0.6697 	 Valid Accuracy:  0.6182
Run: [3]	 Epoch: [7]	 Train Loss:  0.396931 	 Train Accuracy:  0.9401 	Valid Loss:  0.6882 	 Valid Accuracy:  0.5818
Run: [3]	 Epoch: [8]	 Train Loss:  0.318830 	 Train Accuracy:  0.9816 	Valid Loss:  0.7203 	 Valid Accuracy:  0.6364
Run: [3]	 Epoch: [9]	 Train Loss:  0.263047 	 Train Accuracy:  0.9908 	Valid Loss:  0.7551 	 Valid Accuracy:  0.6000
Run: [3]	 Epoch: [10]	 Train Loss:  0.230364 	 Train Accuracy:  1.0000 	Valid Loss:  0.7866 	 Valid Accuracy:  0.6182
Run: [3]	 Epoch: [11]	 Train Loss:  0.174447 	 Train Accuracy:  1.0000 	Valid Loss:  0.7842 	 Valid Accuracy:  0.6364
Run: [3]	 Epoch: [12]	 Train Loss:  0.135845 	 Train Accuracy:  1.0000 	Valid Loss:  0.7770 	 Valid Accuracy:  0.6545
Run: [3]	 Epoch: [13]	 Train Loss:  0.103982 	 Train Accuracy:  1.0000 	Valid Loss:  0.7823 	 Valid Accuracy:  0.6909
Run: [3]	 Epoch: [14]	 Train Loss:  0.093722 	 Train Accuracy:  1.0000 	Valid Loss:  0.7863 	 Valid Accuracy:  0.6909
Run: [3]	 Epoch: [15]	 Train Loss:  0.074784 	 Train Accuracy:  1.0000 	Valid Loss:  0.7944 	 Valid Accuracy:  0.6909
Run: [3]	 Epoch: [16]	 Train Loss:  0.076276 	 Train Accuracy:  1.0000 	Valid Loss:  0.8093 	 Valid Accuracy:  0.6909
Run: [3]	 Epoch: [17]	 Train Loss:  0.065276 	 Train Accuracy:  1.0000 	Valid Loss:  0.8223 	 Valid Accuracy:  0.6909
Run: [3]	 Epoch: [18]	 Train Loss:  0.049299 	 Train Accuracy:  1.0000 	Valid Loss:  0.8364 	 Valid Accuracy:  0.6909
Run: [3]	 Epoch: [19]	 Train Loss:  0.048107 	 Train Accuracy:  1.0000 	Valid Loss:  0.8500 	 Valid Accuracy:  0.6727
Run: [3]	 Epoch: [20]	 Train Loss:  0.040564 	 Train Accuracy:  1.0000 	Valid Loss:  0.8671 	 Valid Accuracy:  0.6909
Run: [3]	 Epoch: [21]	 Train Loss:  0.036510 	 Train Accuracy:  1.0000 	Valid Loss:  0.8861 	 Valid Accuracy:  0.6727
Run: [3]	 Epoch: [22]	 Train Loss:  0.033111 	 Train Accuracy:  1.0000 	Valid Loss:  0.9074 	 Valid Accuracy:  0.6545
Run: [3]	 Epoch: [23]	 Train Loss:  0.026379 	 Train Accuracy:  1.0000 	Valid Loss:  0.9301 	 Valid Accuracy:  0.6545
Run: [3]	 Epoch: [24]	 Train Loss:  0.025645 	 Train Accuracy:  1.0000 	Valid Loss:  0.9540 	 Valid Accuracy:  0.6545
Run: [3]	 Epoch: [25]	 Train Loss:  0.025829 	 Train Accuracy:  1.0000 	Valid Loss:  0.9782 	 Valid Accuracy:  0.6545
Run: [3]	 Epoch: [26]	 Train Loss:  0.024190 	 Train Accuracy:  1.0000 	Valid Loss:  1.0044 	 Valid Accuracy:  0.6545
Run: [3]	 Epoch: [27]	 Train Loss:  0.023332 	 Train Accuracy:  1.0000 	Valid Loss:  1.0310 	 Valid Accuracy:  0.6545
Run: [3]	 Epoch: [28]	 Train Loss:  0.020636 	 Train Accuracy:  1.0000 	Valid Loss:  1.0571 	 Valid Accuracy:  0.6545
Run: [3]	 Epoch: [29]	 Train Loss:  0.014392 	 Train Accuracy:  1.0000 	Valid Loss:  1.0834 	 Valid Accuracy:  0.6545
Run: [3]	 Epoch: [30]	 Train Loss:  0.022511 	 Train Accuracy:  1.0000 	Valid Loss:  1.1090 	 Valid Accuracy:  0.6727
Run: [3]	 Epoch: [31]	 Train Loss:  0.013556 	 Train Accuracy:  1.0000 	Valid Loss:  1.1341 	 Valid Accuracy:  0.6727
Run: [3]	 Epoch: [32]	 Train Loss:  0.015108 	 Train Accuracy:  1.0000 	Valid Loss:  1.1579 	 Valid Accuracy:  0.6727
Run: [3]	 Epoch: [33]	 Train Loss:  0.018644 	 Train Accuracy:  1.0000 	Valid Loss:  1.1779 	 Valid Accuracy:  0.6727
Run: [3]	 Epoch: [34]	 Train Loss:  0.018252 	 Train Accuracy:  1.0000 	Valid Loss:  1.1940 	 Valid Accuracy:  0.7091
Run: [3]	 Epoch: [35]	 Train Loss:  0.012511 	 Train Accuracy:  1.0000 	Valid Loss:  1.2076 	 Valid Accuracy:  0.7273
Run: [3]	 Epoch: [36]	 Train Loss:  0.010033 	 Train Accuracy:  1.0000 	Valid Loss:  1.2205 	 Valid Accuracy:  0.7273
Run: [3]	 Epoch: [37]	 Train Loss:  0.008815 	 Train Accuracy:  1.0000 	Valid Loss:  1.2333 	 Valid Accuracy:  0.7091
Run: [3]	 Epoch: [38]	 Train Loss:  0.013079 	 Train Accuracy:  1.0000 	Valid Loss:  1.2457 	 Valid Accuracy:  0.7273
Run: [3]	 Epoch: [39]	 Train Loss:  0.011329 	 Train Accuracy:  1.0000 	Valid Loss:  1.2577 	 Valid Accuracy:  0.7273
Run: [3]	 Epoch: [40]	 Train Loss:  0.009417 	 Train Accuracy:  1.0000 	Valid Loss:  1.2699 	 Valid Accuracy:  0.7273
Run: [3]	 Epoch: [41]	 Train Loss:  0.008903 	 Train Accuracy:  1.0000 	Valid Loss:  1.2822 	 Valid Accuracy:  0.7273
Run: [3]	 Epoch: [42]	 Train Loss:  0.010018 	 Train Accuracy:  1.0000 	Valid Loss:  1.2939 	 Valid Accuracy:  0.7091
Run: [3]	 Epoch: [43]	 Train Loss:  0.012420 	 Train Accuracy:  1.0000 	Valid Loss:  1.3059 	 Valid Accuracy:  0.7091
Run: [3]	 Epoch: [44]	 Train Loss:  0.009555 	 Train Accuracy:  1.0000 	Valid Loss:  1.3180 	 Valid Accuracy:  0.7273
Run: [3]	 Epoch: [45]	 Train Loss:  0.007826 	 Train Accuracy:  1.0000 	Valid Loss:  1.3295 	 Valid Accuracy:  0.7273
Run: [3]	 Epoch: [46]	 Train Loss:  0.008190 	 Train Accuracy:  1.0000 	Valid Loss:  1.3414 	 Valid Accuracy:  0.7091
Run: [3]	 Epoch: [47]	 Train Loss:  0.007691 	 Train Accuracy:  1.0000 	Valid Loss:  1.3534 	 Valid Accuracy:  0.7091
Run: [3]	 Epoch: [48]	 Train Loss:  0.006259 	 Train Accuracy:  1.0000 	Valid Loss:  1.3659 	 Valid Accuracy:  0.7091
Run: [3]	 Epoch: [49]	 Train Loss:  0.006092 	 Train Accuracy:  1.0000 	Valid Loss:  1.3780 	 Valid Accuracy:  0.7091
Run: [3]	 Epoch: [50]	 Train Loss:  0.006389 	 Train Accuracy:  1.0000 	Valid Loss:  1.3901 	 Valid Accuracy:  0.7091
Test Accuracy in run 3 is: 0.75
Total Train Accuracy after run 3 is: 1.0000
Total Test Accuracy after run 3 is: 0.7402
Best Test Accuracy in 3 runs is: 0.7500
Run: [4]	 Epoch: [1]	 Train Loss:  0.799976 	 Train Accuracy:  0.4332 	Valid Loss:  0.7223 	 Valid Accuracy:  0.4909
Run: [4]	 Epoch: [2]	 Train Loss:  0.733897 	 Train Accuracy:  0.6175 	Valid Loss:  0.7227 	 Valid Accuracy:  0.5818
Run: [4]	 Epoch: [3]	 Train Loss:  0.648580 	 Train Accuracy:  0.7512 	Valid Loss:  0.6702 	 Valid Accuracy:  0.5818
Run: [4]	 Epoch: [4]	 Train Loss:  0.566767 	 Train Accuracy:  0.8894 	Valid Loss:  0.6910 	 Valid Accuracy:  0.5273
Run: [4]	 Epoch: [5]	 Train Loss:  0.478946 	 Train Accuracy:  0.9124 	Valid Loss:  0.7161 	 Valid Accuracy:  0.5091
Run: [4]	 Epoch: [6]	 Train Loss:  0.387978 	 Train Accuracy:  0.9816 	Valid Loss:  0.7821 	 Valid Accuracy:  0.5818
Run: [4]	 Epoch: [7]	 Train Loss:  0.220859 	 Train Accuracy:  0.9954 	Valid Loss:  0.9193 	 Valid Accuracy:  0.5273
Run: [4]	 Epoch: [8]	 Train Loss:  0.138093 	 Train Accuracy:  0.9954 	Valid Loss:  0.9127 	 Valid Accuracy:  0.5455
Run: [4]	 Epoch: [9]	 Train Loss:  0.095011 	 Train Accuracy:  0.9954 	Valid Loss:  0.9151 	 Valid Accuracy:  0.5636
Run: [4]	 Epoch: [10]	 Train Loss:  0.089544 	 Train Accuracy:  0.9954 	Valid Loss:  0.9452 	 Valid Accuracy:  0.6000
Run: [4]	 Epoch: [11]	 Train Loss:  0.080076 	 Train Accuracy:  0.9954 	Valid Loss:  0.9691 	 Valid Accuracy:  0.5818
Run: [4]	 Epoch: [12]	 Train Loss:  0.061302 	 Train Accuracy:  0.9954 	Valid Loss:  0.9824 	 Valid Accuracy:  0.5818
Run: [4]	 Epoch: [13]	 Train Loss:  0.072012 	 Train Accuracy:  0.9954 	Valid Loss:  0.9946 	 Valid Accuracy:  0.6182
Run: [4]	 Epoch: [14]	 Train Loss:  0.074964 	 Train Accuracy:  0.9954 	Valid Loss:  1.0048 	 Valid Accuracy:  0.5818
Run: [4]	 Epoch: [15]	 Train Loss:  0.052448 	 Train Accuracy:  0.9954 	Valid Loss:  1.0031 	 Valid Accuracy:  0.6000
Run: [4]	 Epoch: [16]	 Train Loss:  0.068024 	 Train Accuracy:  0.9954 	Valid Loss:  0.9915 	 Valid Accuracy:  0.6000
Run: [4]	 Epoch: [17]	 Train Loss:  0.037500 	 Train Accuracy:  0.9954 	Valid Loss:  0.9772 	 Valid Accuracy:  0.6182
Run: [4]	 Epoch: [18]	 Train Loss:  0.038886 	 Train Accuracy:  0.9954 	Valid Loss:  0.9631 	 Valid Accuracy:  0.6364
Run: [4]	 Epoch: [19]	 Train Loss:  0.062495 	 Train Accuracy:  0.9954 	Valid Loss:  0.9521 	 Valid Accuracy:  0.6909
Run: [4]	 Epoch: [20]	 Train Loss:  0.044386 	 Train Accuracy:  0.9954 	Valid Loss:  0.9503 	 Valid Accuracy:  0.6909
Run: [4]	 Epoch: [21]	 Train Loss:  0.046208 	 Train Accuracy:  0.9954 	Valid Loss:  0.9541 	 Valid Accuracy:  0.6727
Run: [4]	 Epoch: [22]	 Train Loss:  0.045478 	 Train Accuracy:  0.9954 	Valid Loss:  0.9560 	 Valid Accuracy:  0.6727
Run: [4]	 Epoch: [23]	 Train Loss:  0.046113 	 Train Accuracy:  0.9954 	Valid Loss:  0.9689 	 Valid Accuracy:  0.7091
Run: [4]	 Epoch: [24]	 Train Loss:  0.041669 	 Train Accuracy:  0.9954 	Valid Loss:  1.0041 	 Valid Accuracy:  0.7091
Run: [4]	 Epoch: [25]	 Train Loss:  0.045257 	 Train Accuracy:  0.9954 	Valid Loss:  1.0652 	 Valid Accuracy:  0.6727
Run: [4]	 Epoch: [26]	 Train Loss:  0.042584 	 Train Accuracy:  0.9954 	Valid Loss:  1.1250 	 Valid Accuracy:  0.6545
Run: [4]	 Epoch: [27]	 Train Loss:  0.037726 	 Train Accuracy:  0.9954 	Valid Loss:  1.1809 	 Valid Accuracy:  0.6545
Run: [4]	 Epoch: [28]	 Train Loss:  0.032479 	 Train Accuracy:  0.9954 	Valid Loss:  1.2290 	 Valid Accuracy:  0.6545
Run: [4]	 Epoch: [29]	 Train Loss:  0.033070 	 Train Accuracy:  0.9954 	Valid Loss:  1.2647 	 Valid Accuracy:  0.6545
Run: [4]	 Epoch: [30]	 Train Loss:  0.040937 	 Train Accuracy:  0.9954 	Valid Loss:  1.2909 	 Valid Accuracy:  0.6545
Run: [4]	 Epoch: [31]	 Train Loss:  0.038435 	 Train Accuracy:  0.9954 	Valid Loss:  1.3069 	 Valid Accuracy:  0.6364
Run: [4]	 Epoch: [32]	 Train Loss:  0.037593 	 Train Accuracy:  0.9954 	Valid Loss:  1.3145 	 Valid Accuracy:  0.6364
Run: [4]	 Epoch: [33]	 Train Loss:  0.036671 	 Train Accuracy:  0.9954 	Valid Loss:  1.3187 	 Valid Accuracy:  0.6545
Run: [4]	 Epoch: [34]	 Train Loss:  0.029125 	 Train Accuracy:  0.9954 	Valid Loss:  1.3148 	 Valid Accuracy:  0.6545
Run: [4]	 Epoch: [35]	 Train Loss:  0.027490 	 Train Accuracy:  0.9954 	Valid Loss:  1.3119 	 Valid Accuracy:  0.6727
Run: [4]	 Epoch: [36]	 Train Loss:  0.034430 	 Train Accuracy:  0.9954 	Valid Loss:  1.3081 	 Valid Accuracy:  0.6727
Run: [4]	 Epoch: [37]	 Train Loss:  0.028400 	 Train Accuracy:  0.9954 	Valid Loss:  1.3011 	 Valid Accuracy:  0.6909
Run: [4]	 Epoch: [38]	 Train Loss:  0.036987 	 Train Accuracy:  0.9954 	Valid Loss:  1.2910 	 Valid Accuracy:  0.7091
Run: [4]	 Epoch: [39]	 Train Loss:  0.023995 	 Train Accuracy:  0.9954 	Valid Loss:  1.2927 	 Valid Accuracy:  0.6909
Run: [4]	 Epoch: [40]	 Train Loss:  0.032638 	 Train Accuracy:  0.9954 	Valid Loss:  1.2977 	 Valid Accuracy:  0.6545
Run: [4]	 Epoch: [41]	 Train Loss:  0.026212 	 Train Accuracy:  1.0000 	Valid Loss:  1.3777 	 Valid Accuracy:  0.6545
Run: [4]	 Epoch: [42]	 Train Loss:  0.014109 	 Train Accuracy:  1.0000 	Valid Loss:  1.4362 	 Valid Accuracy:  0.6727
Run: [4]	 Epoch: [43]	 Train Loss:  0.010050 	 Train Accuracy:  1.0000 	Valid Loss:  1.4560 	 Valid Accuracy:  0.7091
Run: [4]	 Epoch: [44]	 Train Loss:  0.008364 	 Train Accuracy:  1.0000 	Valid Loss:  1.4594 	 Valid Accuracy:  0.6909
Run: [4]	 Epoch: [45]	 Train Loss:  0.007989 	 Train Accuracy:  1.0000 	Valid Loss:  1.4748 	 Valid Accuracy:  0.6909
Run: [4]	 Epoch: [46]	 Train Loss:  0.011018 	 Train Accuracy:  1.0000 	Valid Loss:  1.5188 	 Valid Accuracy:  0.6727
Run: [4]	 Epoch: [47]	 Train Loss:  0.007488 	 Train Accuracy:  1.0000 	Valid Loss:  1.5798 	 Valid Accuracy:  0.6545
Run: [4]	 Epoch: [48]	 Train Loss:  0.007889 	 Train Accuracy:  1.0000 	Valid Loss:  1.6333 	 Valid Accuracy:  0.6727
Run: [4]	 Epoch: [49]	 Train Loss:  0.014060 	 Train Accuracy:  1.0000 	Valid Loss:  1.6860 	 Valid Accuracy:  0.6182
Run: [4]	 Epoch: [50]	 Train Loss:  0.007049 	 Train Accuracy:  1.0000 	Valid Loss:  1.7418 	 Valid Accuracy:  0.6182
Test Accuracy in run 4 is: 0.7205882668495178
Total Train Accuracy after run 4 is: 1.0000
Total Test Accuracy after run 4 is: 0.7353
Best Test Accuracy in 4 runs is: 0.7500
Run: [5]	 Epoch: [1]	 Train Loss:  0.883982 	 Train Accuracy:  0.4608 	Valid Loss:  0.7267 	 Valid Accuracy:  0.4545
Run: [5]	 Epoch: [2]	 Train Loss:  0.782619 	 Train Accuracy:  0.6175 	Valid Loss:  0.7379 	 Valid Accuracy:  0.5818
Run: [5]	 Epoch: [3]	 Train Loss:  0.623345 	 Train Accuracy:  0.8203 	Valid Loss:  0.6476 	 Valid Accuracy:  0.6182
Run: [5]	 Epoch: [4]	 Train Loss:  0.587440 	 Train Accuracy:  0.9171 	Valid Loss:  0.6449 	 Valid Accuracy:  0.7273
Run: [5]	 Epoch: [5]	 Train Loss:  0.509152 	 Train Accuracy:  0.8940 	Valid Loss:  0.6741 	 Valid Accuracy:  0.6000
Run: [5]	 Epoch: [6]	 Train Loss:  0.407718 	 Train Accuracy:  0.9401 	Valid Loss:  0.7574 	 Valid Accuracy:  0.6182
Run: [5]	 Epoch: [7]	 Train Loss:  0.273692 	 Train Accuracy:  0.9862 	Valid Loss:  0.7652 	 Valid Accuracy:  0.6000
Run: [5]	 Epoch: [8]	 Train Loss:  0.176530 	 Train Accuracy:  0.9908 	Valid Loss:  0.9164 	 Valid Accuracy:  0.5636
Run: [5]	 Epoch: [9]	 Train Loss:  0.128808 	 Train Accuracy:  0.9954 	Valid Loss:  1.0633 	 Valid Accuracy:  0.6182
Run: [5]	 Epoch: [10]	 Train Loss:  0.112423 	 Train Accuracy:  0.9954 	Valid Loss:  1.1454 	 Valid Accuracy:  0.6727
Run: [5]	 Epoch: [11]	 Train Loss:  0.085056 	 Train Accuracy:  1.0000 	Valid Loss:  1.1967 	 Valid Accuracy:  0.6545
Run: [5]	 Epoch: [12]	 Train Loss:  0.075294 	 Train Accuracy:  1.0000 	Valid Loss:  1.2482 	 Valid Accuracy:  0.6364
Run: [5]	 Epoch: [13]	 Train Loss:  0.058799 	 Train Accuracy:  1.0000 	Valid Loss:  1.3001 	 Valid Accuracy:  0.6182
Run: [5]	 Epoch: [14]	 Train Loss:  0.048841 	 Train Accuracy:  1.0000 	Valid Loss:  1.3475 	 Valid Accuracy:  0.6364
Run: [5]	 Epoch: [15]	 Train Loss:  0.052098 	 Train Accuracy:  1.0000 	Valid Loss:  1.3831 	 Valid Accuracy:  0.6364
Run: [5]	 Epoch: [16]	 Train Loss:  0.040660 	 Train Accuracy:  1.0000 	Valid Loss:  1.4111 	 Valid Accuracy:  0.6182
Run: [5]	 Epoch: [17]	 Train Loss:  0.044958 	 Train Accuracy:  1.0000 	Valid Loss:  1.4352 	 Valid Accuracy:  0.6182
Run: [5]	 Epoch: [18]	 Train Loss:  0.031764 	 Train Accuracy:  1.0000 	Valid Loss:  1.4605 	 Valid Accuracy:  0.6364
Run: [5]	 Epoch: [19]	 Train Loss:  0.027031 	 Train Accuracy:  1.0000 	Valid Loss:  1.4925 	 Valid Accuracy:  0.6000
Run: [5]	 Epoch: [20]	 Train Loss:  0.028329 	 Train Accuracy:  1.0000 	Valid Loss:  1.5210 	 Valid Accuracy:  0.6000
Run: [5]	 Epoch: [21]	 Train Loss:  0.033009 	 Train Accuracy:  1.0000 	Valid Loss:  1.5481 	 Valid Accuracy:  0.6000
Run: [5]	 Epoch: [22]	 Train Loss:  0.023945 	 Train Accuracy:  1.0000 	Valid Loss:  1.5740 	 Valid Accuracy:  0.5818
Run: [5]	 Epoch: [23]	 Train Loss:  0.017212 	 Train Accuracy:  1.0000 	Valid Loss:  1.5954 	 Valid Accuracy:  0.6182
Run: [5]	 Epoch: [24]	 Train Loss:  0.026682 	 Train Accuracy:  1.0000 	Valid Loss:  1.6172 	 Valid Accuracy:  0.6182
Run: [5]	 Epoch: [25]	 Train Loss:  0.019708 	 Train Accuracy:  1.0000 	Valid Loss:  1.6396 	 Valid Accuracy:  0.6182
Run: [5]	 Epoch: [26]	 Train Loss:  0.016874 	 Train Accuracy:  1.0000 	Valid Loss:  1.6586 	 Valid Accuracy:  0.6182
Run: [5]	 Epoch: [27]	 Train Loss:  0.015887 	 Train Accuracy:  1.0000 	Valid Loss:  1.6747 	 Valid Accuracy:  0.6182
Run: [5]	 Epoch: [28]	 Train Loss:  0.016289 	 Train Accuracy:  1.0000 	Valid Loss:  1.6896 	 Valid Accuracy:  0.6182
Run: [5]	 Epoch: [29]	 Train Loss:  0.013628 	 Train Accuracy:  1.0000 	Valid Loss:  1.7051 	 Valid Accuracy:  0.6182
Run: [5]	 Epoch: [30]	 Train Loss:  0.010930 	 Train Accuracy:  1.0000 	Valid Loss:  1.7188 	 Valid Accuracy:  0.6364
Run: [5]	 Epoch: [31]	 Train Loss:  0.010670 	 Train Accuracy:  1.0000 	Valid Loss:  1.7315 	 Valid Accuracy:  0.6364
Run: [5]	 Epoch: [32]	 Train Loss:  0.014932 	 Train Accuracy:  1.0000 	Valid Loss:  1.7459 	 Valid Accuracy:  0.6364
Run: [5]	 Epoch: [33]	 Train Loss:  0.010898 	 Train Accuracy:  1.0000 	Valid Loss:  1.7576 	 Valid Accuracy:  0.6364
Run: [5]	 Epoch: [34]	 Train Loss:  0.012268 	 Train Accuracy:  1.0000 	Valid Loss:  1.7688 	 Valid Accuracy:  0.6364
Run: [5]	 Epoch: [35]	 Train Loss:  0.010728 	 Train Accuracy:  1.0000 	Valid Loss:  1.7780 	 Valid Accuracy:  0.6364
Run: [5]	 Epoch: [36]	 Train Loss:  0.007600 	 Train Accuracy:  1.0000 	Valid Loss:  1.7876 	 Valid Accuracy:  0.6545
Run: [5]	 Epoch: [37]	 Train Loss:  0.005633 	 Train Accuracy:  1.0000 	Valid Loss:  1.7983 	 Valid Accuracy:  0.6727
Run: [5]	 Epoch: [38]	 Train Loss:  0.011279 	 Train Accuracy:  1.0000 	Valid Loss:  1.8088 	 Valid Accuracy:  0.6727
Run: [5]	 Epoch: [39]	 Train Loss:  0.009257 	 Train Accuracy:  1.0000 	Valid Loss:  1.8186 	 Valid Accuracy:  0.6909
Run: [5]	 Epoch: [40]	 Train Loss:  0.010347 	 Train Accuracy:  1.0000 	Valid Loss:  1.8277 	 Valid Accuracy:  0.6727
Run: [5]	 Epoch: [41]	 Train Loss:  0.005198 	 Train Accuracy:  1.0000 	Valid Loss:  1.8362 	 Valid Accuracy:  0.6727
Run: [5]	 Epoch: [42]	 Train Loss:  0.004439 	 Train Accuracy:  1.0000 	Valid Loss:  1.8451 	 Valid Accuracy:  0.6727
Run: [5]	 Epoch: [43]	 Train Loss:  0.004101 	 Train Accuracy:  1.0000 	Valid Loss:  1.8537 	 Valid Accuracy:  0.6545
Run: [5]	 Epoch: [44]	 Train Loss:  0.007455 	 Train Accuracy:  1.0000 	Valid Loss:  1.8606 	 Valid Accuracy:  0.6727
Run: [5]	 Epoch: [45]	 Train Loss:  0.009361 	 Train Accuracy:  1.0000 	Valid Loss:  1.8656 	 Valid Accuracy:  0.6727
Run: [5]	 Epoch: [46]	 Train Loss:  0.006394 	 Train Accuracy:  1.0000 	Valid Loss:  1.8694 	 Valid Accuracy:  0.6727
Run: [5]	 Epoch: [47]	 Train Loss:  0.006959 	 Train Accuracy:  1.0000 	Valid Loss:  1.8732 	 Valid Accuracy:  0.6727
Run: [5]	 Epoch: [48]	 Train Loss:  0.004411 	 Train Accuracy:  1.0000 	Valid Loss:  1.8761 	 Valid Accuracy:  0.6727
Run: [5]	 Epoch: [49]	 Train Loss:  0.004967 	 Train Accuracy:  1.0000 	Valid Loss:  1.8779 	 Valid Accuracy:  0.6727
Run: [5]	 Epoch: [50]	 Train Loss:  0.003823 	 Train Accuracy:  1.0000 	Valid Loss:  1.8802 	 Valid Accuracy:  0.6545
Test Accuracy in run 5 is: 0.7058823704719543
Total Train Accuracy after run 5 is: 1.0000
Total Test Accuracy after run 5 is: 0.7294
Best Test Accuracy in 5 runs is: 0.7500
Run: [6]	 Epoch: [1]	 Train Loss:  0.757883 	 Train Accuracy:  0.6544 	Valid Loss:  0.6835 	 Valid Accuracy:  0.5273
Run: [6]	 Epoch: [2]	 Train Loss:  0.601167 	 Train Accuracy:  0.8618 	Valid Loss:  0.6398 	 Valid Accuracy:  0.6545
Run: [6]	 Epoch: [3]	 Train Loss:  0.410028 	 Train Accuracy:  0.9493 	Valid Loss:  0.8387 	 Valid Accuracy:  0.5636
Run: [6]	 Epoch: [4]	 Train Loss:  0.249783 	 Train Accuracy:  0.9124 	Valid Loss:  1.2838 	 Valid Accuracy:  0.5636
Run: [6]	 Epoch: [5]	 Train Loss:  0.260716 	 Train Accuracy:  0.9954 	Valid Loss:  1.0732 	 Valid Accuracy:  0.5455
Run: [6]	 Epoch: [6]	 Train Loss:  0.082040 	 Train Accuracy:  0.9954 	Valid Loss:  1.0497 	 Valid Accuracy:  0.5636
Run: [6]	 Epoch: [7]	 Train Loss:  0.079690 	 Train Accuracy:  0.9954 	Valid Loss:  1.0754 	 Valid Accuracy:  0.5636
Run: [6]	 Epoch: [8]	 Train Loss:  0.076928 	 Train Accuracy:  1.0000 	Valid Loss:  1.1261 	 Valid Accuracy:  0.5636
Run: [6]	 Epoch: [9]	 Train Loss:  0.056764 	 Train Accuracy:  1.0000 	Valid Loss:  1.1820 	 Valid Accuracy:  0.5455
Run: [6]	 Epoch: [10]	 Train Loss:  0.057727 	 Train Accuracy:  1.0000 	Valid Loss:  1.2405 	 Valid Accuracy:  0.5818
Run: [6]	 Epoch: [11]	 Train Loss:  0.045179 	 Train Accuracy:  1.0000 	Valid Loss:  1.2952 	 Valid Accuracy:  0.5636
Run: [6]	 Epoch: [12]	 Train Loss:  0.041269 	 Train Accuracy:  1.0000 	Valid Loss:  1.3405 	 Valid Accuracy:  0.5455
Run: [6]	 Epoch: [13]	 Train Loss:  0.034579 	 Train Accuracy:  1.0000 	Valid Loss:  1.3858 	 Valid Accuracy:  0.5636
Run: [6]	 Epoch: [14]	 Train Loss:  0.042168 	 Train Accuracy:  1.0000 	Valid Loss:  1.4319 	 Valid Accuracy:  0.5818
Run: [6]	 Epoch: [15]	 Train Loss:  0.034252 	 Train Accuracy:  1.0000 	Valid Loss:  1.4781 	 Valid Accuracy:  0.5818
Run: [6]	 Epoch: [16]	 Train Loss:  0.021254 	 Train Accuracy:  1.0000 	Valid Loss:  1.5235 	 Valid Accuracy:  0.5818
Run: [6]	 Epoch: [17]	 Train Loss:  0.022856 	 Train Accuracy:  1.0000 	Valid Loss:  1.5644 	 Valid Accuracy:  0.5818
Run: [6]	 Epoch: [18]	 Train Loss:  0.026045 	 Train Accuracy:  1.0000 	Valid Loss:  1.6005 	 Valid Accuracy:  0.5818
Run: [6]	 Epoch: [19]	 Train Loss:  0.021322 	 Train Accuracy:  1.0000 	Valid Loss:  1.6315 	 Valid Accuracy:  0.6000
Run: [6]	 Epoch: [20]	 Train Loss:  0.021582 	 Train Accuracy:  1.0000 	Valid Loss:  1.6585 	 Valid Accuracy:  0.6000
Run: [6]	 Epoch: [21]	 Train Loss:  0.013657 	 Train Accuracy:  1.0000 	Valid Loss:  1.6841 	 Valid Accuracy:  0.6000
Run: [6]	 Epoch: [22]	 Train Loss:  0.012593 	 Train Accuracy:  1.0000 	Valid Loss:  1.7085 	 Valid Accuracy:  0.6000
Run: [6]	 Epoch: [23]	 Train Loss:  0.015238 	 Train Accuracy:  1.0000 	Valid Loss:  1.7292 	 Valid Accuracy:  0.6182
Run: [6]	 Epoch: [24]	 Train Loss:  0.014997 	 Train Accuracy:  1.0000 	Valid Loss:  1.7490 	 Valid Accuracy:  0.6182
Run: [6]	 Epoch: [25]	 Train Loss:  0.011997 	 Train Accuracy:  1.0000 	Valid Loss:  1.7660 	 Valid Accuracy:  0.6000
Run: [6]	 Epoch: [26]	 Train Loss:  0.013487 	 Train Accuracy:  1.0000 	Valid Loss:  1.7789 	 Valid Accuracy:  0.6182
Run: [6]	 Epoch: [27]	 Train Loss:  0.011844 	 Train Accuracy:  1.0000 	Valid Loss:  1.7894 	 Valid Accuracy:  0.6182
Run: [6]	 Epoch: [28]	 Train Loss:  0.010844 	 Train Accuracy:  1.0000 	Valid Loss:  1.7953 	 Valid Accuracy:  0.6182
Run: [6]	 Epoch: [29]	 Train Loss:  0.011510 	 Train Accuracy:  1.0000 	Valid Loss:  1.7974 	 Valid Accuracy:  0.6182
Run: [6]	 Epoch: [30]	 Train Loss:  0.006257 	 Train Accuracy:  1.0000 	Valid Loss:  1.7960 	 Valid Accuracy:  0.6182
Run: [6]	 Epoch: [31]	 Train Loss:  0.009370 	 Train Accuracy:  1.0000 	Valid Loss:  1.7843 	 Valid Accuracy:  0.6182
Run: [6]	 Epoch: [32]	 Train Loss:  0.007806 	 Train Accuracy:  1.0000 	Valid Loss:  1.7666 	 Valid Accuracy:  0.6364
Run: [6]	 Epoch: [33]	 Train Loss:  0.006398 	 Train Accuracy:  1.0000 	Valid Loss:  1.7465 	 Valid Accuracy:  0.6364
Run: [6]	 Epoch: [34]	 Train Loss:  0.007328 	 Train Accuracy:  1.0000 	Valid Loss:  1.7291 	 Valid Accuracy:  0.6364
Run: [6]	 Epoch: [35]	 Train Loss:  0.005631 	 Train Accuracy:  1.0000 	Valid Loss:  1.7186 	 Valid Accuracy:  0.6727
Run: [6]	 Epoch: [36]	 Train Loss:  0.005620 	 Train Accuracy:  1.0000 	Valid Loss:  1.7140 	 Valid Accuracy:  0.6727
Run: [6]	 Epoch: [37]	 Train Loss:  0.006207 	 Train Accuracy:  1.0000 	Valid Loss:  1.7130 	 Valid Accuracy:  0.6727
Run: [6]	 Epoch: [38]	 Train Loss:  0.004127 	 Train Accuracy:  1.0000 	Valid Loss:  1.7140 	 Valid Accuracy:  0.6727
Run: [6]	 Epoch: [39]	 Train Loss:  0.004813 	 Train Accuracy:  1.0000 	Valid Loss:  1.7171 	 Valid Accuracy:  0.6727
Run: [6]	 Epoch: [40]	 Train Loss:  0.004217 	 Train Accuracy:  1.0000 	Valid Loss:  1.7207 	 Valid Accuracy:  0.6727
Run: [6]	 Epoch: [41]	 Train Loss:  0.005898 	 Train Accuracy:  1.0000 	Valid Loss:  1.7269 	 Valid Accuracy:  0.6909
Run: [6]	 Epoch: [42]	 Train Loss:  0.003114 	 Train Accuracy:  1.0000 	Valid Loss:  1.7356 	 Valid Accuracy:  0.6909
Run: [6]	 Epoch: [43]	 Train Loss:  0.005651 	 Train Accuracy:  1.0000 	Valid Loss:  1.7471 	 Valid Accuracy:  0.6909
Run: [6]	 Epoch: [44]	 Train Loss:  0.005129 	 Train Accuracy:  1.0000 	Valid Loss:  1.7629 	 Valid Accuracy:  0.6909
Run: [6]	 Epoch: [45]	 Train Loss:  0.003882 	 Train Accuracy:  1.0000 	Valid Loss:  1.7847 	 Valid Accuracy:  0.6727
Run: [6]	 Epoch: [46]	 Train Loss:  0.003695 	 Train Accuracy:  1.0000 	Valid Loss:  1.8108 	 Valid Accuracy:  0.6727
Run: [6]	 Epoch: [47]	 Train Loss:  0.002316 	 Train Accuracy:  1.0000 	Valid Loss:  1.8403 	 Valid Accuracy:  0.6727
Run: [6]	 Epoch: [48]	 Train Loss:  0.002102 	 Train Accuracy:  1.0000 	Valid Loss:  1.8711 	 Valid Accuracy:  0.6727
Run: [6]	 Epoch: [49]	 Train Loss:  0.003461 	 Train Accuracy:  1.0000 	Valid Loss:  1.9026 	 Valid Accuracy:  0.6727
Run: [6]	 Epoch: [50]	 Train Loss:  0.002142 	 Train Accuracy:  1.0000 	Valid Loss:  1.9333 	 Valid Accuracy:  0.6727
Test Accuracy in run 6 is: 0.7058823704719543
Total Train Accuracy after run 6 is: 1.0000
Total Test Accuracy after run 6 is: 0.7255
Best Test Accuracy in 6 runs is: 0.7500
Run: [7]	 Epoch: [1]	 Train Loss:  0.897852 	 Train Accuracy:  0.6129 	Valid Loss:  0.7658 	 Valid Accuracy:  0.5818
Run: [7]	 Epoch: [2]	 Train Loss:  0.678771 	 Train Accuracy:  0.4654 	Valid Loss:  0.7833 	 Valid Accuracy:  0.4182
Run: [7]	 Epoch: [3]	 Train Loss:  0.717585 	 Train Accuracy:  0.6498 	Valid Loss:  0.7062 	 Valid Accuracy:  0.5818
Run: [7]	 Epoch: [4]	 Train Loss:  0.584214 	 Train Accuracy:  0.6544 	Valid Loss:  0.7035 	 Valid Accuracy:  0.5818
Run: [7]	 Epoch: [5]	 Train Loss:  0.560316 	 Train Accuracy:  0.7419 	Valid Loss:  0.6924 	 Valid Accuracy:  0.5818
Run: [7]	 Epoch: [6]	 Train Loss:  0.496647 	 Train Accuracy:  0.9724 	Valid Loss:  0.6961 	 Valid Accuracy:  0.5636
Run: [7]	 Epoch: [7]	 Train Loss:  0.415809 	 Train Accuracy:  0.9908 	Valid Loss:  0.7173 	 Valid Accuracy:  0.4727
Run: [7]	 Epoch: [8]	 Train Loss:  0.314074 	 Train Accuracy:  0.9908 	Valid Loss:  0.7094 	 Valid Accuracy:  0.5636
Run: [7]	 Epoch: [9]	 Train Loss:  0.201587 	 Train Accuracy:  1.0000 	Valid Loss:  0.7164 	 Valid Accuracy:  0.6364
Run: [7]	 Epoch: [10]	 Train Loss:  0.172558 	 Train Accuracy:  1.0000 	Valid Loss:  0.7522 	 Valid Accuracy:  0.6545
Run: [7]	 Epoch: [11]	 Train Loss:  0.146351 	 Train Accuracy:  1.0000 	Valid Loss:  0.7857 	 Valid Accuracy:  0.6182
Run: [7]	 Epoch: [12]	 Train Loss:  0.123591 	 Train Accuracy:  1.0000 	Valid Loss:  0.8254 	 Valid Accuracy:  0.6000
Run: [7]	 Epoch: [13]	 Train Loss:  0.098385 	 Train Accuracy:  1.0000 	Valid Loss:  0.8700 	 Valid Accuracy:  0.5818
Run: [7]	 Epoch: [14]	 Train Loss:  0.091164 	 Train Accuracy:  1.0000 	Valid Loss:  0.9169 	 Valid Accuracy:  0.5273
Run: [7]	 Epoch: [15]	 Train Loss:  0.078035 	 Train Accuracy:  1.0000 	Valid Loss:  0.9633 	 Valid Accuracy:  0.5455
Run: [7]	 Epoch: [16]	 Train Loss:  0.068509 	 Train Accuracy:  1.0000 	Valid Loss:  1.0035 	 Valid Accuracy:  0.5636
Run: [7]	 Epoch: [17]	 Train Loss:  0.063743 	 Train Accuracy:  1.0000 	Valid Loss:  1.0442 	 Valid Accuracy:  0.5636
Run: [7]	 Epoch: [18]	 Train Loss:  0.056067 	 Train Accuracy:  1.0000 	Valid Loss:  1.0829 	 Valid Accuracy:  0.5455
Run: [7]	 Epoch: [19]	 Train Loss:  0.053983 	 Train Accuracy:  1.0000 	Valid Loss:  1.1217 	 Valid Accuracy:  0.5636
Run: [7]	 Epoch: [20]	 Train Loss:  0.051654 	 Train Accuracy:  1.0000 	Valid Loss:  1.1693 	 Valid Accuracy:  0.6182
Run: [7]	 Epoch: [21]	 Train Loss:  0.046640 	 Train Accuracy:  1.0000 	Valid Loss:  1.2238 	 Valid Accuracy:  0.6000
Run: [7]	 Epoch: [22]	 Train Loss:  0.039188 	 Train Accuracy:  1.0000 	Valid Loss:  1.2816 	 Valid Accuracy:  0.6000
Run: [7]	 Epoch: [23]	 Train Loss:  0.038809 	 Train Accuracy:  1.0000 	Valid Loss:  1.3363 	 Valid Accuracy:  0.5818
Run: [7]	 Epoch: [24]	 Train Loss:  0.030545 	 Train Accuracy:  1.0000 	Valid Loss:  1.3890 	 Valid Accuracy:  0.5818
Run: [7]	 Epoch: [25]	 Train Loss:  0.030643 	 Train Accuracy:  1.0000 	Valid Loss:  1.4425 	 Valid Accuracy:  0.5818
Run: [7]	 Epoch: [26]	 Train Loss:  0.023465 	 Train Accuracy:  1.0000 	Valid Loss:  1.4935 	 Valid Accuracy:  0.5636
Run: [7]	 Epoch: [27]	 Train Loss:  0.021300 	 Train Accuracy:  1.0000 	Valid Loss:  1.5435 	 Valid Accuracy:  0.5636
Run: [7]	 Epoch: [28]	 Train Loss:  0.026177 	 Train Accuracy:  1.0000 	Valid Loss:  1.5932 	 Valid Accuracy:  0.5818
Run: [7]	 Epoch: [29]	 Train Loss:  0.025804 	 Train Accuracy:  1.0000 	Valid Loss:  1.6420 	 Valid Accuracy:  0.5818
Run: [7]	 Epoch: [30]	 Train Loss:  0.022178 	 Train Accuracy:  1.0000 	Valid Loss:  1.6844 	 Valid Accuracy:  0.5818
Run: [7]	 Epoch: [31]	 Train Loss:  0.020123 	 Train Accuracy:  1.0000 	Valid Loss:  1.7258 	 Valid Accuracy:  0.5818
Run: [7]	 Epoch: [32]	 Train Loss:  0.018341 	 Train Accuracy:  1.0000 	Valid Loss:  1.7636 	 Valid Accuracy:  0.5818
Run: [7]	 Epoch: [33]	 Train Loss:  0.014648 	 Train Accuracy:  1.0000 	Valid Loss:  1.7987 	 Valid Accuracy:  0.5818
Run: [7]	 Epoch: [34]	 Train Loss:  0.013478 	 Train Accuracy:  1.0000 	Valid Loss:  1.8311 	 Valid Accuracy:  0.5818
Run: [7]	 Epoch: [35]	 Train Loss:  0.010923 	 Train Accuracy:  1.0000 	Valid Loss:  1.8639 	 Valid Accuracy:  0.5818
Run: [7]	 Epoch: [36]	 Train Loss:  0.020663 	 Train Accuracy:  1.0000 	Valid Loss:  1.8982 	 Valid Accuracy:  0.5818
Run: [7]	 Epoch: [37]	 Train Loss:  0.011477 	 Train Accuracy:  1.0000 	Valid Loss:  1.9316 	 Valid Accuracy:  0.5818
Run: [7]	 Epoch: [38]	 Train Loss:  0.012218 	 Train Accuracy:  1.0000 	Valid Loss:  1.9629 	 Valid Accuracy:  0.5818
Run: [7]	 Epoch: [39]	 Train Loss:  0.013374 	 Train Accuracy:  1.0000 	Valid Loss:  1.9926 	 Valid Accuracy:  0.5818
Run: [7]	 Epoch: [40]	 Train Loss:  0.008668 	 Train Accuracy:  1.0000 	Valid Loss:  2.0206 	 Valid Accuracy:  0.5818
Run: [7]	 Epoch: [41]	 Train Loss:  0.006883 	 Train Accuracy:  1.0000 	Valid Loss:  2.0457 	 Valid Accuracy:  0.5818
Run: [7]	 Epoch: [42]	 Train Loss:  0.011211 	 Train Accuracy:  1.0000 	Valid Loss:  2.0688 	 Valid Accuracy:  0.5818
Run: [7]	 Epoch: [43]	 Train Loss:  0.010667 	 Train Accuracy:  1.0000 	Valid Loss:  2.0896 	 Valid Accuracy:  0.5818
Run: [7]	 Epoch: [44]	 Train Loss:  0.012878 	 Train Accuracy:  1.0000 	Valid Loss:  2.1071 	 Valid Accuracy:  0.5818
Run: [7]	 Epoch: [45]	 Train Loss:  0.010853 	 Train Accuracy:  1.0000 	Valid Loss:  2.1224 	 Valid Accuracy:  0.5818
Run: [7]	 Epoch: [46]	 Train Loss:  0.007036 	 Train Accuracy:  1.0000 	Valid Loss:  2.1370 	 Valid Accuracy:  0.5818
Run: [7]	 Epoch: [47]	 Train Loss:  0.009135 	 Train Accuracy:  1.0000 	Valid Loss:  2.1466 	 Valid Accuracy:  0.5818
Run: [7]	 Epoch: [48]	 Train Loss:  0.006201 	 Train Accuracy:  1.0000 	Valid Loss:  2.1537 	 Valid Accuracy:  0.5818
Run: [7]	 Epoch: [49]	 Train Loss:  0.012142 	 Train Accuracy:  1.0000 	Valid Loss:  2.1565 	 Valid Accuracy:  0.5818
Run: [7]	 Epoch: [50]	 Train Loss:  0.006317 	 Train Accuracy:  1.0000 	Valid Loss:  2.1526 	 Valid Accuracy:  0.5818
Test Accuracy in run 7 is: 0.7058823704719543
Total Train Accuracy after run 7 is: 1.0000
Total Test Accuracy after run 7 is: 0.7227
Best Test Accuracy in 7 runs is: 0.7500
Run: [8]	 Epoch: [1]	 Train Loss:  0.800101 	 Train Accuracy:  0.5991 	Valid Loss:  0.7112 	 Valid Accuracy:  0.5273
Run: [8]	 Epoch: [2]	 Train Loss:  0.675820 	 Train Accuracy:  0.6175 	Valid Loss:  0.7238 	 Valid Accuracy:  0.5818
Run: [8]	 Epoch: [3]	 Train Loss:  0.639568 	 Train Accuracy:  0.7465 	Valid Loss:  0.6532 	 Valid Accuracy:  0.5818
Run: [8]	 Epoch: [4]	 Train Loss:  0.519910 	 Train Accuracy:  0.7650 	Valid Loss:  0.7489 	 Valid Accuracy:  0.4727
Run: [8]	 Epoch: [5]	 Train Loss:  0.515207 	 Train Accuracy:  0.9493 	Valid Loss:  0.6213 	 Valid Accuracy:  0.6909
Run: [8]	 Epoch: [6]	 Train Loss:  0.300466 	 Train Accuracy:  0.9447 	Valid Loss:  0.6581 	 Valid Accuracy:  0.6727
Run: [8]	 Epoch: [7]	 Train Loss:  0.237943 	 Train Accuracy:  1.0000 	Valid Loss:  0.6666 	 Valid Accuracy:  0.6909
Run: [8]	 Epoch: [8]	 Train Loss:  0.152030 	 Train Accuracy:  1.0000 	Valid Loss:  0.7484 	 Valid Accuracy:  0.6182
Run: [8]	 Epoch: [9]	 Train Loss:  0.121899 	 Train Accuracy:  1.0000 	Valid Loss:  0.8842 	 Valid Accuracy:  0.6000
Run: [8]	 Epoch: [10]	 Train Loss:  0.099167 	 Train Accuracy:  1.0000 	Valid Loss:  0.9731 	 Valid Accuracy:  0.6182
Run: [8]	 Epoch: [11]	 Train Loss:  0.080133 	 Train Accuracy:  1.0000 	Valid Loss:  1.0383 	 Valid Accuracy:  0.6000
Run: [8]	 Epoch: [12]	 Train Loss:  0.071428 	 Train Accuracy:  1.0000 	Valid Loss:  1.0954 	 Valid Accuracy:  0.5636
Run: [8]	 Epoch: [13]	 Train Loss:  0.057510 	 Train Accuracy:  1.0000 	Valid Loss:  1.1528 	 Valid Accuracy:  0.5455
Run: [8]	 Epoch: [14]	 Train Loss:  0.053091 	 Train Accuracy:  1.0000 	Valid Loss:  1.2135 	 Valid Accuracy:  0.5455
Run: [8]	 Epoch: [15]	 Train Loss:  0.054604 	 Train Accuracy:  1.0000 	Valid Loss:  1.2815 	 Valid Accuracy:  0.5455
Run: [8]	 Epoch: [16]	 Train Loss:  0.049761 	 Train Accuracy:  1.0000 	Valid Loss:  1.3533 	 Valid Accuracy:  0.5273
Run: [8]	 Epoch: [17]	 Train Loss:  0.037511 	 Train Accuracy:  1.0000 	Valid Loss:  1.4187 	 Valid Accuracy:  0.5273
Run: [8]	 Epoch: [18]	 Train Loss:  0.036468 	 Train Accuracy:  1.0000 	Valid Loss:  1.4754 	 Valid Accuracy:  0.5273
Run: [8]	 Epoch: [19]	 Train Loss:  0.028673 	 Train Accuracy:  1.0000 	Valid Loss:  1.5246 	 Valid Accuracy:  0.5273
Run: [8]	 Epoch: [20]	 Train Loss:  0.027645 	 Train Accuracy:  1.0000 	Valid Loss:  1.5732 	 Valid Accuracy:  0.5273
Run: [8]	 Epoch: [21]	 Train Loss:  0.029013 	 Train Accuracy:  1.0000 	Valid Loss:  1.6268 	 Valid Accuracy:  0.5273
Run: [8]	 Epoch: [22]	 Train Loss:  0.025674 	 Train Accuracy:  1.0000 	Valid Loss:  1.6822 	 Valid Accuracy:  0.5273
Run: [8]	 Epoch: [23]	 Train Loss:  0.023183 	 Train Accuracy:  1.0000 	Valid Loss:  1.7385 	 Valid Accuracy:  0.5273
Run: [8]	 Epoch: [24]	 Train Loss:  0.020561 	 Train Accuracy:  1.0000 	Valid Loss:  1.7962 	 Valid Accuracy:  0.5273
Run: [8]	 Epoch: [25]	 Train Loss:  0.018833 	 Train Accuracy:  1.0000 	Valid Loss:  1.8531 	 Valid Accuracy:  0.5273
Run: [8]	 Epoch: [26]	 Train Loss:  0.014028 	 Train Accuracy:  1.0000 	Valid Loss:  1.9100 	 Valid Accuracy:  0.5273
Run: [8]	 Epoch: [27]	 Train Loss:  0.017511 	 Train Accuracy:  1.0000 	Valid Loss:  1.9658 	 Valid Accuracy:  0.5273
Run: [8]	 Epoch: [28]	 Train Loss:  0.016785 	 Train Accuracy:  1.0000 	Valid Loss:  2.0185 	 Valid Accuracy:  0.5455
Run: [8]	 Epoch: [29]	 Train Loss:  0.012572 	 Train Accuracy:  1.0000 	Valid Loss:  2.0666 	 Valid Accuracy:  0.5455
Run: [8]	 Epoch: [30]	 Train Loss:  0.012645 	 Train Accuracy:  1.0000 	Valid Loss:  2.1101 	 Valid Accuracy:  0.5455
Run: [8]	 Epoch: [31]	 Train Loss:  0.010371 	 Train Accuracy:  1.0000 	Valid Loss:  2.1524 	 Valid Accuracy:  0.5455
Run: [8]	 Epoch: [32]	 Train Loss:  0.012636 	 Train Accuracy:  1.0000 	Valid Loss:  2.1913 	 Valid Accuracy:  0.5455
Run: [8]	 Epoch: [33]	 Train Loss:  0.009673 	 Train Accuracy:  1.0000 	Valid Loss:  2.2267 	 Valid Accuracy:  0.5455
Run: [8]	 Epoch: [34]	 Train Loss:  0.010211 	 Train Accuracy:  1.0000 	Valid Loss:  2.2570 	 Valid Accuracy:  0.5455
Run: [8]	 Epoch: [35]	 Train Loss:  0.007976 	 Train Accuracy:  1.0000 	Valid Loss:  2.2786 	 Valid Accuracy:  0.5455
Run: [8]	 Epoch: [36]	 Train Loss:  0.008421 	 Train Accuracy:  1.0000 	Valid Loss:  2.2877 	 Valid Accuracy:  0.5455
Run: [8]	 Epoch: [37]	 Train Loss:  0.008240 	 Train Accuracy:  1.0000 	Valid Loss:  2.2855 	 Valid Accuracy:  0.5636
Run: [8]	 Epoch: [38]	 Train Loss:  0.007136 	 Train Accuracy:  1.0000 	Valid Loss:  2.2772 	 Valid Accuracy:  0.5636
Run: [8]	 Epoch: [39]	 Train Loss:  0.005941 	 Train Accuracy:  1.0000 	Valid Loss:  2.2628 	 Valid Accuracy:  0.5636
Run: [8]	 Epoch: [40]	 Train Loss:  0.006744 	 Train Accuracy:  1.0000 	Valid Loss:  2.2486 	 Valid Accuracy:  0.5818
Run: [8]	 Epoch: [41]	 Train Loss:  0.007611 	 Train Accuracy:  1.0000 	Valid Loss:  2.2396 	 Valid Accuracy:  0.5818
Run: [8]	 Epoch: [42]	 Train Loss:  0.007115 	 Train Accuracy:  1.0000 	Valid Loss:  2.2340 	 Valid Accuracy:  0.5818
Run: [8]	 Epoch: [43]	 Train Loss:  0.004480 	 Train Accuracy:  1.0000 	Valid Loss:  2.2314 	 Valid Accuracy:  0.5818
Run: [8]	 Epoch: [44]	 Train Loss:  0.002951 	 Train Accuracy:  1.0000 	Valid Loss:  2.2300 	 Valid Accuracy:  0.5818
Run: [8]	 Epoch: [45]	 Train Loss:  0.004568 	 Train Accuracy:  1.0000 	Valid Loss:  2.2298 	 Valid Accuracy:  0.5818
Run: [8]	 Epoch: [46]	 Train Loss:  0.005802 	 Train Accuracy:  1.0000 	Valid Loss:  2.2320 	 Valid Accuracy:  0.5818
Run: [8]	 Epoch: [47]	 Train Loss:  0.004241 	 Train Accuracy:  1.0000 	Valid Loss:  2.2354 	 Valid Accuracy:  0.5636
Run: [8]	 Epoch: [48]	 Train Loss:  0.006057 	 Train Accuracy:  1.0000 	Valid Loss:  2.2369 	 Valid Accuracy:  0.5818
Run: [8]	 Epoch: [49]	 Train Loss:  0.007424 	 Train Accuracy:  1.0000 	Valid Loss:  2.2153 	 Valid Accuracy:  0.5818
Run: [8]	 Epoch: [50]	 Train Loss:  0.003478 	 Train Accuracy:  1.0000 	Valid Loss:  2.1937 	 Valid Accuracy:  0.5636
Test Accuracy in run 8 is: 0.6911764740943909
Total Train Accuracy after run 8 is: 1.0000
Total Test Accuracy after run 8 is: 0.7188
Best Test Accuracy in 8 runs is: 0.7500
Run: [9]	 Epoch: [1]	 Train Loss:  1.045146 	 Train Accuracy:  0.4700 	Valid Loss:  0.7347 	 Valid Accuracy:  0.4727
Run: [9]	 Epoch: [2]	 Train Loss:  0.730573 	 Train Accuracy:  0.6175 	Valid Loss:  0.7122 	 Valid Accuracy:  0.5818
Run: [9]	 Epoch: [3]	 Train Loss:  0.653033 	 Train Accuracy:  0.6175 	Valid Loss:  0.6871 	 Valid Accuracy:  0.5818
Run: [9]	 Epoch: [4]	 Train Loss:  0.621580 	 Train Accuracy:  0.6359 	Valid Loss:  0.6824 	 Valid Accuracy:  0.5818
Run: [9]	 Epoch: [5]	 Train Loss:  0.614346 	 Train Accuracy:  0.7005 	Valid Loss:  0.6795 	 Valid Accuracy:  0.5818
Run: [9]	 Epoch: [6]	 Train Loss:  0.567756 	 Train Accuracy:  0.8018 	Valid Loss:  0.6800 	 Valid Accuracy:  0.6000
Run: [9]	 Epoch: [7]	 Train Loss:  0.523172 	 Train Accuracy:  0.9493 	Valid Loss:  0.6949 	 Valid Accuracy:  0.5455
Run: [9]	 Epoch: [8]	 Train Loss:  0.428400 	 Train Accuracy:  0.9631 	Valid Loss:  0.7556 	 Valid Accuracy:  0.4909
Run: [9]	 Epoch: [9]	 Train Loss:  0.356662 	 Train Accuracy:  0.9816 	Valid Loss:  0.8654 	 Valid Accuracy:  0.5091
Run: [9]	 Epoch: [10]	 Train Loss:  0.209333 	 Train Accuracy:  0.9862 	Valid Loss:  1.0241 	 Valid Accuracy:  0.4545
Run: [9]	 Epoch: [11]	 Train Loss:  0.145479 	 Train Accuracy:  0.9908 	Valid Loss:  1.1579 	 Valid Accuracy:  0.4727
Run: [9]	 Epoch: [12]	 Train Loss:  0.105205 	 Train Accuracy:  0.9954 	Valid Loss:  1.2253 	 Valid Accuracy:  0.4545
Run: [9]	 Epoch: [13]	 Train Loss:  0.095685 	 Train Accuracy:  1.0000 	Valid Loss:  1.2418 	 Valid Accuracy:  0.4727
Run: [9]	 Epoch: [14]	 Train Loss:  0.081191 	 Train Accuracy:  1.0000 	Valid Loss:  1.2628 	 Valid Accuracy:  0.5273
Run: [9]	 Epoch: [15]	 Train Loss:  0.072964 	 Train Accuracy:  1.0000 	Valid Loss:  1.3195 	 Valid Accuracy:  0.5273
Run: [9]	 Epoch: [16]	 Train Loss:  0.061014 	 Train Accuracy:  1.0000 	Valid Loss:  1.3775 	 Valid Accuracy:  0.5455
Run: [9]	 Epoch: [17]	 Train Loss:  0.065713 	 Train Accuracy:  1.0000 	Valid Loss:  1.4305 	 Valid Accuracy:  0.5273
Run: [9]	 Epoch: [18]	 Train Loss:  0.048912 	 Train Accuracy:  1.0000 	Valid Loss:  1.5184 	 Valid Accuracy:  0.4909
Run: [9]	 Epoch: [19]	 Train Loss:  0.051408 	 Train Accuracy:  1.0000 	Valid Loss:  1.6167 	 Valid Accuracy:  0.4727
Run: [9]	 Epoch: [20]	 Train Loss:  0.039413 	 Train Accuracy:  1.0000 	Valid Loss:  1.7089 	 Valid Accuracy:  0.4727
Run: [9]	 Epoch: [21]	 Train Loss:  0.031826 	 Train Accuracy:  1.0000 	Valid Loss:  1.7899 	 Valid Accuracy:  0.4727
Run: [9]	 Epoch: [22]	 Train Loss:  0.033853 	 Train Accuracy:  1.0000 	Valid Loss:  1.8614 	 Valid Accuracy:  0.4727
Run: [9]	 Epoch: [23]	 Train Loss:  0.029801 	 Train Accuracy:  1.0000 	Valid Loss:  1.9224 	 Valid Accuracy:  0.4727
Run: [9]	 Epoch: [24]	 Train Loss:  0.035983 	 Train Accuracy:  1.0000 	Valid Loss:  1.9721 	 Valid Accuracy:  0.5091
Run: [9]	 Epoch: [25]	 Train Loss:  0.033890 	 Train Accuracy:  1.0000 	Valid Loss:  2.0166 	 Valid Accuracy:  0.5091
Run: [9]	 Epoch: [26]	 Train Loss:  0.031347 	 Train Accuracy:  1.0000 	Valid Loss:  2.0544 	 Valid Accuracy:  0.5091
Run: [9]	 Epoch: [27]	 Train Loss:  0.027763 	 Train Accuracy:  1.0000 	Valid Loss:  2.0833 	 Valid Accuracy:  0.4909
Run: [9]	 Epoch: [28]	 Train Loss:  0.018287 	 Train Accuracy:  1.0000 	Valid Loss:  2.1032 	 Valid Accuracy:  0.4909
Run: [9]	 Epoch: [29]	 Train Loss:  0.023622 	 Train Accuracy:  1.0000 	Valid Loss:  2.0907 	 Valid Accuracy:  0.5091
Run: [9]	 Epoch: [30]	 Train Loss:  0.017681 	 Train Accuracy:  1.0000 	Valid Loss:  2.0742 	 Valid Accuracy:  0.5273
Run: [9]	 Epoch: [31]	 Train Loss:  0.018790 	 Train Accuracy:  1.0000 	Valid Loss:  2.0699 	 Valid Accuracy:  0.5455
Run: [9]	 Epoch: [32]	 Train Loss:  0.017009 	 Train Accuracy:  1.0000 	Valid Loss:  2.0812 	 Valid Accuracy:  0.5636
Run: [9]	 Epoch: [33]	 Train Loss:  0.015306 	 Train Accuracy:  1.0000 	Valid Loss:  2.1024 	 Valid Accuracy:  0.5636
Run: [9]	 Epoch: [34]	 Train Loss:  0.016167 	 Train Accuracy:  1.0000 	Valid Loss:  2.1268 	 Valid Accuracy:  0.5455
Run: [9]	 Epoch: [35]	 Train Loss:  0.014232 	 Train Accuracy:  1.0000 	Valid Loss:  2.1549 	 Valid Accuracy:  0.5455
Run: [9]	 Epoch: [36]	 Train Loss:  0.014460 	 Train Accuracy:  1.0000 	Valid Loss:  2.1858 	 Valid Accuracy:  0.5455
Run: [9]	 Epoch: [37]	 Train Loss:  0.013232 	 Train Accuracy:  1.0000 	Valid Loss:  2.2173 	 Valid Accuracy:  0.5455
Run: [9]	 Epoch: [38]	 Train Loss:  0.010981 	 Train Accuracy:  1.0000 	Valid Loss:  2.2506 	 Valid Accuracy:  0.5455
Run: [9]	 Epoch: [39]	 Train Loss:  0.006349 	 Train Accuracy:  1.0000 	Valid Loss:  2.2807 	 Valid Accuracy:  0.5455
Run: [9]	 Epoch: [40]	 Train Loss:  0.011401 	 Train Accuracy:  1.0000 	Valid Loss:  2.3081 	 Valid Accuracy:  0.5273
Run: [9]	 Epoch: [41]	 Train Loss:  0.011039 	 Train Accuracy:  1.0000 	Valid Loss:  2.3327 	 Valid Accuracy:  0.5273
Run: [9]	 Epoch: [42]	 Train Loss:  0.011016 	 Train Accuracy:  1.0000 	Valid Loss:  2.3546 	 Valid Accuracy:  0.5273
Run: [9]	 Epoch: [43]	 Train Loss:  0.008786 	 Train Accuracy:  1.0000 	Valid Loss:  2.3736 	 Valid Accuracy:  0.5273
Run: [9]	 Epoch: [44]	 Train Loss:  0.011040 	 Train Accuracy:  1.0000 	Valid Loss:  2.3873 	 Valid Accuracy:  0.5273
Run: [9]	 Epoch: [45]	 Train Loss:  0.009171 	 Train Accuracy:  1.0000 	Valid Loss:  2.3989 	 Valid Accuracy:  0.5455
Run: [9]	 Epoch: [46]	 Train Loss:  0.012390 	 Train Accuracy:  1.0000 	Valid Loss:  2.4076 	 Valid Accuracy:  0.5455
Run: [9]	 Epoch: [47]	 Train Loss:  0.004455 	 Train Accuracy:  1.0000 	Valid Loss:  2.4118 	 Valid Accuracy:  0.5455
Run: [9]	 Epoch: [48]	 Train Loss:  0.010496 	 Train Accuracy:  1.0000 	Valid Loss:  2.4160 	 Valid Accuracy:  0.5455
Run: [9]	 Epoch: [49]	 Train Loss:  0.005390 	 Train Accuracy:  1.0000 	Valid Loss:  2.4183 	 Valid Accuracy:  0.5455
Run: [9]	 Epoch: [50]	 Train Loss:  0.008596 	 Train Accuracy:  1.0000 	Valid Loss:  2.4212 	 Valid Accuracy:  0.5455
Test Accuracy in run 9 is: 0.6911764740943909
Total Train Accuracy after run 9 is: 1.0000
Total Test Accuracy after run 9 is: 0.7157
Best Test Accuracy in 9 runs is: 0.7500
Run: [10]	 Epoch: [1]	 Train Loss:  0.876930 	 Train Accuracy:  0.6866 	Valid Loss:  0.7113 	 Valid Accuracy:  0.6000
Run: [10]	 Epoch: [2]	 Train Loss:  0.640219 	 Train Accuracy:  0.6406 	Valid Loss:  0.9784 	 Valid Accuracy:  0.5091
Run: [10]	 Epoch: [3]	 Train Loss:  0.738057 	 Train Accuracy:  0.6959 	Valid Loss:  0.7938 	 Valid Accuracy:  0.5818
Run: [10]	 Epoch: [4]	 Train Loss:  0.513185 	 Train Accuracy:  0.9493 	Valid Loss:  0.6852 	 Valid Accuracy:  0.5091
Run: [10]	 Epoch: [5]	 Train Loss:  0.396159 	 Train Accuracy:  0.9724 	Valid Loss:  0.7035 	 Valid Accuracy:  0.5818
Run: [10]	 Epoch: [6]	 Train Loss:  0.301848 	 Train Accuracy:  1.0000 	Valid Loss:  0.7299 	 Valid Accuracy:  0.5818
Run: [10]	 Epoch: [7]	 Train Loss:  0.205078 	 Train Accuracy:  1.0000 	Valid Loss:  0.8142 	 Valid Accuracy:  0.6000
Run: [10]	 Epoch: [8]	 Train Loss:  0.152167 	 Train Accuracy:  1.0000 	Valid Loss:  0.9014 	 Valid Accuracy:  0.6000
Run: [10]	 Epoch: [9]	 Train Loss:  0.123067 	 Train Accuracy:  1.0000 	Valid Loss:  0.9885 	 Valid Accuracy:  0.5636
Run: [10]	 Epoch: [10]	 Train Loss:  0.088720 	 Train Accuracy:  1.0000 	Valid Loss:  1.1327 	 Valid Accuracy:  0.6000
Run: [10]	 Epoch: [11]	 Train Loss:  0.086419 	 Train Accuracy:  1.0000 	Valid Loss:  1.2890 	 Valid Accuracy:  0.6000
Run: [10]	 Epoch: [12]	 Train Loss:  0.077391 	 Train Accuracy:  1.0000 	Valid Loss:  1.3963 	 Valid Accuracy:  0.5818
Run: [10]	 Epoch: [13]	 Train Loss:  0.071616 	 Train Accuracy:  1.0000 	Valid Loss:  1.4549 	 Valid Accuracy:  0.5636
Run: [10]	 Epoch: [14]	 Train Loss:  0.059873 	 Train Accuracy:  1.0000 	Valid Loss:  1.4830 	 Valid Accuracy:  0.5636
Run: [10]	 Epoch: [15]	 Train Loss:  0.053163 	 Train Accuracy:  1.0000 	Valid Loss:  1.4994 	 Valid Accuracy:  0.5818
Run: [10]	 Epoch: [16]	 Train Loss:  0.053979 	 Train Accuracy:  1.0000 	Valid Loss:  1.5103 	 Valid Accuracy:  0.5636
Run: [10]	 Epoch: [17]	 Train Loss:  0.044779 	 Train Accuracy:  1.0000 	Valid Loss:  1.5129 	 Valid Accuracy:  0.5636
Run: [10]	 Epoch: [18]	 Train Loss:  0.037675 	 Train Accuracy:  1.0000 	Valid Loss:  1.5139 	 Valid Accuracy:  0.5636
Run: [10]	 Epoch: [19]	 Train Loss:  0.034484 	 Train Accuracy:  1.0000 	Valid Loss:  1.5155 	 Valid Accuracy:  0.5636
Run: [10]	 Epoch: [20]	 Train Loss:  0.031598 	 Train Accuracy:  1.0000 	Valid Loss:  1.5200 	 Valid Accuracy:  0.5636
Run: [10]	 Epoch: [21]	 Train Loss:  0.034908 	 Train Accuracy:  1.0000 	Valid Loss:  1.5295 	 Valid Accuracy:  0.5636
Run: [10]	 Epoch: [22]	 Train Loss:  0.027345 	 Train Accuracy:  1.0000 	Valid Loss:  1.5396 	 Valid Accuracy:  0.5818
Run: [10]	 Epoch: [23]	 Train Loss:  0.025941 	 Train Accuracy:  1.0000 	Valid Loss:  1.5512 	 Valid Accuracy:  0.5818
Run: [10]	 Epoch: [24]	 Train Loss:  0.033860 	 Train Accuracy:  1.0000 	Valid Loss:  1.5677 	 Valid Accuracy:  0.5818
Run: [10]	 Epoch: [25]	 Train Loss:  0.018711 	 Train Accuracy:  1.0000 	Valid Loss:  1.5805 	 Valid Accuracy:  0.5818
Run: [10]	 Epoch: [26]	 Train Loss:  0.020445 	 Train Accuracy:  1.0000 	Valid Loss:  1.5966 	 Valid Accuracy:  0.5818
Run: [10]	 Epoch: [27]	 Train Loss:  0.018024 	 Train Accuracy:  1.0000 	Valid Loss:  1.6153 	 Valid Accuracy:  0.5818
Run: [10]	 Epoch: [28]	 Train Loss:  0.023273 	 Train Accuracy:  1.0000 	Valid Loss:  1.6376 	 Valid Accuracy:  0.6000
Run: [10]	 Epoch: [29]	 Train Loss:  0.016587 	 Train Accuracy:  1.0000 	Valid Loss:  1.6607 	 Valid Accuracy:  0.6182
Run: [10]	 Epoch: [30]	 Train Loss:  0.018399 	 Train Accuracy:  1.0000 	Valid Loss:  1.6877 	 Valid Accuracy:  0.6182
Run: [10]	 Epoch: [31]	 Train Loss:  0.016334 	 Train Accuracy:  1.0000 	Valid Loss:  1.7148 	 Valid Accuracy:  0.6182
Run: [10]	 Epoch: [32]	 Train Loss:  0.014452 	 Train Accuracy:  1.0000 	Valid Loss:  1.7403 	 Valid Accuracy:  0.6182
Run: [10]	 Epoch: [33]	 Train Loss:  0.011378 	 Train Accuracy:  1.0000 	Valid Loss:  1.7666 	 Valid Accuracy:  0.6182
Run: [10]	 Epoch: [34]	 Train Loss:  0.012587 	 Train Accuracy:  1.0000 	Valid Loss:  1.7939 	 Valid Accuracy:  0.6364
Run: [10]	 Epoch: [35]	 Train Loss:  0.011095 	 Train Accuracy:  1.0000 	Valid Loss:  1.8232 	 Valid Accuracy:  0.6182
Run: [10]	 Epoch: [36]	 Train Loss:  0.014198 	 Train Accuracy:  1.0000 	Valid Loss:  1.8537 	 Valid Accuracy:  0.6364
Run: [10]	 Epoch: [37]	 Train Loss:  0.007699 	 Train Accuracy:  1.0000 	Valid Loss:  1.8843 	 Valid Accuracy:  0.6545
Run: [10]	 Epoch: [38]	 Train Loss:  0.008789 	 Train Accuracy:  1.0000 	Valid Loss:  1.9153 	 Valid Accuracy:  0.6545
Run: [10]	 Epoch: [39]	 Train Loss:  0.008864 	 Train Accuracy:  1.0000 	Valid Loss:  1.9439 	 Valid Accuracy:  0.6545
Run: [10]	 Epoch: [40]	 Train Loss:  0.011934 	 Train Accuracy:  1.0000 	Valid Loss:  1.9713 	 Valid Accuracy:  0.6545
Run: [10]	 Epoch: [41]	 Train Loss:  0.010867 	 Train Accuracy:  1.0000 	Valid Loss:  1.9980 	 Valid Accuracy:  0.6545
Run: [10]	 Epoch: [42]	 Train Loss:  0.012150 	 Train Accuracy:  1.0000 	Valid Loss:  2.0246 	 Valid Accuracy:  0.6545
Run: [10]	 Epoch: [43]	 Train Loss:  0.008632 	 Train Accuracy:  1.0000 	Valid Loss:  2.0502 	 Valid Accuracy:  0.6364
Run: [10]	 Epoch: [44]	 Train Loss:  0.009272 	 Train Accuracy:  1.0000 	Valid Loss:  2.0753 	 Valid Accuracy:  0.6364
Run: [10]	 Epoch: [45]	 Train Loss:  0.006598 	 Train Accuracy:  1.0000 	Valid Loss:  2.1011 	 Valid Accuracy:  0.6364
Run: [10]	 Epoch: [46]	 Train Loss:  0.005978 	 Train Accuracy:  1.0000 	Valid Loss:  2.1252 	 Valid Accuracy:  0.6182
Run: [10]	 Epoch: [47]	 Train Loss:  0.006056 	 Train Accuracy:  1.0000 	Valid Loss:  2.1477 	 Valid Accuracy:  0.6182
Run: [10]	 Epoch: [48]	 Train Loss:  0.005016 	 Train Accuracy:  1.0000 	Valid Loss:  2.1690 	 Valid Accuracy:  0.6182
Run: [10]	 Epoch: [49]	 Train Loss:  0.005910 	 Train Accuracy:  1.0000 	Valid Loss:  2.1875 	 Valid Accuracy:  0.6182
Run: [10]	 Epoch: [50]	 Train Loss:  0.004536 	 Train Accuracy:  1.0000 	Valid Loss:  2.2065 	 Valid Accuracy:  0.6182
Test Accuracy in run 10 is: 0.7058823704719543
Total Train Accuracy after run 10 is: 1.0000
Total Test Accuracy after run 10 is: 0.7147
Best Test Accuracy in 10 runs is: 0.7500
