==========       System Configuration      =============
phase:train
use_cpu:False
runs:10
validation:0.1
data_dir:/data/entity
batch_size:1
dataset:AIFB
total_epochs:50
save_freq:5
lr:0.01
multi_gpus:False
postname:
l2norm:0.0005
kernel_size:64
block_type:res
n_layers:7
act:relu
norm:layer
bias:True
dropout:0.2
channels:64
dec:basis
bases:30
aggr:mean
ckpt_path:
save_best_only:True
task:denseR
post:denseR-AIFB-res-7-64
time:210215-22-04-09
save_path:/content/drive/My Drive/denseR/checkpoints/ckpts-denseR-AIFB-res-7-64-210215-22-04-09
logdir:/content/drive/My Drive/denseR/logs/denseR-AIFB-res-7-64-210215-22-04-09
device:cuda
epoch:-1
printer:<Logger args (DEBUG)>
==========     CONFIG END    =============


===> Phase is train.
 === Downloading Dataset and Creating graphs ===
=== Dataset info ===
Number of training nodes: 140 	 Number of testing nodes: 36	 Total Number of labelled nodes: 176
Number of classes in this graph: 4 	 Number of nodes: 8285 	 Number of relation types: 90
==== Initializing the Optimizer ====
Run: [1]	 Epoch: [1]	 Train Loss:  1.722551 	 Train Accuracy:  0.6349 	Valid Loss:  1.1346 	 Valid Accuracy:  0.5714
Run: [1]	 Epoch: [2]	 Train Loss:  0.882487 	 Train Accuracy:  0.9365 	Valid Loss:  0.8567 	 Valid Accuracy:  0.7143
Run: [1]	 Epoch: [3]	 Train Loss:  0.682180 	 Train Accuracy:  0.9603 	Valid Loss:  0.6944 	 Valid Accuracy:  0.8571
Run: [1]	 Epoch: [4]	 Train Loss:  0.523169 	 Train Accuracy:  0.9603 	Valid Loss:  0.7571 	 Valid Accuracy:  0.7857
Run: [1]	 Epoch: [5]	 Train Loss:  0.385941 	 Train Accuracy:  0.9762 	Valid Loss:  0.7137 	 Valid Accuracy:  0.7857
Run: [1]	 Epoch: [6]	 Train Loss:  0.325645 	 Train Accuracy:  1.0000 	Valid Loss:  0.6087 	 Valid Accuracy:  0.7857
Run: [1]	 Epoch: [7]	 Train Loss:  0.288793 	 Train Accuracy:  1.0000 	Valid Loss:  0.5280 	 Valid Accuracy:  0.8571
Run: [1]	 Epoch: [8]	 Train Loss:  0.310674 	 Train Accuracy:  1.0000 	Valid Loss:  0.5058 	 Valid Accuracy:  0.8571
Run: [1]	 Epoch: [9]	 Train Loss:  0.298411 	 Train Accuracy:  1.0000 	Valid Loss:  0.5086 	 Valid Accuracy:  0.8571
Run: [1]	 Epoch: [10]	 Train Loss:  0.250737 	 Train Accuracy:  1.0000 	Valid Loss:  0.5119 	 Valid Accuracy:  0.8571
Run: [1]	 Epoch: [11]	 Train Loss:  0.191118 	 Train Accuracy:  1.0000 	Valid Loss:  0.5172 	 Valid Accuracy:  0.8571
Run: [1]	 Epoch: [12]	 Train Loss:  0.230875 	 Train Accuracy:  1.0000 	Valid Loss:  0.5279 	 Valid Accuracy:  0.8571
Run: [1]	 Epoch: [13]	 Train Loss:  0.216032 	 Train Accuracy:  1.0000 	Valid Loss:  0.5468 	 Valid Accuracy:  0.8571
Run: [1]	 Epoch: [14]	 Train Loss:  0.178769 	 Train Accuracy:  1.0000 	Valid Loss:  0.5552 	 Valid Accuracy:  0.7857
Run: [1]	 Epoch: [15]	 Train Loss:  0.155227 	 Train Accuracy:  1.0000 	Valid Loss:  0.5622 	 Valid Accuracy:  0.7857
Run: [1]	 Epoch: [16]	 Train Loss:  0.129284 	 Train Accuracy:  1.0000 	Valid Loss:  0.5656 	 Valid Accuracy:  0.7857
Run: [1]	 Epoch: [17]	 Train Loss:  0.130409 	 Train Accuracy:  1.0000 	Valid Loss:  0.5660 	 Valid Accuracy:  0.7857
Run: [1]	 Epoch: [18]	 Train Loss:  0.160595 	 Train Accuracy:  1.0000 	Valid Loss:  0.5609 	 Valid Accuracy:  0.7857
Run: [1]	 Epoch: [19]	 Train Loss:  0.113287 	 Train Accuracy:  1.0000 	Valid Loss:  0.5500 	 Valid Accuracy:  0.7857
Run: [1]	 Epoch: [20]	 Train Loss:  0.125318 	 Train Accuracy:  1.0000 	Valid Loss:  0.5390 	 Valid Accuracy:  0.7857
Run: [1]	 Epoch: [21]	 Train Loss:  0.128731 	 Train Accuracy:  1.0000 	Valid Loss:  0.5365 	 Valid Accuracy:  0.7857
Run: [1]	 Epoch: [22]	 Train Loss:  0.136976 	 Train Accuracy:  1.0000 	Valid Loss:  0.5526 	 Valid Accuracy:  0.7857
Run: [1]	 Epoch: [23]	 Train Loss:  0.113389 	 Train Accuracy:  1.0000 	Valid Loss:  0.5716 	 Valid Accuracy:  0.7857
Run: [1]	 Epoch: [24]	 Train Loss:  0.111349 	 Train Accuracy:  1.0000 	Valid Loss:  0.5973 	 Valid Accuracy:  0.7857
Run: [1]	 Epoch: [25]	 Train Loss:  0.101850 	 Train Accuracy:  1.0000 	Valid Loss:  0.6221 	 Valid Accuracy:  0.7857
Run: [1]	 Epoch: [26]	 Train Loss:  0.084927 	 Train Accuracy:  1.0000 	Valid Loss:  0.6473 	 Valid Accuracy:  0.7857
Run: [1]	 Epoch: [27]	 Train Loss:  0.061827 	 Train Accuracy:  1.0000 	Valid Loss:  0.6694 	 Valid Accuracy:  0.7857
Run: [1]	 Epoch: [28]	 Train Loss:  0.061411 	 Train Accuracy:  1.0000 	Valid Loss:  0.6884 	 Valid Accuracy:  0.7857
Run: [1]	 Epoch: [29]	 Train Loss:  0.070873 	 Train Accuracy:  1.0000 	Valid Loss:  0.7087 	 Valid Accuracy:  0.7857
Run: [1]	 Epoch: [30]	 Train Loss:  0.069784 	 Train Accuracy:  1.0000 	Valid Loss:  0.7319 	 Valid Accuracy:  0.7857
Run: [1]	 Epoch: [31]	 Train Loss:  0.068975 	 Train Accuracy:  1.0000 	Valid Loss:  0.7480 	 Valid Accuracy:  0.7857
Run: [1]	 Epoch: [32]	 Train Loss:  0.062554 	 Train Accuracy:  1.0000 	Valid Loss:  0.7596 	 Valid Accuracy:  0.7857
Run: [1]	 Epoch: [33]	 Train Loss:  0.070199 	 Train Accuracy:  1.0000 	Valid Loss:  0.7689 	 Valid Accuracy:  0.7857
Run: [1]	 Epoch: [34]	 Train Loss:  0.045526 	 Train Accuracy:  1.0000 	Valid Loss:  0.7721 	 Valid Accuracy:  0.7857
Run: [1]	 Epoch: [35]	 Train Loss:  0.088208 	 Train Accuracy:  1.0000 	Valid Loss:  0.7794 	 Valid Accuracy:  0.7857
Run: [1]	 Epoch: [36]	 Train Loss:  0.065259 	 Train Accuracy:  1.0000 	Valid Loss:  0.7925 	 Valid Accuracy:  0.7857
Run: [1]	 Epoch: [37]	 Train Loss:  0.053748 	 Train Accuracy:  1.0000 	Valid Loss:  0.7906 	 Valid Accuracy:  0.7857
Run: [1]	 Epoch: [38]	 Train Loss:  0.039530 	 Train Accuracy:  1.0000 	Valid Loss:  0.7867 	 Valid Accuracy:  0.7857
Run: [1]	 Epoch: [39]	 Train Loss:  0.045125 	 Train Accuracy:  1.0000 	Valid Loss:  0.7750 	 Valid Accuracy:  0.7857
Run: [1]	 Epoch: [40]	 Train Loss:  0.037219 	 Train Accuracy:  1.0000 	Valid Loss:  0.7701 	 Valid Accuracy:  0.7857
Run: [1]	 Epoch: [41]	 Train Loss:  0.038242 	 Train Accuracy:  1.0000 	Valid Loss:  0.7709 	 Valid Accuracy:  0.7857
Run: [1]	 Epoch: [42]	 Train Loss:  0.029382 	 Train Accuracy:  1.0000 	Valid Loss:  0.7738 	 Valid Accuracy:  0.7857
Run: [1]	 Epoch: [43]	 Train Loss:  0.032522 	 Train Accuracy:  1.0000 	Valid Loss:  0.7726 	 Valid Accuracy:  0.7857
Run: [1]	 Epoch: [44]	 Train Loss:  0.022315 	 Train Accuracy:  1.0000 	Valid Loss:  0.7708 	 Valid Accuracy:  0.7857
Run: [1]	 Epoch: [45]	 Train Loss:  0.064469 	 Train Accuracy:  1.0000 	Valid Loss:  0.7737 	 Valid Accuracy:  0.7857
Run: [1]	 Epoch: [46]	 Train Loss:  0.056939 	 Train Accuracy:  1.0000 	Valid Loss:  0.7631 	 Valid Accuracy:  0.7857
Run: [1]	 Epoch: [47]	 Train Loss:  0.047098 	 Train Accuracy:  1.0000 	Valid Loss:  0.7557 	 Valid Accuracy:  0.7857
Run: [1]	 Epoch: [48]	 Train Loss:  0.029681 	 Train Accuracy:  1.0000 	Valid Loss:  0.7585 	 Valid Accuracy:  0.7857
Run: [1]	 Epoch: [49]	 Train Loss:  0.032418 	 Train Accuracy:  1.0000 	Valid Loss:  0.7718 	 Valid Accuracy:  0.7857
Run: [1]	 Epoch: [50]	 Train Loss:  0.036065 	 Train Accuracy:  1.0000 	Valid Loss:  0.7987 	 Valid Accuracy:  0.7857
Test Accuracy in run 1 is: 0.9166666865348816
Total Train Accuracy after run 1 is: 1.0000
Total Test Accuracy after run 1 is: 0.9167
Best Test Accuracy in 1 runs is: 0.9167
Run: [2]	 Epoch: [1]	 Train Loss:  1.647336 	 Train Accuracy:  0.6587 	Valid Loss:  1.4298 	 Valid Accuracy:  0.5000
Run: [2]	 Epoch: [2]	 Train Loss:  0.836909 	 Train Accuracy:  0.9444 	Valid Loss:  0.8054 	 Valid Accuracy:  0.6429
Run: [2]	 Epoch: [3]	 Train Loss:  0.605478 	 Train Accuracy:  0.9603 	Valid Loss:  0.6124 	 Valid Accuracy:  0.7857
Run: [2]	 Epoch: [4]	 Train Loss:  0.405786 	 Train Accuracy:  0.9683 	Valid Loss:  0.6057 	 Valid Accuracy:  0.7857
Run: [2]	 Epoch: [5]	 Train Loss:  0.336214 	 Train Accuracy:  0.9762 	Valid Loss:  0.6011 	 Valid Accuracy:  0.7857
Run: [2]	 Epoch: [6]	 Train Loss:  0.309730 	 Train Accuracy:  0.9841 	Valid Loss:  0.5816 	 Valid Accuracy:  0.7857
Run: [2]	 Epoch: [7]	 Train Loss:  0.234483 	 Train Accuracy:  1.0000 	Valid Loss:  0.5857 	 Valid Accuracy:  0.7857
Run: [2]	 Epoch: [8]	 Train Loss:  0.249052 	 Train Accuracy:  1.0000 	Valid Loss:  0.6229 	 Valid Accuracy:  0.7857
Run: [2]	 Epoch: [9]	 Train Loss:  0.184936 	 Train Accuracy:  1.0000 	Valid Loss:  0.6754 	 Valid Accuracy:  0.7143
Run: [2]	 Epoch: [10]	 Train Loss:  0.161110 	 Train Accuracy:  1.0000 	Valid Loss:  0.7032 	 Valid Accuracy:  0.7143
Run: [2]	 Epoch: [11]	 Train Loss:  0.153762 	 Train Accuracy:  1.0000 	Valid Loss:  0.7121 	 Valid Accuracy:  0.7857
Run: [2]	 Epoch: [12]	 Train Loss:  0.122469 	 Train Accuracy:  1.0000 	Valid Loss:  0.7168 	 Valid Accuracy:  0.7857
Run: [2]	 Epoch: [13]	 Train Loss:  0.142773 	 Train Accuracy:  1.0000 	Valid Loss:  0.7167 	 Valid Accuracy:  0.7857
Run: [2]	 Epoch: [14]	 Train Loss:  0.114100 	 Train Accuracy:  1.0000 	Valid Loss:  0.7197 	 Valid Accuracy:  0.7857
Run: [2]	 Epoch: [15]	 Train Loss:  0.100697 	 Train Accuracy:  1.0000 	Valid Loss:  0.7269 	 Valid Accuracy:  0.7857
Run: [2]	 Epoch: [16]	 Train Loss:  0.111347 	 Train Accuracy:  1.0000 	Valid Loss:  0.7408 	 Valid Accuracy:  0.7857
Run: [2]	 Epoch: [17]	 Train Loss:  0.083775 	 Train Accuracy:  1.0000 	Valid Loss:  0.7587 	 Valid Accuracy:  0.7857
Run: [2]	 Epoch: [18]	 Train Loss:  0.062934 	 Train Accuracy:  1.0000 	Valid Loss:  0.7787 	 Valid Accuracy:  0.7857
Run: [2]	 Epoch: [19]	 Train Loss:  0.089527 	 Train Accuracy:  1.0000 	Valid Loss:  0.7989 	 Valid Accuracy:  0.7857
Run: [2]	 Epoch: [20]	 Train Loss:  0.090067 	 Train Accuracy:  1.0000 	Valid Loss:  0.8259 	 Valid Accuracy:  0.7857
Run: [2]	 Epoch: [21]	 Train Loss:  0.058252 	 Train Accuracy:  1.0000 	Valid Loss:  0.8554 	 Valid Accuracy:  0.7857
Run: [2]	 Epoch: [22]	 Train Loss:  0.057768 	 Train Accuracy:  1.0000 	Valid Loss:  0.8894 	 Valid Accuracy:  0.7857
Run: [2]	 Epoch: [23]	 Train Loss:  0.072462 	 Train Accuracy:  1.0000 	Valid Loss:  0.9239 	 Valid Accuracy:  0.7857
Run: [2]	 Epoch: [24]	 Train Loss:  0.056928 	 Train Accuracy:  1.0000 	Valid Loss:  0.9592 	 Valid Accuracy:  0.7857
Run: [2]	 Epoch: [25]	 Train Loss:  0.049699 	 Train Accuracy:  1.0000 	Valid Loss:  0.9981 	 Valid Accuracy:  0.7857
Run: [2]	 Epoch: [26]	 Train Loss:  0.055512 	 Train Accuracy:  1.0000 	Valid Loss:  1.0324 	 Valid Accuracy:  0.7857
Run: [2]	 Epoch: [27]	 Train Loss:  0.052563 	 Train Accuracy:  1.0000 	Valid Loss:  1.0727 	 Valid Accuracy:  0.7857
Run: [2]	 Epoch: [28]	 Train Loss:  0.049857 	 Train Accuracy:  1.0000 	Valid Loss:  1.1087 	 Valid Accuracy:  0.7857
Run: [2]	 Epoch: [29]	 Train Loss:  0.044246 	 Train Accuracy:  1.0000 	Valid Loss:  1.1407 	 Valid Accuracy:  0.7857
Run: [2]	 Epoch: [30]	 Train Loss:  0.037167 	 Train Accuracy:  1.0000 	Valid Loss:  1.1696 	 Valid Accuracy:  0.7857
Run: [2]	 Epoch: [31]	 Train Loss:  0.037819 	 Train Accuracy:  1.0000 	Valid Loss:  1.1948 	 Valid Accuracy:  0.7857
Run: [2]	 Epoch: [32]	 Train Loss:  0.039023 	 Train Accuracy:  1.0000 	Valid Loss:  1.2198 	 Valid Accuracy:  0.7857
Run: [2]	 Epoch: [33]	 Train Loss:  0.030533 	 Train Accuracy:  1.0000 	Valid Loss:  1.2496 	 Valid Accuracy:  0.7857
Run: [2]	 Epoch: [34]	 Train Loss:  0.036409 	 Train Accuracy:  1.0000 	Valid Loss:  1.2767 	 Valid Accuracy:  0.7857
Run: [2]	 Epoch: [35]	 Train Loss:  0.037323 	 Train Accuracy:  1.0000 	Valid Loss:  1.2888 	 Valid Accuracy:  0.7857
Run: [2]	 Epoch: [36]	 Train Loss:  0.041210 	 Train Accuracy:  1.0000 	Valid Loss:  1.3005 	 Valid Accuracy:  0.7857
Run: [2]	 Epoch: [37]	 Train Loss:  0.030254 	 Train Accuracy:  1.0000 	Valid Loss:  1.3104 	 Valid Accuracy:  0.7857
Run: [2]	 Epoch: [38]	 Train Loss:  0.040705 	 Train Accuracy:  1.0000 	Valid Loss:  1.3324 	 Valid Accuracy:  0.7857
Run: [2]	 Epoch: [39]	 Train Loss:  0.033970 	 Train Accuracy:  1.0000 	Valid Loss:  1.3621 	 Valid Accuracy:  0.7143
Run: [2]	 Epoch: [40]	 Train Loss:  0.026463 	 Train Accuracy:  1.0000 	Valid Loss:  1.4197 	 Valid Accuracy:  0.7143
Run: [2]	 Epoch: [41]	 Train Loss:  0.020372 	 Train Accuracy:  1.0000 	Valid Loss:  1.4858 	 Valid Accuracy:  0.7143
Run: [2]	 Epoch: [42]	 Train Loss:  0.027972 	 Train Accuracy:  1.0000 	Valid Loss:  1.5529 	 Valid Accuracy:  0.7143
Run: [2]	 Epoch: [43]	 Train Loss:  0.012312 	 Train Accuracy:  1.0000 	Valid Loss:  1.6071 	 Valid Accuracy:  0.7143
Run: [2]	 Epoch: [44]	 Train Loss:  0.027470 	 Train Accuracy:  1.0000 	Valid Loss:  1.6386 	 Valid Accuracy:  0.7143
Run: [2]	 Epoch: [45]	 Train Loss:  0.017585 	 Train Accuracy:  1.0000 	Valid Loss:  1.6663 	 Valid Accuracy:  0.7143
Run: [2]	 Epoch: [46]	 Train Loss:  0.022778 	 Train Accuracy:  1.0000 	Valid Loss:  1.6938 	 Valid Accuracy:  0.7143
Run: [2]	 Epoch: [47]	 Train Loss:  0.028004 	 Train Accuracy:  1.0000 	Valid Loss:  1.7092 	 Valid Accuracy:  0.7143
Run: [2]	 Epoch: [48]	 Train Loss:  0.017580 	 Train Accuracy:  1.0000 	Valid Loss:  1.7348 	 Valid Accuracy:  0.7143
Run: [2]	 Epoch: [49]	 Train Loss:  0.019567 	 Train Accuracy:  1.0000 	Valid Loss:  1.7553 	 Valid Accuracy:  0.7143
Run: [2]	 Epoch: [50]	 Train Loss:  0.017286 	 Train Accuracy:  1.0000 	Valid Loss:  1.7619 	 Valid Accuracy:  0.7143
Test Accuracy in run 2 is: 0.8611111044883728
Total Train Accuracy after run 2 is: 1.0000
Total Test Accuracy after run 2 is: 0.8889
Best Test Accuracy in 2 runs is: 0.9167
Run: [3]	 Epoch: [1]	 Train Loss:  1.743310 	 Train Accuracy:  0.6349 	Valid Loss:  1.3369 	 Valid Accuracy:  0.3571
Run: [3]	 Epoch: [2]	 Train Loss:  1.035460 	 Train Accuracy:  0.8730 	Valid Loss:  0.7310 	 Valid Accuracy:  0.7857
Run: [3]	 Epoch: [3]	 Train Loss:  0.760617 	 Train Accuracy:  0.9524 	Valid Loss:  0.7188 	 Valid Accuracy:  0.8571
Run: [3]	 Epoch: [4]	 Train Loss:  0.495527 	 Train Accuracy:  0.9683 	Valid Loss:  0.6101 	 Valid Accuracy:  0.8571
Run: [3]	 Epoch: [5]	 Train Loss:  0.421240 	 Train Accuracy:  0.9841 	Valid Loss:  0.5341 	 Valid Accuracy:  0.8571
Run: [3]	 Epoch: [6]	 Train Loss:  0.337823 	 Train Accuracy:  0.9921 	Valid Loss:  0.4590 	 Valid Accuracy:  0.8571
Run: [3]	 Epoch: [7]	 Train Loss:  0.297685 	 Train Accuracy:  1.0000 	Valid Loss:  0.4072 	 Valid Accuracy:  0.8571
Run: [3]	 Epoch: [8]	 Train Loss:  0.255704 	 Train Accuracy:  1.0000 	Valid Loss:  0.3790 	 Valid Accuracy:  0.8571
Run: [3]	 Epoch: [9]	 Train Loss:  0.221685 	 Train Accuracy:  1.0000 	Valid Loss:  0.3743 	 Valid Accuracy:  0.8571
Run: [3]	 Epoch: [10]	 Train Loss:  0.189168 	 Train Accuracy:  1.0000 	Valid Loss:  0.3918 	 Valid Accuracy:  0.7857
Run: [3]	 Epoch: [11]	 Train Loss:  0.174689 	 Train Accuracy:  1.0000 	Valid Loss:  0.4216 	 Valid Accuracy:  0.7857
Run: [3]	 Epoch: [12]	 Train Loss:  0.188645 	 Train Accuracy:  1.0000 	Valid Loss:  0.4581 	 Valid Accuracy:  0.7857
Run: [3]	 Epoch: [13]	 Train Loss:  0.125723 	 Train Accuracy:  1.0000 	Valid Loss:  0.4981 	 Valid Accuracy:  0.7857
Run: [3]	 Epoch: [14]	 Train Loss:  0.151388 	 Train Accuracy:  1.0000 	Valid Loss:  0.5161 	 Valid Accuracy:  0.7857
Run: [3]	 Epoch: [15]	 Train Loss:  0.119593 	 Train Accuracy:  1.0000 	Valid Loss:  0.5165 	 Valid Accuracy:  0.7857
Run: [3]	 Epoch: [16]	 Train Loss:  0.132966 	 Train Accuracy:  1.0000 	Valid Loss:  0.5075 	 Valid Accuracy:  0.7857
Run: [3]	 Epoch: [17]	 Train Loss:  0.117758 	 Train Accuracy:  1.0000 	Valid Loss:  0.4970 	 Valid Accuracy:  0.7857
Run: [3]	 Epoch: [18]	 Train Loss:  0.113719 	 Train Accuracy:  1.0000 	Valid Loss:  0.4951 	 Valid Accuracy:  0.8571
Run: [3]	 Epoch: [19]	 Train Loss:  0.093757 	 Train Accuracy:  1.0000 	Valid Loss:  0.4974 	 Valid Accuracy:  0.8571
Run: [3]	 Epoch: [20]	 Train Loss:  0.116140 	 Train Accuracy:  1.0000 	Valid Loss:  0.5116 	 Valid Accuracy:  0.8571
Run: [3]	 Epoch: [21]	 Train Loss:  0.072132 	 Train Accuracy:  1.0000 	Valid Loss:  0.5265 	 Valid Accuracy:  0.8571
Run: [3]	 Epoch: [22]	 Train Loss:  0.066410 	 Train Accuracy:  1.0000 	Valid Loss:  0.5445 	 Valid Accuracy:  0.8571
Run: [3]	 Epoch: [23]	 Train Loss:  0.079943 	 Train Accuracy:  1.0000 	Valid Loss:  0.5614 	 Valid Accuracy:  0.8571
Run: [3]	 Epoch: [24]	 Train Loss:  0.090115 	 Train Accuracy:  1.0000 	Valid Loss:  0.5855 	 Valid Accuracy:  0.8571
Run: [3]	 Epoch: [25]	 Train Loss:  0.071608 	 Train Accuracy:  1.0000 	Valid Loss:  0.6081 	 Valid Accuracy:  0.8571
Run: [3]	 Epoch: [26]	 Train Loss:  0.067396 	 Train Accuracy:  1.0000 	Valid Loss:  0.6356 	 Valid Accuracy:  0.8571
Run: [3]	 Epoch: [27]	 Train Loss:  0.074453 	 Train Accuracy:  1.0000 	Valid Loss:  0.6680 	 Valid Accuracy:  0.8571
Run: [3]	 Epoch: [28]	 Train Loss:  0.062720 	 Train Accuracy:  1.0000 	Valid Loss:  0.6990 	 Valid Accuracy:  0.8571
Run: [3]	 Epoch: [29]	 Train Loss:  0.033823 	 Train Accuracy:  1.0000 	Valid Loss:  0.7190 	 Valid Accuracy:  0.8571
Run: [3]	 Epoch: [30]	 Train Loss:  0.050758 	 Train Accuracy:  1.0000 	Valid Loss:  0.7364 	 Valid Accuracy:  0.8571
Run: [3]	 Epoch: [31]	 Train Loss:  0.040148 	 Train Accuracy:  1.0000 	Valid Loss:  0.7491 	 Valid Accuracy:  0.8571
Run: [3]	 Epoch: [32]	 Train Loss:  0.053300 	 Train Accuracy:  1.0000 	Valid Loss:  0.7558 	 Valid Accuracy:  0.8571
Run: [3]	 Epoch: [33]	 Train Loss:  0.044182 	 Train Accuracy:  1.0000 	Valid Loss:  0.7593 	 Valid Accuracy:  0.8571
Run: [3]	 Epoch: [34]	 Train Loss:  0.033134 	 Train Accuracy:  1.0000 	Valid Loss:  0.7560 	 Valid Accuracy:  0.8571
Run: [3]	 Epoch: [35]	 Train Loss:  0.035388 	 Train Accuracy:  1.0000 	Valid Loss:  0.7582 	 Valid Accuracy:  0.8571
Run: [3]	 Epoch: [36]	 Train Loss:  0.045277 	 Train Accuracy:  1.0000 	Valid Loss:  0.7573 	 Valid Accuracy:  0.8571
Run: [3]	 Epoch: [37]	 Train Loss:  0.040520 	 Train Accuracy:  1.0000 	Valid Loss:  0.7621 	 Valid Accuracy:  0.8571
Run: [3]	 Epoch: [38]	 Train Loss:  0.051123 	 Train Accuracy:  1.0000 	Valid Loss:  0.7683 	 Valid Accuracy:  0.8571
Run: [3]	 Epoch: [39]	 Train Loss:  0.043690 	 Train Accuracy:  1.0000 	Valid Loss:  0.7762 	 Valid Accuracy:  0.8571
Run: [3]	 Epoch: [40]	 Train Loss:  0.045661 	 Train Accuracy:  1.0000 	Valid Loss:  0.7880 	 Valid Accuracy:  0.8571
Run: [3]	 Epoch: [41]	 Train Loss:  0.033455 	 Train Accuracy:  1.0000 	Valid Loss:  0.7994 	 Valid Accuracy:  0.8571
Run: [3]	 Epoch: [42]	 Train Loss:  0.046193 	 Train Accuracy:  1.0000 	Valid Loss:  0.8213 	 Valid Accuracy:  0.8571
Run: [3]	 Epoch: [43]	 Train Loss:  0.022044 	 Train Accuracy:  1.0000 	Valid Loss:  0.8507 	 Valid Accuracy:  0.8571
Run: [3]	 Epoch: [44]	 Train Loss:  0.019964 	 Train Accuracy:  1.0000 	Valid Loss:  0.8765 	 Valid Accuracy:  0.8571
Run: [3]	 Epoch: [45]	 Train Loss:  0.036826 	 Train Accuracy:  1.0000 	Valid Loss:  0.8816 	 Valid Accuracy:  0.8571
Run: [3]	 Epoch: [46]	 Train Loss:  0.037986 	 Train Accuracy:  1.0000 	Valid Loss:  0.8778 	 Valid Accuracy:  0.8571
Run: [3]	 Epoch: [47]	 Train Loss:  0.043722 	 Train Accuracy:  1.0000 	Valid Loss:  0.8821 	 Valid Accuracy:  0.8571
Run: [3]	 Epoch: [48]	 Train Loss:  0.014319 	 Train Accuracy:  1.0000 	Valid Loss:  0.8728 	 Valid Accuracy:  0.8571
Run: [3]	 Epoch: [49]	 Train Loss:  0.042083 	 Train Accuracy:  1.0000 	Valid Loss:  0.8802 	 Valid Accuracy:  0.8571
Run: [3]	 Epoch: [50]	 Train Loss:  0.029223 	 Train Accuracy:  1.0000 	Valid Loss:  0.8663 	 Valid Accuracy:  0.8571
Test Accuracy in run 3 is: 0.944444477558136
Total Train Accuracy after run 3 is: 1.0000
Total Test Accuracy after run 3 is: 0.9074
Best Test Accuracy in 3 runs is: 0.9444
Run: [4]	 Epoch: [1]	 Train Loss:  1.836096 	 Train Accuracy:  0.7381 	Valid Loss:  1.3219 	 Valid Accuracy:  0.6429
Run: [4]	 Epoch: [2]	 Train Loss:  0.857809 	 Train Accuracy:  0.9603 	Valid Loss:  0.6029 	 Valid Accuracy:  0.8571
Run: [4]	 Epoch: [3]	 Train Loss:  0.517967 	 Train Accuracy:  0.9365 	Valid Loss:  0.7654 	 Valid Accuracy:  0.7143
Run: [4]	 Epoch: [4]	 Train Loss:  0.431976 	 Train Accuracy:  0.9683 	Valid Loss:  0.7855 	 Valid Accuracy:  0.7143
Run: [4]	 Epoch: [5]	 Train Loss:  0.339085 	 Train Accuracy:  0.9762 	Valid Loss:  0.6206 	 Valid Accuracy:  0.7857
Run: [4]	 Epoch: [6]	 Train Loss:  0.269968 	 Train Accuracy:  1.0000 	Valid Loss:  0.4556 	 Valid Accuracy:  0.8571
Run: [4]	 Epoch: [7]	 Train Loss:  0.265557 	 Train Accuracy:  1.0000 	Valid Loss:  0.5005 	 Valid Accuracy:  0.8571
Run: [4]	 Epoch: [8]	 Train Loss:  0.228433 	 Train Accuracy:  1.0000 	Valid Loss:  0.5061 	 Valid Accuracy:  0.7857
Run: [4]	 Epoch: [9]	 Train Loss:  0.177175 	 Train Accuracy:  1.0000 	Valid Loss:  0.6256 	 Valid Accuracy:  0.7857
Run: [4]	 Epoch: [10]	 Train Loss:  0.165342 	 Train Accuracy:  1.0000 	Valid Loss:  0.7420 	 Valid Accuracy:  0.7857
Run: [4]	 Epoch: [11]	 Train Loss:  0.171145 	 Train Accuracy:  1.0000 	Valid Loss:  0.8248 	 Valid Accuracy:  0.7857
Run: [4]	 Epoch: [12]	 Train Loss:  0.152140 	 Train Accuracy:  1.0000 	Valid Loss:  0.8588 	 Valid Accuracy:  0.7857
Run: [4]	 Epoch: [13]	 Train Loss:  0.133483 	 Train Accuracy:  1.0000 	Valid Loss:  0.8722 	 Valid Accuracy:  0.7857
Run: [4]	 Epoch: [14]	 Train Loss:  0.147770 	 Train Accuracy:  1.0000 	Valid Loss:  0.8641 	 Valid Accuracy:  0.7857
Run: [4]	 Epoch: [15]	 Train Loss:  0.128259 	 Train Accuracy:  1.0000 	Valid Loss:  0.8503 	 Valid Accuracy:  0.7857
Run: [4]	 Epoch: [16]	 Train Loss:  0.104873 	 Train Accuracy:  1.0000 	Valid Loss:  0.8361 	 Valid Accuracy:  0.7857
Run: [4]	 Epoch: [17]	 Train Loss:  0.089363 	 Train Accuracy:  1.0000 	Valid Loss:  0.8141 	 Valid Accuracy:  0.7857
Run: [4]	 Epoch: [18]	 Train Loss:  0.097536 	 Train Accuracy:  1.0000 	Valid Loss:  0.7784 	 Valid Accuracy:  0.7857
Run: [4]	 Epoch: [19]	 Train Loss:  0.091208 	 Train Accuracy:  1.0000 	Valid Loss:  0.7509 	 Valid Accuracy:  0.7857
Run: [4]	 Epoch: [20]	 Train Loss:  0.076860 	 Train Accuracy:  1.0000 	Valid Loss:  0.7300 	 Valid Accuracy:  0.7857
Run: [4]	 Epoch: [21]	 Train Loss:  0.073250 	 Train Accuracy:  1.0000 	Valid Loss:  0.7194 	 Valid Accuracy:  0.7857
Run: [4]	 Epoch: [22]	 Train Loss:  0.058870 	 Train Accuracy:  1.0000 	Valid Loss:  0.7158 	 Valid Accuracy:  0.7857
Run: [4]	 Epoch: [23]	 Train Loss:  0.064253 	 Train Accuracy:  1.0000 	Valid Loss:  0.7105 	 Valid Accuracy:  0.7857
Run: [4]	 Epoch: [24]	 Train Loss:  0.087699 	 Train Accuracy:  1.0000 	Valid Loss:  0.7089 	 Valid Accuracy:  0.7857
Run: [4]	 Epoch: [25]	 Train Loss:  0.051345 	 Train Accuracy:  1.0000 	Valid Loss:  0.7113 	 Valid Accuracy:  0.7857
Run: [4]	 Epoch: [26]	 Train Loss:  0.069918 	 Train Accuracy:  1.0000 	Valid Loss:  0.7175 	 Valid Accuracy:  0.7857
Run: [4]	 Epoch: [27]	 Train Loss:  0.053783 	 Train Accuracy:  1.0000 	Valid Loss:  0.7239 	 Valid Accuracy:  0.7857
Run: [4]	 Epoch: [28]	 Train Loss:  0.043698 	 Train Accuracy:  1.0000 	Valid Loss:  0.7350 	 Valid Accuracy:  0.7857
Run: [4]	 Epoch: [29]	 Train Loss:  0.055762 	 Train Accuracy:  1.0000 	Valid Loss:  0.7410 	 Valid Accuracy:  0.7857
Run: [4]	 Epoch: [30]	 Train Loss:  0.039906 	 Train Accuracy:  1.0000 	Valid Loss:  0.7510 	 Valid Accuracy:  0.7857
Run: [4]	 Epoch: [31]	 Train Loss:  0.042062 	 Train Accuracy:  1.0000 	Valid Loss:  0.7533 	 Valid Accuracy:  0.7857
Run: [4]	 Epoch: [32]	 Train Loss:  0.035781 	 Train Accuracy:  1.0000 	Valid Loss:  0.7575 	 Valid Accuracy:  0.7857
Run: [4]	 Epoch: [33]	 Train Loss:  0.040377 	 Train Accuracy:  1.0000 	Valid Loss:  0.7588 	 Valid Accuracy:  0.7857
Run: [4]	 Epoch: [34]	 Train Loss:  0.057475 	 Train Accuracy:  1.0000 	Valid Loss:  0.7550 	 Valid Accuracy:  0.7857
Run: [4]	 Epoch: [35]	 Train Loss:  0.043004 	 Train Accuracy:  1.0000 	Valid Loss:  0.7535 	 Valid Accuracy:  0.7857
Run: [4]	 Epoch: [36]	 Train Loss:  0.028049 	 Train Accuracy:  1.0000 	Valid Loss:  0.7594 	 Valid Accuracy:  0.7857
Run: [4]	 Epoch: [37]	 Train Loss:  0.048658 	 Train Accuracy:  1.0000 	Valid Loss:  0.7700 	 Valid Accuracy:  0.7857
Run: [4]	 Epoch: [38]	 Train Loss:  0.042637 	 Train Accuracy:  1.0000 	Valid Loss:  0.7873 	 Valid Accuracy:  0.7857
Run: [4]	 Epoch: [39]	 Train Loss:  0.040610 	 Train Accuracy:  1.0000 	Valid Loss:  0.8180 	 Valid Accuracy:  0.7857
Run: [4]	 Epoch: [40]	 Train Loss:  0.028519 	 Train Accuracy:  1.0000 	Valid Loss:  0.8570 	 Valid Accuracy:  0.7857
Run: [4]	 Epoch: [41]	 Train Loss:  0.037599 	 Train Accuracy:  1.0000 	Valid Loss:  0.8970 	 Valid Accuracy:  0.7857
Run: [4]	 Epoch: [42]	 Train Loss:  0.024248 	 Train Accuracy:  1.0000 	Valid Loss:  0.9493 	 Valid Accuracy:  0.7857
Run: [4]	 Epoch: [43]	 Train Loss:  0.029375 	 Train Accuracy:  1.0000 	Valid Loss:  1.0016 	 Valid Accuracy:  0.7857
Run: [4]	 Epoch: [44]	 Train Loss:  0.026599 	 Train Accuracy:  1.0000 	Valid Loss:  1.0385 	 Valid Accuracy:  0.7857
Run: [4]	 Epoch: [45]	 Train Loss:  0.017719 	 Train Accuracy:  1.0000 	Valid Loss:  1.0511 	 Valid Accuracy:  0.7857
Run: [4]	 Epoch: [46]	 Train Loss:  0.032857 	 Train Accuracy:  1.0000 	Valid Loss:  1.0345 	 Valid Accuracy:  0.7857
Run: [4]	 Epoch: [47]	 Train Loss:  0.025139 	 Train Accuracy:  1.0000 	Valid Loss:  0.9999 	 Valid Accuracy:  0.7857
Run: [4]	 Epoch: [48]	 Train Loss:  0.022496 	 Train Accuracy:  1.0000 	Valid Loss:  0.9528 	 Valid Accuracy:  0.7857
Run: [4]	 Epoch: [49]	 Train Loss:  0.014787 	 Train Accuracy:  1.0000 	Valid Loss:  0.9208 	 Valid Accuracy:  0.7857
Run: [4]	 Epoch: [50]	 Train Loss:  0.019654 	 Train Accuracy:  1.0000 	Valid Loss:  0.8977 	 Valid Accuracy:  0.7857
Test Accuracy in run 4 is: 0.944444477558136
Total Train Accuracy after run 4 is: 1.0000
Total Test Accuracy after run 4 is: 0.9167
Best Test Accuracy in 4 runs is: 0.9444
Run: [5]	 Epoch: [1]	 Train Loss:  1.847991 	 Train Accuracy:  0.8016 	Valid Loss:  1.0662 	 Valid Accuracy:  0.4286
Run: [5]	 Epoch: [2]	 Train Loss:  0.814398 	 Train Accuracy:  0.9524 	Valid Loss:  0.6044 	 Valid Accuracy:  0.9286
Run: [5]	 Epoch: [3]	 Train Loss:  0.580404 	 Train Accuracy:  0.9841 	Valid Loss:  0.6708 	 Valid Accuracy:  0.7857
Run: [5]	 Epoch: [4]	 Train Loss:  0.391285 	 Train Accuracy:  0.9683 	Valid Loss:  0.6216 	 Valid Accuracy:  0.7857
Run: [5]	 Epoch: [5]	 Train Loss:  0.318216 	 Train Accuracy:  1.0000 	Valid Loss:  0.5902 	 Valid Accuracy:  0.8571
Run: [5]	 Epoch: [6]	 Train Loss:  0.291907 	 Train Accuracy:  1.0000 	Valid Loss:  0.5768 	 Valid Accuracy:  0.7857
Run: [5]	 Epoch: [7]	 Train Loss:  0.220677 	 Train Accuracy:  1.0000 	Valid Loss:  0.5737 	 Valid Accuracy:  0.7857
Run: [5]	 Epoch: [8]	 Train Loss:  0.223518 	 Train Accuracy:  1.0000 	Valid Loss:  0.5576 	 Valid Accuracy:  0.7857
Run: [5]	 Epoch: [9]	 Train Loss:  0.203569 	 Train Accuracy:  1.0000 	Valid Loss:  0.5355 	 Valid Accuracy:  0.7857
Run: [5]	 Epoch: [10]	 Train Loss:  0.146235 	 Train Accuracy:  1.0000 	Valid Loss:  0.5293 	 Valid Accuracy:  0.7857
Run: [5]	 Epoch: [11]	 Train Loss:  0.161274 	 Train Accuracy:  1.0000 	Valid Loss:  0.5451 	 Valid Accuracy:  0.7857
Run: [5]	 Epoch: [12]	 Train Loss:  0.135779 	 Train Accuracy:  1.0000 	Valid Loss:  0.5746 	 Valid Accuracy:  0.7857
Run: [5]	 Epoch: [13]	 Train Loss:  0.108570 	 Train Accuracy:  1.0000 	Valid Loss:  0.6150 	 Valid Accuracy:  0.7857
Run: [5]	 Epoch: [14]	 Train Loss:  0.124961 	 Train Accuracy:  1.0000 	Valid Loss:  0.6611 	 Valid Accuracy:  0.7857
Run: [5]	 Epoch: [15]	 Train Loss:  0.115814 	 Train Accuracy:  1.0000 	Valid Loss:  0.6972 	 Valid Accuracy:  0.7857
Run: [5]	 Epoch: [16]	 Train Loss:  0.084179 	 Train Accuracy:  1.0000 	Valid Loss:  0.7225 	 Valid Accuracy:  0.7857
Run: [5]	 Epoch: [17]	 Train Loss:  0.100184 	 Train Accuracy:  1.0000 	Valid Loss:  0.7475 	 Valid Accuracy:  0.7857
Run: [5]	 Epoch: [18]	 Train Loss:  0.079600 	 Train Accuracy:  1.0000 	Valid Loss:  0.7611 	 Valid Accuracy:  0.7857
Run: [5]	 Epoch: [19]	 Train Loss:  0.087550 	 Train Accuracy:  1.0000 	Valid Loss:  0.7685 	 Valid Accuracy:  0.7857
Run: [5]	 Epoch: [20]	 Train Loss:  0.058163 	 Train Accuracy:  1.0000 	Valid Loss:  0.7565 	 Valid Accuracy:  0.7857
Run: [5]	 Epoch: [21]	 Train Loss:  0.068991 	 Train Accuracy:  1.0000 	Valid Loss:  0.7376 	 Valid Accuracy:  0.7857
Run: [5]	 Epoch: [22]	 Train Loss:  0.070374 	 Train Accuracy:  1.0000 	Valid Loss:  0.7111 	 Valid Accuracy:  0.7857
Run: [5]	 Epoch: [23]	 Train Loss:  0.077768 	 Train Accuracy:  1.0000 	Valid Loss:  0.6898 	 Valid Accuracy:  0.7857
Run: [5]	 Epoch: [24]	 Train Loss:  0.052657 	 Train Accuracy:  1.0000 	Valid Loss:  0.6710 	 Valid Accuracy:  0.7857
Run: [5]	 Epoch: [25]	 Train Loss:  0.068139 	 Train Accuracy:  1.0000 	Valid Loss:  0.6592 	 Valid Accuracy:  0.7857
Run: [5]	 Epoch: [26]	 Train Loss:  0.048191 	 Train Accuracy:  1.0000 	Valid Loss:  0.6517 	 Valid Accuracy:  0.7857
Run: [5]	 Epoch: [27]	 Train Loss:  0.055727 	 Train Accuracy:  1.0000 	Valid Loss:  0.6384 	 Valid Accuracy:  0.7857
Run: [5]	 Epoch: [28]	 Train Loss:  0.044948 	 Train Accuracy:  1.0000 	Valid Loss:  0.6233 	 Valid Accuracy:  0.7857
Run: [5]	 Epoch: [29]	 Train Loss:  0.044704 	 Train Accuracy:  1.0000 	Valid Loss:  0.6037 	 Valid Accuracy:  0.7857
Run: [5]	 Epoch: [30]	 Train Loss:  0.036353 	 Train Accuracy:  1.0000 	Valid Loss:  0.5821 	 Valid Accuracy:  0.7857
Run: [5]	 Epoch: [31]	 Train Loss:  0.043182 	 Train Accuracy:  1.0000 	Valid Loss:  0.5696 	 Valid Accuracy:  0.7857
Run: [5]	 Epoch: [32]	 Train Loss:  0.065663 	 Train Accuracy:  1.0000 	Valid Loss:  0.5467 	 Valid Accuracy:  0.7857
Run: [5]	 Epoch: [33]	 Train Loss:  0.038821 	 Train Accuracy:  1.0000 	Valid Loss:  0.5197 	 Valid Accuracy:  0.7857
Run: [5]	 Epoch: [34]	 Train Loss:  0.032680 	 Train Accuracy:  1.0000 	Valid Loss:  0.4910 	 Valid Accuracy:  0.8571
Run: [5]	 Epoch: [35]	 Train Loss:  0.025893 	 Train Accuracy:  1.0000 	Valid Loss:  0.4522 	 Valid Accuracy:  0.8571
Run: [5]	 Epoch: [36]	 Train Loss:  0.026242 	 Train Accuracy:  1.0000 	Valid Loss:  0.4031 	 Valid Accuracy:  0.8571
Run: [5]	 Epoch: [37]	 Train Loss:  0.030214 	 Train Accuracy:  1.0000 	Valid Loss:  0.3408 	 Valid Accuracy:  0.8571
Run: [5]	 Epoch: [38]	 Train Loss:  0.020094 	 Train Accuracy:  1.0000 	Valid Loss:  0.2696 	 Valid Accuracy:  0.8571
Run: [5]	 Epoch: [39]	 Train Loss:  0.018333 	 Train Accuracy:  1.0000 	Valid Loss:  0.1986 	 Valid Accuracy:  0.8571
Run: [5]	 Epoch: [40]	 Train Loss:  0.040101 	 Train Accuracy:  1.0000 	Valid Loss:  0.1764 	 Valid Accuracy:  0.8571
Run: [5]	 Epoch: [41]	 Train Loss:  0.021157 	 Train Accuracy:  1.0000 	Valid Loss:  0.1549 	 Valid Accuracy:  0.8571
Run: [5]	 Epoch: [42]	 Train Loss:  0.019370 	 Train Accuracy:  1.0000 	Valid Loss:  0.1450 	 Valid Accuracy:  0.9286
Run: [5]	 Epoch: [43]	 Train Loss:  0.024628 	 Train Accuracy:  1.0000 	Valid Loss:  0.1364 	 Valid Accuracy:  0.9286
Run: [5]	 Epoch: [44]	 Train Loss:  0.032116 	 Train Accuracy:  1.0000 	Valid Loss:  0.1278 	 Valid Accuracy:  1.0000
Run: [5]	 Epoch: [45]	 Train Loss:  0.021892 	 Train Accuracy:  1.0000 	Valid Loss:  0.1128 	 Valid Accuracy:  1.0000
Run: [5]	 Epoch: [46]	 Train Loss:  0.030163 	 Train Accuracy:  1.0000 	Valid Loss:  0.1073 	 Valid Accuracy:  1.0000
Run: [5]	 Epoch: [47]	 Train Loss:  0.031364 	 Train Accuracy:  1.0000 	Valid Loss:  0.0994 	 Valid Accuracy:  1.0000
Run: [5]	 Epoch: [48]	 Train Loss:  0.015212 	 Train Accuracy:  1.0000 	Valid Loss:  0.0944 	 Valid Accuracy:  1.0000
Run: [5]	 Epoch: [49]	 Train Loss:  0.019478 	 Train Accuracy:  1.0000 	Valid Loss:  0.0760 	 Valid Accuracy:  1.0000
Run: [5]	 Epoch: [50]	 Train Loss:  0.019221 	 Train Accuracy:  1.0000 	Valid Loss:  0.0739 	 Valid Accuracy:  1.0000
Test Accuracy in run 5 is: 0.944444477558136
Total Train Accuracy after run 5 is: 1.0000
Total Test Accuracy after run 5 is: 0.9222
Best Test Accuracy in 5 runs is: 0.9444
Run: [6]	 Epoch: [1]	 Train Loss:  1.824382 	 Train Accuracy:  0.7778 	Valid Loss:  1.1234 	 Valid Accuracy:  0.5714
Run: [6]	 Epoch: [2]	 Train Loss:  0.726817 	 Train Accuracy:  0.9524 	Valid Loss:  0.5977 	 Valid Accuracy:  0.7857
Run: [6]	 Epoch: [3]	 Train Loss:  0.392484 	 Train Accuracy:  0.9683 	Valid Loss:  0.3922 	 Valid Accuracy:  0.8571
Run: [6]	 Epoch: [4]	 Train Loss:  0.331632 	 Train Accuracy:  0.9841 	Valid Loss:  0.4038 	 Valid Accuracy:  0.7857
Run: [6]	 Epoch: [5]	 Train Loss:  0.282334 	 Train Accuracy:  0.9921 	Valid Loss:  0.4076 	 Valid Accuracy:  0.7857
Run: [6]	 Epoch: [6]	 Train Loss:  0.228098 	 Train Accuracy:  1.0000 	Valid Loss:  0.4191 	 Valid Accuracy:  0.7857
Run: [6]	 Epoch: [7]	 Train Loss:  0.238001 	 Train Accuracy:  1.0000 	Valid Loss:  0.4557 	 Valid Accuracy:  0.7857
Run: [6]	 Epoch: [8]	 Train Loss:  0.223987 	 Train Accuracy:  1.0000 	Valid Loss:  0.5043 	 Valid Accuracy:  0.7857
Run: [6]	 Epoch: [9]	 Train Loss:  0.180351 	 Train Accuracy:  1.0000 	Valid Loss:  0.5520 	 Valid Accuracy:  0.7857
Run: [6]	 Epoch: [10]	 Train Loss:  0.140291 	 Train Accuracy:  1.0000 	Valid Loss:  0.5970 	 Valid Accuracy:  0.7857
Run: [6]	 Epoch: [11]	 Train Loss:  0.130125 	 Train Accuracy:  1.0000 	Valid Loss:  0.6305 	 Valid Accuracy:  0.7857
Run: [6]	 Epoch: [12]	 Train Loss:  0.138327 	 Train Accuracy:  1.0000 	Valid Loss:  0.6593 	 Valid Accuracy:  0.7857
Run: [6]	 Epoch: [13]	 Train Loss:  0.130410 	 Train Accuracy:  1.0000 	Valid Loss:  0.6807 	 Valid Accuracy:  0.7857
Run: [6]	 Epoch: [14]	 Train Loss:  0.086071 	 Train Accuracy:  1.0000 	Valid Loss:  0.6918 	 Valid Accuracy:  0.7857
Run: [6]	 Epoch: [15]	 Train Loss:  0.099409 	 Train Accuracy:  1.0000 	Valid Loss:  0.6998 	 Valid Accuracy:  0.7857
Run: [6]	 Epoch: [16]	 Train Loss:  0.103145 	 Train Accuracy:  1.0000 	Valid Loss:  0.7064 	 Valid Accuracy:  0.7857
Run: [6]	 Epoch: [17]	 Train Loss:  0.091184 	 Train Accuracy:  1.0000 	Valid Loss:  0.7154 	 Valid Accuracy:  0.7857
Run: [6]	 Epoch: [18]	 Train Loss:  0.071887 	 Train Accuracy:  1.0000 	Valid Loss:  0.7270 	 Valid Accuracy:  0.7857
Run: [6]	 Epoch: [19]	 Train Loss:  0.082743 	 Train Accuracy:  1.0000 	Valid Loss:  0.7405 	 Valid Accuracy:  0.7857
Run: [6]	 Epoch: [20]	 Train Loss:  0.102852 	 Train Accuracy:  1.0000 	Valid Loss:  0.7540 	 Valid Accuracy:  0.7857
Run: [6]	 Epoch: [21]	 Train Loss:  0.081721 	 Train Accuracy:  1.0000 	Valid Loss:  0.7709 	 Valid Accuracy:  0.7857
Run: [6]	 Epoch: [22]	 Train Loss:  0.059917 	 Train Accuracy:  1.0000 	Valid Loss:  0.7936 	 Valid Accuracy:  0.7857
Run: [6]	 Epoch: [23]	 Train Loss:  0.062493 	 Train Accuracy:  1.0000 	Valid Loss:  0.8161 	 Valid Accuracy:  0.7857
Run: [6]	 Epoch: [24]	 Train Loss:  0.047544 	 Train Accuracy:  1.0000 	Valid Loss:  0.8361 	 Valid Accuracy:  0.7857
Run: [6]	 Epoch: [25]	 Train Loss:  0.045935 	 Train Accuracy:  1.0000 	Valid Loss:  0.8572 	 Valid Accuracy:  0.7857
Run: [6]	 Epoch: [26]	 Train Loss:  0.062693 	 Train Accuracy:  1.0000 	Valid Loss:  0.8871 	 Valid Accuracy:  0.7857
Run: [6]	 Epoch: [27]	 Train Loss:  0.063557 	 Train Accuracy:  1.0000 	Valid Loss:  0.9162 	 Valid Accuracy:  0.7857
Run: [6]	 Epoch: [28]	 Train Loss:  0.045258 	 Train Accuracy:  1.0000 	Valid Loss:  0.9438 	 Valid Accuracy:  0.7857
Run: [6]	 Epoch: [29]	 Train Loss:  0.034965 	 Train Accuracy:  1.0000 	Valid Loss:  0.9664 	 Valid Accuracy:  0.7857
Run: [6]	 Epoch: [30]	 Train Loss:  0.024328 	 Train Accuracy:  1.0000 	Valid Loss:  0.9855 	 Valid Accuracy:  0.7857
Run: [6]	 Epoch: [31]	 Train Loss:  0.049811 	 Train Accuracy:  1.0000 	Valid Loss:  0.9982 	 Valid Accuracy:  0.7857
Run: [6]	 Epoch: [32]	 Train Loss:  0.033880 	 Train Accuracy:  1.0000 	Valid Loss:  1.0019 	 Valid Accuracy:  0.7857
Run: [6]	 Epoch: [33]	 Train Loss:  0.053621 	 Train Accuracy:  1.0000 	Valid Loss:  0.9974 	 Valid Accuracy:  0.7857
Run: [6]	 Epoch: [34]	 Train Loss:  0.026575 	 Train Accuracy:  1.0000 	Valid Loss:  0.9917 	 Valid Accuracy:  0.7857
Run: [6]	 Epoch: [35]	 Train Loss:  0.022917 	 Train Accuracy:  1.0000 	Valid Loss:  0.9823 	 Valid Accuracy:  0.7857
Run: [6]	 Epoch: [36]	 Train Loss:  0.028051 	 Train Accuracy:  1.0000 	Valid Loss:  0.9719 	 Valid Accuracy:  0.7857
Run: [6]	 Epoch: [37]	 Train Loss:  0.025926 	 Train Accuracy:  1.0000 	Valid Loss:  0.9661 	 Valid Accuracy:  0.7857
Run: [6]	 Epoch: [38]	 Train Loss:  0.023151 	 Train Accuracy:  1.0000 	Valid Loss:  0.9634 	 Valid Accuracy:  0.7857
Run: [6]	 Epoch: [39]	 Train Loss:  0.025358 	 Train Accuracy:  1.0000 	Valid Loss:  0.9570 	 Valid Accuracy:  0.7857
Run: [6]	 Epoch: [40]	 Train Loss:  0.023181 	 Train Accuracy:  1.0000 	Valid Loss:  0.9459 	 Valid Accuracy:  0.7857
Run: [6]	 Epoch: [41]	 Train Loss:  0.020116 	 Train Accuracy:  1.0000 	Valid Loss:  0.9365 	 Valid Accuracy:  0.7857
Run: [6]	 Epoch: [42]	 Train Loss:  0.029738 	 Train Accuracy:  1.0000 	Valid Loss:  0.9192 	 Valid Accuracy:  0.7857
Run: [6]	 Epoch: [43]	 Train Loss:  0.027014 	 Train Accuracy:  1.0000 	Valid Loss:  0.9067 	 Valid Accuracy:  0.7857
Run: [6]	 Epoch: [44]	 Train Loss:  0.026982 	 Train Accuracy:  1.0000 	Valid Loss:  0.9022 	 Valid Accuracy:  0.7857
Run: [6]	 Epoch: [45]	 Train Loss:  0.032228 	 Train Accuracy:  1.0000 	Valid Loss:  0.9054 	 Valid Accuracy:  0.7857
Run: [6]	 Epoch: [46]	 Train Loss:  0.020173 	 Train Accuracy:  1.0000 	Valid Loss:  0.9116 	 Valid Accuracy:  0.7857
Run: [6]	 Epoch: [47]	 Train Loss:  0.023034 	 Train Accuracy:  1.0000 	Valid Loss:  0.9301 	 Valid Accuracy:  0.7857
Run: [6]	 Epoch: [48]	 Train Loss:  0.023324 	 Train Accuracy:  1.0000 	Valid Loss:  0.9447 	 Valid Accuracy:  0.7857
Run: [6]	 Epoch: [49]	 Train Loss:  0.014799 	 Train Accuracy:  1.0000 	Valid Loss:  0.9765 	 Valid Accuracy:  0.7857
Run: [6]	 Epoch: [50]	 Train Loss:  0.013608 	 Train Accuracy:  1.0000 	Valid Loss:  1.0175 	 Valid Accuracy:  0.7857
Test Accuracy in run 6 is: 0.944444477558136
Total Train Accuracy after run 6 is: 1.0000
Total Test Accuracy after run 6 is: 0.9259
Best Test Accuracy in 6 runs is: 0.9444
Run: [7]	 Epoch: [1]	 Train Loss:  2.406922 	 Train Accuracy:  0.6746 	Valid Loss:  1.3546 	 Valid Accuracy:  0.5714
Run: [7]	 Epoch: [2]	 Train Loss:  0.959593 	 Train Accuracy:  0.8571 	Valid Loss:  0.4983 	 Valid Accuracy:  0.7857
Run: [7]	 Epoch: [3]	 Train Loss:  0.511864 	 Train Accuracy:  0.9762 	Valid Loss:  0.3219 	 Valid Accuracy:  1.0000
Run: [7]	 Epoch: [4]	 Train Loss:  0.364586 	 Train Accuracy:  1.0000 	Valid Loss:  0.3900 	 Valid Accuracy:  0.8571
Run: [7]	 Epoch: [5]	 Train Loss:  0.229257 	 Train Accuracy:  1.0000 	Valid Loss:  0.4951 	 Valid Accuracy:  0.8571
Run: [7]	 Epoch: [6]	 Train Loss:  0.203340 	 Train Accuracy:  1.0000 	Valid Loss:  0.5728 	 Valid Accuracy:  0.8571
Run: [7]	 Epoch: [7]	 Train Loss:  0.197828 	 Train Accuracy:  1.0000 	Valid Loss:  0.5661 	 Valid Accuracy:  0.8571
Run: [7]	 Epoch: [8]	 Train Loss:  0.143515 	 Train Accuracy:  1.0000 	Valid Loss:  0.5123 	 Valid Accuracy:  0.8571
Run: [7]	 Epoch: [9]	 Train Loss:  0.163100 	 Train Accuracy:  1.0000 	Valid Loss:  0.5312 	 Valid Accuracy:  0.8571
Run: [7]	 Epoch: [10]	 Train Loss:  0.172082 	 Train Accuracy:  1.0000 	Valid Loss:  0.5893 	 Valid Accuracy:  0.7857
Run: [7]	 Epoch: [11]	 Train Loss:  0.156279 	 Train Accuracy:  1.0000 	Valid Loss:  0.6335 	 Valid Accuracy:  0.7857
Run: [7]	 Epoch: [12]	 Train Loss:  0.124869 	 Train Accuracy:  1.0000 	Valid Loss:  0.6665 	 Valid Accuracy:  0.7857
Run: [7]	 Epoch: [13]	 Train Loss:  0.113817 	 Train Accuracy:  1.0000 	Valid Loss:  0.6833 	 Valid Accuracy:  0.7857
Run: [7]	 Epoch: [14]	 Train Loss:  0.136824 	 Train Accuracy:  1.0000 	Valid Loss:  0.6919 	 Valid Accuracy:  0.7857
Run: [7]	 Epoch: [15]	 Train Loss:  0.105560 	 Train Accuracy:  1.0000 	Valid Loss:  0.7049 	 Valid Accuracy:  0.7857
Run: [7]	 Epoch: [16]	 Train Loss:  0.119845 	 Train Accuracy:  1.0000 	Valid Loss:  0.7198 	 Valid Accuracy:  0.7857
Run: [7]	 Epoch: [17]	 Train Loss:  0.085951 	 Train Accuracy:  1.0000 	Valid Loss:  0.7340 	 Valid Accuracy:  0.7857
Run: [7]	 Epoch: [18]	 Train Loss:  0.104480 	 Train Accuracy:  1.0000 	Valid Loss:  0.7523 	 Valid Accuracy:  0.7857
Run: [7]	 Epoch: [19]	 Train Loss:  0.098542 	 Train Accuracy:  1.0000 	Valid Loss:  0.7707 	 Valid Accuracy:  0.7857
Run: [7]	 Epoch: [20]	 Train Loss:  0.073058 	 Train Accuracy:  1.0000 	Valid Loss:  0.7909 	 Valid Accuracy:  0.7857
Run: [7]	 Epoch: [21]	 Train Loss:  0.084857 	 Train Accuracy:  1.0000 	Valid Loss:  0.8123 	 Valid Accuracy:  0.7857
Run: [7]	 Epoch: [22]	 Train Loss:  0.078185 	 Train Accuracy:  1.0000 	Valid Loss:  0.8301 	 Valid Accuracy:  0.7857
Run: [7]	 Epoch: [23]	 Train Loss:  0.067255 	 Train Accuracy:  1.0000 	Valid Loss:  0.8570 	 Valid Accuracy:  0.7857
Run: [7]	 Epoch: [24]	 Train Loss:  0.078402 	 Train Accuracy:  1.0000 	Valid Loss:  0.8805 	 Valid Accuracy:  0.7857
Run: [7]	 Epoch: [25]	 Train Loss:  0.084255 	 Train Accuracy:  1.0000 	Valid Loss:  0.9034 	 Valid Accuracy:  0.7857
Run: [7]	 Epoch: [26]	 Train Loss:  0.078487 	 Train Accuracy:  1.0000 	Valid Loss:  0.9265 	 Valid Accuracy:  0.7857
Run: [7]	 Epoch: [27]	 Train Loss:  0.075470 	 Train Accuracy:  1.0000 	Valid Loss:  0.9358 	 Valid Accuracy:  0.7857
Run: [7]	 Epoch: [28]	 Train Loss:  0.052053 	 Train Accuracy:  1.0000 	Valid Loss:  0.9466 	 Valid Accuracy:  0.7857
Run: [7]	 Epoch: [29]	 Train Loss:  0.046817 	 Train Accuracy:  1.0000 	Valid Loss:  0.9518 	 Valid Accuracy:  0.7857
Run: [7]	 Epoch: [30]	 Train Loss:  0.070950 	 Train Accuracy:  1.0000 	Valid Loss:  0.9525 	 Valid Accuracy:  0.7857
Run: [7]	 Epoch: [31]	 Train Loss:  0.052701 	 Train Accuracy:  1.0000 	Valid Loss:  0.9550 	 Valid Accuracy:  0.7857
Run: [7]	 Epoch: [32]	 Train Loss:  0.051517 	 Train Accuracy:  1.0000 	Valid Loss:  0.9497 	 Valid Accuracy:  0.7857
Run: [7]	 Epoch: [33]	 Train Loss:  0.044907 	 Train Accuracy:  1.0000 	Valid Loss:  0.9562 	 Valid Accuracy:  0.7857
Run: [7]	 Epoch: [34]	 Train Loss:  0.066623 	 Train Accuracy:  1.0000 	Valid Loss:  0.9658 	 Valid Accuracy:  0.7857
Run: [7]	 Epoch: [35]	 Train Loss:  0.056103 	 Train Accuracy:  1.0000 	Valid Loss:  0.9628 	 Valid Accuracy:  0.7857
Run: [7]	 Epoch: [36]	 Train Loss:  0.056895 	 Train Accuracy:  1.0000 	Valid Loss:  0.9620 	 Valid Accuracy:  0.7857
Run: [7]	 Epoch: [37]	 Train Loss:  0.055768 	 Train Accuracy:  1.0000 	Valid Loss:  0.9704 	 Valid Accuracy:  0.7857
Run: [7]	 Epoch: [38]	 Train Loss:  0.063543 	 Train Accuracy:  1.0000 	Valid Loss:  1.0065 	 Valid Accuracy:  0.7857
Run: [7]	 Epoch: [39]	 Train Loss:  0.057363 	 Train Accuracy:  1.0000 	Valid Loss:  1.0544 	 Valid Accuracy:  0.7857
Run: [7]	 Epoch: [40]	 Train Loss:  0.045775 	 Train Accuracy:  1.0000 	Valid Loss:  1.0960 	 Valid Accuracy:  0.7857
Run: [7]	 Epoch: [41]	 Train Loss:  0.042303 	 Train Accuracy:  1.0000 	Valid Loss:  1.1288 	 Valid Accuracy:  0.7857
Run: [7]	 Epoch: [42]	 Train Loss:  0.051020 	 Train Accuracy:  1.0000 	Valid Loss:  1.0533 	 Valid Accuracy:  0.7857
Run: [7]	 Epoch: [43]	 Train Loss:  0.027483 	 Train Accuracy:  1.0000 	Valid Loss:  0.9914 	 Valid Accuracy:  0.7857
Run: [7]	 Epoch: [44]	 Train Loss:  0.043954 	 Train Accuracy:  1.0000 	Valid Loss:  0.9364 	 Valid Accuracy:  0.7857
Run: [7]	 Epoch: [45]	 Train Loss:  0.046112 	 Train Accuracy:  1.0000 	Valid Loss:  0.9069 	 Valid Accuracy:  0.7857
Run: [7]	 Epoch: [46]	 Train Loss:  0.064570 	 Train Accuracy:  1.0000 	Valid Loss:  0.8771 	 Valid Accuracy:  0.7857
Run: [7]	 Epoch: [47]	 Train Loss:  0.032183 	 Train Accuracy:  1.0000 	Valid Loss:  0.8711 	 Valid Accuracy:  0.7857
Run: [7]	 Epoch: [48]	 Train Loss:  0.028960 	 Train Accuracy:  1.0000 	Valid Loss:  0.8762 	 Valid Accuracy:  0.7857
Run: [7]	 Epoch: [49]	 Train Loss:  0.031718 	 Train Accuracy:  1.0000 	Valid Loss:  0.8397 	 Valid Accuracy:  0.7857
Run: [7]	 Epoch: [50]	 Train Loss:  0.052882 	 Train Accuracy:  1.0000 	Valid Loss:  0.8313 	 Valid Accuracy:  0.7857
Test Accuracy in run 7 is: 0.9166666865348816
Total Train Accuracy after run 7 is: 1.0000
Total Test Accuracy after run 7 is: 0.9246
Best Test Accuracy in 7 runs is: 0.9444
Run: [8]	 Epoch: [1]	 Train Loss:  1.705244 	 Train Accuracy:  0.7778 	Valid Loss:  0.9946 	 Valid Accuracy:  0.6429
Run: [8]	 Epoch: [2]	 Train Loss:  0.827084 	 Train Accuracy:  0.8889 	Valid Loss:  0.7193 	 Valid Accuracy:  0.6429
Run: [8]	 Epoch: [3]	 Train Loss:  0.508155 	 Train Accuracy:  0.9841 	Valid Loss:  0.5123 	 Valid Accuracy:  0.7857
Run: [8]	 Epoch: [4]	 Train Loss:  0.377510 	 Train Accuracy:  1.0000 	Valid Loss:  0.4800 	 Valid Accuracy:  0.7857
Run: [8]	 Epoch: [5]	 Train Loss:  0.316184 	 Train Accuracy:  1.0000 	Valid Loss:  0.5040 	 Valid Accuracy:  0.7857
Run: [8]	 Epoch: [6]	 Train Loss:  0.229413 	 Train Accuracy:  1.0000 	Valid Loss:  0.6002 	 Valid Accuracy:  0.7143
Run: [8]	 Epoch: [7]	 Train Loss:  0.190506 	 Train Accuracy:  1.0000 	Valid Loss:  0.6795 	 Valid Accuracy:  0.7143
Run: [8]	 Epoch: [8]	 Train Loss:  0.163862 	 Train Accuracy:  1.0000 	Valid Loss:  0.7374 	 Valid Accuracy:  0.7143
Run: [8]	 Epoch: [9]	 Train Loss:  0.158479 	 Train Accuracy:  1.0000 	Valid Loss:  0.7861 	 Valid Accuracy:  0.7143
Run: [8]	 Epoch: [10]	 Train Loss:  0.141091 	 Train Accuracy:  1.0000 	Valid Loss:  0.8343 	 Valid Accuracy:  0.7143
Run: [8]	 Epoch: [11]	 Train Loss:  0.124208 	 Train Accuracy:  1.0000 	Valid Loss:  0.8931 	 Valid Accuracy:  0.7143
Run: [8]	 Epoch: [12]	 Train Loss:  0.134490 	 Train Accuracy:  1.0000 	Valid Loss:  0.9447 	 Valid Accuracy:  0.7143
Run: [8]	 Epoch: [13]	 Train Loss:  0.099854 	 Train Accuracy:  1.0000 	Valid Loss:  0.9947 	 Valid Accuracy:  0.7143
Run: [8]	 Epoch: [14]	 Train Loss:  0.100238 	 Train Accuracy:  1.0000 	Valid Loss:  1.0286 	 Valid Accuracy:  0.7143
Run: [8]	 Epoch: [15]	 Train Loss:  0.094205 	 Train Accuracy:  1.0000 	Valid Loss:  1.0568 	 Valid Accuracy:  0.7143
Run: [8]	 Epoch: [16]	 Train Loss:  0.091237 	 Train Accuracy:  1.0000 	Valid Loss:  1.0738 	 Valid Accuracy:  0.7143
Run: [8]	 Epoch: [17]	 Train Loss:  0.075201 	 Train Accuracy:  1.0000 	Valid Loss:  1.0931 	 Valid Accuracy:  0.7143
Run: [8]	 Epoch: [18]	 Train Loss:  0.076645 	 Train Accuracy:  1.0000 	Valid Loss:  1.0954 	 Valid Accuracy:  0.7143
Run: [8]	 Epoch: [19]	 Train Loss:  0.049090 	 Train Accuracy:  1.0000 	Valid Loss:  1.0901 	 Valid Accuracy:  0.7143
Run: [8]	 Epoch: [20]	 Train Loss:  0.045920 	 Train Accuracy:  1.0000 	Valid Loss:  1.0712 	 Valid Accuracy:  0.7143
Run: [8]	 Epoch: [21]	 Train Loss:  0.068861 	 Train Accuracy:  1.0000 	Valid Loss:  1.0353 	 Valid Accuracy:  0.7143
Run: [8]	 Epoch: [22]	 Train Loss:  0.052379 	 Train Accuracy:  1.0000 	Valid Loss:  0.9827 	 Valid Accuracy:  0.7143
Run: [8]	 Epoch: [23]	 Train Loss:  0.048722 	 Train Accuracy:  1.0000 	Valid Loss:  0.9298 	 Valid Accuracy:  0.7143
Run: [8]	 Epoch: [24]	 Train Loss:  0.044951 	 Train Accuracy:  1.0000 	Valid Loss:  0.8835 	 Valid Accuracy:  0.7143
Run: [8]	 Epoch: [25]	 Train Loss:  0.031711 	 Train Accuracy:  1.0000 	Valid Loss:  0.8394 	 Valid Accuracy:  0.7143
Run: [8]	 Epoch: [26]	 Train Loss:  0.027983 	 Train Accuracy:  1.0000 	Valid Loss:  0.7843 	 Valid Accuracy:  0.7143
Run: [8]	 Epoch: [27]	 Train Loss:  0.046126 	 Train Accuracy:  1.0000 	Valid Loss:  0.7411 	 Valid Accuracy:  0.7857
Run: [8]	 Epoch: [28]	 Train Loss:  0.034212 	 Train Accuracy:  1.0000 	Valid Loss:  0.6970 	 Valid Accuracy:  0.7857
Run: [8]	 Epoch: [29]	 Train Loss:  0.022088 	 Train Accuracy:  1.0000 	Valid Loss:  0.6661 	 Valid Accuracy:  0.7857
Run: [8]	 Epoch: [30]	 Train Loss:  0.041901 	 Train Accuracy:  1.0000 	Valid Loss:  0.6536 	 Valid Accuracy:  0.7857
Run: [8]	 Epoch: [31]	 Train Loss:  0.019682 	 Train Accuracy:  1.0000 	Valid Loss:  0.6440 	 Valid Accuracy:  0.7857
Run: [8]	 Epoch: [32]	 Train Loss:  0.035241 	 Train Accuracy:  1.0000 	Valid Loss:  0.6571 	 Valid Accuracy:  0.7143
Run: [8]	 Epoch: [33]	 Train Loss:  0.026411 	 Train Accuracy:  1.0000 	Valid Loss:  0.6928 	 Valid Accuracy:  0.7143
Run: [8]	 Epoch: [34]	 Train Loss:  0.034495 	 Train Accuracy:  1.0000 	Valid Loss:  0.7222 	 Valid Accuracy:  0.7143
Run: [8]	 Epoch: [35]	 Train Loss:  0.034281 	 Train Accuracy:  1.0000 	Valid Loss:  0.7440 	 Valid Accuracy:  0.7143
Run: [8]	 Epoch: [36]	 Train Loss:  0.014910 	 Train Accuracy:  1.0000 	Valid Loss:  0.7714 	 Valid Accuracy:  0.7143
Run: [8]	 Epoch: [37]	 Train Loss:  0.024219 	 Train Accuracy:  1.0000 	Valid Loss:  0.7954 	 Valid Accuracy:  0.7143
Run: [8]	 Epoch: [38]	 Train Loss:  0.027366 	 Train Accuracy:  1.0000 	Valid Loss:  0.7987 	 Valid Accuracy:  0.7143
Run: [8]	 Epoch: [39]	 Train Loss:  0.017081 	 Train Accuracy:  1.0000 	Valid Loss:  0.7906 	 Valid Accuracy:  0.7143
Run: [8]	 Epoch: [40]	 Train Loss:  0.025028 	 Train Accuracy:  1.0000 	Valid Loss:  0.7475 	 Valid Accuracy:  0.7857
Run: [8]	 Epoch: [41]	 Train Loss:  0.010528 	 Train Accuracy:  1.0000 	Valid Loss:  0.6968 	 Valid Accuracy:  0.7857
Run: [8]	 Epoch: [42]	 Train Loss:  0.009521 	 Train Accuracy:  1.0000 	Valid Loss:  0.6461 	 Valid Accuracy:  0.7857
Run: [8]	 Epoch: [43]	 Train Loss:  0.019806 	 Train Accuracy:  1.0000 	Valid Loss:  0.5993 	 Valid Accuracy:  0.7857
Run: [8]	 Epoch: [44]	 Train Loss:  0.038819 	 Train Accuracy:  1.0000 	Valid Loss:  0.6280 	 Valid Accuracy:  0.7857
Run: [8]	 Epoch: [45]	 Train Loss:  0.021245 	 Train Accuracy:  1.0000 	Valid Loss:  0.6990 	 Valid Accuracy:  0.7857
Run: [8]	 Epoch: [46]	 Train Loss:  0.016989 	 Train Accuracy:  1.0000 	Valid Loss:  0.7403 	 Valid Accuracy:  0.7857
Run: [8]	 Epoch: [47]	 Train Loss:  0.023101 	 Train Accuracy:  1.0000 	Valid Loss:  0.8516 	 Valid Accuracy:  0.7143
Run: [8]	 Epoch: [48]	 Train Loss:  0.023618 	 Train Accuracy:  1.0000 	Valid Loss:  1.0981 	 Valid Accuracy:  0.7143
Run: [8]	 Epoch: [49]	 Train Loss:  0.015355 	 Train Accuracy:  1.0000 	Valid Loss:  1.4096 	 Valid Accuracy:  0.7143
Run: [8]	 Epoch: [50]	 Train Loss:  0.022064 	 Train Accuracy:  1.0000 	Valid Loss:  1.5698 	 Valid Accuracy:  0.7143
Test Accuracy in run 8 is: 0.944444477558136
Total Train Accuracy after run 8 is: 1.0000
Total Test Accuracy after run 8 is: 0.9271
Best Test Accuracy in 8 runs is: 0.9444
Run: [9]	 Epoch: [1]	 Train Loss:  1.559178 	 Train Accuracy:  0.7381 	Valid Loss:  0.9636 	 Valid Accuracy:  0.6429
Run: [9]	 Epoch: [2]	 Train Loss:  0.803812 	 Train Accuracy:  0.9683 	Valid Loss:  0.7018 	 Valid Accuracy:  0.7143
Run: [9]	 Epoch: [3]	 Train Loss:  0.517905 	 Train Accuracy:  0.9683 	Valid Loss:  0.4043 	 Valid Accuracy:  0.8571
Run: [9]	 Epoch: [4]	 Train Loss:  0.352423 	 Train Accuracy:  0.9841 	Valid Loss:  0.4541 	 Valid Accuracy:  0.7857
Run: [9]	 Epoch: [5]	 Train Loss:  0.284872 	 Train Accuracy:  1.0000 	Valid Loss:  0.4617 	 Valid Accuracy:  0.7857
Run: [9]	 Epoch: [6]	 Train Loss:  0.248414 	 Train Accuracy:  1.0000 	Valid Loss:  0.4417 	 Valid Accuracy:  0.7857
Run: [9]	 Epoch: [7]	 Train Loss:  0.234567 	 Train Accuracy:  1.0000 	Valid Loss:  0.4116 	 Valid Accuracy:  0.7857
Run: [9]	 Epoch: [8]	 Train Loss:  0.208779 	 Train Accuracy:  1.0000 	Valid Loss:  0.3942 	 Valid Accuracy:  0.7857
Run: [9]	 Epoch: [9]	 Train Loss:  0.168846 	 Train Accuracy:  1.0000 	Valid Loss:  0.3963 	 Valid Accuracy:  0.7857
Run: [9]	 Epoch: [10]	 Train Loss:  0.157683 	 Train Accuracy:  1.0000 	Valid Loss:  0.4021 	 Valid Accuracy:  0.7143
Run: [9]	 Epoch: [11]	 Train Loss:  0.125706 	 Train Accuracy:  1.0000 	Valid Loss:  0.4197 	 Valid Accuracy:  0.7857
Run: [9]	 Epoch: [12]	 Train Loss:  0.139731 	 Train Accuracy:  1.0000 	Valid Loss:  0.4412 	 Valid Accuracy:  0.7857
Run: [9]	 Epoch: [13]	 Train Loss:  0.106535 	 Train Accuracy:  1.0000 	Valid Loss:  0.4551 	 Valid Accuracy:  0.7857
Run: [9]	 Epoch: [14]	 Train Loss:  0.106312 	 Train Accuracy:  1.0000 	Valid Loss:  0.4632 	 Valid Accuracy:  0.7857
Run: [9]	 Epoch: [15]	 Train Loss:  0.118185 	 Train Accuracy:  1.0000 	Valid Loss:  0.4667 	 Valid Accuracy:  0.8571
Run: [9]	 Epoch: [16]	 Train Loss:  0.105114 	 Train Accuracy:  1.0000 	Valid Loss:  0.4761 	 Valid Accuracy:  0.8571
Run: [9]	 Epoch: [17]	 Train Loss:  0.074390 	 Train Accuracy:  1.0000 	Valid Loss:  0.4840 	 Valid Accuracy:  0.8571
Run: [9]	 Epoch: [18]	 Train Loss:  0.071631 	 Train Accuracy:  1.0000 	Valid Loss:  0.4840 	 Valid Accuracy:  0.7857
Run: [9]	 Epoch: [19]	 Train Loss:  0.078904 	 Train Accuracy:  1.0000 	Valid Loss:  0.4729 	 Valid Accuracy:  0.8571
Run: [9]	 Epoch: [20]	 Train Loss:  0.074536 	 Train Accuracy:  1.0000 	Valid Loss:  0.4624 	 Valid Accuracy:  0.9286
Run: [9]	 Epoch: [21]	 Train Loss:  0.064747 	 Train Accuracy:  1.0000 	Valid Loss:  0.4588 	 Valid Accuracy:  0.9286
Run: [9]	 Epoch: [22]	 Train Loss:  0.053848 	 Train Accuracy:  1.0000 	Valid Loss:  0.4509 	 Valid Accuracy:  0.9286
Run: [9]	 Epoch: [23]	 Train Loss:  0.051135 	 Train Accuracy:  1.0000 	Valid Loss:  0.4447 	 Valid Accuracy:  0.9286
Run: [9]	 Epoch: [24]	 Train Loss:  0.052832 	 Train Accuracy:  1.0000 	Valid Loss:  0.4436 	 Valid Accuracy:  0.9286
Run: [9]	 Epoch: [25]	 Train Loss:  0.045034 	 Train Accuracy:  1.0000 	Valid Loss:  0.4464 	 Valid Accuracy:  0.8571
Run: [9]	 Epoch: [26]	 Train Loss:  0.039415 	 Train Accuracy:  1.0000 	Valid Loss:  0.4562 	 Valid Accuracy:  0.8571
Run: [9]	 Epoch: [27]	 Train Loss:  0.051862 	 Train Accuracy:  1.0000 	Valid Loss:  0.4700 	 Valid Accuracy:  0.8571
Run: [9]	 Epoch: [28]	 Train Loss:  0.059719 	 Train Accuracy:  1.0000 	Valid Loss:  0.4766 	 Valid Accuracy:  0.8571
Run: [9]	 Epoch: [29]	 Train Loss:  0.028840 	 Train Accuracy:  1.0000 	Valid Loss:  0.4787 	 Valid Accuracy:  0.8571
Run: [9]	 Epoch: [30]	 Train Loss:  0.044780 	 Train Accuracy:  1.0000 	Valid Loss:  0.4782 	 Valid Accuracy:  0.8571
Run: [9]	 Epoch: [31]	 Train Loss:  0.041990 	 Train Accuracy:  1.0000 	Valid Loss:  0.4829 	 Valid Accuracy:  0.9286
Run: [9]	 Epoch: [32]	 Train Loss:  0.030939 	 Train Accuracy:  1.0000 	Valid Loss:  0.4913 	 Valid Accuracy:  0.9286
Run: [9]	 Epoch: [33]	 Train Loss:  0.033743 	 Train Accuracy:  1.0000 	Valid Loss:  0.5063 	 Valid Accuracy:  0.9286
Run: [9]	 Epoch: [34]	 Train Loss:  0.036432 	 Train Accuracy:  1.0000 	Valid Loss:  0.4927 	 Valid Accuracy:  0.9286
Run: [9]	 Epoch: [35]	 Train Loss:  0.026268 	 Train Accuracy:  1.0000 	Valid Loss:  0.4832 	 Valid Accuracy:  0.9286
Run: [9]	 Epoch: [36]	 Train Loss:  0.020489 	 Train Accuracy:  1.0000 	Valid Loss:  0.4822 	 Valid Accuracy:  0.9286
Run: [9]	 Epoch: [37]	 Train Loss:  0.017557 	 Train Accuracy:  1.0000 	Valid Loss:  0.4760 	 Valid Accuracy:  0.9286
Run: [9]	 Epoch: [38]	 Train Loss:  0.024955 	 Train Accuracy:  1.0000 	Valid Loss:  0.4726 	 Valid Accuracy:  0.9286
Run: [9]	 Epoch: [39]	 Train Loss:  0.024642 	 Train Accuracy:  1.0000 	Valid Loss:  0.4704 	 Valid Accuracy:  0.9286
Run: [9]	 Epoch: [40]	 Train Loss:  0.014987 	 Train Accuracy:  1.0000 	Valid Loss:  0.4668 	 Valid Accuracy:  0.9286
Run: [9]	 Epoch: [41]	 Train Loss:  0.027647 	 Train Accuracy:  1.0000 	Valid Loss:  0.4664 	 Valid Accuracy:  0.9286
Run: [9]	 Epoch: [42]	 Train Loss:  0.014896 	 Train Accuracy:  1.0000 	Valid Loss:  0.4566 	 Valid Accuracy:  0.9286
Run: [9]	 Epoch: [43]	 Train Loss:  0.012490 	 Train Accuracy:  1.0000 	Valid Loss:  0.4534 	 Valid Accuracy:  0.9286
Run: [9]	 Epoch: [44]	 Train Loss:  0.017083 	 Train Accuracy:  1.0000 	Valid Loss:  0.4591 	 Valid Accuracy:  0.9286
Run: [9]	 Epoch: [45]	 Train Loss:  0.031407 	 Train Accuracy:  1.0000 	Valid Loss:  0.4653 	 Valid Accuracy:  0.9286
Run: [9]	 Epoch: [46]	 Train Loss:  0.013140 	 Train Accuracy:  1.0000 	Valid Loss:  0.4756 	 Valid Accuracy:  0.9286
Run: [9]	 Epoch: [47]	 Train Loss:  0.010833 	 Train Accuracy:  1.0000 	Valid Loss:  0.4815 	 Valid Accuracy:  0.9286
Run: [9]	 Epoch: [48]	 Train Loss:  0.019390 	 Train Accuracy:  1.0000 	Valid Loss:  0.4965 	 Valid Accuracy:  0.9286
Run: [9]	 Epoch: [49]	 Train Loss:  0.026648 	 Train Accuracy:  1.0000 	Valid Loss:  0.5207 	 Valid Accuracy:  0.9286
Run: [9]	 Epoch: [50]	 Train Loss:  0.011635 	 Train Accuracy:  1.0000 	Valid Loss:  0.5577 	 Valid Accuracy:  0.9286
Test Accuracy in run 9 is: 0.9722222089767456
Total Train Accuracy after run 9 is: 1.0000
Total Test Accuracy after run 9 is: 0.9321
Best Test Accuracy in 9 runs is: 0.9444
Run: [10]	 Epoch: [1]	 Train Loss:  1.556550 	 Train Accuracy:  0.7698 	Valid Loss:  1.1480 	 Valid Accuracy:  0.6429
Run: [10]	 Epoch: [2]	 Train Loss:  0.853438 	 Train Accuracy:  0.9444 	Valid Loss:  0.9048 	 Valid Accuracy:  0.5714
Run: [10]	 Epoch: [3]	 Train Loss:  0.544804 	 Train Accuracy:  0.9444 	Valid Loss:  0.6249 	 Valid Accuracy:  0.7857
Run: [10]	 Epoch: [4]	 Train Loss:  0.365624 	 Train Accuracy:  0.9762 	Valid Loss:  0.6071 	 Valid Accuracy:  0.7857
Run: [10]	 Epoch: [5]	 Train Loss:  0.296591 	 Train Accuracy:  0.9841 	Valid Loss:  0.5527 	 Valid Accuracy:  0.7143
Run: [10]	 Epoch: [6]	 Train Loss:  0.214044 	 Train Accuracy:  0.9841 	Valid Loss:  0.4576 	 Valid Accuracy:  0.8571
Run: [10]	 Epoch: [7]	 Train Loss:  0.192822 	 Train Accuracy:  0.9921 	Valid Loss:  0.3857 	 Valid Accuracy:  0.8571
Run: [10]	 Epoch: [8]	 Train Loss:  0.156217 	 Train Accuracy:  1.0000 	Valid Loss:  0.3430 	 Valid Accuracy:  0.8571
Run: [10]	 Epoch: [9]	 Train Loss:  0.148573 	 Train Accuracy:  1.0000 	Valid Loss:  0.3156 	 Valid Accuracy:  0.8571
Run: [10]	 Epoch: [10]	 Train Loss:  0.129907 	 Train Accuracy:  1.0000 	Valid Loss:  0.2951 	 Valid Accuracy:  0.8571
Run: [10]	 Epoch: [11]	 Train Loss:  0.153746 	 Train Accuracy:  1.0000 	Valid Loss:  0.2750 	 Valid Accuracy:  0.9286
Run: [10]	 Epoch: [12]	 Train Loss:  0.132046 	 Train Accuracy:  1.0000 	Valid Loss:  0.2504 	 Valid Accuracy:  0.9286
Run: [10]	 Epoch: [13]	 Train Loss:  0.111587 	 Train Accuracy:  1.0000 	Valid Loss:  0.2318 	 Valid Accuracy:  0.9286
Run: [10]	 Epoch: [14]	 Train Loss:  0.081984 	 Train Accuracy:  1.0000 	Valid Loss:  0.2207 	 Valid Accuracy:  0.9286
Run: [10]	 Epoch: [15]	 Train Loss:  0.077690 	 Train Accuracy:  1.0000 	Valid Loss:  0.2158 	 Valid Accuracy:  0.9286
Run: [10]	 Epoch: [16]	 Train Loss:  0.060178 	 Train Accuracy:  1.0000 	Valid Loss:  0.2152 	 Valid Accuracy:  0.9286
Run: [10]	 Epoch: [17]	 Train Loss:  0.084535 	 Train Accuracy:  1.0000 	Valid Loss:  0.2220 	 Valid Accuracy:  0.8571
Run: [10]	 Epoch: [18]	 Train Loss:  0.075630 	 Train Accuracy:  1.0000 	Valid Loss:  0.2381 	 Valid Accuracy:  0.8571
Run: [10]	 Epoch: [19]	 Train Loss:  0.047575 	 Train Accuracy:  1.0000 	Valid Loss:  0.2636 	 Valid Accuracy:  0.8571
Run: [10]	 Epoch: [20]	 Train Loss:  0.047583 	 Train Accuracy:  1.0000 	Valid Loss:  0.2964 	 Valid Accuracy:  0.8571
Run: [10]	 Epoch: [21]	 Train Loss:  0.053024 	 Train Accuracy:  1.0000 	Valid Loss:  0.3257 	 Valid Accuracy:  0.8571
Run: [10]	 Epoch: [22]	 Train Loss:  0.062089 	 Train Accuracy:  1.0000 	Valid Loss:  0.3518 	 Valid Accuracy:  0.8571
Run: [10]	 Epoch: [23]	 Train Loss:  0.029384 	 Train Accuracy:  1.0000 	Valid Loss:  0.3747 	 Valid Accuracy:  0.7857
Run: [10]	 Epoch: [24]	 Train Loss:  0.036468 	 Train Accuracy:  1.0000 	Valid Loss:  0.3979 	 Valid Accuracy:  0.7857
Run: [10]	 Epoch: [25]	 Train Loss:  0.039165 	 Train Accuracy:  1.0000 	Valid Loss:  0.4197 	 Valid Accuracy:  0.8571
Run: [10]	 Epoch: [26]	 Train Loss:  0.036430 	 Train Accuracy:  1.0000 	Valid Loss:  0.4430 	 Valid Accuracy:  0.8571
Run: [10]	 Epoch: [27]	 Train Loss:  0.044328 	 Train Accuracy:  1.0000 	Valid Loss:  0.4677 	 Valid Accuracy:  0.8571
Run: [10]	 Epoch: [28]	 Train Loss:  0.051713 	 Train Accuracy:  1.0000 	Valid Loss:  0.4858 	 Valid Accuracy:  0.8571
Run: [10]	 Epoch: [29]	 Train Loss:  0.043900 	 Train Accuracy:  1.0000 	Valid Loss:  0.5038 	 Valid Accuracy:  0.8571
Run: [10]	 Epoch: [30]	 Train Loss:  0.053061 	 Train Accuracy:  1.0000 	Valid Loss:  0.5199 	 Valid Accuracy:  0.8571
Run: [10]	 Epoch: [31]	 Train Loss:  0.019931 	 Train Accuracy:  1.0000 	Valid Loss:  0.5340 	 Valid Accuracy:  0.8571
Run: [10]	 Epoch: [32]	 Train Loss:  0.024864 	 Train Accuracy:  1.0000 	Valid Loss:  0.5496 	 Valid Accuracy:  0.8571
Run: [10]	 Epoch: [33]	 Train Loss:  0.046771 	 Train Accuracy:  1.0000 	Valid Loss:  0.5618 	 Valid Accuracy:  0.8571
Run: [10]	 Epoch: [34]	 Train Loss:  0.035805 	 Train Accuracy:  1.0000 	Valid Loss:  0.5779 	 Valid Accuracy:  0.8571
Run: [10]	 Epoch: [35]	 Train Loss:  0.018556 	 Train Accuracy:  1.0000 	Valid Loss:  0.5929 	 Valid Accuracy:  0.8571
Run: [10]	 Epoch: [36]	 Train Loss:  0.026545 	 Train Accuracy:  1.0000 	Valid Loss:  0.6094 	 Valid Accuracy:  0.8571
Run: [10]	 Epoch: [37]	 Train Loss:  0.031650 	 Train Accuracy:  1.0000 	Valid Loss:  0.6223 	 Valid Accuracy:  0.8571
Run: [10]	 Epoch: [38]	 Train Loss:  0.020774 	 Train Accuracy:  1.0000 	Valid Loss:  0.6380 	 Valid Accuracy:  0.8571
Run: [10]	 Epoch: [39]	 Train Loss:  0.022258 	 Train Accuracy:  1.0000 	Valid Loss:  0.6529 	 Valid Accuracy:  0.8571
Run: [10]	 Epoch: [40]	 Train Loss:  0.027996 	 Train Accuracy:  1.0000 	Valid Loss:  0.6665 	 Valid Accuracy:  0.8571
Run: [10]	 Epoch: [41]	 Train Loss:  0.034443 	 Train Accuracy:  1.0000 	Valid Loss:  0.6797 	 Valid Accuracy:  0.8571
Run: [10]	 Epoch: [42]	 Train Loss:  0.038580 	 Train Accuracy:  1.0000 	Valid Loss:  0.6895 	 Valid Accuracy:  0.8571
Run: [10]	 Epoch: [43]	 Train Loss:  0.028765 	 Train Accuracy:  1.0000 	Valid Loss:  0.7035 	 Valid Accuracy:  0.8571
Run: [10]	 Epoch: [44]	 Train Loss:  0.019758 	 Train Accuracy:  1.0000 	Valid Loss:  0.7146 	 Valid Accuracy:  0.8571
Run: [10]	 Epoch: [45]	 Train Loss:  0.015842 	 Train Accuracy:  1.0000 	Valid Loss:  0.7282 	 Valid Accuracy:  0.8571
Run: [10]	 Epoch: [46]	 Train Loss:  0.022691 	 Train Accuracy:  1.0000 	Valid Loss:  0.7420 	 Valid Accuracy:  0.8571
Run: [10]	 Epoch: [47]	 Train Loss:  0.020906 	 Train Accuracy:  1.0000 	Valid Loss:  0.7625 	 Valid Accuracy:  0.8571
Run: [10]	 Epoch: [48]	 Train Loss:  0.024459 	 Train Accuracy:  1.0000 	Valid Loss:  0.7846 	 Valid Accuracy:  0.8571
Run: [10]	 Epoch: [49]	 Train Loss:  0.015509 	 Train Accuracy:  1.0000 	Valid Loss:  0.7969 	 Valid Accuracy:  0.8571
Run: [10]	 Epoch: [50]	 Train Loss:  0.018939 	 Train Accuracy:  1.0000 	Valid Loss:  0.8161 	 Valid Accuracy:  0.8571
Test Accuracy in run 10 is: 0.9722222089767456
Total Train Accuracy after run 10 is: 1.0000
Total Test Accuracy after run 10 is: 0.9361
Best Test Accuracy in 10 runs is: 0.9722
