==========       System Configuration      =============
phase:train
use_cpu:False
runs:10
validation:0.1
data_dir:/data/entity
batch_size:1
dataset:MUTAG
total_epochs:50
save_freq:5
lr:0.01
multi_gpus:False
postname:
l2norm:0.0005
kernel_size:20
block_type:plain
n_layers:2
act:relu
norm:layer
bias:True
dropout:0.2
channels:16
dec:basis
bases:20
aggr:mean
ckpt_path:
save_best_only:True
task:denseR
post:denseR-MUTAG-plain-2-16
time:210214-22-16-31
save_path:/content/drive/My Drive/denseR/checkpoints/ckpts-denseR-MUTAG-plain-2-16-210214-22-16-31
logdir:/content/drive/My Drive/denseR/logs/denseR-MUTAG-plain-2-16-210214-22-16-31
device:cuda
epoch:-1
printer:<Logger args (DEBUG)>
==========     CONFIG END    =============


===> Phase is train.
 === Downloading Dataset and Creating graphs ===
=== Dataset info ===
Number of training nodes: 272 	 Number of testing nodes: 68	 Total Number of labelled nodes: 340
Number of classes in this graph: 2 	 Number of nodes: 23644 	 Number of relation types: 46
==== Initializing the Optimizer ====
Run: [1]	 Epoch: [1]	 Train Loss:  0.934180 	 Train Accuracy:  0.6230 	Valid Loss:  0.7458 	 Valid Accuracy:  0.6429
Run: [1]	 Epoch: [2]	 Train Loss:  0.674538 	 Train Accuracy:  0.9672 	Valid Loss:  0.5754 	 Valid Accuracy:  0.6429
Run: [1]	 Epoch: [3]	 Train Loss:  0.374358 	 Train Accuracy:  0.9795 	Valid Loss:  0.5686 	 Valid Accuracy:  0.7500
Run: [1]	 Epoch: [4]	 Train Loss:  0.293168 	 Train Accuracy:  0.9959 	Valid Loss:  0.5430 	 Valid Accuracy:  0.7500
Run: [1]	 Epoch: [5]	 Train Loss:  0.230801 	 Train Accuracy:  1.0000 	Valid Loss:  0.5004 	 Valid Accuracy:  0.7500
Run: [1]	 Epoch: [6]	 Train Loss:  0.150562 	 Train Accuracy:  1.0000 	Valid Loss:  0.4755 	 Valid Accuracy:  0.7500
Run: [1]	 Epoch: [7]	 Train Loss:  0.105616 	 Train Accuracy:  1.0000 	Valid Loss:  0.4829 	 Valid Accuracy:  0.8214
Run: [1]	 Epoch: [8]	 Train Loss:  0.097074 	 Train Accuracy:  1.0000 	Valid Loss:  0.5102 	 Valid Accuracy:  0.7857
Run: [1]	 Epoch: [9]	 Train Loss:  0.058449 	 Train Accuracy:  1.0000 	Valid Loss:  0.5359 	 Valid Accuracy:  0.7143
Run: [1]	 Epoch: [10]	 Train Loss:  0.046525 	 Train Accuracy:  1.0000 	Valid Loss:  0.5535 	 Valid Accuracy:  0.7143
Run: [1]	 Epoch: [11]	 Train Loss:  0.039469 	 Train Accuracy:  1.0000 	Valid Loss:  0.5655 	 Valid Accuracy:  0.7143
Run: [1]	 Epoch: [12]	 Train Loss:  0.026853 	 Train Accuracy:  1.0000 	Valid Loss:  0.5726 	 Valid Accuracy:  0.7143
Run: [1]	 Epoch: [13]	 Train Loss:  0.024058 	 Train Accuracy:  1.0000 	Valid Loss:  0.5756 	 Valid Accuracy:  0.7143
Run: [1]	 Epoch: [14]	 Train Loss:  0.019626 	 Train Accuracy:  1.0000 	Valid Loss:  0.5774 	 Valid Accuracy:  0.7500
Run: [1]	 Epoch: [15]	 Train Loss:  0.017221 	 Train Accuracy:  1.0000 	Valid Loss:  0.5867 	 Valid Accuracy:  0.7500
Run: [1]	 Epoch: [16]	 Train Loss:  0.010424 	 Train Accuracy:  1.0000 	Valid Loss:  0.5997 	 Valid Accuracy:  0.7857
Run: [1]	 Epoch: [17]	 Train Loss:  0.009872 	 Train Accuracy:  1.0000 	Valid Loss:  0.6116 	 Valid Accuracy:  0.7857
Run: [1]	 Epoch: [18]	 Train Loss:  0.007918 	 Train Accuracy:  1.0000 	Valid Loss:  0.6260 	 Valid Accuracy:  0.7857
Run: [1]	 Epoch: [19]	 Train Loss:  0.007664 	 Train Accuracy:  1.0000 	Valid Loss:  0.6447 	 Valid Accuracy:  0.7500
Run: [1]	 Epoch: [20]	 Train Loss:  0.006996 	 Train Accuracy:  1.0000 	Valid Loss:  0.6637 	 Valid Accuracy:  0.7500
Run: [1]	 Epoch: [21]	 Train Loss:  0.005706 	 Train Accuracy:  1.0000 	Valid Loss:  0.6864 	 Valid Accuracy:  0.7500
Run: [1]	 Epoch: [22]	 Train Loss:  0.005248 	 Train Accuracy:  1.0000 	Valid Loss:  0.7051 	 Valid Accuracy:  0.7500
Run: [1]	 Epoch: [23]	 Train Loss:  0.005184 	 Train Accuracy:  1.0000 	Valid Loss:  0.7101 	 Valid Accuracy:  0.7500
Run: [1]	 Epoch: [24]	 Train Loss:  0.004704 	 Train Accuracy:  1.0000 	Valid Loss:  0.7140 	 Valid Accuracy:  0.7500
Run: [1]	 Epoch: [25]	 Train Loss:  0.004561 	 Train Accuracy:  1.0000 	Valid Loss:  0.7140 	 Valid Accuracy:  0.7500
Run: [1]	 Epoch: [26]	 Train Loss:  0.005437 	 Train Accuracy:  1.0000 	Valid Loss:  0.7225 	 Valid Accuracy:  0.7857
Run: [1]	 Epoch: [27]	 Train Loss:  0.003855 	 Train Accuracy:  1.0000 	Valid Loss:  0.7304 	 Valid Accuracy:  0.8214
Run: [1]	 Epoch: [28]	 Train Loss:  0.002811 	 Train Accuracy:  1.0000 	Valid Loss:  0.7402 	 Valid Accuracy:  0.8214
Run: [1]	 Epoch: [29]	 Train Loss:  0.003833 	 Train Accuracy:  1.0000 	Valid Loss:  0.7536 	 Valid Accuracy:  0.8214
Run: [1]	 Epoch: [30]	 Train Loss:  0.003165 	 Train Accuracy:  1.0000 	Valid Loss:  0.7659 	 Valid Accuracy:  0.8214
Run: [1]	 Epoch: [31]	 Train Loss:  0.003886 	 Train Accuracy:  1.0000 	Valid Loss:  0.7745 	 Valid Accuracy:  0.8214
Run: [1]	 Epoch: [32]	 Train Loss:  0.004043 	 Train Accuracy:  1.0000 	Valid Loss:  0.7845 	 Valid Accuracy:  0.8214
Run: [1]	 Epoch: [33]	 Train Loss:  0.002247 	 Train Accuracy:  1.0000 	Valid Loss:  0.7955 	 Valid Accuracy:  0.8214
Run: [1]	 Epoch: [34]	 Train Loss:  0.002369 	 Train Accuracy:  1.0000 	Valid Loss:  0.8026 	 Valid Accuracy:  0.8214
Run: [1]	 Epoch: [35]	 Train Loss:  0.002013 	 Train Accuracy:  1.0000 	Valid Loss:  0.8090 	 Valid Accuracy:  0.8214
Run: [1]	 Epoch: [36]	 Train Loss:  0.001939 	 Train Accuracy:  1.0000 	Valid Loss:  0.8124 	 Valid Accuracy:  0.8214
Run: [1]	 Epoch: [37]	 Train Loss:  0.001233 	 Train Accuracy:  1.0000 	Valid Loss:  0.8162 	 Valid Accuracy:  0.8214
Run: [1]	 Epoch: [38]	 Train Loss:  0.002027 	 Train Accuracy:  1.0000 	Valid Loss:  0.8193 	 Valid Accuracy:  0.8214
Run: [1]	 Epoch: [39]	 Train Loss:  0.002022 	 Train Accuracy:  1.0000 	Valid Loss:  0.8227 	 Valid Accuracy:  0.8214
Run: [1]	 Epoch: [40]	 Train Loss:  0.001910 	 Train Accuracy:  1.0000 	Valid Loss:  0.8239 	 Valid Accuracy:  0.8214
Run: [1]	 Epoch: [41]	 Train Loss:  0.001512 	 Train Accuracy:  1.0000 	Valid Loss:  0.8249 	 Valid Accuracy:  0.8214
Run: [1]	 Epoch: [42]	 Train Loss:  0.002599 	 Train Accuracy:  1.0000 	Valid Loss:  0.8241 	 Valid Accuracy:  0.8214
Run: [1]	 Epoch: [43]	 Train Loss:  0.002821 	 Train Accuracy:  1.0000 	Valid Loss:  0.8258 	 Valid Accuracy:  0.8214
Run: [1]	 Epoch: [44]	 Train Loss:  0.001206 	 Train Accuracy:  1.0000 	Valid Loss:  0.8310 	 Valid Accuracy:  0.8214
Run: [1]	 Epoch: [45]	 Train Loss:  0.001344 	 Train Accuracy:  1.0000 	Valid Loss:  0.8382 	 Valid Accuracy:  0.8214
Run: [1]	 Epoch: [46]	 Train Loss:  0.001585 	 Train Accuracy:  1.0000 	Valid Loss:  0.8486 	 Valid Accuracy:  0.8214
Run: [1]	 Epoch: [47]	 Train Loss:  0.000987 	 Train Accuracy:  1.0000 	Valid Loss:  0.8617 	 Valid Accuracy:  0.8214
Run: [1]	 Epoch: [48]	 Train Loss:  0.000909 	 Train Accuracy:  1.0000 	Valid Loss:  0.8754 	 Valid Accuracy:  0.8214
Run: [1]	 Epoch: [49]	 Train Loss:  0.001437 	 Train Accuracy:  1.0000 	Valid Loss:  0.8894 	 Valid Accuracy:  0.8214
Run: [1]	 Epoch: [50]	 Train Loss:  0.001021 	 Train Accuracy:  1.0000 	Valid Loss:  0.9028 	 Valid Accuracy:  0.8214
Test Accuracy in run 1 is: 0.6911764740943909
Total Train Accuracy after run 1 is: 1.0000
Total Test Accuracy after run 1 is: 0.6912
Best Test Accuracy in 1 runs is: 0.6912
Run: [2]	 Epoch: [1]	 Train Loss:  0.813989 	 Train Accuracy:  0.6270 	Valid Loss:  1.0349 	 Valid Accuracy:  0.6429
Run: [2]	 Epoch: [2]	 Train Loss:  0.757153 	 Train Accuracy:  0.9098 	Valid Loss:  0.6661 	 Valid Accuracy:  0.6429
Run: [2]	 Epoch: [3]	 Train Loss:  0.349949 	 Train Accuracy:  0.9836 	Valid Loss:  0.6166 	 Valid Accuracy:  0.6786
Run: [2]	 Epoch: [4]	 Train Loss:  0.226478 	 Train Accuracy:  0.9959 	Valid Loss:  0.6889 	 Valid Accuracy:  0.5714
Run: [2]	 Epoch: [5]	 Train Loss:  0.183839 	 Train Accuracy:  1.0000 	Valid Loss:  0.7845 	 Valid Accuracy:  0.5357
Run: [2]	 Epoch: [6]	 Train Loss:  0.128318 	 Train Accuracy:  1.0000 	Valid Loss:  0.8557 	 Valid Accuracy:  0.5357
Run: [2]	 Epoch: [7]	 Train Loss:  0.087766 	 Train Accuracy:  1.0000 	Valid Loss:  0.8959 	 Valid Accuracy:  0.5357
Run: [2]	 Epoch: [8]	 Train Loss:  0.062236 	 Train Accuracy:  1.0000 	Valid Loss:  0.9160 	 Valid Accuracy:  0.5357
Run: [2]	 Epoch: [9]	 Train Loss:  0.055180 	 Train Accuracy:  1.0000 	Valid Loss:  0.9183 	 Valid Accuracy:  0.5000
Run: [2]	 Epoch: [10]	 Train Loss:  0.039922 	 Train Accuracy:  1.0000 	Valid Loss:  0.9135 	 Valid Accuracy:  0.5357
Run: [2]	 Epoch: [11]	 Train Loss:  0.031399 	 Train Accuracy:  1.0000 	Valid Loss:  0.9015 	 Valid Accuracy:  0.5357
Run: [2]	 Epoch: [12]	 Train Loss:  0.028088 	 Train Accuracy:  1.0000 	Valid Loss:  0.8928 	 Valid Accuracy:  0.5000
Run: [2]	 Epoch: [13]	 Train Loss:  0.022331 	 Train Accuracy:  1.0000 	Valid Loss:  0.8876 	 Valid Accuracy:  0.5714
Run: [2]	 Epoch: [14]	 Train Loss:  0.021272 	 Train Accuracy:  1.0000 	Valid Loss:  0.8868 	 Valid Accuracy:  0.5714
Run: [2]	 Epoch: [15]	 Train Loss:  0.016568 	 Train Accuracy:  1.0000 	Valid Loss:  0.8939 	 Valid Accuracy:  0.5714
Run: [2]	 Epoch: [16]	 Train Loss:  0.017419 	 Train Accuracy:  1.0000 	Valid Loss:  0.9085 	 Valid Accuracy:  0.5714
Run: [2]	 Epoch: [17]	 Train Loss:  0.013956 	 Train Accuracy:  1.0000 	Valid Loss:  0.9285 	 Valid Accuracy:  0.5714
Run: [2]	 Epoch: [18]	 Train Loss:  0.012301 	 Train Accuracy:  1.0000 	Valid Loss:  0.9535 	 Valid Accuracy:  0.5714
Run: [2]	 Epoch: [19]	 Train Loss:  0.009894 	 Train Accuracy:  1.0000 	Valid Loss:  0.9770 	 Valid Accuracy:  0.5714
Run: [2]	 Epoch: [20]	 Train Loss:  0.007891 	 Train Accuracy:  1.0000 	Valid Loss:  0.9967 	 Valid Accuracy:  0.5714
Run: [2]	 Epoch: [21]	 Train Loss:  0.007493 	 Train Accuracy:  1.0000 	Valid Loss:  1.0093 	 Valid Accuracy:  0.6071
Run: [2]	 Epoch: [22]	 Train Loss:  0.005590 	 Train Accuracy:  1.0000 	Valid Loss:  1.0221 	 Valid Accuracy:  0.6429
Run: [2]	 Epoch: [23]	 Train Loss:  0.007144 	 Train Accuracy:  1.0000 	Valid Loss:  1.0341 	 Valid Accuracy:  0.6429
Run: [2]	 Epoch: [24]	 Train Loss:  0.004949 	 Train Accuracy:  1.0000 	Valid Loss:  1.0423 	 Valid Accuracy:  0.6429
Run: [2]	 Epoch: [25]	 Train Loss:  0.005427 	 Train Accuracy:  1.0000 	Valid Loss:  1.0515 	 Valid Accuracy:  0.6429
Run: [2]	 Epoch: [26]	 Train Loss:  0.004866 	 Train Accuracy:  1.0000 	Valid Loss:  1.0635 	 Valid Accuracy:  0.6786
Run: [2]	 Epoch: [27]	 Train Loss:  0.005295 	 Train Accuracy:  1.0000 	Valid Loss:  1.0806 	 Valid Accuracy:  0.6429
Run: [2]	 Epoch: [28]	 Train Loss:  0.004895 	 Train Accuracy:  1.0000 	Valid Loss:  1.0991 	 Valid Accuracy:  0.6429
Run: [2]	 Epoch: [29]	 Train Loss:  0.004136 	 Train Accuracy:  1.0000 	Valid Loss:  1.1184 	 Valid Accuracy:  0.6429
Run: [2]	 Epoch: [30]	 Train Loss:  0.003737 	 Train Accuracy:  1.0000 	Valid Loss:  1.1371 	 Valid Accuracy:  0.6429
Run: [2]	 Epoch: [31]	 Train Loss:  0.003452 	 Train Accuracy:  1.0000 	Valid Loss:  1.1522 	 Valid Accuracy:  0.6429
Run: [2]	 Epoch: [32]	 Train Loss:  0.002869 	 Train Accuracy:  1.0000 	Valid Loss:  1.1638 	 Valid Accuracy:  0.6429
Run: [2]	 Epoch: [33]	 Train Loss:  0.004447 	 Train Accuracy:  1.0000 	Valid Loss:  1.1717 	 Valid Accuracy:  0.6786
Run: [2]	 Epoch: [34]	 Train Loss:  0.002206 	 Train Accuracy:  1.0000 	Valid Loss:  1.1779 	 Valid Accuracy:  0.6786
Run: [2]	 Epoch: [35]	 Train Loss:  0.002301 	 Train Accuracy:  1.0000 	Valid Loss:  1.1832 	 Valid Accuracy:  0.6786
Run: [2]	 Epoch: [36]	 Train Loss:  0.002554 	 Train Accuracy:  1.0000 	Valid Loss:  1.1920 	 Valid Accuracy:  0.6786
Run: [2]	 Epoch: [37]	 Train Loss:  0.001878 	 Train Accuracy:  1.0000 	Valid Loss:  1.2049 	 Valid Accuracy:  0.6786
Run: [2]	 Epoch: [38]	 Train Loss:  0.003753 	 Train Accuracy:  1.0000 	Valid Loss:  1.2206 	 Valid Accuracy:  0.6786
Run: [2]	 Epoch: [39]	 Train Loss:  0.002174 	 Train Accuracy:  1.0000 	Valid Loss:  1.2374 	 Valid Accuracy:  0.6786
Run: [2]	 Epoch: [40]	 Train Loss:  0.002099 	 Train Accuracy:  1.0000 	Valid Loss:  1.2548 	 Valid Accuracy:  0.6786
Run: [2]	 Epoch: [41]	 Train Loss:  0.001868 	 Train Accuracy:  1.0000 	Valid Loss:  1.2687 	 Valid Accuracy:  0.6786
Run: [2]	 Epoch: [42]	 Train Loss:  0.001745 	 Train Accuracy:  1.0000 	Valid Loss:  1.2823 	 Valid Accuracy:  0.6786
Run: [2]	 Epoch: [43]	 Train Loss:  0.001721 	 Train Accuracy:  1.0000 	Valid Loss:  1.2954 	 Valid Accuracy:  0.6429
Run: [2]	 Epoch: [44]	 Train Loss:  0.001247 	 Train Accuracy:  1.0000 	Valid Loss:  1.3096 	 Valid Accuracy:  0.6429
Run: [2]	 Epoch: [45]	 Train Loss:  0.002747 	 Train Accuracy:  1.0000 	Valid Loss:  1.3278 	 Valid Accuracy:  0.6429
Run: [2]	 Epoch: [46]	 Train Loss:  0.003553 	 Train Accuracy:  1.0000 	Valid Loss:  1.3482 	 Valid Accuracy:  0.6429
Run: [2]	 Epoch: [47]	 Train Loss:  0.001295 	 Train Accuracy:  1.0000 	Valid Loss:  1.3684 	 Valid Accuracy:  0.6429
Run: [2]	 Epoch: [48]	 Train Loss:  0.001119 	 Train Accuracy:  1.0000 	Valid Loss:  1.3867 	 Valid Accuracy:  0.6071
Run: [2]	 Epoch: [49]	 Train Loss:  0.001621 	 Train Accuracy:  1.0000 	Valid Loss:  1.4055 	 Valid Accuracy:  0.6071
Run: [2]	 Epoch: [50]	 Train Loss:  0.001088 	 Train Accuracy:  1.0000 	Valid Loss:  1.4232 	 Valid Accuracy:  0.6071
Test Accuracy in run 2 is: 0.6176470518112183
Total Train Accuracy after run 2 is: 1.0000
Total Test Accuracy after run 2 is: 0.6544
Best Test Accuracy in 2 runs is: 0.6912
Run: [3]	 Epoch: [1]	 Train Loss:  0.912906 	 Train Accuracy:  0.8852 	Valid Loss:  0.5729 	 Valid Accuracy:  0.7143
Run: [3]	 Epoch: [2]	 Train Loss:  0.312811 	 Train Accuracy:  0.9754 	Valid Loss:  0.5862 	 Valid Accuracy:  0.6786
Run: [3]	 Epoch: [3]	 Train Loss:  0.183964 	 Train Accuracy:  0.9918 	Valid Loss:  0.6504 	 Valid Accuracy:  0.6786
Run: [3]	 Epoch: [4]	 Train Loss:  0.122751 	 Train Accuracy:  1.0000 	Valid Loss:  0.6910 	 Valid Accuracy:  0.6429
Run: [3]	 Epoch: [5]	 Train Loss:  0.083429 	 Train Accuracy:  1.0000 	Valid Loss:  0.7364 	 Valid Accuracy:  0.6429
Run: [3]	 Epoch: [6]	 Train Loss:  0.069477 	 Train Accuracy:  1.0000 	Valid Loss:  0.7856 	 Valid Accuracy:  0.6429
Run: [3]	 Epoch: [7]	 Train Loss:  0.048995 	 Train Accuracy:  1.0000 	Valid Loss:  0.8440 	 Valid Accuracy:  0.6429
Run: [3]	 Epoch: [8]	 Train Loss:  0.036519 	 Train Accuracy:  1.0000 	Valid Loss:  0.8935 	 Valid Accuracy:  0.6429
Run: [3]	 Epoch: [9]	 Train Loss:  0.034316 	 Train Accuracy:  1.0000 	Valid Loss:  0.9421 	 Valid Accuracy:  0.6786
Run: [3]	 Epoch: [10]	 Train Loss:  0.026366 	 Train Accuracy:  1.0000 	Valid Loss:  0.9997 	 Valid Accuracy:  0.7143
Run: [3]	 Epoch: [11]	 Train Loss:  0.014467 	 Train Accuracy:  1.0000 	Valid Loss:  1.0575 	 Valid Accuracy:  0.7500
Run: [3]	 Epoch: [12]	 Train Loss:  0.010714 	 Train Accuracy:  1.0000 	Valid Loss:  1.1099 	 Valid Accuracy:  0.7500
Run: [3]	 Epoch: [13]	 Train Loss:  0.011465 	 Train Accuracy:  1.0000 	Valid Loss:  1.1543 	 Valid Accuracy:  0.7500
Run: [3]	 Epoch: [14]	 Train Loss:  0.009144 	 Train Accuracy:  1.0000 	Valid Loss:  1.1955 	 Valid Accuracy:  0.7500
Run: [3]	 Epoch: [15]	 Train Loss:  0.008155 	 Train Accuracy:  1.0000 	Valid Loss:  1.2329 	 Valid Accuracy:  0.7500
Run: [3]	 Epoch: [16]	 Train Loss:  0.006125 	 Train Accuracy:  1.0000 	Valid Loss:  1.2672 	 Valid Accuracy:  0.7500
Run: [3]	 Epoch: [17]	 Train Loss:  0.008314 	 Train Accuracy:  1.0000 	Valid Loss:  1.2948 	 Valid Accuracy:  0.7500
Run: [3]	 Epoch: [18]	 Train Loss:  0.005403 	 Train Accuracy:  1.0000 	Valid Loss:  1.3228 	 Valid Accuracy:  0.7500
Run: [3]	 Epoch: [19]	 Train Loss:  0.008664 	 Train Accuracy:  1.0000 	Valid Loss:  1.3623 	 Valid Accuracy:  0.7500
Run: [3]	 Epoch: [20]	 Train Loss:  0.005448 	 Train Accuracy:  1.0000 	Valid Loss:  1.4059 	 Valid Accuracy:  0.7143
Run: [3]	 Epoch: [21]	 Train Loss:  0.004132 	 Train Accuracy:  1.0000 	Valid Loss:  1.4536 	 Valid Accuracy:  0.6786
Run: [3]	 Epoch: [22]	 Train Loss:  0.003579 	 Train Accuracy:  1.0000 	Valid Loss:  1.4950 	 Valid Accuracy:  0.6786
Run: [3]	 Epoch: [23]	 Train Loss:  0.003643 	 Train Accuracy:  1.0000 	Valid Loss:  1.5338 	 Valid Accuracy:  0.6786
Run: [3]	 Epoch: [24]	 Train Loss:  0.003980 	 Train Accuracy:  1.0000 	Valid Loss:  1.5527 	 Valid Accuracy:  0.6786
Run: [3]	 Epoch: [25]	 Train Loss:  0.002115 	 Train Accuracy:  1.0000 	Valid Loss:  1.5604 	 Valid Accuracy:  0.6429
Run: [3]	 Epoch: [26]	 Train Loss:  0.003330 	 Train Accuracy:  1.0000 	Valid Loss:  1.5521 	 Valid Accuracy:  0.6429
Run: [3]	 Epoch: [27]	 Train Loss:  0.001885 	 Train Accuracy:  1.0000 	Valid Loss:  1.5394 	 Valid Accuracy:  0.6429
Run: [3]	 Epoch: [28]	 Train Loss:  0.002506 	 Train Accuracy:  1.0000 	Valid Loss:  1.5263 	 Valid Accuracy:  0.6429
Run: [3]	 Epoch: [29]	 Train Loss:  0.001166 	 Train Accuracy:  1.0000 	Valid Loss:  1.5173 	 Valid Accuracy:  0.6786
Run: [3]	 Epoch: [30]	 Train Loss:  0.001440 	 Train Accuracy:  1.0000 	Valid Loss:  1.5127 	 Valid Accuracy:  0.6786
Run: [3]	 Epoch: [31]	 Train Loss:  0.003890 	 Train Accuracy:  1.0000 	Valid Loss:  1.5120 	 Valid Accuracy:  0.7143
Run: [3]	 Epoch: [32]	 Train Loss:  0.003547 	 Train Accuracy:  1.0000 	Valid Loss:  1.5113 	 Valid Accuracy:  0.7143
Run: [3]	 Epoch: [33]	 Train Loss:  0.003334 	 Train Accuracy:  1.0000 	Valid Loss:  1.5066 	 Valid Accuracy:  0.7143
Run: [3]	 Epoch: [34]	 Train Loss:  0.002807 	 Train Accuracy:  1.0000 	Valid Loss:  1.4935 	 Valid Accuracy:  0.7143
Run: [3]	 Epoch: [35]	 Train Loss:  0.001580 	 Train Accuracy:  1.0000 	Valid Loss:  1.4771 	 Valid Accuracy:  0.7143
Run: [3]	 Epoch: [36]	 Train Loss:  0.001861 	 Train Accuracy:  1.0000 	Valid Loss:  1.4608 	 Valid Accuracy:  0.6786
Run: [3]	 Epoch: [37]	 Train Loss:  0.001097 	 Train Accuracy:  1.0000 	Valid Loss:  1.4439 	 Valid Accuracy:  0.6786
Run: [3]	 Epoch: [38]	 Train Loss:  0.001182 	 Train Accuracy:  1.0000 	Valid Loss:  1.4291 	 Valid Accuracy:  0.6786
Run: [3]	 Epoch: [39]	 Train Loss:  0.001213 	 Train Accuracy:  1.0000 	Valid Loss:  1.4119 	 Valid Accuracy:  0.7143
Run: [3]	 Epoch: [40]	 Train Loss:  0.001928 	 Train Accuracy:  1.0000 	Valid Loss:  1.3967 	 Valid Accuracy:  0.7143
Run: [3]	 Epoch: [41]	 Train Loss:  0.001097 	 Train Accuracy:  1.0000 	Valid Loss:  1.3824 	 Valid Accuracy:  0.7143
Run: [3]	 Epoch: [42]	 Train Loss:  0.003008 	 Train Accuracy:  1.0000 	Valid Loss:  1.3694 	 Valid Accuracy:  0.7143
Run: [3]	 Epoch: [43]	 Train Loss:  0.002032 	 Train Accuracy:  1.0000 	Valid Loss:  1.3553 	 Valid Accuracy:  0.7143
Run: [3]	 Epoch: [44]	 Train Loss:  0.000743 	 Train Accuracy:  1.0000 	Valid Loss:  1.3433 	 Valid Accuracy:  0.7143
Run: [3]	 Epoch: [45]	 Train Loss:  0.001368 	 Train Accuracy:  1.0000 	Valid Loss:  1.3310 	 Valid Accuracy:  0.7500
Run: [3]	 Epoch: [46]	 Train Loss:  0.001950 	 Train Accuracy:  1.0000 	Valid Loss:  1.3189 	 Valid Accuracy:  0.7500
Run: [3]	 Epoch: [47]	 Train Loss:  0.001173 	 Train Accuracy:  1.0000 	Valid Loss:  1.3071 	 Valid Accuracy:  0.7500
Run: [3]	 Epoch: [48]	 Train Loss:  0.001166 	 Train Accuracy:  1.0000 	Valid Loss:  1.2965 	 Valid Accuracy:  0.7500
Run: [3]	 Epoch: [49]	 Train Loss:  0.001020 	 Train Accuracy:  1.0000 	Valid Loss:  1.2851 	 Valid Accuracy:  0.7500
Run: [3]	 Epoch: [50]	 Train Loss:  0.001625 	 Train Accuracy:  1.0000 	Valid Loss:  1.2712 	 Valid Accuracy:  0.7500
Test Accuracy in run 3 is: 0.6617646813392639
Total Train Accuracy after run 3 is: 1.0000
Total Test Accuracy after run 3 is: 0.6569
Best Test Accuracy in 3 runs is: 0.6912
Run: [4]	 Epoch: [1]	 Train Loss:  0.803980 	 Train Accuracy:  0.6189 	Valid Loss:  0.6926 	 Valid Accuracy:  0.6429
Run: [4]	 Epoch: [2]	 Train Loss:  0.651552 	 Train Accuracy:  0.9098 	Valid Loss:  0.5411 	 Valid Accuracy:  0.7143
Run: [4]	 Epoch: [3]	 Train Loss:  0.404560 	 Train Accuracy:  0.9549 	Valid Loss:  0.5726 	 Valid Accuracy:  0.7500
Run: [4]	 Epoch: [4]	 Train Loss:  0.310120 	 Train Accuracy:  0.9836 	Valid Loss:  0.5590 	 Valid Accuracy:  0.6786
Run: [4]	 Epoch: [5]	 Train Loss:  0.226710 	 Train Accuracy:  0.9918 	Valid Loss:  0.5479 	 Valid Accuracy:  0.6786
Run: [4]	 Epoch: [6]	 Train Loss:  0.154617 	 Train Accuracy:  0.9959 	Valid Loss:  0.5448 	 Valid Accuracy:  0.7143
Run: [4]	 Epoch: [7]	 Train Loss:  0.125164 	 Train Accuracy:  1.0000 	Valid Loss:  0.5514 	 Valid Accuracy:  0.7143
Run: [4]	 Epoch: [8]	 Train Loss:  0.095617 	 Train Accuracy:  1.0000 	Valid Loss:  0.5789 	 Valid Accuracy:  0.7143
Run: [4]	 Epoch: [9]	 Train Loss:  0.069901 	 Train Accuracy:  1.0000 	Valid Loss:  0.6066 	 Valid Accuracy:  0.7500
Run: [4]	 Epoch: [10]	 Train Loss:  0.039162 	 Train Accuracy:  1.0000 	Valid Loss:  0.6324 	 Valid Accuracy:  0.6786
Run: [4]	 Epoch: [11]	 Train Loss:  0.034839 	 Train Accuracy:  1.0000 	Valid Loss:  0.6657 	 Valid Accuracy:  0.6786
Run: [4]	 Epoch: [12]	 Train Loss:  0.027459 	 Train Accuracy:  1.0000 	Valid Loss:  0.7061 	 Valid Accuracy:  0.6429
Run: [4]	 Epoch: [13]	 Train Loss:  0.025753 	 Train Accuracy:  1.0000 	Valid Loss:  0.7420 	 Valid Accuracy:  0.6786
Run: [4]	 Epoch: [14]	 Train Loss:  0.014989 	 Train Accuracy:  1.0000 	Valid Loss:  0.7684 	 Valid Accuracy:  0.6786
Run: [4]	 Epoch: [15]	 Train Loss:  0.014544 	 Train Accuracy:  1.0000 	Valid Loss:  0.7983 	 Valid Accuracy:  0.6786
Run: [4]	 Epoch: [16]	 Train Loss:  0.010435 	 Train Accuracy:  1.0000 	Valid Loss:  0.8285 	 Valid Accuracy:  0.6786
Run: [4]	 Epoch: [17]	 Train Loss:  0.012377 	 Train Accuracy:  1.0000 	Valid Loss:  0.8600 	 Valid Accuracy:  0.7143
Run: [4]	 Epoch: [18]	 Train Loss:  0.006994 	 Train Accuracy:  1.0000 	Valid Loss:  0.8954 	 Valid Accuracy:  0.7143
Run: [4]	 Epoch: [19]	 Train Loss:  0.006940 	 Train Accuracy:  1.0000 	Valid Loss:  0.9335 	 Valid Accuracy:  0.7143
Run: [4]	 Epoch: [20]	 Train Loss:  0.004744 	 Train Accuracy:  1.0000 	Valid Loss:  0.9726 	 Valid Accuracy:  0.6786
Run: [4]	 Epoch: [21]	 Train Loss:  0.003814 	 Train Accuracy:  1.0000 	Valid Loss:  1.0123 	 Valid Accuracy:  0.6786
Run: [4]	 Epoch: [22]	 Train Loss:  0.003463 	 Train Accuracy:  1.0000 	Valid Loss:  1.0554 	 Valid Accuracy:  0.6786
Run: [4]	 Epoch: [23]	 Train Loss:  0.003964 	 Train Accuracy:  1.0000 	Valid Loss:  1.0993 	 Valid Accuracy:  0.7143
Run: [4]	 Epoch: [24]	 Train Loss:  0.003695 	 Train Accuracy:  1.0000 	Valid Loss:  1.1395 	 Valid Accuracy:  0.7143
Run: [4]	 Epoch: [25]	 Train Loss:  0.002976 	 Train Accuracy:  1.0000 	Valid Loss:  1.1801 	 Valid Accuracy:  0.7143
Run: [4]	 Epoch: [26]	 Train Loss:  0.003190 	 Train Accuracy:  1.0000 	Valid Loss:  1.2195 	 Valid Accuracy:  0.7143
Run: [4]	 Epoch: [27]	 Train Loss:  0.002201 	 Train Accuracy:  1.0000 	Valid Loss:  1.2587 	 Valid Accuracy:  0.7143
Run: [4]	 Epoch: [28]	 Train Loss:  0.001610 	 Train Accuracy:  1.0000 	Valid Loss:  1.2980 	 Valid Accuracy:  0.6786
Run: [4]	 Epoch: [29]	 Train Loss:  0.002151 	 Train Accuracy:  1.0000 	Valid Loss:  1.3385 	 Valid Accuracy:  0.6786
Run: [4]	 Epoch: [30]	 Train Loss:  0.001619 	 Train Accuracy:  1.0000 	Valid Loss:  1.3792 	 Valid Accuracy:  0.6786
Run: [4]	 Epoch: [31]	 Train Loss:  0.001465 	 Train Accuracy:  1.0000 	Valid Loss:  1.4206 	 Valid Accuracy:  0.6786
Run: [4]	 Epoch: [32]	 Train Loss:  0.001102 	 Train Accuracy:  1.0000 	Valid Loss:  1.4630 	 Valid Accuracy:  0.6786
Run: [4]	 Epoch: [33]	 Train Loss:  0.001253 	 Train Accuracy:  1.0000 	Valid Loss:  1.5025 	 Valid Accuracy:  0.6786
Run: [4]	 Epoch: [34]	 Train Loss:  0.001543 	 Train Accuracy:  1.0000 	Valid Loss:  1.5418 	 Valid Accuracy:  0.6786
Run: [4]	 Epoch: [35]	 Train Loss:  0.001133 	 Train Accuracy:  1.0000 	Valid Loss:  1.5810 	 Valid Accuracy:  0.6786
Run: [4]	 Epoch: [36]	 Train Loss:  0.000871 	 Train Accuracy:  1.0000 	Valid Loss:  1.6207 	 Valid Accuracy:  0.6786
Run: [4]	 Epoch: [37]	 Train Loss:  0.001340 	 Train Accuracy:  1.0000 	Valid Loss:  1.6599 	 Valid Accuracy:  0.6786
Run: [4]	 Epoch: [38]	 Train Loss:  0.001387 	 Train Accuracy:  1.0000 	Valid Loss:  1.7019 	 Valid Accuracy:  0.6786
Run: [4]	 Epoch: [39]	 Train Loss:  0.000966 	 Train Accuracy:  1.0000 	Valid Loss:  1.7411 	 Valid Accuracy:  0.6786
Run: [4]	 Epoch: [40]	 Train Loss:  0.001587 	 Train Accuracy:  1.0000 	Valid Loss:  1.7747 	 Valid Accuracy:  0.6786
Run: [4]	 Epoch: [41]	 Train Loss:  0.000723 	 Train Accuracy:  1.0000 	Valid Loss:  1.8022 	 Valid Accuracy:  0.6786
Run: [4]	 Epoch: [42]	 Train Loss:  0.001453 	 Train Accuracy:  1.0000 	Valid Loss:  1.8227 	 Valid Accuracy:  0.6786
Run: [4]	 Epoch: [43]	 Train Loss:  0.001557 	 Train Accuracy:  1.0000 	Valid Loss:  1.8402 	 Valid Accuracy:  0.6786
Run: [4]	 Epoch: [44]	 Train Loss:  0.001232 	 Train Accuracy:  1.0000 	Valid Loss:  1.8576 	 Valid Accuracy:  0.6786
Run: [4]	 Epoch: [45]	 Train Loss:  0.000765 	 Train Accuracy:  1.0000 	Valid Loss:  1.8775 	 Valid Accuracy:  0.6786
Run: [4]	 Epoch: [46]	 Train Loss:  0.001173 	 Train Accuracy:  1.0000 	Valid Loss:  1.9040 	 Valid Accuracy:  0.6429
Run: [4]	 Epoch: [47]	 Train Loss:  0.000934 	 Train Accuracy:  1.0000 	Valid Loss:  1.9326 	 Valid Accuracy:  0.6071
Run: [4]	 Epoch: [48]	 Train Loss:  0.001485 	 Train Accuracy:  1.0000 	Valid Loss:  1.9628 	 Valid Accuracy:  0.6071
Run: [4]	 Epoch: [49]	 Train Loss:  0.001357 	 Train Accuracy:  1.0000 	Valid Loss:  1.9914 	 Valid Accuracy:  0.6071
Run: [4]	 Epoch: [50]	 Train Loss:  0.000721 	 Train Accuracy:  1.0000 	Valid Loss:  2.0174 	 Valid Accuracy:  0.6071
Test Accuracy in run 4 is: 0.6470588445663452
Total Train Accuracy after run 4 is: 1.0000
Total Test Accuracy after run 4 is: 0.6544
Best Test Accuracy in 4 runs is: 0.6912
Run: [5]	 Epoch: [1]	 Train Loss:  1.006802 	 Train Accuracy:  0.6148 	Valid Loss:  0.7997 	 Valid Accuracy:  0.6429
Run: [5]	 Epoch: [2]	 Train Loss:  0.796187 	 Train Accuracy:  0.7664 	Valid Loss:  0.6282 	 Valid Accuracy:  0.6429
Run: [5]	 Epoch: [3]	 Train Loss:  0.478745 	 Train Accuracy:  0.9344 	Valid Loss:  0.5814 	 Valid Accuracy:  0.7500
Run: [5]	 Epoch: [4]	 Train Loss:  0.373212 	 Train Accuracy:  0.9877 	Valid Loss:  0.5948 	 Valid Accuracy:  0.7857
Run: [5]	 Epoch: [5]	 Train Loss:  0.312127 	 Train Accuracy:  1.0000 	Valid Loss:  0.5815 	 Valid Accuracy:  0.7857
Run: [5]	 Epoch: [6]	 Train Loss:  0.241286 	 Train Accuracy:  1.0000 	Valid Loss:  0.5475 	 Valid Accuracy:  0.8571
Run: [5]	 Epoch: [7]	 Train Loss:  0.163988 	 Train Accuracy:  1.0000 	Valid Loss:  0.5266 	 Valid Accuracy:  0.8214
Run: [5]	 Epoch: [8]	 Train Loss:  0.118798 	 Train Accuracy:  1.0000 	Valid Loss:  0.5276 	 Valid Accuracy:  0.7500
Run: [5]	 Epoch: [9]	 Train Loss:  0.087301 	 Train Accuracy:  1.0000 	Valid Loss:  0.5366 	 Valid Accuracy:  0.7500
Run: [5]	 Epoch: [10]	 Train Loss:  0.069164 	 Train Accuracy:  1.0000 	Valid Loss:  0.5380 	 Valid Accuracy:  0.7500
Run: [5]	 Epoch: [11]	 Train Loss:  0.044314 	 Train Accuracy:  1.0000 	Valid Loss:  0.5367 	 Valid Accuracy:  0.7857
Run: [5]	 Epoch: [12]	 Train Loss:  0.030166 	 Train Accuracy:  1.0000 	Valid Loss:  0.5356 	 Valid Accuracy:  0.7857
Run: [5]	 Epoch: [13]	 Train Loss:  0.028169 	 Train Accuracy:  1.0000 	Valid Loss:  0.5360 	 Valid Accuracy:  0.8214
Run: [5]	 Epoch: [14]	 Train Loss:  0.021385 	 Train Accuracy:  1.0000 	Valid Loss:  0.5400 	 Valid Accuracy:  0.7857
Run: [5]	 Epoch: [15]	 Train Loss:  0.016655 	 Train Accuracy:  1.0000 	Valid Loss:  0.5479 	 Valid Accuracy:  0.7857
Run: [5]	 Epoch: [16]	 Train Loss:  0.015600 	 Train Accuracy:  1.0000 	Valid Loss:  0.5575 	 Valid Accuracy:  0.7857
Run: [5]	 Epoch: [17]	 Train Loss:  0.012457 	 Train Accuracy:  1.0000 	Valid Loss:  0.5700 	 Valid Accuracy:  0.7500
Run: [5]	 Epoch: [18]	 Train Loss:  0.009836 	 Train Accuracy:  1.0000 	Valid Loss:  0.5802 	 Valid Accuracy:  0.7500
Run: [5]	 Epoch: [19]	 Train Loss:  0.009018 	 Train Accuracy:  1.0000 	Valid Loss:  0.5921 	 Valid Accuracy:  0.7500
Run: [5]	 Epoch: [20]	 Train Loss:  0.008075 	 Train Accuracy:  1.0000 	Valid Loss:  0.6057 	 Valid Accuracy:  0.7500
Run: [5]	 Epoch: [21]	 Train Loss:  0.008922 	 Train Accuracy:  1.0000 	Valid Loss:  0.6187 	 Valid Accuracy:  0.7857
Run: [5]	 Epoch: [22]	 Train Loss:  0.007446 	 Train Accuracy:  1.0000 	Valid Loss:  0.6239 	 Valid Accuracy:  0.7857
Run: [5]	 Epoch: [23]	 Train Loss:  0.007544 	 Train Accuracy:  1.0000 	Valid Loss:  0.6278 	 Valid Accuracy:  0.7857
Run: [5]	 Epoch: [24]	 Train Loss:  0.007316 	 Train Accuracy:  1.0000 	Valid Loss:  0.6286 	 Valid Accuracy:  0.7857
Run: [5]	 Epoch: [25]	 Train Loss:  0.005179 	 Train Accuracy:  1.0000 	Valid Loss:  0.6289 	 Valid Accuracy:  0.7857
Run: [5]	 Epoch: [26]	 Train Loss:  0.004656 	 Train Accuracy:  1.0000 	Valid Loss:  0.6308 	 Valid Accuracy:  0.8214
Run: [5]	 Epoch: [27]	 Train Loss:  0.006957 	 Train Accuracy:  1.0000 	Valid Loss:  0.6324 	 Valid Accuracy:  0.7857
Run: [5]	 Epoch: [28]	 Train Loss:  0.004154 	 Train Accuracy:  1.0000 	Valid Loss:  0.6344 	 Valid Accuracy:  0.7857
Run: [5]	 Epoch: [29]	 Train Loss:  0.003945 	 Train Accuracy:  1.0000 	Valid Loss:  0.6374 	 Valid Accuracy:  0.7857
Run: [5]	 Epoch: [30]	 Train Loss:  0.006919 	 Train Accuracy:  1.0000 	Valid Loss:  0.6424 	 Valid Accuracy:  0.8214
Run: [5]	 Epoch: [31]	 Train Loss:  0.006608 	 Train Accuracy:  1.0000 	Valid Loss:  0.6485 	 Valid Accuracy:  0.8214
Run: [5]	 Epoch: [32]	 Train Loss:  0.002865 	 Train Accuracy:  1.0000 	Valid Loss:  0.6515 	 Valid Accuracy:  0.8214
Run: [5]	 Epoch: [33]	 Train Loss:  0.003080 	 Train Accuracy:  1.0000 	Valid Loss:  0.6562 	 Valid Accuracy:  0.8214
Run: [5]	 Epoch: [34]	 Train Loss:  0.002904 	 Train Accuracy:  1.0000 	Valid Loss:  0.6574 	 Valid Accuracy:  0.8214
Run: [5]	 Epoch: [35]	 Train Loss:  0.002241 	 Train Accuracy:  1.0000 	Valid Loss:  0.6582 	 Valid Accuracy:  0.8214
Run: [5]	 Epoch: [36]	 Train Loss:  0.003058 	 Train Accuracy:  1.0000 	Valid Loss:  0.6604 	 Valid Accuracy:  0.8214
Run: [5]	 Epoch: [37]	 Train Loss:  0.001841 	 Train Accuracy:  1.0000 	Valid Loss:  0.6645 	 Valid Accuracy:  0.8214
Run: [5]	 Epoch: [38]	 Train Loss:  0.002341 	 Train Accuracy:  1.0000 	Valid Loss:  0.6700 	 Valid Accuracy:  0.8214
Run: [5]	 Epoch: [39]	 Train Loss:  0.002429 	 Train Accuracy:  1.0000 	Valid Loss:  0.6776 	 Valid Accuracy:  0.8214
Run: [5]	 Epoch: [40]	 Train Loss:  0.001644 	 Train Accuracy:  1.0000 	Valid Loss:  0.6843 	 Valid Accuracy:  0.8214
Run: [5]	 Epoch: [41]	 Train Loss:  0.002026 	 Train Accuracy:  1.0000 	Valid Loss:  0.6887 	 Valid Accuracy:  0.8214
Run: [5]	 Epoch: [42]	 Train Loss:  0.001742 	 Train Accuracy:  1.0000 	Valid Loss:  0.6915 	 Valid Accuracy:  0.8214
Run: [5]	 Epoch: [43]	 Train Loss:  0.002486 	 Train Accuracy:  1.0000 	Valid Loss:  0.6876 	 Valid Accuracy:  0.8214
Run: [5]	 Epoch: [44]	 Train Loss:  0.001751 	 Train Accuracy:  1.0000 	Valid Loss:  0.6833 	 Valid Accuracy:  0.8214
Run: [5]	 Epoch: [45]	 Train Loss:  0.001405 	 Train Accuracy:  1.0000 	Valid Loss:  0.6831 	 Valid Accuracy:  0.8214
Run: [5]	 Epoch: [46]	 Train Loss:  0.001333 	 Train Accuracy:  1.0000 	Valid Loss:  0.6841 	 Valid Accuracy:  0.8214
Run: [5]	 Epoch: [47]	 Train Loss:  0.001245 	 Train Accuracy:  1.0000 	Valid Loss:  0.6864 	 Valid Accuracy:  0.8214
Run: [5]	 Epoch: [48]	 Train Loss:  0.001165 	 Train Accuracy:  1.0000 	Valid Loss:  0.6895 	 Valid Accuracy:  0.8214
Run: [5]	 Epoch: [49]	 Train Loss:  0.001320 	 Train Accuracy:  1.0000 	Valid Loss:  0.6924 	 Valid Accuracy:  0.8214
Run: [5]	 Epoch: [50]	 Train Loss:  0.001128 	 Train Accuracy:  1.0000 	Valid Loss:  0.6942 	 Valid Accuracy:  0.8214
Test Accuracy in run 5 is: 0.7352941036224365
Total Train Accuracy after run 5 is: 1.0000
Total Test Accuracy after run 5 is: 0.6706
Best Test Accuracy in 5 runs is: 0.7353
Run: [6]	 Epoch: [1]	 Train Loss:  1.097111 	 Train Accuracy:  0.4549 	Valid Loss:  1.2204 	 Valid Accuracy:  0.3571
Run: [6]	 Epoch: [2]	 Train Loss:  0.947552 	 Train Accuracy:  0.9221 	Valid Loss:  0.6125 	 Valid Accuracy:  0.6786
Run: [6]	 Epoch: [3]	 Train Loss:  0.424525 	 Train Accuracy:  0.8811 	Valid Loss:  0.5827 	 Valid Accuracy:  0.7143
Run: [6]	 Epoch: [4]	 Train Loss:  0.363787 	 Train Accuracy:  0.9016 	Valid Loss:  0.5858 	 Valid Accuracy:  0.7143
Run: [6]	 Epoch: [5]	 Train Loss:  0.308718 	 Train Accuracy:  0.9549 	Valid Loss:  0.5853 	 Valid Accuracy:  0.7143
Run: [6]	 Epoch: [6]	 Train Loss:  0.235898 	 Train Accuracy:  0.9877 	Valid Loss:  0.5922 	 Valid Accuracy:  0.6786
Run: [6]	 Epoch: [7]	 Train Loss:  0.176808 	 Train Accuracy:  0.9959 	Valid Loss:  0.6125 	 Valid Accuracy:  0.6786
Run: [6]	 Epoch: [8]	 Train Loss:  0.154540 	 Train Accuracy:  1.0000 	Valid Loss:  0.6469 	 Valid Accuracy:  0.6071
Run: [6]	 Epoch: [9]	 Train Loss:  0.118911 	 Train Accuracy:  1.0000 	Valid Loss:  0.7005 	 Valid Accuracy:  0.5357
Run: [6]	 Epoch: [10]	 Train Loss:  0.091887 	 Train Accuracy:  1.0000 	Valid Loss:  0.7598 	 Valid Accuracy:  0.5357
Run: [6]	 Epoch: [11]	 Train Loss:  0.070834 	 Train Accuracy:  1.0000 	Valid Loss:  0.8186 	 Valid Accuracy:  0.5357
Run: [6]	 Epoch: [12]	 Train Loss:  0.046757 	 Train Accuracy:  1.0000 	Valid Loss:  0.8688 	 Valid Accuracy:  0.5357
Run: [6]	 Epoch: [13]	 Train Loss:  0.044890 	 Train Accuracy:  1.0000 	Valid Loss:  0.8935 	 Valid Accuracy:  0.5357
Run: [6]	 Epoch: [14]	 Train Loss:  0.038209 	 Train Accuracy:  1.0000 	Valid Loss:  0.9080 	 Valid Accuracy:  0.5714
Run: [6]	 Epoch: [15]	 Train Loss:  0.030557 	 Train Accuracy:  1.0000 	Valid Loss:  0.9047 	 Valid Accuracy:  0.5714
Run: [6]	 Epoch: [16]	 Train Loss:  0.025460 	 Train Accuracy:  1.0000 	Valid Loss:  0.8967 	 Valid Accuracy:  0.5714
Run: [6]	 Epoch: [17]	 Train Loss:  0.018108 	 Train Accuracy:  1.0000 	Valid Loss:  0.8890 	 Valid Accuracy:  0.5714
Run: [6]	 Epoch: [18]	 Train Loss:  0.020148 	 Train Accuracy:  1.0000 	Valid Loss:  0.8861 	 Valid Accuracy:  0.5714
Run: [6]	 Epoch: [19]	 Train Loss:  0.015890 	 Train Accuracy:  1.0000 	Valid Loss:  0.8774 	 Valid Accuracy:  0.5357
Run: [6]	 Epoch: [20]	 Train Loss:  0.013089 	 Train Accuracy:  1.0000 	Valid Loss:  0.8698 	 Valid Accuracy:  0.5714
Run: [6]	 Epoch: [21]	 Train Loss:  0.012029 	 Train Accuracy:  1.0000 	Valid Loss:  0.8594 	 Valid Accuracy:  0.6071
Run: [6]	 Epoch: [22]	 Train Loss:  0.010004 	 Train Accuracy:  1.0000 	Valid Loss:  0.8493 	 Valid Accuracy:  0.6071
Run: [6]	 Epoch: [23]	 Train Loss:  0.007730 	 Train Accuracy:  1.0000 	Valid Loss:  0.8421 	 Valid Accuracy:  0.6071
Run: [6]	 Epoch: [24]	 Train Loss:  0.006868 	 Train Accuracy:  1.0000 	Valid Loss:  0.8333 	 Valid Accuracy:  0.6071
Run: [6]	 Epoch: [25]	 Train Loss:  0.006981 	 Train Accuracy:  1.0000 	Valid Loss:  0.8218 	 Valid Accuracy:  0.6429
Run: [6]	 Epoch: [26]	 Train Loss:  0.005809 	 Train Accuracy:  1.0000 	Valid Loss:  0.8123 	 Valid Accuracy:  0.6429
Run: [6]	 Epoch: [27]	 Train Loss:  0.006418 	 Train Accuracy:  1.0000 	Valid Loss:  0.8085 	 Valid Accuracy:  0.6429
Run: [6]	 Epoch: [28]	 Train Loss:  0.004663 	 Train Accuracy:  1.0000 	Valid Loss:  0.8091 	 Valid Accuracy:  0.6429
Run: [6]	 Epoch: [29]	 Train Loss:  0.003851 	 Train Accuracy:  1.0000 	Valid Loss:  0.8144 	 Valid Accuracy:  0.6429
Run: [6]	 Epoch: [30]	 Train Loss:  0.004795 	 Train Accuracy:  1.0000 	Valid Loss:  0.8239 	 Valid Accuracy:  0.6429
Run: [6]	 Epoch: [31]	 Train Loss:  0.004067 	 Train Accuracy:  1.0000 	Valid Loss:  0.8356 	 Valid Accuracy:  0.6429
Run: [6]	 Epoch: [32]	 Train Loss:  0.003925 	 Train Accuracy:  1.0000 	Valid Loss:  0.8479 	 Valid Accuracy:  0.6786
Run: [6]	 Epoch: [33]	 Train Loss:  0.003820 	 Train Accuracy:  1.0000 	Valid Loss:  0.8611 	 Valid Accuracy:  0.6786
Run: [6]	 Epoch: [34]	 Train Loss:  0.003415 	 Train Accuracy:  1.0000 	Valid Loss:  0.8727 	 Valid Accuracy:  0.6786
Run: [6]	 Epoch: [35]	 Train Loss:  0.003157 	 Train Accuracy:  1.0000 	Valid Loss:  0.8835 	 Valid Accuracy:  0.6786
Run: [6]	 Epoch: [36]	 Train Loss:  0.004123 	 Train Accuracy:  1.0000 	Valid Loss:  0.8933 	 Valid Accuracy:  0.6786
Run: [6]	 Epoch: [37]	 Train Loss:  0.002948 	 Train Accuracy:  1.0000 	Valid Loss:  0.9023 	 Valid Accuracy:  0.6786
Run: [6]	 Epoch: [38]	 Train Loss:  0.002877 	 Train Accuracy:  1.0000 	Valid Loss:  0.9113 	 Valid Accuracy:  0.6786
Run: [6]	 Epoch: [39]	 Train Loss:  0.004562 	 Train Accuracy:  1.0000 	Valid Loss:  0.9233 	 Valid Accuracy:  0.6786
Run: [6]	 Epoch: [40]	 Train Loss:  0.002599 	 Train Accuracy:  1.0000 	Valid Loss:  0.9362 	 Valid Accuracy:  0.6786
Run: [6]	 Epoch: [41]	 Train Loss:  0.002684 	 Train Accuracy:  1.0000 	Valid Loss:  0.9478 	 Valid Accuracy:  0.6786
Run: [6]	 Epoch: [42]	 Train Loss:  0.002226 	 Train Accuracy:  1.0000 	Valid Loss:  0.9587 	 Valid Accuracy:  0.6786
Run: [6]	 Epoch: [43]	 Train Loss:  0.002747 	 Train Accuracy:  1.0000 	Valid Loss:  0.9694 	 Valid Accuracy:  0.6786
Run: [6]	 Epoch: [44]	 Train Loss:  0.002416 	 Train Accuracy:  1.0000 	Valid Loss:  0.9793 	 Valid Accuracy:  0.6786
Run: [6]	 Epoch: [45]	 Train Loss:  0.002197 	 Train Accuracy:  1.0000 	Valid Loss:  0.9886 	 Valid Accuracy:  0.6786
Run: [6]	 Epoch: [46]	 Train Loss:  0.002288 	 Train Accuracy:  1.0000 	Valid Loss:  0.9979 	 Valid Accuracy:  0.6786
Run: [6]	 Epoch: [47]	 Train Loss:  0.001779 	 Train Accuracy:  1.0000 	Valid Loss:  1.0079 	 Valid Accuracy:  0.6786
Run: [6]	 Epoch: [48]	 Train Loss:  0.002081 	 Train Accuracy:  1.0000 	Valid Loss:  1.0176 	 Valid Accuracy:  0.6786
Run: [6]	 Epoch: [49]	 Train Loss:  0.001570 	 Train Accuracy:  1.0000 	Valid Loss:  1.0261 	 Valid Accuracy:  0.6786
Run: [6]	 Epoch: [50]	 Train Loss:  0.001806 	 Train Accuracy:  1.0000 	Valid Loss:  1.0344 	 Valid Accuracy:  0.6786
Test Accuracy in run 6 is: 0.8088235259056091
Total Train Accuracy after run 6 is: 1.0000
Total Test Accuracy after run 6 is: 0.6936
Best Test Accuracy in 6 runs is: 0.8088
Run: [7]	 Epoch: [1]	 Train Loss:  0.844604 	 Train Accuracy:  0.7295 	Valid Loss:  0.6058 	 Valid Accuracy:  0.6429
Run: [7]	 Epoch: [2]	 Train Loss:  0.519157 	 Train Accuracy:  0.9508 	Valid Loss:  0.5782 	 Valid Accuracy:  0.6071
Run: [7]	 Epoch: [3]	 Train Loss:  0.321737 	 Train Accuracy:  1.0000 	Valid Loss:  0.5239 	 Valid Accuracy:  0.6786
Run: [7]	 Epoch: [4]	 Train Loss:  0.189363 	 Train Accuracy:  1.0000 	Valid Loss:  0.4908 	 Valid Accuracy:  0.7500
Run: [7]	 Epoch: [5]	 Train Loss:  0.112707 	 Train Accuracy:  1.0000 	Valid Loss:  0.4958 	 Valid Accuracy:  0.7500
Run: [7]	 Epoch: [6]	 Train Loss:  0.083863 	 Train Accuracy:  1.0000 	Valid Loss:  0.5051 	 Valid Accuracy:  0.7857
Run: [7]	 Epoch: [7]	 Train Loss:  0.053670 	 Train Accuracy:  1.0000 	Valid Loss:  0.5606 	 Valid Accuracy:  0.7857
Run: [7]	 Epoch: [8]	 Train Loss:  0.040722 	 Train Accuracy:  1.0000 	Valid Loss:  0.6306 	 Valid Accuracy:  0.7857
Run: [7]	 Epoch: [9]	 Train Loss:  0.027938 	 Train Accuracy:  1.0000 	Valid Loss:  0.7274 	 Valid Accuracy:  0.7857
Run: [7]	 Epoch: [10]	 Train Loss:  0.022671 	 Train Accuracy:  1.0000 	Valid Loss:  0.8433 	 Valid Accuracy:  0.7857
Run: [7]	 Epoch: [11]	 Train Loss:  0.017090 	 Train Accuracy:  1.0000 	Valid Loss:  0.9780 	 Valid Accuracy:  0.7500
Run: [7]	 Epoch: [12]	 Train Loss:  0.014697 	 Train Accuracy:  1.0000 	Valid Loss:  1.1235 	 Valid Accuracy:  0.6786
Run: [7]	 Epoch: [13]	 Train Loss:  0.008873 	 Train Accuracy:  1.0000 	Valid Loss:  1.2722 	 Valid Accuracy:  0.6786
Run: [7]	 Epoch: [14]	 Train Loss:  0.009273 	 Train Accuracy:  1.0000 	Valid Loss:  1.4081 	 Valid Accuracy:  0.6786
Run: [7]	 Epoch: [15]	 Train Loss:  0.007608 	 Train Accuracy:  1.0000 	Valid Loss:  1.5378 	 Valid Accuracy:  0.6786
Run: [7]	 Epoch: [16]	 Train Loss:  0.005730 	 Train Accuracy:  1.0000 	Valid Loss:  1.6627 	 Valid Accuracy:  0.6429
Run: [7]	 Epoch: [17]	 Train Loss:  0.005454 	 Train Accuracy:  1.0000 	Valid Loss:  1.7822 	 Valid Accuracy:  0.6429
Run: [7]	 Epoch: [18]	 Train Loss:  0.005683 	 Train Accuracy:  1.0000 	Valid Loss:  1.8917 	 Valid Accuracy:  0.6429
Run: [7]	 Epoch: [19]	 Train Loss:  0.004065 	 Train Accuracy:  1.0000 	Valid Loss:  1.9870 	 Valid Accuracy:  0.6429
Run: [7]	 Epoch: [20]	 Train Loss:  0.004382 	 Train Accuracy:  1.0000 	Valid Loss:  2.0676 	 Valid Accuracy:  0.6429
Run: [7]	 Epoch: [21]	 Train Loss:  0.002555 	 Train Accuracy:  1.0000 	Valid Loss:  2.1403 	 Valid Accuracy:  0.6429
Run: [7]	 Epoch: [22]	 Train Loss:  0.002650 	 Train Accuracy:  1.0000 	Valid Loss:  2.2024 	 Valid Accuracy:  0.6429
Run: [7]	 Epoch: [23]	 Train Loss:  0.002955 	 Train Accuracy:  1.0000 	Valid Loss:  2.2531 	 Valid Accuracy:  0.6429
Run: [7]	 Epoch: [24]	 Train Loss:  0.002435 	 Train Accuracy:  1.0000 	Valid Loss:  2.2965 	 Valid Accuracy:  0.6429
Run: [7]	 Epoch: [25]	 Train Loss:  0.003876 	 Train Accuracy:  1.0000 	Valid Loss:  2.3402 	 Valid Accuracy:  0.6429
Run: [7]	 Epoch: [26]	 Train Loss:  0.001486 	 Train Accuracy:  1.0000 	Valid Loss:  2.3772 	 Valid Accuracy:  0.6429
Run: [7]	 Epoch: [27]	 Train Loss:  0.001352 	 Train Accuracy:  1.0000 	Valid Loss:  2.4090 	 Valid Accuracy:  0.6429
Run: [7]	 Epoch: [28]	 Train Loss:  0.002662 	 Train Accuracy:  1.0000 	Valid Loss:  2.4403 	 Valid Accuracy:  0.6429
Run: [7]	 Epoch: [29]	 Train Loss:  0.003248 	 Train Accuracy:  1.0000 	Valid Loss:  2.4617 	 Valid Accuracy:  0.6429
Run: [7]	 Epoch: [30]	 Train Loss:  0.001990 	 Train Accuracy:  1.0000 	Valid Loss:  2.4795 	 Valid Accuracy:  0.6429
Run: [7]	 Epoch: [31]	 Train Loss:  0.001460 	 Train Accuracy:  1.0000 	Valid Loss:  2.4913 	 Valid Accuracy:  0.6429
Run: [7]	 Epoch: [32]	 Train Loss:  0.003008 	 Train Accuracy:  1.0000 	Valid Loss:  2.4935 	 Valid Accuracy:  0.6429
Run: [7]	 Epoch: [33]	 Train Loss:  0.002538 	 Train Accuracy:  1.0000 	Valid Loss:  2.4890 	 Valid Accuracy:  0.6429
Run: [7]	 Epoch: [34]	 Train Loss:  0.000930 	 Train Accuracy:  1.0000 	Valid Loss:  2.4816 	 Valid Accuracy:  0.6429
Run: [7]	 Epoch: [35]	 Train Loss:  0.001595 	 Train Accuracy:  1.0000 	Valid Loss:  2.4718 	 Valid Accuracy:  0.6429
Run: [7]	 Epoch: [36]	 Train Loss:  0.001223 	 Train Accuracy:  1.0000 	Valid Loss:  2.4608 	 Valid Accuracy:  0.6429
Run: [7]	 Epoch: [37]	 Train Loss:  0.001017 	 Train Accuracy:  1.0000 	Valid Loss:  2.4486 	 Valid Accuracy:  0.6429
Run: [7]	 Epoch: [38]	 Train Loss:  0.000989 	 Train Accuracy:  1.0000 	Valid Loss:  2.4349 	 Valid Accuracy:  0.6429
Run: [7]	 Epoch: [39]	 Train Loss:  0.001176 	 Train Accuracy:  1.0000 	Valid Loss:  2.4183 	 Valid Accuracy:  0.6429
Run: [7]	 Epoch: [40]	 Train Loss:  0.001217 	 Train Accuracy:  1.0000 	Valid Loss:  2.3877 	 Valid Accuracy:  0.6429
Run: [7]	 Epoch: [41]	 Train Loss:  0.001505 	 Train Accuracy:  1.0000 	Valid Loss:  2.3553 	 Valid Accuracy:  0.6429
Run: [7]	 Epoch: [42]	 Train Loss:  0.001164 	 Train Accuracy:  1.0000 	Valid Loss:  2.3196 	 Valid Accuracy:  0.6429
Run: [7]	 Epoch: [43]	 Train Loss:  0.001061 	 Train Accuracy:  1.0000 	Valid Loss:  2.2842 	 Valid Accuracy:  0.6429
Run: [7]	 Epoch: [44]	 Train Loss:  0.000979 	 Train Accuracy:  1.0000 	Valid Loss:  2.2491 	 Valid Accuracy:  0.6786
Run: [7]	 Epoch: [45]	 Train Loss:  0.000930 	 Train Accuracy:  1.0000 	Valid Loss:  2.2143 	 Valid Accuracy:  0.6786
Run: [7]	 Epoch: [46]	 Train Loss:  0.001214 	 Train Accuracy:  1.0000 	Valid Loss:  2.1812 	 Valid Accuracy:  0.6786
Run: [7]	 Epoch: [47]	 Train Loss:  0.001091 	 Train Accuracy:  1.0000 	Valid Loss:  2.1464 	 Valid Accuracy:  0.6786
Run: [7]	 Epoch: [48]	 Train Loss:  0.001383 	 Train Accuracy:  1.0000 	Valid Loss:  2.1137 	 Valid Accuracy:  0.6786
Run: [7]	 Epoch: [49]	 Train Loss:  0.000849 	 Train Accuracy:  1.0000 	Valid Loss:  2.0825 	 Valid Accuracy:  0.7143
Run: [7]	 Epoch: [50]	 Train Loss:  0.000881 	 Train Accuracy:  1.0000 	Valid Loss:  2.0521 	 Valid Accuracy:  0.7143
Test Accuracy in run 7 is: 0.6911764740943909
Total Train Accuracy after run 7 is: 1.0000
Total Test Accuracy after run 7 is: 0.6933
Best Test Accuracy in 7 runs is: 0.8088
Run: [8]	 Epoch: [1]	 Train Loss:  1.007855 	 Train Accuracy:  0.6189 	Valid Loss:  1.0362 	 Valid Accuracy:  0.6429
Run: [8]	 Epoch: [2]	 Train Loss:  0.824173 	 Train Accuracy:  0.8975 	Valid Loss:  0.6335 	 Valid Accuracy:  0.6429
Run: [8]	 Epoch: [3]	 Train Loss:  0.358716 	 Train Accuracy:  0.9836 	Valid Loss:  0.5865 	 Valid Accuracy:  0.8214
Run: [8]	 Epoch: [4]	 Train Loss:  0.293526 	 Train Accuracy:  0.9918 	Valid Loss:  0.5788 	 Valid Accuracy:  0.6429
Run: [8]	 Epoch: [5]	 Train Loss:  0.244190 	 Train Accuracy:  0.9918 	Valid Loss:  0.5581 	 Valid Accuracy:  0.7143
Run: [8]	 Epoch: [6]	 Train Loss:  0.177315 	 Train Accuracy:  0.9918 	Valid Loss:  0.5303 	 Valid Accuracy:  0.7857
Run: [8]	 Epoch: [7]	 Train Loss:  0.133370 	 Train Accuracy:  0.9918 	Valid Loss:  0.5106 	 Valid Accuracy:  0.8214
Run: [8]	 Epoch: [8]	 Train Loss:  0.107166 	 Train Accuracy:  1.0000 	Valid Loss:  0.5036 	 Valid Accuracy:  0.8214
Run: [8]	 Epoch: [9]	 Train Loss:  0.074955 	 Train Accuracy:  1.0000 	Valid Loss:  0.5146 	 Valid Accuracy:  0.7500
Run: [8]	 Epoch: [10]	 Train Loss:  0.065249 	 Train Accuracy:  1.0000 	Valid Loss:  0.5397 	 Valid Accuracy:  0.7143
Run: [8]	 Epoch: [11]	 Train Loss:  0.044755 	 Train Accuracy:  1.0000 	Valid Loss:  0.5782 	 Valid Accuracy:  0.7143
Run: [8]	 Epoch: [12]	 Train Loss:  0.038620 	 Train Accuracy:  1.0000 	Valid Loss:  0.6354 	 Valid Accuracy:  0.6786
Run: [8]	 Epoch: [13]	 Train Loss:  0.031058 	 Train Accuracy:  1.0000 	Valid Loss:  0.7042 	 Valid Accuracy:  0.6786
Run: [8]	 Epoch: [14]	 Train Loss:  0.020100 	 Train Accuracy:  1.0000 	Valid Loss:  0.7810 	 Valid Accuracy:  0.6429
Run: [8]	 Epoch: [15]	 Train Loss:  0.014048 	 Train Accuracy:  1.0000 	Valid Loss:  0.8624 	 Valid Accuracy:  0.6429
Run: [8]	 Epoch: [16]	 Train Loss:  0.017180 	 Train Accuracy:  1.0000 	Valid Loss:  0.9468 	 Valid Accuracy:  0.6429
Run: [8]	 Epoch: [17]	 Train Loss:  0.011597 	 Train Accuracy:  1.0000 	Valid Loss:  1.0319 	 Valid Accuracy:  0.6429
Run: [8]	 Epoch: [18]	 Train Loss:  0.010316 	 Train Accuracy:  1.0000 	Valid Loss:  1.1167 	 Valid Accuracy:  0.6429
Run: [8]	 Epoch: [19]	 Train Loss:  0.009712 	 Train Accuracy:  1.0000 	Valid Loss:  1.1935 	 Valid Accuracy:  0.6429
Run: [8]	 Epoch: [20]	 Train Loss:  0.010841 	 Train Accuracy:  1.0000 	Valid Loss:  1.2382 	 Valid Accuracy:  0.6429
Run: [8]	 Epoch: [21]	 Train Loss:  0.008734 	 Train Accuracy:  1.0000 	Valid Loss:  1.2792 	 Valid Accuracy:  0.6429
Run: [8]	 Epoch: [22]	 Train Loss:  0.004824 	 Train Accuracy:  1.0000 	Valid Loss:  1.3176 	 Valid Accuracy:  0.6429
Run: [8]	 Epoch: [23]	 Train Loss:  0.005710 	 Train Accuracy:  1.0000 	Valid Loss:  1.3596 	 Valid Accuracy:  0.6429
Run: [8]	 Epoch: [24]	 Train Loss:  0.005240 	 Train Accuracy:  1.0000 	Valid Loss:  1.4031 	 Valid Accuracy:  0.6429
Run: [8]	 Epoch: [25]	 Train Loss:  0.004594 	 Train Accuracy:  1.0000 	Valid Loss:  1.4409 	 Valid Accuracy:  0.6429
Run: [8]	 Epoch: [26]	 Train Loss:  0.003574 	 Train Accuracy:  1.0000 	Valid Loss:  1.4721 	 Valid Accuracy:  0.6429
Run: [8]	 Epoch: [27]	 Train Loss:  0.004100 	 Train Accuracy:  1.0000 	Valid Loss:  1.4827 	 Valid Accuracy:  0.6429
Run: [8]	 Epoch: [28]	 Train Loss:  0.003165 	 Train Accuracy:  1.0000 	Valid Loss:  1.4974 	 Valid Accuracy:  0.6429
Run: [8]	 Epoch: [29]	 Train Loss:  0.004775 	 Train Accuracy:  1.0000 	Valid Loss:  1.4859 	 Valid Accuracy:  0.6786
Run: [8]	 Epoch: [30]	 Train Loss:  0.003854 	 Train Accuracy:  1.0000 	Valid Loss:  1.4859 	 Valid Accuracy:  0.6786
Run: [8]	 Epoch: [31]	 Train Loss:  0.002643 	 Train Accuracy:  1.0000 	Valid Loss:  1.4731 	 Valid Accuracy:  0.6786
Run: [8]	 Epoch: [32]	 Train Loss:  0.002846 	 Train Accuracy:  1.0000 	Valid Loss:  1.4554 	 Valid Accuracy:  0.6786
Run: [8]	 Epoch: [33]	 Train Loss:  0.002769 	 Train Accuracy:  1.0000 	Valid Loss:  1.4245 	 Valid Accuracy:  0.6786
Run: [8]	 Epoch: [34]	 Train Loss:  0.002651 	 Train Accuracy:  1.0000 	Valid Loss:  1.3847 	 Valid Accuracy:  0.6786
Run: [8]	 Epoch: [35]	 Train Loss:  0.002161 	 Train Accuracy:  1.0000 	Valid Loss:  1.3378 	 Valid Accuracy:  0.6786
Run: [8]	 Epoch: [36]	 Train Loss:  0.001798 	 Train Accuracy:  1.0000 	Valid Loss:  1.2830 	 Valid Accuracy:  0.6786
Run: [8]	 Epoch: [37]	 Train Loss:  0.003152 	 Train Accuracy:  1.0000 	Valid Loss:  1.2091 	 Valid Accuracy:  0.6786
Run: [8]	 Epoch: [38]	 Train Loss:  0.001608 	 Train Accuracy:  1.0000 	Valid Loss:  1.1392 	 Valid Accuracy:  0.7143
Run: [8]	 Epoch: [39]	 Train Loss:  0.001674 	 Train Accuracy:  1.0000 	Valid Loss:  1.0767 	 Valid Accuracy:  0.7143
Run: [8]	 Epoch: [40]	 Train Loss:  0.001625 	 Train Accuracy:  1.0000 	Valid Loss:  1.0357 	 Valid Accuracy:  0.7143
Run: [8]	 Epoch: [41]	 Train Loss:  0.001237 	 Train Accuracy:  1.0000 	Valid Loss:  0.9996 	 Valid Accuracy:  0.7500
Run: [8]	 Epoch: [42]	 Train Loss:  0.002681 	 Train Accuracy:  1.0000 	Valid Loss:  0.9756 	 Valid Accuracy:  0.7500
Run: [8]	 Epoch: [43]	 Train Loss:  0.001505 	 Train Accuracy:  1.0000 	Valid Loss:  0.9573 	 Valid Accuracy:  0.7500
Run: [8]	 Epoch: [44]	 Train Loss:  0.001920 	 Train Accuracy:  1.0000 	Valid Loss:  0.9390 	 Valid Accuracy:  0.7500
Run: [8]	 Epoch: [45]	 Train Loss:  0.001469 	 Train Accuracy:  1.0000 	Valid Loss:  0.9237 	 Valid Accuracy:  0.7500
Run: [8]	 Epoch: [46]	 Train Loss:  0.001609 	 Train Accuracy:  1.0000 	Valid Loss:  0.9121 	 Valid Accuracy:  0.7500
Run: [8]	 Epoch: [47]	 Train Loss:  0.001460 	 Train Accuracy:  1.0000 	Valid Loss:  0.9051 	 Valid Accuracy:  0.7500
Run: [8]	 Epoch: [48]	 Train Loss:  0.001761 	 Train Accuracy:  1.0000 	Valid Loss:  0.9021 	 Valid Accuracy:  0.7857
Run: [8]	 Epoch: [49]	 Train Loss:  0.001442 	 Train Accuracy:  1.0000 	Valid Loss:  0.9094 	 Valid Accuracy:  0.7857
Run: [8]	 Epoch: [50]	 Train Loss:  0.001026 	 Train Accuracy:  1.0000 	Valid Loss:  0.9223 	 Valid Accuracy:  0.7500
Test Accuracy in run 8 is: 0.6617646813392639
Total Train Accuracy after run 8 is: 1.0000
Total Test Accuracy after run 8 is: 0.6893
Best Test Accuracy in 8 runs is: 0.8088
Run: [9]	 Epoch: [1]	 Train Loss:  0.974529 	 Train Accuracy:  0.6107 	Valid Loss:  0.9758 	 Valid Accuracy:  0.6429
Run: [9]	 Epoch: [2]	 Train Loss:  0.829108 	 Train Accuracy:  0.7664 	Valid Loss:  0.6224 	 Valid Accuracy:  0.6429
Run: [9]	 Epoch: [3]	 Train Loss:  0.433573 	 Train Accuracy:  0.9631 	Valid Loss:  0.5138 	 Valid Accuracy:  0.7857
Run: [9]	 Epoch: [4]	 Train Loss:  0.324692 	 Train Accuracy:  0.9918 	Valid Loss:  0.5349 	 Valid Accuracy:  0.7500
Run: [9]	 Epoch: [5]	 Train Loss:  0.259257 	 Train Accuracy:  0.9959 	Valid Loss:  0.5435 	 Valid Accuracy:  0.7143
Run: [9]	 Epoch: [6]	 Train Loss:  0.186995 	 Train Accuracy:  0.9959 	Valid Loss:  0.5132 	 Valid Accuracy:  0.7143
Run: [9]	 Epoch: [7]	 Train Loss:  0.146362 	 Train Accuracy:  1.0000 	Valid Loss:  0.4754 	 Valid Accuracy:  0.7857
Run: [9]	 Epoch: [8]	 Train Loss:  0.113924 	 Train Accuracy:  1.0000 	Valid Loss:  0.4473 	 Valid Accuracy:  0.7857
Run: [9]	 Epoch: [9]	 Train Loss:  0.077315 	 Train Accuracy:  1.0000 	Valid Loss:  0.4406 	 Valid Accuracy:  0.8214
Run: [9]	 Epoch: [10]	 Train Loss:  0.066344 	 Train Accuracy:  1.0000 	Valid Loss:  0.4540 	 Valid Accuracy:  0.8214
Run: [9]	 Epoch: [11]	 Train Loss:  0.050726 	 Train Accuracy:  1.0000 	Valid Loss:  0.4865 	 Valid Accuracy:  0.7857
Run: [9]	 Epoch: [12]	 Train Loss:  0.043523 	 Train Accuracy:  1.0000 	Valid Loss:  0.5305 	 Valid Accuracy:  0.7857
Run: [9]	 Epoch: [13]	 Train Loss:  0.034778 	 Train Accuracy:  1.0000 	Valid Loss:  0.5857 	 Valid Accuracy:  0.7857
Run: [9]	 Epoch: [14]	 Train Loss:  0.033541 	 Train Accuracy:  1.0000 	Valid Loss:  0.6443 	 Valid Accuracy:  0.7500
Run: [9]	 Epoch: [15]	 Train Loss:  0.026314 	 Train Accuracy:  1.0000 	Valid Loss:  0.7010 	 Valid Accuracy:  0.7143
Run: [9]	 Epoch: [16]	 Train Loss:  0.029686 	 Train Accuracy:  1.0000 	Valid Loss:  0.7543 	 Valid Accuracy:  0.7143
Run: [9]	 Epoch: [17]	 Train Loss:  0.021191 	 Train Accuracy:  1.0000 	Valid Loss:  0.8049 	 Valid Accuracy:  0.7143
Run: [9]	 Epoch: [18]	 Train Loss:  0.022096 	 Train Accuracy:  1.0000 	Valid Loss:  0.8518 	 Valid Accuracy:  0.7143
Run: [9]	 Epoch: [19]	 Train Loss:  0.014625 	 Train Accuracy:  1.0000 	Valid Loss:  0.8933 	 Valid Accuracy:  0.7143
Run: [9]	 Epoch: [20]	 Train Loss:  0.010851 	 Train Accuracy:  1.0000 	Valid Loss:  0.9307 	 Valid Accuracy:  0.7143
Run: [9]	 Epoch: [21]	 Train Loss:  0.012623 	 Train Accuracy:  1.0000 	Valid Loss:  0.9635 	 Valid Accuracy:  0.7143
Run: [9]	 Epoch: [22]	 Train Loss:  0.010702 	 Train Accuracy:  1.0000 	Valid Loss:  0.9947 	 Valid Accuracy:  0.7143
Run: [9]	 Epoch: [23]	 Train Loss:  0.006634 	 Train Accuracy:  1.0000 	Valid Loss:  1.0242 	 Valid Accuracy:  0.7143
Run: [9]	 Epoch: [24]	 Train Loss:  0.008783 	 Train Accuracy:  1.0000 	Valid Loss:  1.0525 	 Valid Accuracy:  0.7500
Run: [9]	 Epoch: [25]	 Train Loss:  0.007645 	 Train Accuracy:  1.0000 	Valid Loss:  1.0786 	 Valid Accuracy:  0.7500
Run: [9]	 Epoch: [26]	 Train Loss:  0.005495 	 Train Accuracy:  1.0000 	Valid Loss:  1.1032 	 Valid Accuracy:  0.7500
Run: [9]	 Epoch: [27]	 Train Loss:  0.006415 	 Train Accuracy:  1.0000 	Valid Loss:  1.1256 	 Valid Accuracy:  0.7500
Run: [9]	 Epoch: [28]	 Train Loss:  0.006453 	 Train Accuracy:  1.0000 	Valid Loss:  1.1466 	 Valid Accuracy:  0.7500
Run: [9]	 Epoch: [29]	 Train Loss:  0.006025 	 Train Accuracy:  1.0000 	Valid Loss:  1.1669 	 Valid Accuracy:  0.7500
Run: [9]	 Epoch: [30]	 Train Loss:  0.006347 	 Train Accuracy:  1.0000 	Valid Loss:  1.1890 	 Valid Accuracy:  0.7500
Run: [9]	 Epoch: [31]	 Train Loss:  0.006788 	 Train Accuracy:  1.0000 	Valid Loss:  1.2108 	 Valid Accuracy:  0.7500
Run: [9]	 Epoch: [32]	 Train Loss:  0.004144 	 Train Accuracy:  1.0000 	Valid Loss:  1.2310 	 Valid Accuracy:  0.7500
Run: [9]	 Epoch: [33]	 Train Loss:  0.004272 	 Train Accuracy:  1.0000 	Valid Loss:  1.2494 	 Valid Accuracy:  0.7500
Run: [9]	 Epoch: [34]	 Train Loss:  0.004077 	 Train Accuracy:  1.0000 	Valid Loss:  1.2674 	 Valid Accuracy:  0.7500
Run: [9]	 Epoch: [35]	 Train Loss:  0.003216 	 Train Accuracy:  1.0000 	Valid Loss:  1.2832 	 Valid Accuracy:  0.7500
Run: [9]	 Epoch: [36]	 Train Loss:  0.003778 	 Train Accuracy:  1.0000 	Valid Loss:  1.2937 	 Valid Accuracy:  0.7500
Run: [9]	 Epoch: [37]	 Train Loss:  0.003674 	 Train Accuracy:  1.0000 	Valid Loss:  1.3012 	 Valid Accuracy:  0.7500
Run: [9]	 Epoch: [38]	 Train Loss:  0.003074 	 Train Accuracy:  1.0000 	Valid Loss:  1.3040 	 Valid Accuracy:  0.7500
Run: [9]	 Epoch: [39]	 Train Loss:  0.002823 	 Train Accuracy:  1.0000 	Valid Loss:  1.3089 	 Valid Accuracy:  0.7500
Run: [9]	 Epoch: [40]	 Train Loss:  0.002930 	 Train Accuracy:  1.0000 	Valid Loss:  1.3161 	 Valid Accuracy:  0.7500
Run: [9]	 Epoch: [41]	 Train Loss:  0.002730 	 Train Accuracy:  1.0000 	Valid Loss:  1.3241 	 Valid Accuracy:  0.7500
Run: [9]	 Epoch: [42]	 Train Loss:  0.002405 	 Train Accuracy:  1.0000 	Valid Loss:  1.3264 	 Valid Accuracy:  0.7500
Run: [9]	 Epoch: [43]	 Train Loss:  0.003592 	 Train Accuracy:  1.0000 	Valid Loss:  1.3340 	 Valid Accuracy:  0.7500
Run: [9]	 Epoch: [44]	 Train Loss:  0.004240 	 Train Accuracy:  1.0000 	Valid Loss:  1.3396 	 Valid Accuracy:  0.7500
Run: [9]	 Epoch: [45]	 Train Loss:  0.001698 	 Train Accuracy:  1.0000 	Valid Loss:  1.3454 	 Valid Accuracy:  0.7500
Run: [9]	 Epoch: [46]	 Train Loss:  0.001398 	 Train Accuracy:  1.0000 	Valid Loss:  1.3503 	 Valid Accuracy:  0.7500
Run: [9]	 Epoch: [47]	 Train Loss:  0.001209 	 Train Accuracy:  1.0000 	Valid Loss:  1.3553 	 Valid Accuracy:  0.7500
Run: [9]	 Epoch: [48]	 Train Loss:  0.002196 	 Train Accuracy:  1.0000 	Valid Loss:  1.3595 	 Valid Accuracy:  0.7500
Run: [9]	 Epoch: [49]	 Train Loss:  0.002441 	 Train Accuracy:  1.0000 	Valid Loss:  1.3628 	 Valid Accuracy:  0.7143
Run: [9]	 Epoch: [50]	 Train Loss:  0.002134 	 Train Accuracy:  1.0000 	Valid Loss:  1.3628 	 Valid Accuracy:  0.7143
Test Accuracy in run 9 is: 0.6911764740943909
Total Train Accuracy after run 9 is: 1.0000
Total Test Accuracy after run 9 is: 0.6895
Best Test Accuracy in 9 runs is: 0.8088
Run: [10]	 Epoch: [1]	 Train Loss:  0.991875 	 Train Accuracy:  0.6230 	Valid Loss:  0.9028 	 Valid Accuracy:  0.6429
Run: [10]	 Epoch: [2]	 Train Loss:  0.804669 	 Train Accuracy:  0.7992 	Valid Loss:  0.6382 	 Valid Accuracy:  0.6429
Run: [10]	 Epoch: [3]	 Train Loss:  0.439651 	 Train Accuracy:  0.9795 	Valid Loss:  0.6401 	 Valid Accuracy:  0.6786
Run: [10]	 Epoch: [4]	 Train Loss:  0.349102 	 Train Accuracy:  0.9918 	Valid Loss:  0.6613 	 Valid Accuracy:  0.5714
Run: [10]	 Epoch: [5]	 Train Loss:  0.283538 	 Train Accuracy:  1.0000 	Valid Loss:  0.5998 	 Valid Accuracy:  0.6786
Run: [10]	 Epoch: [6]	 Train Loss:  0.202549 	 Train Accuracy:  1.0000 	Valid Loss:  0.5535 	 Valid Accuracy:  0.7500
Run: [10]	 Epoch: [7]	 Train Loss:  0.159312 	 Train Accuracy:  1.0000 	Valid Loss:  0.5276 	 Valid Accuracy:  0.7857
Run: [10]	 Epoch: [8]	 Train Loss:  0.114366 	 Train Accuracy:  1.0000 	Valid Loss:  0.5200 	 Valid Accuracy:  0.8571
Run: [10]	 Epoch: [9]	 Train Loss:  0.063700 	 Train Accuracy:  1.0000 	Valid Loss:  0.5404 	 Valid Accuracy:  0.8214
Run: [10]	 Epoch: [10]	 Train Loss:  0.051792 	 Train Accuracy:  1.0000 	Valid Loss:  0.5746 	 Valid Accuracy:  0.8214
Run: [10]	 Epoch: [11]	 Train Loss:  0.040141 	 Train Accuracy:  1.0000 	Valid Loss:  0.6167 	 Valid Accuracy:  0.7857
Run: [10]	 Epoch: [12]	 Train Loss:  0.027070 	 Train Accuracy:  1.0000 	Valid Loss:  0.6724 	 Valid Accuracy:  0.7500
Run: [10]	 Epoch: [13]	 Train Loss:  0.022949 	 Train Accuracy:  1.0000 	Valid Loss:  0.7351 	 Valid Accuracy:  0.7500
Run: [10]	 Epoch: [14]	 Train Loss:  0.015804 	 Train Accuracy:  1.0000 	Valid Loss:  0.7996 	 Valid Accuracy:  0.7143
Run: [10]	 Epoch: [15]	 Train Loss:  0.014076 	 Train Accuracy:  1.0000 	Valid Loss:  0.8670 	 Valid Accuracy:  0.6786
Run: [10]	 Epoch: [16]	 Train Loss:  0.013745 	 Train Accuracy:  1.0000 	Valid Loss:  0.9346 	 Valid Accuracy:  0.6786
Run: [10]	 Epoch: [17]	 Train Loss:  0.011935 	 Train Accuracy:  1.0000 	Valid Loss:  1.0037 	 Valid Accuracy:  0.6786
Run: [10]	 Epoch: [18]	 Train Loss:  0.012877 	 Train Accuracy:  1.0000 	Valid Loss:  1.0736 	 Valid Accuracy:  0.6786
Run: [10]	 Epoch: [19]	 Train Loss:  0.007947 	 Train Accuracy:  1.0000 	Valid Loss:  1.1406 	 Valid Accuracy:  0.6429
Run: [10]	 Epoch: [20]	 Train Loss:  0.007998 	 Train Accuracy:  1.0000 	Valid Loss:  1.2032 	 Valid Accuracy:  0.6429
Run: [10]	 Epoch: [21]	 Train Loss:  0.007539 	 Train Accuracy:  1.0000 	Valid Loss:  1.2664 	 Valid Accuracy:  0.6429
Run: [10]	 Epoch: [22]	 Train Loss:  0.005898 	 Train Accuracy:  1.0000 	Valid Loss:  1.3278 	 Valid Accuracy:  0.6429
Run: [10]	 Epoch: [23]	 Train Loss:  0.006820 	 Train Accuracy:  1.0000 	Valid Loss:  1.3868 	 Valid Accuracy:  0.6429
Run: [10]	 Epoch: [24]	 Train Loss:  0.005394 	 Train Accuracy:  1.0000 	Valid Loss:  1.4465 	 Valid Accuracy:  0.6429
Run: [10]	 Epoch: [25]	 Train Loss:  0.005453 	 Train Accuracy:  1.0000 	Valid Loss:  1.5027 	 Valid Accuracy:  0.6429
Run: [10]	 Epoch: [26]	 Train Loss:  0.004101 	 Train Accuracy:  1.0000 	Valid Loss:  1.5527 	 Valid Accuracy:  0.6429
Run: [10]	 Epoch: [27]	 Train Loss:  0.003659 	 Train Accuracy:  1.0000 	Valid Loss:  1.5920 	 Valid Accuracy:  0.6429
Run: [10]	 Epoch: [28]	 Train Loss:  0.002662 	 Train Accuracy:  1.0000 	Valid Loss:  1.6266 	 Valid Accuracy:  0.6429
Run: [10]	 Epoch: [29]	 Train Loss:  0.004598 	 Train Accuracy:  1.0000 	Valid Loss:  1.6398 	 Valid Accuracy:  0.6429
Run: [10]	 Epoch: [30]	 Train Loss:  0.003332 	 Train Accuracy:  1.0000 	Valid Loss:  1.6471 	 Valid Accuracy:  0.6429
Run: [10]	 Epoch: [31]	 Train Loss:  0.003327 	 Train Accuracy:  1.0000 	Valid Loss:  1.6518 	 Valid Accuracy:  0.6429
Run: [10]	 Epoch: [32]	 Train Loss:  0.003189 	 Train Accuracy:  1.0000 	Valid Loss:  1.6579 	 Valid Accuracy:  0.6786
Run: [10]	 Epoch: [33]	 Train Loss:  0.002973 	 Train Accuracy:  1.0000 	Valid Loss:  1.6582 	 Valid Accuracy:  0.6786
Run: [10]	 Epoch: [34]	 Train Loss:  0.001952 	 Train Accuracy:  1.0000 	Valid Loss:  1.6600 	 Valid Accuracy:  0.7143
Run: [10]	 Epoch: [35]	 Train Loss:  0.003214 	 Train Accuracy:  1.0000 	Valid Loss:  1.6631 	 Valid Accuracy:  0.7143
Run: [10]	 Epoch: [36]	 Train Loss:  0.001813 	 Train Accuracy:  1.0000 	Valid Loss:  1.6698 	 Valid Accuracy:  0.7143
Run: [10]	 Epoch: [37]	 Train Loss:  0.002266 	 Train Accuracy:  1.0000 	Valid Loss:  1.6780 	 Valid Accuracy:  0.7143
Run: [10]	 Epoch: [38]	 Train Loss:  0.001821 	 Train Accuracy:  1.0000 	Valid Loss:  1.6887 	 Valid Accuracy:  0.7143
Run: [10]	 Epoch: [39]	 Train Loss:  0.003594 	 Train Accuracy:  1.0000 	Valid Loss:  1.7005 	 Valid Accuracy:  0.7143
Run: [10]	 Epoch: [40]	 Train Loss:  0.001374 	 Train Accuracy:  1.0000 	Valid Loss:  1.7130 	 Valid Accuracy:  0.7143
Run: [10]	 Epoch: [41]	 Train Loss:  0.002460 	 Train Accuracy:  1.0000 	Valid Loss:  1.7265 	 Valid Accuracy:  0.7143
Run: [10]	 Epoch: [42]	 Train Loss:  0.001800 	 Train Accuracy:  1.0000 	Valid Loss:  1.7400 	 Valid Accuracy:  0.7143
Run: [10]	 Epoch: [43]	 Train Loss:  0.001615 	 Train Accuracy:  1.0000 	Valid Loss:  1.7521 	 Valid Accuracy:  0.7143
Run: [10]	 Epoch: [44]	 Train Loss:  0.001149 	 Train Accuracy:  1.0000 	Valid Loss:  1.7636 	 Valid Accuracy:  0.7143
Run: [10]	 Epoch: [45]	 Train Loss:  0.001941 	 Train Accuracy:  1.0000 	Valid Loss:  1.7709 	 Valid Accuracy:  0.7143
Run: [10]	 Epoch: [46]	 Train Loss:  0.001165 	 Train Accuracy:  1.0000 	Valid Loss:  1.7810 	 Valid Accuracy:  0.7143
Run: [10]	 Epoch: [47]	 Train Loss:  0.001326 	 Train Accuracy:  1.0000 	Valid Loss:  1.7902 	 Valid Accuracy:  0.7143
Run: [10]	 Epoch: [48]	 Train Loss:  0.001362 	 Train Accuracy:  1.0000 	Valid Loss:  1.7986 	 Valid Accuracy:  0.7143
Run: [10]	 Epoch: [49]	 Train Loss:  0.003325 	 Train Accuracy:  1.0000 	Valid Loss:  1.8075 	 Valid Accuracy:  0.7143
Run: [10]	 Epoch: [50]	 Train Loss:  0.000780 	 Train Accuracy:  1.0000 	Valid Loss:  1.8165 	 Valid Accuracy:  0.7143
Test Accuracy in run 10 is: 0.7205882668495178
Total Train Accuracy after run 10 is: 1.0000
Total Test Accuracy after run 10 is: 0.6926
Best Test Accuracy in 10 runs is: 0.8088
