==========       System Configuration      =============
phase:train
use_cpu:False
runs:10
validation:0.0
data_dir:/data/entity
batch_size:1
dataset:MUTAG
total_epochs:50
save_freq:5
lr:0.01
multi_gpus:False
postname:
l2norm:0.0005
kernel_size:64
block_type:plain
n_layers:7
act:relu
norm:layer
bias:True
dropout:0.2
channels:32
dec:basis
bases:30
aggr:mean
ckpt_path:
save_best_only:True
task:denseR
post:denseR-MUTAG-plain-7-32
time:210301-01-25-16
save_path:/content/drive/MyDrive/denseR/checkpoints/ckpts-denseR-MUTAG-plain-7-32-210301-01-25-16
logdir:/content/drive/MyDrive/denseR/logs/denseR-MUTAG-plain-7-32-210301-01-25-16
device:cuda
epoch:-1
printer:<Logger args (DEBUG)>
==========     CONFIG END    =============


===> Phase is train.
 === Downloading Dataset and Creating graphs ===
=== Dataset info ===
Number of training nodes: 272 	 Number of testing nodes: 68	 Total Number of labelled nodes: 340
Number of classes in this graph: 2 	 Number of nodes: 23644 	 Number of relation types: 46
==== Initializing the Optimizer ====
Run: [1]	 Epoch: [1]	 Loss:  0.873547 	 Train Accuracy:  0.7610
Run: [1]	 Epoch: [2]	 Loss:  0.543049 	 Train Accuracy:  0.3897
Run: [1]	 Epoch: [3]	 Loss:  1.180655 	 Train Accuracy:  0.7904
Run: [1]	 Epoch: [4]	 Loss:  0.514313 	 Train Accuracy:  0.7206
Run: [1]	 Epoch: [5]	 Loss:  0.540634 	 Train Accuracy:  0.7868
Run: [1]	 Epoch: [6]	 Loss:  0.475925 	 Train Accuracy:  0.8824
Run: [1]	 Epoch: [7]	 Loss:  0.421173 	 Train Accuracy:  0.9412
Run: [1]	 Epoch: [8]	 Loss:  0.378117 	 Train Accuracy:  0.9559
Run: [1]	 Epoch: [9]	 Loss:  0.325340 	 Train Accuracy:  0.9706
Run: [1]	 Epoch: [10]	 Loss:  0.250677 	 Train Accuracy:  0.9779
Run: [1]	 Epoch: [11]	 Loss:  0.194920 	 Train Accuracy:  0.9779
Run: [1]	 Epoch: [12]	 Loss:  0.142388 	 Train Accuracy:  0.9890
Run: [1]	 Epoch: [13]	 Loss:  0.114071 	 Train Accuracy:  0.9963
Run: [1]	 Epoch: [14]	 Loss:  0.096030 	 Train Accuracy:  1.0000
Run: [1]	 Epoch: [15]	 Loss:  0.091427 	 Train Accuracy:  1.0000
Run: [1]	 Epoch: [16]	 Loss:  0.076140 	 Train Accuracy:  1.0000
Run: [1]	 Epoch: [17]	 Loss:  0.070645 	 Train Accuracy:  1.0000
Run: [1]	 Epoch: [18]	 Loss:  0.078197 	 Train Accuracy:  1.0000
Run: [1]	 Epoch: [19]	 Loss:  0.064550 	 Train Accuracy:  1.0000
Run: [1]	 Epoch: [20]	 Loss:  0.064715 	 Train Accuracy:  1.0000
Run: [1]	 Epoch: [21]	 Loss:  0.050565 	 Train Accuracy:  1.0000
Run: [1]	 Epoch: [22]	 Loss:  0.046097 	 Train Accuracy:  1.0000
Run: [1]	 Epoch: [23]	 Loss:  0.039709 	 Train Accuracy:  1.0000
Run: [1]	 Epoch: [24]	 Loss:  0.046359 	 Train Accuracy:  1.0000
Run: [1]	 Epoch: [25]	 Loss:  0.041835 	 Train Accuracy:  1.0000
Run: [1]	 Epoch: [26]	 Loss:  0.030740 	 Train Accuracy:  1.0000
Run: [1]	 Epoch: [27]	 Loss:  0.034620 	 Train Accuracy:  1.0000
Run: [1]	 Epoch: [28]	 Loss:  0.028825 	 Train Accuracy:  1.0000
Run: [1]	 Epoch: [29]	 Loss:  0.031186 	 Train Accuracy:  1.0000
Run: [1]	 Epoch: [30]	 Loss:  0.023779 	 Train Accuracy:  1.0000
Run: [1]	 Epoch: [31]	 Loss:  0.021991 	 Train Accuracy:  1.0000
Run: [1]	 Epoch: [32]	 Loss:  0.025699 	 Train Accuracy:  1.0000
Run: [1]	 Epoch: [33]	 Loss:  0.024312 	 Train Accuracy:  1.0000
Run: [1]	 Epoch: [34]	 Loss:  0.023170 	 Train Accuracy:  1.0000
Run: [1]	 Epoch: [35]	 Loss:  0.019385 	 Train Accuracy:  1.0000
Run: [1]	 Epoch: [36]	 Loss:  0.015889 	 Train Accuracy:  1.0000
Run: [1]	 Epoch: [37]	 Loss:  0.015753 	 Train Accuracy:  1.0000
Run: [1]	 Epoch: [38]	 Loss:  0.018731 	 Train Accuracy:  1.0000
Run: [1]	 Epoch: [39]	 Loss:  0.015850 	 Train Accuracy:  1.0000
Run: [1]	 Epoch: [40]	 Loss:  0.015102 	 Train Accuracy:  1.0000
Run: [1]	 Epoch: [41]	 Loss:  0.014042 	 Train Accuracy:  1.0000
Run: [1]	 Epoch: [42]	 Loss:  0.013472 	 Train Accuracy:  1.0000
Run: [1]	 Epoch: [43]	 Loss:  0.009459 	 Train Accuracy:  1.0000
Run: [1]	 Epoch: [44]	 Loss:  0.010348 	 Train Accuracy:  1.0000
Run: [1]	 Epoch: [45]	 Loss:  0.010097 	 Train Accuracy:  1.0000
Run: [1]	 Epoch: [46]	 Loss:  0.008717 	 Train Accuracy:  1.0000
Run: [1]	 Epoch: [47]	 Loss:  0.011086 	 Train Accuracy:  1.0000
Run: [1]	 Epoch: [48]	 Loss:  0.009256 	 Train Accuracy:  1.0000
Run: [1]	 Epoch: [49]	 Loss:  0.007825 	 Train Accuracy:  1.0000
Run: [1]	 Epoch: [50]	 Loss:  0.008672 	 Train Accuracy:  1.0000
Test Accuracy in run 1 is: 0.7058823704719543
Total Train Accuracy after run 1 is: 1.0000
Total Test Accuracy after run 1 is: 0.7059
Best Test Accuracy in 1 runs is: 0.7059
Run: [2]	 Epoch: [1]	 Loss:  1.279109 	 Train Accuracy:  0.6103
Run: [2]	 Epoch: [2]	 Loss:  0.734072 	 Train Accuracy:  0.4044
Run: [2]	 Epoch: [3]	 Loss:  0.754163 	 Train Accuracy:  0.6140
Run: [2]	 Epoch: [4]	 Loss:  0.630091 	 Train Accuracy:  0.6103
Run: [2]	 Epoch: [5]	 Loss:  0.604783 	 Train Accuracy:  0.6103
Run: [2]	 Epoch: [6]	 Loss:  0.581511 	 Train Accuracy:  0.7169
Run: [2]	 Epoch: [7]	 Loss:  0.546832 	 Train Accuracy:  0.8676
Run: [2]	 Epoch: [8]	 Loss:  0.507969 	 Train Accuracy:  0.8713
Run: [2]	 Epoch: [9]	 Loss:  0.466131 	 Train Accuracy:  0.8860
Run: [2]	 Epoch: [10]	 Loss:  0.379454 	 Train Accuracy:  0.9265
Run: [2]	 Epoch: [11]	 Loss:  0.321090 	 Train Accuracy:  0.9559
Run: [2]	 Epoch: [12]	 Loss:  0.277185 	 Train Accuracy:  0.9632
Run: [2]	 Epoch: [13]	 Loss:  0.215732 	 Train Accuracy:  0.9632
Run: [2]	 Epoch: [14]	 Loss:  0.195746 	 Train Accuracy:  0.9890
Run: [2]	 Epoch: [15]	 Loss:  0.144156 	 Train Accuracy:  0.9963
Run: [2]	 Epoch: [16]	 Loss:  0.123430 	 Train Accuracy:  0.9963
Run: [2]	 Epoch: [17]	 Loss:  0.095277 	 Train Accuracy:  1.0000
Run: [2]	 Epoch: [18]	 Loss:  0.089064 	 Train Accuracy:  1.0000
Run: [2]	 Epoch: [19]	 Loss:  0.068148 	 Train Accuracy:  1.0000
Run: [2]	 Epoch: [20]	 Loss:  0.060304 	 Train Accuracy:  1.0000
Run: [2]	 Epoch: [21]	 Loss:  0.050865 	 Train Accuracy:  1.0000
Run: [2]	 Epoch: [22]	 Loss:  0.040210 	 Train Accuracy:  1.0000
Run: [2]	 Epoch: [23]	 Loss:  0.036710 	 Train Accuracy:  1.0000
Run: [2]	 Epoch: [24]	 Loss:  0.032950 	 Train Accuracy:  1.0000
Run: [2]	 Epoch: [25]	 Loss:  0.026657 	 Train Accuracy:  1.0000
Run: [2]	 Epoch: [26]	 Loss:  0.023231 	 Train Accuracy:  1.0000
Run: [2]	 Epoch: [27]	 Loss:  0.022036 	 Train Accuracy:  1.0000
Run: [2]	 Epoch: [28]	 Loss:  0.022769 	 Train Accuracy:  1.0000
Run: [2]	 Epoch: [29]	 Loss:  0.018798 	 Train Accuracy:  1.0000
Run: [2]	 Epoch: [30]	 Loss:  0.014789 	 Train Accuracy:  1.0000
Run: [2]	 Epoch: [31]	 Loss:  0.013486 	 Train Accuracy:  1.0000
Run: [2]	 Epoch: [32]	 Loss:  0.020000 	 Train Accuracy:  1.0000
Run: [2]	 Epoch: [33]	 Loss:  0.011532 	 Train Accuracy:  1.0000
Run: [2]	 Epoch: [34]	 Loss:  0.011310 	 Train Accuracy:  1.0000
Run: [2]	 Epoch: [35]	 Loss:  0.010559 	 Train Accuracy:  1.0000
Run: [2]	 Epoch: [36]	 Loss:  0.010304 	 Train Accuracy:  1.0000
Run: [2]	 Epoch: [37]	 Loss:  0.009862 	 Train Accuracy:  1.0000
Run: [2]	 Epoch: [38]	 Loss:  0.012580 	 Train Accuracy:  1.0000
Run: [2]	 Epoch: [39]	 Loss:  0.011266 	 Train Accuracy:  1.0000
Run: [2]	 Epoch: [40]	 Loss:  0.011106 	 Train Accuracy:  1.0000
Run: [2]	 Epoch: [41]	 Loss:  0.008784 	 Train Accuracy:  1.0000
Run: [2]	 Epoch: [42]	 Loss:  0.007911 	 Train Accuracy:  1.0000
Run: [2]	 Epoch: [43]	 Loss:  0.007084 	 Train Accuracy:  1.0000
Run: [2]	 Epoch: [44]	 Loss:  0.008824 	 Train Accuracy:  1.0000
Run: [2]	 Epoch: [45]	 Loss:  0.006145 	 Train Accuracy:  1.0000
Run: [2]	 Epoch: [46]	 Loss:  0.005847 	 Train Accuracy:  1.0000
Run: [2]	 Epoch: [47]	 Loss:  0.009863 	 Train Accuracy:  1.0000
Run: [2]	 Epoch: [48]	 Loss:  0.007517 	 Train Accuracy:  1.0000
Run: [2]	 Epoch: [49]	 Loss:  0.007120 	 Train Accuracy:  1.0000
Run: [2]	 Epoch: [50]	 Loss:  0.007277 	 Train Accuracy:  1.0000
Test Accuracy in run 2 is: 0.6617646813392639
Total Train Accuracy after run 2 is: 1.0000
Total Test Accuracy after run 2 is: 0.6838
Best Test Accuracy in 2 runs is: 0.7059
Run: [3]	 Epoch: [1]	 Loss:  0.858316 	 Train Accuracy:  0.6103
Run: [3]	 Epoch: [2]	 Loss:  0.752279 	 Train Accuracy:  0.7132
Run: [3]	 Epoch: [3]	 Loss:  0.617795 	 Train Accuracy:  0.6103
Run: [3]	 Epoch: [4]	 Loss:  0.610994 	 Train Accuracy:  0.6176
Run: [3]	 Epoch: [5]	 Loss:  0.577622 	 Train Accuracy:  0.8493
Run: [3]	 Epoch: [6]	 Loss:  0.523203 	 Train Accuracy:  0.9007
Run: [3]	 Epoch: [7]	 Loss:  0.499766 	 Train Accuracy:  0.9449
Run: [3]	 Epoch: [8]	 Loss:  0.404107 	 Train Accuracy:  0.9375
Run: [3]	 Epoch: [9]	 Loss:  0.319532 	 Train Accuracy:  0.9853
Run: [3]	 Epoch: [10]	 Loss:  0.199775 	 Train Accuracy:  0.9926
Run: [3]	 Epoch: [11]	 Loss:  0.160790 	 Train Accuracy:  1.0000
Run: [3]	 Epoch: [12]	 Loss:  0.108088 	 Train Accuracy:  1.0000
Run: [3]	 Epoch: [13]	 Loss:  0.083859 	 Train Accuracy:  1.0000
Run: [3]	 Epoch: [14]	 Loss:  0.074655 	 Train Accuracy:  1.0000
Run: [3]	 Epoch: [15]	 Loss:  0.071382 	 Train Accuracy:  1.0000
Run: [3]	 Epoch: [16]	 Loss:  0.052783 	 Train Accuracy:  1.0000
Run: [3]	 Epoch: [17]	 Loss:  0.054432 	 Train Accuracy:  1.0000
Run: [3]	 Epoch: [18]	 Loss:  0.045674 	 Train Accuracy:  1.0000
Run: [3]	 Epoch: [19]	 Loss:  0.043012 	 Train Accuracy:  1.0000
Run: [3]	 Epoch: [20]	 Loss:  0.035755 	 Train Accuracy:  1.0000
Run: [3]	 Epoch: [21]	 Loss:  0.037651 	 Train Accuracy:  1.0000
Run: [3]	 Epoch: [22]	 Loss:  0.028588 	 Train Accuracy:  1.0000
Run: [3]	 Epoch: [23]	 Loss:  0.029241 	 Train Accuracy:  1.0000
Run: [3]	 Epoch: [24]	 Loss:  0.021257 	 Train Accuracy:  1.0000
Run: [3]	 Epoch: [25]	 Loss:  0.025099 	 Train Accuracy:  1.0000
Run: [3]	 Epoch: [26]	 Loss:  0.015744 	 Train Accuracy:  1.0000
Run: [3]	 Epoch: [27]	 Loss:  0.019544 	 Train Accuracy:  1.0000
Run: [3]	 Epoch: [28]	 Loss:  0.016471 	 Train Accuracy:  1.0000
Run: [3]	 Epoch: [29]	 Loss:  0.014742 	 Train Accuracy:  1.0000
Run: [3]	 Epoch: [30]	 Loss:  0.018443 	 Train Accuracy:  1.0000
Run: [3]	 Epoch: [31]	 Loss:  0.014577 	 Train Accuracy:  1.0000
Run: [3]	 Epoch: [32]	 Loss:  0.016469 	 Train Accuracy:  1.0000
Run: [3]	 Epoch: [33]	 Loss:  0.010563 	 Train Accuracy:  1.0000
Run: [3]	 Epoch: [34]	 Loss:  0.013198 	 Train Accuracy:  1.0000
Run: [3]	 Epoch: [35]	 Loss:  0.010041 	 Train Accuracy:  1.0000
Run: [3]	 Epoch: [36]	 Loss:  0.010043 	 Train Accuracy:  1.0000
Run: [3]	 Epoch: [37]	 Loss:  0.009875 	 Train Accuracy:  1.0000
Run: [3]	 Epoch: [38]	 Loss:  0.009929 	 Train Accuracy:  1.0000
Run: [3]	 Epoch: [39]	 Loss:  0.006372 	 Train Accuracy:  1.0000
Run: [3]	 Epoch: [40]	 Loss:  0.009268 	 Train Accuracy:  1.0000
Run: [3]	 Epoch: [41]	 Loss:  0.012331 	 Train Accuracy:  1.0000
Run: [3]	 Epoch: [42]	 Loss:  0.007928 	 Train Accuracy:  1.0000
Run: [3]	 Epoch: [43]	 Loss:  0.005971 	 Train Accuracy:  1.0000
Run: [3]	 Epoch: [44]	 Loss:  0.004914 	 Train Accuracy:  1.0000
Run: [3]	 Epoch: [45]	 Loss:  0.006892 	 Train Accuracy:  1.0000
Run: [3]	 Epoch: [46]	 Loss:  0.004801 	 Train Accuracy:  1.0000
Run: [3]	 Epoch: [47]	 Loss:  0.006824 	 Train Accuracy:  1.0000
Run: [3]	 Epoch: [48]	 Loss:  0.006625 	 Train Accuracy:  1.0000
Run: [3]	 Epoch: [49]	 Loss:  0.004426 	 Train Accuracy:  1.0000
Run: [3]	 Epoch: [50]	 Loss:  0.005563 	 Train Accuracy:  1.0000
Test Accuracy in run 3 is: 0.7205882668495178
Total Train Accuracy after run 3 is: 1.0000
Total Test Accuracy after run 3 is: 0.6961
Best Test Accuracy in 3 runs is: 0.7206
Run: [4]	 Epoch: [1]	 Loss:  1.286365 	 Train Accuracy:  0.3934
Run: [4]	 Epoch: [2]	 Loss:  1.176606 	 Train Accuracy:  0.6103
Run: [4]	 Epoch: [3]	 Loss:  0.696398 	 Train Accuracy:  0.6140
Run: [4]	 Epoch: [4]	 Loss:  0.633922 	 Train Accuracy:  0.7390
Run: [4]	 Epoch: [5]	 Loss:  0.594954 	 Train Accuracy:  0.8897
Run: [4]	 Epoch: [6]	 Loss:  0.560491 	 Train Accuracy:  0.9118
Run: [4]	 Epoch: [7]	 Loss:  0.545417 	 Train Accuracy:  0.8713
Run: [4]	 Epoch: [8]	 Loss:  0.512265 	 Train Accuracy:  0.8382
Run: [4]	 Epoch: [9]	 Loss:  0.476444 	 Train Accuracy:  0.8640
Run: [4]	 Epoch: [10]	 Loss:  0.441442 	 Train Accuracy:  0.9301
Run: [4]	 Epoch: [11]	 Loss:  0.375246 	 Train Accuracy:  0.9485
Run: [4]	 Epoch: [12]	 Loss:  0.303350 	 Train Accuracy:  0.9449
Run: [4]	 Epoch: [13]	 Loss:  0.248991 	 Train Accuracy:  0.9669
Run: [4]	 Epoch: [14]	 Loss:  0.194154 	 Train Accuracy:  0.9816
Run: [4]	 Epoch: [15]	 Loss:  0.139124 	 Train Accuracy:  0.9963
Run: [4]	 Epoch: [16]	 Loss:  0.087348 	 Train Accuracy:  0.9963
Run: [4]	 Epoch: [17]	 Loss:  0.080848 	 Train Accuracy:  1.0000
Run: [4]	 Epoch: [18]	 Loss:  0.075440 	 Train Accuracy:  1.0000
Run: [4]	 Epoch: [19]	 Loss:  0.057486 	 Train Accuracy:  1.0000
Run: [4]	 Epoch: [20]	 Loss:  0.048984 	 Train Accuracy:  1.0000
Run: [4]	 Epoch: [21]	 Loss:  0.043737 	 Train Accuracy:  1.0000
Run: [4]	 Epoch: [22]	 Loss:  0.040790 	 Train Accuracy:  1.0000
Run: [4]	 Epoch: [23]	 Loss:  0.039507 	 Train Accuracy:  1.0000
Run: [4]	 Epoch: [24]	 Loss:  0.034237 	 Train Accuracy:  1.0000
Run: [4]	 Epoch: [25]	 Loss:  0.032977 	 Train Accuracy:  1.0000
Run: [4]	 Epoch: [26]	 Loss:  0.027030 	 Train Accuracy:  1.0000
Run: [4]	 Epoch: [27]	 Loss:  0.028508 	 Train Accuracy:  1.0000
Run: [4]	 Epoch: [28]	 Loss:  0.022448 	 Train Accuracy:  1.0000
Run: [4]	 Epoch: [29]	 Loss:  0.026059 	 Train Accuracy:  1.0000
Run: [4]	 Epoch: [30]	 Loss:  0.025162 	 Train Accuracy:  1.0000
Run: [4]	 Epoch: [31]	 Loss:  0.025350 	 Train Accuracy:  1.0000
Run: [4]	 Epoch: [32]	 Loss:  0.025624 	 Train Accuracy:  1.0000
Run: [4]	 Epoch: [33]	 Loss:  0.022164 	 Train Accuracy:  1.0000
Run: [4]	 Epoch: [34]	 Loss:  0.016664 	 Train Accuracy:  1.0000
Run: [4]	 Epoch: [35]	 Loss:  0.018585 	 Train Accuracy:  1.0000
Run: [4]	 Epoch: [36]	 Loss:  0.015944 	 Train Accuracy:  1.0000
Run: [4]	 Epoch: [37]	 Loss:  0.015050 	 Train Accuracy:  1.0000
Run: [4]	 Epoch: [38]	 Loss:  0.013835 	 Train Accuracy:  1.0000
Run: [4]	 Epoch: [39]	 Loss:  0.013267 	 Train Accuracy:  1.0000
Run: [4]	 Epoch: [40]	 Loss:  0.013295 	 Train Accuracy:  1.0000
Run: [4]	 Epoch: [41]	 Loss:  0.017151 	 Train Accuracy:  1.0000
Run: [4]	 Epoch: [42]	 Loss:  0.013987 	 Train Accuracy:  1.0000
Run: [4]	 Epoch: [43]	 Loss:  0.014646 	 Train Accuracy:  1.0000
Run: [4]	 Epoch: [44]	 Loss:  0.013873 	 Train Accuracy:  1.0000
Run: [4]	 Epoch: [45]	 Loss:  0.013907 	 Train Accuracy:  1.0000
Run: [4]	 Epoch: [46]	 Loss:  0.012577 	 Train Accuracy:  1.0000
Run: [4]	 Epoch: [47]	 Loss:  0.009570 	 Train Accuracy:  1.0000
Run: [4]	 Epoch: [48]	 Loss:  0.009304 	 Train Accuracy:  1.0000
Run: [4]	 Epoch: [49]	 Loss:  0.007976 	 Train Accuracy:  1.0000
Run: [4]	 Epoch: [50]	 Loss:  0.008249 	 Train Accuracy:  1.0000
Test Accuracy in run 4 is: 0.6176470518112183
Total Train Accuracy after run 4 is: 1.0000
Total Test Accuracy after run 4 is: 0.6765
Best Test Accuracy in 4 runs is: 0.7206
Run: [5]	 Epoch: [1]	 Loss:  1.062634 	 Train Accuracy:  0.6176
Run: [5]	 Epoch: [2]	 Loss:  0.750421 	 Train Accuracy:  0.3897
Run: [5]	 Epoch: [3]	 Loss:  1.119900 	 Train Accuracy:  0.6176
Run: [5]	 Epoch: [4]	 Loss:  0.645426 	 Train Accuracy:  0.6434
Run: [5]	 Epoch: [5]	 Loss:  0.591213 	 Train Accuracy:  0.7243
Run: [5]	 Epoch: [6]	 Loss:  0.543764 	 Train Accuracy:  0.8309
Run: [5]	 Epoch: [7]	 Loss:  0.510867 	 Train Accuracy:  0.8750
Run: [5]	 Epoch: [8]	 Loss:  0.473069 	 Train Accuracy:  0.9228
Run: [5]	 Epoch: [9]	 Loss:  0.436762 	 Train Accuracy:  0.9191
Run: [5]	 Epoch: [10]	 Loss:  0.384977 	 Train Accuracy:  0.9301
Run: [5]	 Epoch: [11]	 Loss:  0.345167 	 Train Accuracy:  0.9522
Run: [5]	 Epoch: [12]	 Loss:  0.276540 	 Train Accuracy:  0.9596
Run: [5]	 Epoch: [13]	 Loss:  0.217169 	 Train Accuracy:  0.9669
Run: [5]	 Epoch: [14]	 Loss:  0.170764 	 Train Accuracy:  0.9816
Run: [5]	 Epoch: [15]	 Loss:  0.121025 	 Train Accuracy:  0.9926
Run: [5]	 Epoch: [16]	 Loss:  0.096758 	 Train Accuracy:  0.9926
Run: [5]	 Epoch: [17]	 Loss:  0.065998 	 Train Accuracy:  1.0000
Run: [5]	 Epoch: [18]	 Loss:  0.061888 	 Train Accuracy:  1.0000
Run: [5]	 Epoch: [19]	 Loss:  0.045726 	 Train Accuracy:  1.0000
Run: [5]	 Epoch: [20]	 Loss:  0.035726 	 Train Accuracy:  1.0000
Run: [5]	 Epoch: [21]	 Loss:  0.044564 	 Train Accuracy:  1.0000
Run: [5]	 Epoch: [22]	 Loss:  0.041144 	 Train Accuracy:  1.0000
Run: [5]	 Epoch: [23]	 Loss:  0.036356 	 Train Accuracy:  1.0000
Run: [5]	 Epoch: [24]	 Loss:  0.030352 	 Train Accuracy:  1.0000
Run: [5]	 Epoch: [25]	 Loss:  0.029925 	 Train Accuracy:  1.0000
Run: [5]	 Epoch: [26]	 Loss:  0.028720 	 Train Accuracy:  1.0000
Run: [5]	 Epoch: [27]	 Loss:  0.024960 	 Train Accuracy:  1.0000
Run: [5]	 Epoch: [28]	 Loss:  0.023847 	 Train Accuracy:  1.0000
Run: [5]	 Epoch: [29]	 Loss:  0.022650 	 Train Accuracy:  1.0000
Run: [5]	 Epoch: [30]	 Loss:  0.022469 	 Train Accuracy:  1.0000
Run: [5]	 Epoch: [31]	 Loss:  0.019518 	 Train Accuracy:  1.0000
Run: [5]	 Epoch: [32]	 Loss:  0.015010 	 Train Accuracy:  1.0000
Run: [5]	 Epoch: [33]	 Loss:  0.014642 	 Train Accuracy:  1.0000
Run: [5]	 Epoch: [34]	 Loss:  0.017459 	 Train Accuracy:  1.0000
Run: [5]	 Epoch: [35]	 Loss:  0.013530 	 Train Accuracy:  1.0000
Run: [5]	 Epoch: [36]	 Loss:  0.008706 	 Train Accuracy:  1.0000
Run: [5]	 Epoch: [37]	 Loss:  0.014021 	 Train Accuracy:  1.0000
Run: [5]	 Epoch: [38]	 Loss:  0.013470 	 Train Accuracy:  1.0000
Run: [5]	 Epoch: [39]	 Loss:  0.011296 	 Train Accuracy:  1.0000
Run: [5]	 Epoch: [40]	 Loss:  0.008330 	 Train Accuracy:  1.0000
Run: [5]	 Epoch: [41]	 Loss:  0.010286 	 Train Accuracy:  1.0000
Run: [5]	 Epoch: [42]	 Loss:  0.011387 	 Train Accuracy:  1.0000
Run: [5]	 Epoch: [43]	 Loss:  0.006773 	 Train Accuracy:  1.0000
Run: [5]	 Epoch: [44]	 Loss:  0.008372 	 Train Accuracy:  1.0000
Run: [5]	 Epoch: [45]	 Loss:  0.006343 	 Train Accuracy:  1.0000
Run: [5]	 Epoch: [46]	 Loss:  0.012411 	 Train Accuracy:  1.0000
Run: [5]	 Epoch: [47]	 Loss:  0.005987 	 Train Accuracy:  1.0000
Run: [5]	 Epoch: [48]	 Loss:  0.007632 	 Train Accuracy:  1.0000
Run: [5]	 Epoch: [49]	 Loss:  0.006640 	 Train Accuracy:  1.0000
Run: [5]	 Epoch: [50]	 Loss:  0.006671 	 Train Accuracy:  1.0000
Test Accuracy in run 5 is: 0.6029411554336548
Total Train Accuracy after run 5 is: 1.0000
Total Test Accuracy after run 5 is: 0.6618
Best Test Accuracy in 5 runs is: 0.7206
Run: [6]	 Epoch: [1]	 Loss:  1.044592 	 Train Accuracy:  0.6581
Run: [6]	 Epoch: [2]	 Loss:  0.606944 	 Train Accuracy:  0.7574
Run: [6]	 Epoch: [3]	 Loss:  0.591524 	 Train Accuracy:  0.6103
Run: [6]	 Epoch: [4]	 Loss:  0.658270 	 Train Accuracy:  0.6471
Run: [6]	 Epoch: [5]	 Loss:  0.543382 	 Train Accuracy:  0.8824
Run: [6]	 Epoch: [6]	 Loss:  0.447231 	 Train Accuracy:  0.9669
Run: [6]	 Epoch: [7]	 Loss:  0.358410 	 Train Accuracy:  0.9779
Run: [6]	 Epoch: [8]	 Loss:  0.250135 	 Train Accuracy:  0.9890
Run: [6]	 Epoch: [9]	 Loss:  0.176152 	 Train Accuracy:  1.0000
Run: [6]	 Epoch: [10]	 Loss:  0.128762 	 Train Accuracy:  1.0000
Run: [6]	 Epoch: [11]	 Loss:  0.097299 	 Train Accuracy:  1.0000
Run: [6]	 Epoch: [12]	 Loss:  0.083889 	 Train Accuracy:  1.0000
Run: [6]	 Epoch: [13]	 Loss:  0.055535 	 Train Accuracy:  1.0000
Run: [6]	 Epoch: [14]	 Loss:  0.041056 	 Train Accuracy:  1.0000
Run: [6]	 Epoch: [15]	 Loss:  0.042296 	 Train Accuracy:  1.0000
Run: [6]	 Epoch: [16]	 Loss:  0.042825 	 Train Accuracy:  1.0000
Run: [6]	 Epoch: [17]	 Loss:  0.031203 	 Train Accuracy:  1.0000
Run: [6]	 Epoch: [18]	 Loss:  0.037396 	 Train Accuracy:  1.0000
Run: [6]	 Epoch: [19]	 Loss:  0.020818 	 Train Accuracy:  1.0000
Run: [6]	 Epoch: [20]	 Loss:  0.025944 	 Train Accuracy:  1.0000
Run: [6]	 Epoch: [21]	 Loss:  0.029486 	 Train Accuracy:  1.0000
Run: [6]	 Epoch: [22]	 Loss:  0.017577 	 Train Accuracy:  1.0000
Run: [6]	 Epoch: [23]	 Loss:  0.028017 	 Train Accuracy:  1.0000
Run: [6]	 Epoch: [24]	 Loss:  0.024491 	 Train Accuracy:  1.0000
Run: [6]	 Epoch: [25]	 Loss:  0.020976 	 Train Accuracy:  1.0000
Run: [6]	 Epoch: [26]	 Loss:  0.021910 	 Train Accuracy:  1.0000
Run: [6]	 Epoch: [27]	 Loss:  0.018680 	 Train Accuracy:  1.0000
Run: [6]	 Epoch: [28]	 Loss:  0.021512 	 Train Accuracy:  1.0000
Run: [6]	 Epoch: [29]	 Loss:  0.015828 	 Train Accuracy:  1.0000
Run: [6]	 Epoch: [30]	 Loss:  0.020471 	 Train Accuracy:  1.0000
Run: [6]	 Epoch: [31]	 Loss:  0.017350 	 Train Accuracy:  1.0000
Run: [6]	 Epoch: [32]	 Loss:  0.010377 	 Train Accuracy:  1.0000
Run: [6]	 Epoch: [33]	 Loss:  0.011604 	 Train Accuracy:  1.0000
Run: [6]	 Epoch: [34]	 Loss:  0.008981 	 Train Accuracy:  1.0000
Run: [6]	 Epoch: [35]	 Loss:  0.018386 	 Train Accuracy:  1.0000
Run: [6]	 Epoch: [36]	 Loss:  0.018025 	 Train Accuracy:  1.0000
Run: [6]	 Epoch: [37]	 Loss:  0.012269 	 Train Accuracy:  1.0000
Run: [6]	 Epoch: [38]	 Loss:  0.009712 	 Train Accuracy:  1.0000
Run: [6]	 Epoch: [39]	 Loss:  0.014770 	 Train Accuracy:  1.0000
Run: [6]	 Epoch: [40]	 Loss:  0.010150 	 Train Accuracy:  1.0000
Run: [6]	 Epoch: [41]	 Loss:  0.007438 	 Train Accuracy:  1.0000
Run: [6]	 Epoch: [42]	 Loss:  0.013381 	 Train Accuracy:  1.0000
Run: [6]	 Epoch: [43]	 Loss:  0.013166 	 Train Accuracy:  1.0000
Run: [6]	 Epoch: [44]	 Loss:  0.007771 	 Train Accuracy:  1.0000
Run: [6]	 Epoch: [45]	 Loss:  0.016031 	 Train Accuracy:  1.0000
Run: [6]	 Epoch: [46]	 Loss:  0.007679 	 Train Accuracy:  1.0000
Run: [6]	 Epoch: [47]	 Loss:  0.009933 	 Train Accuracy:  1.0000
Run: [6]	 Epoch: [48]	 Loss:  0.011265 	 Train Accuracy:  1.0000
Run: [6]	 Epoch: [49]	 Loss:  0.017473 	 Train Accuracy:  1.0000
Run: [6]	 Epoch: [50]	 Loss:  0.007770 	 Train Accuracy:  1.0000
Test Accuracy in run 6 is: 0.6911764740943909
Total Train Accuracy after run 6 is: 1.0000
Total Test Accuracy after run 6 is: 0.6667
Best Test Accuracy in 6 runs is: 0.7206
Run: [7]	 Epoch: [1]	 Loss:  0.962222 	 Train Accuracy:  0.8088
Run: [7]	 Epoch: [2]	 Loss:  0.515290 	 Train Accuracy:  0.6103
Run: [7]	 Epoch: [3]	 Loss:  0.778707 	 Train Accuracy:  0.6618
Run: [7]	 Epoch: [4]	 Loss:  0.600047 	 Train Accuracy:  0.9632
Run: [7]	 Epoch: [5]	 Loss:  0.298718 	 Train Accuracy:  0.9228
Run: [7]	 Epoch: [6]	 Loss:  0.263764 	 Train Accuracy:  0.9485
Run: [7]	 Epoch: [7]	 Loss:  0.218093 	 Train Accuracy:  0.9926
Run: [7]	 Epoch: [8]	 Loss:  0.147387 	 Train Accuracy:  1.0000
Run: [7]	 Epoch: [9]	 Loss:  0.101481 	 Train Accuracy:  1.0000
Run: [7]	 Epoch: [10]	 Loss:  0.093330 	 Train Accuracy:  1.0000
Run: [7]	 Epoch: [11]	 Loss:  0.057184 	 Train Accuracy:  1.0000
Run: [7]	 Epoch: [12]	 Loss:  0.042169 	 Train Accuracy:  1.0000
Run: [7]	 Epoch: [13]	 Loss:  0.045060 	 Train Accuracy:  1.0000
Run: [7]	 Epoch: [14]	 Loss:  0.050004 	 Train Accuracy:  1.0000
Run: [7]	 Epoch: [15]	 Loss:  0.034395 	 Train Accuracy:  1.0000
Run: [7]	 Epoch: [16]	 Loss:  0.034362 	 Train Accuracy:  1.0000
Run: [7]	 Epoch: [17]	 Loss:  0.032477 	 Train Accuracy:  1.0000
Run: [7]	 Epoch: [18]	 Loss:  0.036376 	 Train Accuracy:  1.0000
Run: [7]	 Epoch: [19]	 Loss:  0.039463 	 Train Accuracy:  1.0000
Run: [7]	 Epoch: [20]	 Loss:  0.029805 	 Train Accuracy:  1.0000
Run: [7]	 Epoch: [21]	 Loss:  0.028698 	 Train Accuracy:  1.0000
Run: [7]	 Epoch: [22]	 Loss:  0.026755 	 Train Accuracy:  1.0000
Run: [7]	 Epoch: [23]	 Loss:  0.026507 	 Train Accuracy:  1.0000
Run: [7]	 Epoch: [24]	 Loss:  0.023838 	 Train Accuracy:  1.0000
Run: [7]	 Epoch: [25]	 Loss:  0.018172 	 Train Accuracy:  1.0000
Run: [7]	 Epoch: [26]	 Loss:  0.019856 	 Train Accuracy:  1.0000
Run: [7]	 Epoch: [27]	 Loss:  0.022641 	 Train Accuracy:  1.0000
Run: [7]	 Epoch: [28]	 Loss:  0.017394 	 Train Accuracy:  1.0000
Run: [7]	 Epoch: [29]	 Loss:  0.019758 	 Train Accuracy:  1.0000
Run: [7]	 Epoch: [30]	 Loss:  0.019971 	 Train Accuracy:  1.0000
Run: [7]	 Epoch: [31]	 Loss:  0.014574 	 Train Accuracy:  1.0000
Run: [7]	 Epoch: [32]	 Loss:  0.013521 	 Train Accuracy:  1.0000
Run: [7]	 Epoch: [33]	 Loss:  0.018044 	 Train Accuracy:  1.0000
Run: [7]	 Epoch: [34]	 Loss:  0.013691 	 Train Accuracy:  1.0000
Run: [7]	 Epoch: [35]	 Loss:  0.012163 	 Train Accuracy:  1.0000
Run: [7]	 Epoch: [36]	 Loss:  0.012869 	 Train Accuracy:  1.0000
Run: [7]	 Epoch: [37]	 Loss:  0.013389 	 Train Accuracy:  1.0000
Run: [7]	 Epoch: [38]	 Loss:  0.015619 	 Train Accuracy:  1.0000
Run: [7]	 Epoch: [39]	 Loss:  0.014063 	 Train Accuracy:  1.0000
Run: [7]	 Epoch: [40]	 Loss:  0.010399 	 Train Accuracy:  1.0000
Run: [7]	 Epoch: [41]	 Loss:  0.011486 	 Train Accuracy:  1.0000
Run: [7]	 Epoch: [42]	 Loss:  0.011492 	 Train Accuracy:  1.0000
Run: [7]	 Epoch: [43]	 Loss:  0.009965 	 Train Accuracy:  1.0000
Run: [7]	 Epoch: [44]	 Loss:  0.010507 	 Train Accuracy:  1.0000
Run: [7]	 Epoch: [45]	 Loss:  0.007154 	 Train Accuracy:  1.0000
Run: [7]	 Epoch: [46]	 Loss:  0.008828 	 Train Accuracy:  1.0000
Run: [7]	 Epoch: [47]	 Loss:  0.011004 	 Train Accuracy:  1.0000
Run: [7]	 Epoch: [48]	 Loss:  0.009317 	 Train Accuracy:  1.0000
Run: [7]	 Epoch: [49]	 Loss:  0.009043 	 Train Accuracy:  1.0000
Run: [7]	 Epoch: [50]	 Loss:  0.007322 	 Train Accuracy:  1.0000
Test Accuracy in run 7 is: 0.7941176295280457
Total Train Accuracy after run 7 is: 1.0000
Total Test Accuracy after run 7 is: 0.6849
Best Test Accuracy in 7 runs is: 0.7941
Run: [8]	 Epoch: [1]	 Loss:  0.797532 	 Train Accuracy:  0.6103
Run: [8]	 Epoch: [2]	 Loss:  0.958609 	 Train Accuracy:  0.4669
Run: [8]	 Epoch: [3]	 Loss:  0.724313 	 Train Accuracy:  0.6103
Run: [8]	 Epoch: [4]	 Loss:  0.643122 	 Train Accuracy:  0.6103
Run: [8]	 Epoch: [5]	 Loss:  0.606780 	 Train Accuracy:  0.6103
Run: [8]	 Epoch: [6]	 Loss:  0.573328 	 Train Accuracy:  0.7757
Run: [8]	 Epoch: [7]	 Loss:  0.522478 	 Train Accuracy:  0.9044
Run: [8]	 Epoch: [8]	 Loss:  0.486102 	 Train Accuracy:  0.9412
Run: [8]	 Epoch: [9]	 Loss:  0.440834 	 Train Accuracy:  0.9559
Run: [8]	 Epoch: [10]	 Loss:  0.391087 	 Train Accuracy:  0.9559
Run: [8]	 Epoch: [11]	 Loss:  0.310609 	 Train Accuracy:  0.9632
Run: [8]	 Epoch: [12]	 Loss:  0.252487 	 Train Accuracy:  0.9743
Run: [8]	 Epoch: [13]	 Loss:  0.168408 	 Train Accuracy:  0.9890
Run: [8]	 Epoch: [14]	 Loss:  0.123533 	 Train Accuracy:  0.9963
Run: [8]	 Epoch: [15]	 Loss:  0.091082 	 Train Accuracy:  1.0000
Run: [8]	 Epoch: [16]	 Loss:  0.074607 	 Train Accuracy:  1.0000
Run: [8]	 Epoch: [17]	 Loss:  0.061487 	 Train Accuracy:  1.0000
Run: [8]	 Epoch: [18]	 Loss:  0.057549 	 Train Accuracy:  1.0000
Run: [8]	 Epoch: [19]	 Loss:  0.058670 	 Train Accuracy:  1.0000
Run: [8]	 Epoch: [20]	 Loss:  0.046680 	 Train Accuracy:  1.0000
Run: [8]	 Epoch: [21]	 Loss:  0.035047 	 Train Accuracy:  1.0000
Run: [8]	 Epoch: [22]	 Loss:  0.036199 	 Train Accuracy:  1.0000
Run: [8]	 Epoch: [23]	 Loss:  0.039789 	 Train Accuracy:  1.0000
Run: [8]	 Epoch: [24]	 Loss:  0.039908 	 Train Accuracy:  1.0000
Run: [8]	 Epoch: [25]	 Loss:  0.030728 	 Train Accuracy:  1.0000
Run: [8]	 Epoch: [26]	 Loss:  0.029859 	 Train Accuracy:  1.0000
Run: [8]	 Epoch: [27]	 Loss:  0.024818 	 Train Accuracy:  1.0000
Run: [8]	 Epoch: [28]	 Loss:  0.026328 	 Train Accuracy:  1.0000
Run: [8]	 Epoch: [29]	 Loss:  0.026866 	 Train Accuracy:  1.0000
Run: [8]	 Epoch: [30]	 Loss:  0.022498 	 Train Accuracy:  1.0000
Run: [8]	 Epoch: [31]	 Loss:  0.021314 	 Train Accuracy:  1.0000
Run: [8]	 Epoch: [32]	 Loss:  0.021053 	 Train Accuracy:  1.0000
Run: [8]	 Epoch: [33]	 Loss:  0.019687 	 Train Accuracy:  1.0000
Run: [8]	 Epoch: [34]	 Loss:  0.017359 	 Train Accuracy:  1.0000
Run: [8]	 Epoch: [35]	 Loss:  0.012306 	 Train Accuracy:  1.0000
Run: [8]	 Epoch: [36]	 Loss:  0.011045 	 Train Accuracy:  1.0000
Run: [8]	 Epoch: [37]	 Loss:  0.008678 	 Train Accuracy:  1.0000
Run: [8]	 Epoch: [38]	 Loss:  0.012558 	 Train Accuracy:  1.0000
Run: [8]	 Epoch: [39]	 Loss:  0.009444 	 Train Accuracy:  1.0000
Run: [8]	 Epoch: [40]	 Loss:  0.012124 	 Train Accuracy:  1.0000
Run: [8]	 Epoch: [41]	 Loss:  0.010752 	 Train Accuracy:  1.0000
Run: [8]	 Epoch: [42]	 Loss:  0.009800 	 Train Accuracy:  1.0000
Run: [8]	 Epoch: [43]	 Loss:  0.012962 	 Train Accuracy:  1.0000
Run: [8]	 Epoch: [44]	 Loss:  0.009889 	 Train Accuracy:  1.0000
Run: [8]	 Epoch: [45]	 Loss:  0.007389 	 Train Accuracy:  1.0000
Run: [8]	 Epoch: [46]	 Loss:  0.006523 	 Train Accuracy:  1.0000
Run: [8]	 Epoch: [47]	 Loss:  0.008087 	 Train Accuracy:  1.0000
Run: [8]	 Epoch: [48]	 Loss:  0.005702 	 Train Accuracy:  1.0000
Run: [8]	 Epoch: [49]	 Loss:  0.007827 	 Train Accuracy:  1.0000
Run: [8]	 Epoch: [50]	 Loss:  0.007160 	 Train Accuracy:  1.0000
Test Accuracy in run 8 is: 0.6911764740943909
Total Train Accuracy after run 8 is: 1.0000
Total Test Accuracy after run 8 is: 0.6857
Best Test Accuracy in 8 runs is: 0.7941
Run: [9]	 Epoch: [1]	 Loss:  1.078408 	 Train Accuracy:  0.6140
Run: [9]	 Epoch: [2]	 Loss:  0.658285 	 Train Accuracy:  0.6360
Run: [9]	 Epoch: [3]	 Loss:  0.631304 	 Train Accuracy:  0.6434
Run: [9]	 Epoch: [4]	 Loss:  0.558922 	 Train Accuracy:  0.6985
Run: [9]	 Epoch: [5]	 Loss:  0.514370 	 Train Accuracy:  0.9779
Run: [9]	 Epoch: [6]	 Loss:  0.341837 	 Train Accuracy:  0.9154
Run: [9]	 Epoch: [7]	 Loss:  0.321802 	 Train Accuracy:  0.9485
Run: [9]	 Epoch: [8]	 Loss:  0.232050 	 Train Accuracy:  0.9779
Run: [9]	 Epoch: [9]	 Loss:  0.152825 	 Train Accuracy:  0.9963
Run: [9]	 Epoch: [10]	 Loss:  0.108002 	 Train Accuracy:  1.0000
Run: [9]	 Epoch: [11]	 Loss:  0.074990 	 Train Accuracy:  1.0000
Run: [9]	 Epoch: [12]	 Loss:  0.068811 	 Train Accuracy:  1.0000
Run: [9]	 Epoch: [13]	 Loss:  0.056180 	 Train Accuracy:  1.0000
Run: [9]	 Epoch: [14]	 Loss:  0.050349 	 Train Accuracy:  1.0000
Run: [9]	 Epoch: [15]	 Loss:  0.049265 	 Train Accuracy:  1.0000
Run: [9]	 Epoch: [16]	 Loss:  0.050376 	 Train Accuracy:  1.0000
Run: [9]	 Epoch: [17]	 Loss:  0.038306 	 Train Accuracy:  1.0000
Run: [9]	 Epoch: [18]	 Loss:  0.036566 	 Train Accuracy:  1.0000
Run: [9]	 Epoch: [19]	 Loss:  0.030913 	 Train Accuracy:  1.0000
Run: [9]	 Epoch: [20]	 Loss:  0.031170 	 Train Accuracy:  1.0000
Run: [9]	 Epoch: [21]	 Loss:  0.025590 	 Train Accuracy:  1.0000
Run: [9]	 Epoch: [22]	 Loss:  0.025317 	 Train Accuracy:  1.0000
Run: [9]	 Epoch: [23]	 Loss:  0.027752 	 Train Accuracy:  1.0000
Run: [9]	 Epoch: [24]	 Loss:  0.021614 	 Train Accuracy:  1.0000
Run: [9]	 Epoch: [25]	 Loss:  0.017920 	 Train Accuracy:  1.0000
Run: [9]	 Epoch: [26]	 Loss:  0.019048 	 Train Accuracy:  1.0000
Run: [9]	 Epoch: [27]	 Loss:  0.019374 	 Train Accuracy:  1.0000
Run: [9]	 Epoch: [28]	 Loss:  0.020802 	 Train Accuracy:  1.0000
Run: [9]	 Epoch: [29]	 Loss:  0.017040 	 Train Accuracy:  1.0000
Run: [9]	 Epoch: [30]	 Loss:  0.014005 	 Train Accuracy:  1.0000
Run: [9]	 Epoch: [31]	 Loss:  0.014583 	 Train Accuracy:  1.0000
Run: [9]	 Epoch: [32]	 Loss:  0.014748 	 Train Accuracy:  1.0000
Run: [9]	 Epoch: [33]	 Loss:  0.016943 	 Train Accuracy:  1.0000
Run: [9]	 Epoch: [34]	 Loss:  0.011256 	 Train Accuracy:  1.0000
Run: [9]	 Epoch: [35]	 Loss:  0.011268 	 Train Accuracy:  1.0000
Run: [9]	 Epoch: [36]	 Loss:  0.014069 	 Train Accuracy:  1.0000
Run: [9]	 Epoch: [37]	 Loss:  0.010501 	 Train Accuracy:  1.0000
Run: [9]	 Epoch: [38]	 Loss:  0.009382 	 Train Accuracy:  1.0000
Run: [9]	 Epoch: [39]	 Loss:  0.011288 	 Train Accuracy:  1.0000
Run: [9]	 Epoch: [40]	 Loss:  0.008642 	 Train Accuracy:  1.0000
Run: [9]	 Epoch: [41]	 Loss:  0.013578 	 Train Accuracy:  1.0000
Run: [9]	 Epoch: [42]	 Loss:  0.009134 	 Train Accuracy:  1.0000
Run: [9]	 Epoch: [43]	 Loss:  0.008968 	 Train Accuracy:  1.0000
Run: [9]	 Epoch: [44]	 Loss:  0.008527 	 Train Accuracy:  1.0000
Run: [9]	 Epoch: [45]	 Loss:  0.010048 	 Train Accuracy:  1.0000
Run: [9]	 Epoch: [46]	 Loss:  0.007888 	 Train Accuracy:  1.0000
Run: [9]	 Epoch: [47]	 Loss:  0.008922 	 Train Accuracy:  1.0000
Run: [9]	 Epoch: [48]	 Loss:  0.008045 	 Train Accuracy:  1.0000
Run: [9]	 Epoch: [49]	 Loss:  0.005818 	 Train Accuracy:  1.0000
Run: [9]	 Epoch: [50]	 Loss:  0.007852 	 Train Accuracy:  1.0000
Test Accuracy in run 9 is: 0.6470588445663452
Total Train Accuracy after run 9 is: 1.0000
Total Test Accuracy after run 9 is: 0.6814
Best Test Accuracy in 9 runs is: 0.7941
Run: [10]	 Epoch: [1]	 Loss:  1.116915 	 Train Accuracy:  0.7059
Run: [10]	 Epoch: [2]	 Loss:  0.673460 	 Train Accuracy:  0.4007
Run: [10]	 Epoch: [3]	 Loss:  0.853320 	 Train Accuracy:  0.7537
Run: [10]	 Epoch: [4]	 Loss:  0.565111 	 Train Accuracy:  0.7390
Run: [10]	 Epoch: [5]	 Loss:  0.559980 	 Train Accuracy:  0.8382
Run: [10]	 Epoch: [6]	 Loss:  0.495783 	 Train Accuracy:  0.8603
Run: [10]	 Epoch: [7]	 Loss:  0.474176 	 Train Accuracy:  0.8897
Run: [10]	 Epoch: [8]	 Loss:  0.395802 	 Train Accuracy:  0.9007
Run: [10]	 Epoch: [9]	 Loss:  0.332574 	 Train Accuracy:  0.9154
Run: [10]	 Epoch: [10]	 Loss:  0.286109 	 Train Accuracy:  0.9596
Run: [10]	 Epoch: [11]	 Loss:  0.209416 	 Train Accuracy:  0.9779
Run: [10]	 Epoch: [12]	 Loss:  0.158414 	 Train Accuracy:  0.9890
Run: [10]	 Epoch: [13]	 Loss:  0.110277 	 Train Accuracy:  0.9926
Run: [10]	 Epoch: [14]	 Loss:  0.096974 	 Train Accuracy:  1.0000
Run: [10]	 Epoch: [15]	 Loss:  0.074521 	 Train Accuracy:  1.0000
Run: [10]	 Epoch: [16]	 Loss:  0.063765 	 Train Accuracy:  1.0000
Run: [10]	 Epoch: [17]	 Loss:  0.050667 	 Train Accuracy:  1.0000
Run: [10]	 Epoch: [18]	 Loss:  0.044307 	 Train Accuracy:  1.0000
Run: [10]	 Epoch: [19]	 Loss:  0.033620 	 Train Accuracy:  1.0000
Run: [10]	 Epoch: [20]	 Loss:  0.032699 	 Train Accuracy:  1.0000
Run: [10]	 Epoch: [21]	 Loss:  0.028882 	 Train Accuracy:  1.0000
Run: [10]	 Epoch: [22]	 Loss:  0.030579 	 Train Accuracy:  1.0000
Run: [10]	 Epoch: [23]	 Loss:  0.024801 	 Train Accuracy:  1.0000
Run: [10]	 Epoch: [24]	 Loss:  0.024085 	 Train Accuracy:  1.0000
Run: [10]	 Epoch: [25]	 Loss:  0.018936 	 Train Accuracy:  1.0000
Run: [10]	 Epoch: [26]	 Loss:  0.021373 	 Train Accuracy:  1.0000
Run: [10]	 Epoch: [27]	 Loss:  0.019443 	 Train Accuracy:  1.0000
Run: [10]	 Epoch: [28]	 Loss:  0.013815 	 Train Accuracy:  1.0000
Run: [10]	 Epoch: [29]	 Loss:  0.017670 	 Train Accuracy:  1.0000
Run: [10]	 Epoch: [30]	 Loss:  0.016109 	 Train Accuracy:  1.0000
Run: [10]	 Epoch: [31]	 Loss:  0.012938 	 Train Accuracy:  1.0000
Run: [10]	 Epoch: [32]	 Loss:  0.015168 	 Train Accuracy:  1.0000
Run: [10]	 Epoch: [33]	 Loss:  0.010600 	 Train Accuracy:  1.0000
Run: [10]	 Epoch: [34]	 Loss:  0.012385 	 Train Accuracy:  1.0000
Run: [10]	 Epoch: [35]	 Loss:  0.012030 	 Train Accuracy:  1.0000
Run: [10]	 Epoch: [36]	 Loss:  0.008230 	 Train Accuracy:  1.0000
Run: [10]	 Epoch: [37]	 Loss:  0.010941 	 Train Accuracy:  1.0000
Run: [10]	 Epoch: [38]	 Loss:  0.010626 	 Train Accuracy:  1.0000
Run: [10]	 Epoch: [39]	 Loss:  0.009384 	 Train Accuracy:  1.0000
Run: [10]	 Epoch: [40]	 Loss:  0.012156 	 Train Accuracy:  1.0000
Run: [10]	 Epoch: [41]	 Loss:  0.008237 	 Train Accuracy:  1.0000
Run: [10]	 Epoch: [42]	 Loss:  0.006706 	 Train Accuracy:  1.0000
Run: [10]	 Epoch: [43]	 Loss:  0.004939 	 Train Accuracy:  1.0000
Run: [10]	 Epoch: [44]	 Loss:  0.007926 	 Train Accuracy:  1.0000
Run: [10]	 Epoch: [45]	 Loss:  0.006010 	 Train Accuracy:  1.0000
Run: [10]	 Epoch: [46]	 Loss:  0.005417 	 Train Accuracy:  1.0000
Run: [10]	 Epoch: [47]	 Loss:  0.005540 	 Train Accuracy:  1.0000
Run: [10]	 Epoch: [48]	 Loss:  0.006161 	 Train Accuracy:  1.0000
Run: [10]	 Epoch: [49]	 Loss:  0.008498 	 Train Accuracy:  1.0000
Run: [10]	 Epoch: [50]	 Loss:  0.006538 	 Train Accuracy:  1.0000
Test Accuracy in run 10 is: 0.6617646813392639
Total Train Accuracy after run 10 is: 1.0000
Total Test Accuracy after run 10 is: 0.6794
Best Test Accuracy in 10 runs is: 0.7941
